#
# A fatal error has been detected by the Java Runtime Environment:
#
#  SIGSEGV (0xb) at pc=0x00007f2cf67b7b30, pid=3300, tid=139831841773312
#
# JRE version: Java(TM) SE Runtime Environment (8.0_60-b27) (build 1.8.0_60-b27)
# Java VM: Java HotSpot(TM) 64-Bit Server VM (25.60-b23 mixed mode linux-amd64 compressed oops)
# Problematic frame:
# C  [i965_dri.so+0x2f2b30]
#
# Failed to write core dump. Core dumps have been disabled. To enable core dumping, try "ulimit -c unlimited" before starting Java again
#
# If you would like to submit a bug report, please visit:
#   http://bugreport.java.com/bugreport/crash.jsp
# The crash happened outside the Java Virtual Machine in native code.
# See problematic frame for where to report the bug.
#

---------------  T H R E A D  ---------------

Current thread (0x00007f2d10001000):  JavaThread "AWT-EventQueue-1" [_thread_in_native, id=3327, stack(0x00007f2d2331d000,0x00007f2d2341e000)]

siginfo: si_signo: 11 (SIGSEGV), si_code: 1 (SEGV_MAPERR), si_addr: 0x000000000000c540

Registers:
RAX=0x00007f2cf67b7b20, RBX=0x000000000000c000, RCX=0x0000000000000000, RDX=0x0000000000000001
RSP=0x00007f2d2341b5d0, RBP=0x00007f2d00570ad0, RSI=0x00007f2d0d83aff0, RDI=0x0000000100000000
R8 =0x0000000000000000, R9 =0x00007f2d21c5e9c0, R10=0x00007f2d5da2e6c7, R11=0x00007f2d7191d000
R12=0x00007f2d00532710, R13=0x0000000000000000, R14=0x00007f2d004de540, R15=0x0000000000000000
RIP=0x00007f2cf67b7b30, EFLAGS=0x0000000000010206, CSGSFS=0x0000000000000033, ERR=0x0000000000000004
  TRAPNO=0x000000000000000e

Top of Stack: (sp=0x00007f2d2341b5d0)
0x00007f2d2341b5d0:   00007f2d2341b6c0 0000000000000000
0x00007f2d2341b5e0:   00007f2d0d83af10 00007f2d00570ad0
0x00007f2d2341b5f0:   00007f2d00532710 00007f2d21c5ea4e
0x00007f2d2341b600:   00007f2d2341b638 00007f2d21ea9640
0x00007f2d2341b610:   00007f2d0056f7f0 00007f2d00000000
0x00007f2d2341b620:   0000000000000000 0000000000000000
0x00007f2d2341b630:   0000000000000000 00007f2d0d83af10
0x00007f2d2341b640:   0000000005200064 00007f2d21c379b0
0x00007f2d2341b650:   00007f2d2341b6c0 0000000000000000
0x00007f2d2341b660:   0000000000000001 00007f2d2341b700
0x00007f2d2341b670:   00007f2d10001000 00007f2d20372849
0x00007f2d2341b680:   00007f2d2341b968 00007f2d21c379b0
0x00007f2d2341b690:   0000000005200064 00007f2d0056f7f0
0x00007f2d2341b6a0:   00007f2d2341b700 00007f2d100011f8
0x00007f2d2341b6b0:   00007f2d2341b918 00007f2d21c379b0
0x00007f2d2341b6c0:   00007f2d2341b710 00007f2d5da2e73d
0x00007f2d2341b6d0:   00000000eceead10 00000000eceead60
0x00007f2d2341b6e0:   00000000eceead50 0000000000000003
0x00007f2d2341b6f0:   00000000eceead70 00000000eceeadc0
0x00007f2d2341b700:   00000000c603cd48 00000000eceeadd0
0x00007f2d2341b710:   00007f2d2341b968 00007f2d5da31694
0x00007f2d2341b720:   00007f2d7191d000 00000000c6176ac0
0x00007f2d2341b730:   00000000eceeaeb8 00000000c6176aa0
0x00007f2d2341b740:   00007f2d2341b920 00007f2d5d01eec3
0x00007f2d2341b750:   00007f2d2341b968 00007f2d5d8d1bf4
0x00007f2d2341b760:   00007f2d2341b968 00007f2d2341b920
0x00007f2d2341b770:   00007f2d2341b920 00007f2d5d01eec3
0x00007f2d2341b780:   00007f2d5d0055d0 0000000000000000
0x00007f2d2341b790:   00007f2d2341b968 00007f2d2341b920
0x00007f2d2341b7a0:   00007f2d2341b920 00007f2d5d01eec3
0x00007f2d2341b7b0:   00007f2d5d0055d0 00000000c61766a8
0x00007f2d2341b7c0:   00007f2d00000001 00007f2d2341b920 

Instructions: (pc=0x00007f2cf67b7b30)
0x00007f2cf67b7b10:   48 83 c4 10 5b 5d 41 5c c3 0f 1f 80 00 00 00 00
0x00007f2cf67b7b20:   41 54 55 53 48 83 ec 10 48 8b 1f 48 85 db 74 3d
0x00007f2cf67b7b30:   f6 83 40 05 00 00 01 49 89 f4 89 cd 75 72 83 e2
0x00007f2cf67b7b40:   01 75 5d 83 e5 fd 74 38 48 8d 35 71 4e 17 00 ba 

Register to memory mapping:

RAX=0x00007f2cf67b7b20: <offset 0x2f2b20> in /usr/lib/x86_64-linux-gnu/dri/i965_dri.so at 0x00007f2cf64c5000
RBX=0x000000000000c000 is an unknown value
RCX=0x0000000000000000 is an unknown value
RDX=0x0000000000000001 is an unknown value
RSP=0x00007f2d2341b5d0 is pointing into the stack for thread: 0x00007f2d10001000
RBP=0x00007f2d00570ad0 is an unknown value
RSI=0x00007f2d0d83aff0 is an unknown value
RDI=0x0000000100000000 is pointing into metadata
R8 =0x0000000000000000 is an unknown value
R9 =0x00007f2d21c5e9c0: <offset 0x439c0> in /usr/lib/x86_64-linux-gnu/mesa/libGL.so.1 at 0x00007f2d21c1b000
R10=0x00007f2d5da2e6c7 is at entry_point+71 in (nmethod*)0x00007f2d5da2e510
R11=0x00007f2d7191d000 is an unknown value
R12=0x00007f2d00532710 is an unknown value
R13=0x0000000000000000 is an unknown value
R14=0x00007f2d004de540 is an unknown value
R15=0x0000000000000000 is an unknown value


Stack: [0x00007f2d2331d000,0x00007f2d2341e000],  sp=0x00007f2d2341b5d0,  free space=1017k
Native frames: (J=compiled Java code, j=interpreted, Vv=VM code, C=native code)
C  [i965_dri.so+0x2f2b30]

Java frames: (J=compiled Java code, j=interpreted, Vv=VM code)
J 2829  jogamp.opengl.x11.glx.GLX.dispatch_glXSwapBuffers0(JJJ)V (0 bytes) @ 0x00007f2d5da2e6c7 [0x00007f2d5da2e680+0x47]
J 2828 C1 jogamp.opengl.x11.glx.GLX.glXSwapBuffers(JJ)V (45 bytes) @ 0x00007f2d5da31694 [0x00007f2d5da30ce0+0x9b4]
J 2827 C1 jogamp.opengl.x11.glx.X11GLXDrawable.swapBuffersImpl(Z)V (21 bytes) @ 0x00007f2d5da30844 [0x00007f2d5da305a0+0x2a4]
J 2826 C1 jogamp.opengl.GLDrawableImpl.swapBuffers()V (138 bytes) @ 0x00007f2d5da2f1d4 [0x00007f2d5da2eb20+0x6b4]
j  javax.media.opengl.awt.GLCanvas$12.run()V+45
J 2756 C1 java.awt.event.InvocationEvent.dispatch()V (69 bytes) @ 0x00007f2d5d9de44c [0x00007f2d5d9de300+0x14c]
J 2447 C1 java.awt.EventQueue.dispatchEventImpl(Ljava/awt/AWTEvent;Ljava/lang/Object;)V (149 bytes) @ 0x00007f2d5d8ab1bc [0x00007f2d5d8a9640+0x1b7c]
J 2445 C1 java.awt.EventQueue$3.run()Ljava/lang/Void; (60 bytes) @ 0x00007f2d5d8a8a44 [0x00007f2d5d8a8840+0x204]
J 2444 C1 java.awt.EventQueue$3.run()Ljava/lang/Object; (5 bytes) @ 0x00007f2d5d8a84cc [0x00007f2d5d8a8440+0x8c]
v  ~StubRoutines::call_stub
J 524  java.security.AccessController.doPrivileged(Ljava/security/PrivilegedAction;Ljava/security/AccessControlContext;)Ljava/lang/Object; (0 bytes) @ 0x00007f2d5d24bfe3 [0x00007f2d5d24bf80+0x63]
J 2268 C1 java.awt.EventQueue.dispatchEvent(Ljava/awt/AWTEvent;)V (80 bytes) @ 0x00007f2d5d81e8c4 [0x00007f2d5d81df40+0x984]
J 2276 C1 java.awt.EventDispatchThread.pumpOneEventForFilters(I)V (295 bytes) @ 0x00007f2d5d823994 [0x00007f2d5d821e40+0x1b54]
j  java.awt.EventDispatchThread.pumpEventsForFilter(ILjava/awt/Conditional;Ljava/awt/EventFilter;)V+35
j  java.awt.EventDispatchThread.pumpEventsForHierarchy(ILjava/awt/Conditional;Ljava/awt/Component;)V+11
j  java.awt.EventDispatchThread.pumpEvents(ILjava/awt/Conditional;)V+4
j  java.awt.EventDispatchThread.pumpEvents(Ljava/awt/Conditional;)V+3
j  java.awt.EventDispatchThread.run()V+9
v  ~StubRoutines::call_stub

---------------  P R O C E S S  ---------------

Java Threads: ( => current thread )
  0x00007f2d0e318800 JavaThread "Thread-19" [_thread_blocked, id=3599, stack(0x00007f2cf4338000,0x00007f2cf4439000)]
  0x00007f2d00106000 JavaThread "Animation Thread-SharedResourceRunner" daemon [_thread_blocked, id=3337, stack(0x00007f2d22cbd000,0x00007f2d22dbe000)]
  0x00007f2d000a9800 JavaThread "process reaper" daemon [_thread_blocked, id=3332, stack(0x00007f2d22dbe000,0x00007f2d22df7000)]
=>0x00007f2d10001000 JavaThread "AWT-EventQueue-1" [_thread_in_native, id=3327, stack(0x00007f2d2331d000,0x00007f2d2341e000)]
  0x00007f2d6c00a000 JavaThread "DestroyJavaVM" [_thread_blocked, id=3302, stack(0x00007f2d75352000,0x00007f2d75453000)]
  0x00007f2d6c281800 JavaThread "AWT-EventQueue-0" [_thread_blocked, id=3325, stack(0x00007f2d23af7000,0x00007f2d23bf8000)]
  0x00007f2d6c27d000 JavaThread "AWT-Shutdown" [_thread_blocked, id=3324, stack(0x00007f2d23bf8000,0x00007f2d23cf9000)]
  0x00007f2d6c269800 JavaThread "thread applet-module5.EarthquakeCityMap.class" [_thread_blocked, id=3323, stack(0x00007f2d23cf9000,0x00007f2d23dfa000)]
  0x00007f2d6c25c800 JavaThread "AWT-XAWT" daemon [_thread_blocked, id=3321, stack(0x00007f2d58000000,0x00007f2d58101000)]
  0x00007f2d6c237800 JavaThread "Java2D Disposer" daemon [_thread_blocked, id=3320, stack(0x00007f2d5830b000,0x00007f2d5840c000)]
  0x00007f2d6c0c3000 JavaThread "Service Thread" daemon [_thread_blocked, id=3318, stack(0x00007f2d5a081000,0x00007f2d5a182000)]
  0x00007f2d6c0be000 JavaThread "C1 CompilerThread2" daemon [_thread_blocked, id=3317, stack(0x00007f2d5a182000,0x00007f2d5a283000)]
  0x00007f2d6c0bc800 JavaThread "C2 CompilerThread1" daemon [_thread_blocked, id=3316, stack(0x00007f2d5a283000,0x00007f2d5a384000)]
  0x00007f2d6c0b9800 JavaThread "C2 CompilerThread0" daemon [_thread_blocked, id=3315, stack(0x00007f2d5a384000,0x00007f2d5a485000)]
  0x00007f2d6c0b8000 JavaThread "Signal Dispatcher" daemon [_thread_blocked, id=3314, stack(0x00007f2d5a485000,0x00007f2d5a586000)]
  0x00007f2d6c07f000 JavaThread "Finalizer" daemon [_thread_blocked, id=3313, stack(0x00007f2d5ad9b000,0x00007f2d5ae9c000)]
  0x00007f2d6c07d000 JavaThread "Reference Handler" daemon [_thread_blocked, id=3312, stack(0x00007f2d5ae9c000,0x00007f2d5af9d000)]

Other Threads:
  0x00007f2d6c077800 VMThread [stack: 0x00007f2d5af9d000,0x00007f2d5b09e000] [id=3311]
  0x00007f2d6c0c6000 WatcherThread [stack: 0x00007f2d59f80000,0x00007f2d5a081000] [id=3319]

VM state:not at safepoint (normal execution)

VM Mutex/Monitor currently owned by a thread: None

Heap:
 PSYoungGen      total 89088K, used 11865K [0x00000000ec700000, 0x00000000f2e80000, 0x0000000100000000)
  eden space 81408K, 11% used [0x00000000ec700000,0x00000000ed01a398,0x00000000f1680000)
  from space 7680K, 33% used [0x00000000f2700000,0x00000000f297c0a0,0x00000000f2e80000)
  to   space 12288K, 0% used [0x00000000f1680000,0x00000000f1680000,0x00000000f2280000)
 ParOldGen       total 49664K, used 16284K [0x00000000c5400000, 0x00000000c8480000, 0x00000000ec700000)
  object space 49664K, 32% used [0x00000000c5400000,0x00000000c63e71e8,0x00000000c8480000)
 Metaspace       used 21605K, capacity 21783K, committed 22064K, reserved 1069056K
  class space    used 2004K, capacity 2087K, committed 2176K, reserved 1048576K

Card table byte_map: [0x00007f2d71f47000,0x00007f2d7211e000] byte_map_base: 0x00007f2d7191d000

Marking Bits: (ParMarkBitMap*) 0x00007f2d7482cde0
 Begin Bits: [0x00007f2d5b2a0000, 0x00007f2d5c150000)
 End Bits:   [0x00007f2d5c150000, 0x00007f2d5d000000)

Polling page: 0x00007f2d75474000

CodeCache: size=245760Kb used=10634Kb max_used=10645Kb free=235125Kb
 bounds [0x00007f2d5d000000, 0x00007f2d5da80000, 0x00007f2d6c000000]
 total_blobs=3876 nmethods=2898 adapters=892
 compilation: enabled

Compilation events (10 events):
Event: 14,973 Thread 0x00007f2d6c0bc800 2897       4       processing.opengl.FontTexture::contextIsOutdated (87 bytes)
Event: 14,973 Thread 0x00007f2d6c0b9800 2896       4       processing.opengl.PGraphicsOpenGL::textLineImpl (256 bytes)
Event: 14,978 Thread 0x00007f2d6c0bc800 nmethod 2897 0x00007f2d5da64590 code [0x00007f2d5da646e0, 0x00007f2d5da64818]
Event: 15,003 Thread 0x00007f2d6c0b9800 nmethod 2896 0x00007f2d5da6ed50 code [0x00007f2d5da6efa0, 0x00007f2d5da6fe50]
Event: 15,152 Thread 0x00007f2d6c0bc800 2898       4       processing.opengl.PJOGL::depthMask (11 bytes)
Event: 15,153 Thread 0x00007f2d6c0b9800 2899       4       jogamp.opengl.gl4.GL4bcImpl::glDepthMask (50 bytes)
Event: 15,154 Thread 0x00007f2d6c0bc800 nmethod 2898 0x00007f2d5da5fdd0 code [0x00007f2d5da5ff40, 0x00007f2d5da600a8]
Event: 15,156 Thread 0x00007f2d6c0b9800 nmethod 2899 0x00007f2d5da5f9d0 code [0x00007f2d5da5fb40, 0x00007f2d5da5fc68]
Event: 15,164 Thread 0x00007f2d6c0be000 2900       3       sun.font.XRGlyphCacheEntry::getXAdvance (16 bytes)
Event: 15,165 Thread 0x00007f2d6c0be000 nmethod 2900 0x00007f2d5da5f690 code [0x00007f2d5da5f800, 0x00007f2d5da5f970]

GC Heap History (10 events):
Event: 2,680 GC heap before
{Heap before GC invocations=3 (full 0):
 PSYoungGen      total 33280K, used 33266K [0x00000000ec700000, 0x00000000eea00000, 0x0000000100000000)
  eden space 30720K, 100% used [0x00000000ec700000,0x00000000ee500000,0x00000000ee500000)
  from space 2560K, 99% used [0x00000000ee780000,0x00000000ee9fc840,0x00000000eea00000)
  to   space 2560K, 0% used [0x00000000ee500000,0x00000000ee500000,0x00000000ee780000)
 ParOldGen       total 40960K, used 1945K [0x00000000c5400000, 0x00000000c7c00000, 0x00000000ec700000)
  object space 40960K, 4% used [0x00000000c5400000,0x00000000c55e6730,0x00000000c7c00000)
 Metaspace       used 20195K, capacity 20437K, committed 20864K, reserved 1069056K
  class space    used 1967K, capacity 2050K, committed 2176K, reserved 1048576K
Event: 2,700 GC heap after
Heap after GC invocations=3 (full 0):
 PSYoungGen      total 33280K, used 2546K [0x00000000ec700000, 0x00000000f0800000, 0x0000000100000000)
  eden space 30720K, 0% used [0x00000000ec700000,0x00000000ec700000,0x00000000ee500000)
  from space 2560K, 99% used [0x00000000ee500000,0x00000000ee77c8e0,0x00000000ee780000)
  to   space 2560K, 0% used [0x00000000f0580000,0x00000000f0580000,0x00000000f0800000)
 ParOldGen       total 40960K, used 12912K [0x00000000c5400000, 0x00000000c7c00000, 0x00000000ec700000)
  object space 40960K, 31% used [0x00000000c5400000,0x00000000c609c0b8,0x00000000c7c00000)
 Metaspace       used 20195K, capacity 20437K, committed 20864K, reserved 1069056K
  class space    used 1967K, capacity 2050K, committed 2176K, reserved 1048576K
}
Event: 3,348 GC heap before
{Heap before GC invocations=4 (full 0):
 PSYoungGen      total 33280K, used 24037K [0x00000000ec700000, 0x00000000f0800000, 0x0000000100000000)
  eden space 30720K, 69% used [0x00000000ec700000,0x00000000edbfcc20,0x00000000ee500000)
  from space 2560K, 99% used [0x00000000ee500000,0x00000000ee77c8e0,0x00000000ee780000)
  to   space 2560K, 0% used [0x00000000f0580000,0x00000000f0580000,0x00000000f0800000)
 ParOldGen       total 40960K, used 12912K [0x00000000c5400000, 0x00000000c7c00000, 0x00000000ec700000)
  object space 40960K, 31% used [0x00000000c5400000,0x00000000c609c0b8,0x00000000c7c00000)
 Metaspace       used 20769K, capacity 20993K, committed 21296K, reserved 1069056K
  class space    used 2000K, capacity 2084K, committed 2176K, reserved 1048576K
Event: 3,370 GC heap after
Heap after GC invocations=4 (full 0):
 PSYoungGen      total 64000K, used 2546K [0x00000000ec700000, 0x00000000f0800000, 0x0000000100000000)
  eden space 61440K, 0% used [0x00000000ec700000,0x00000000ec700000,0x00000000f0300000)
  from space 2560K, 99% used [0x00000000f0580000,0x00000000f07fc8f0,0x00000000f0800000)
  to   space 2560K, 0% used [0x00000000f0300000,0x00000000f0300000,0x00000000f0580000)
 ParOldGen       total 40960K, used 16101K [0x00000000c5400000, 0x00000000c7c00000, 0x00000000ec700000)
  object space 40960K, 39% used [0x00000000c5400000,0x00000000c63b9748,0x00000000c7c00000)
 Metaspace       used 20769K, capacity 20993K, committed 21296K, reserved 1069056K
  class space    used 2000K, capacity 2084K, committed 2176K, reserved 1048576K
}
Event: 3,370 GC heap before
{Heap before GC invocations=5 (full 1):
 PSYoungGen      total 64000K, used 2546K [0x00000000ec700000, 0x00000000f0800000, 0x0000000100000000)
  eden space 61440K, 0% used [0x00000000ec700000,0x00000000ec700000,0x00000000f0300000)
  from space 2560K, 99% used [0x00000000f0580000,0x00000000f07fc8f0,0x00000000f0800000)
  to   space 2560K, 0% used [0x00000000f0300000,0x00000000f0300000,0x00000000f0580000)
 ParOldGen       total 40960K, used 16101K [0x00000000c5400000, 0x00000000c7c00000, 0x00000000ec700000)
  object space 40960K, 39% used [0x00000000c5400000,0x00000000c63b9748,0x00000000c7c00000)
 Metaspace       used 20769K, capacity 20993K, committed 21296K, reserved 1069056K
  class space    used 2000K, capacity 2084K, committed 2176K, reserved 1048576K
Event: 3,453 GC heap after
Heap after GC invocations=5 (full 1):
 PSYoungGen      total 64000K, used 0K [0x00000000ec700000, 0x00000000f0800000, 0x0000000100000000)
  eden space 61440K, 0% used [0x00000000ec700000,0x00000000ec700000,0x00000000f0300000)
  from space 2560K, 0% used [0x00000000f0580000,0x00000000f0580000,0x00000000f0800000)
  to   space 2560K, 0% used [0x00000000f0300000,0x00000000f0300000,0x00000000f0580000)
 ParOldGen       total 49664K, used 15500K [0x00000000c5400000, 0x00000000c8480000, 0x00000000ec700000)
  object space 49664K, 31% used [0x00000000c5400000,0x00000000c63231b8,0x00000000c8480000)
 Metaspace       used 20769K, capacity 20993K, committed 21296K, reserved 1069056K
  class space    used 2000K, capacity 2084K, committed 2176K, reserved 1048576K
}
Event: 8,291 GC heap before
{Heap before GC invocations=6 (full 1):
 PSYoungGen      total 64000K, used 61440K [0x00000000ec700000, 0x00000000f0800000, 0x0000000100000000)
  eden space 61440K, 100% used [0x00000000ec700000,0x00000000f0300000,0x00000000f0300000)
  from space 2560K, 0% used [0x00000000f0580000,0x00000000f0580000,0x00000000f0800000)
  to   space 2560K, 0% used [0x00000000f0300000,0x00000000f0300000,0x00000000f0580000)
 ParOldGen       total 49664K, used 15500K [0x00000000c5400000, 0x00000000c8480000, 0x00000000ec700000)
  object space 49664K, 31% used [0x00000000c5400000,0x00000000c63231b8,0x00000000c8480000)
 Metaspace       used 21469K, capacity 21655K, committed 22064K, reserved 1069056K
  class space    used 2003K, capacity 2087K, committed 2176K, reserved 1048576K
Event: 8,295 GC heap after
Heap after GC invocations=6 (full 1):
 PSYoungGen      total 64000K, used 2544K [0x00000000ec700000, 0x00000000f3380000, 0x0000000100000000)
  eden space 61440K, 0% used [0x00000000ec700000,0x00000000ec700000,0x00000000f0300000)
  from space 2560K, 99% used [0x00000000f0300000,0x00000000f057c0a0,0x00000000f0580000)
  to   space 12800K, 0% used [0x00000000f2700000,0x00000000f2700000,0x00000000f3380000)
 ParOldGen       total 49664K, used 16276K [0x00000000c5400000, 0x00000000c8480000, 0x00000000ec700000)
  object space 49664K, 32% used [0x00000000c5400000,0x00000000c63e51e8,0x00000000c8480000)
 Metaspace       used 21469K, capacity 21655K, committed 22064K, reserved 1069056K
  class space    used 2003K, capacity 2087K, committed 2176K, reserved 1048576K
}
Event: 14,406 GC heap before
{Heap before GC invocations=7 (full 1):
 PSYoungGen      total 64000K, used 63984K [0x00000000ec700000, 0x00000000f3380000, 0x0000000100000000)
  eden space 61440K, 100% used [0x00000000ec700000,0x00000000f0300000,0x00000000f0300000)
  from space 2560K, 99% used [0x00000000f0300000,0x00000000f057c0a0,0x00000000f0580000)
  to   space 12800K, 0% used [0x00000000f2700000,0x00000000f2700000,0x00000000f3380000)
 ParOldGen       total 49664K, used 16276K [0x00000000c5400000, 0x00000000c8480000, 0x00000000ec700000)
  object space 49664K, 32% used [0x00000000c5400000,0x00000000c63e51e8,0x00000000c8480000)
 Metaspace       used 21598K, capacity 21783K, committed 22064K, reserved 1069056K
  class space    used 2003K, capacity 2087K, committed 2176K, reserved 1048576K
Event: 14,412 GC heap after
Heap after GC invocations=7 (full 1):
 PSYoungGen      total 89088K, used 2544K [0x00000000ec700000, 0x00000000f2e80000, 0x0000000100000000)
  eden space 81408K, 0% used [0x00000000ec700000,0x00000000ec700000,0x00000000f1680000)
  from space 7680K, 33% used [0x00000000f2700000,0x00000000f297c0a0,0x00000000f2e80000)
  to   space 12288K, 0% used [0x00000000f1680000,0x00000000f1680000,0x00000000f2280000)
 ParOldGen       total 49664K, used 16284K [0x00000000c5400000, 0x00000000c8480000, 0x00000000ec700000)
  object space 49664K, 32% used [0x00000000c5400000,0x00000000c63e71e8,0x00000000c8480000)
 Metaspace       used 21598K, capacity 21783K, committed 22064K, reserved 1069056K
  class space    used 2003K, capacity 2087K, committed 2176K, reserved 1048576K
}

Deoptimization events (10 events):
Event: 3,292 Thread 0x00007f2d10001000 Uncommon trap: reason=unstable_if action=reinterpret pc=0x00007f2d5d6713e4 method=de.fhpotsdam.unfolding.mapdisplay.Java2DMapDisplay.getInnerTransformedPosition(FFZ)[F @ 1
Event: 7,124 Thread 0x00007f2d10001000 Uncommon trap: reason=bimorphic action=maybe_recompile pc=0x00007f2d5d7f4ddc method=module5.CommonMarker.draw(Lprocessing/core/PGraphics;FF)V @ 25
Event: 7,142 Thread 0x00007f2d10001000 Uncommon trap: reason=bimorphic action=maybe_recompile pc=0x00007f2d5d7f4ddc method=module5.CommonMarker.draw(Lprocessing/core/PGraphics;FF)V @ 25
Event: 7,159 Thread 0x00007f2d10001000 Uncommon trap: reason=bimorphic action=maybe_recompile pc=0x00007f2d5d7f4ddc method=module5.CommonMarker.draw(Lprocessing/core/PGraphics;FF)V @ 25
Event: 7,175 Thread 0x00007f2d10001000 Uncommon trap: reason=bimorphic action=maybe_recompile pc=0x00007f2d5d7f4ddc method=module5.CommonMarker.draw(Lprocessing/core/PGraphics;FF)V @ 25
Event: 8,241 Thread 0x00007f2d10001000 Uncommon trap: reason=unstable_if action=reinterpret pc=0x00007f2d5d7d11c4 method=sun.misc.FloatingDecimal$BinaryToASCIIBuffer.dtoa(IJIZ)V @ 97
Event: 9,633 Thread 0x00007f2d10001000 Uncommon trap: reason=bimorphic action=maybe_recompile pc=0x00007f2d5d9e6818 method=module5.EarthquakeCityMap.selectMarkerIfHover(Ljava/util/List;)V @ 68
Event: 14,190 Thread 0x00007f2d10001000 Uncommon trap: reason=bimorphic action=maybe_recompile pc=0x00007f2d5d9e6818 method=module5.EarthquakeCityMap.selectMarkerIfHover(Ljava/util/List;)V @ 68
Event: 14,207 Thread 0x00007f2d10001000 Uncommon trap: reason=bimorphic action=maybe_recompile pc=0x00007f2d5d9e6818 method=module5.EarthquakeCityMap.selectMarkerIfHover(Ljava/util/List;)V @ 68
Event: 14,207 Thread 0x00007f2d10001000 Uncommon trap: reason=bimorphic action=maybe_recompile pc=0x00007f2d5d9e6818 method=module5.EarthquakeCityMap.selectMarkerIfHover(Ljava/util/List;)V @ 68

Internal exceptions (10 events):
Event: 1,558 Thread 0x00007f2d10001000 Implicit null exception at 0x00007f2d5d1bfcf5 to 0x00007f2d5d1c0069
Event: 2,328 Thread 0x00007f2d10001000 Exception <a 'java/lang/reflect/InvocationTargetException'> (0x00000000edc55710) thrown at [/HUDSON/workspace/8-2-build-linux-amd64/jdk8u60/4407/hotspot/src/share/vm/runtime/reflection.cpp, line 1092]
Event: 2,331 Thread 0x00007f2d1000b000 Exception <a 'java/lang/reflect/InvocationTargetException'> (0x00000000ecc40260) thrown at [/HUDSON/workspace/8-2-build-linux-amd64/jdk8u60/4407/hotspot/src/share/vm/runtime/reflection.cpp, line 1092]
Event: 2,333 Thread 0x00007f2d1000b000 Exception <a 'java/lang/reflect/InvocationTargetException'> (0x00000000ecc40988) thrown at [/HUDSON/workspace/8-2-build-linux-amd64/jdk8u60/4407/hotspot/src/share/vm/runtime/reflection.cpp, line 1092]
Event: 2,333 Thread 0x00007f2d1000b000 Exception <a 'java/lang/reflect/InvocationTargetException'> (0x00000000ecc40da0) thrown at [/HUDSON/workspace/8-2-build-linux-amd64/jdk8u60/4407/hotspot/src/share/vm/runtime/reflection.cpp, line 1092]
Event: 2,333 Thread 0x00007f2d1000b000 Exception <a 'java/lang/reflect/InvocationTargetException'> (0x00000000ecc411d8) thrown at [/HUDSON/workspace/8-2-build-linux-amd64/jdk8u60/4407/hotspot/src/share/vm/runtime/reflection.cpp, line 1092]
Event: 2,352 Thread 0x00007f2d1000b000 Exception <a 'java/lang/reflect/InvocationTargetException'> (0x00000000ecc49408) thrown at [/HUDSON/workspace/8-2-build-linux-amd64/jdk8u60/4407/hotspot/src/share/vm/runtime/reflection.cpp, line 1092]
Event: 2,360 Thread 0x00007f2d1000b000 Exception <a 'java/lang/reflect/InvocationTargetException'> (0x00000000ecc4a998) thrown at [/HUDSON/workspace/8-2-build-linux-amd64/jdk8u60/4407/hotspot/src/share/vm/runtime/reflection.cpp, line 1092]
Event: 2,362 Thread 0x00007f2d1000b000 Exception <a 'java/lang/reflect/InvocationTargetException'> (0x00000000ecc4c118) thrown at [/HUDSON/workspace/8-2-build-linux-amd64/jdk8u60/4407/hotspot/src/share/vm/runtime/reflection.cpp, line 1092]
Event: 2,368 Thread 0x00007f2d1000b000 Exception <a 'java/lang/reflect/InvocationTargetException'> (0x00000000ecc4f840) thrown at [/HUDSON/workspace/8-2-build-linux-amd64/jdk8u60/4407/hotspot/src/share/vm/runtime/reflection.cpp, line 1092]

Events (10 events):
Event: 14,207 Thread 0x00007f2d10001000 Uncommon trap: trap_request=0xffffffc6 fr.pc=0x00007f2d5d9e6818
Event: 14,207 Thread 0x00007f2d10001000 DEOPT PACKING pc=0x00007f2d5d9e6818 sp=0x00007f2d2341b230
Event: 14,207 Thread 0x00007f2d10001000 DEOPT UNPACKING pc=0x00007f2d5d005229 sp=0x00007f2d2341b1f0 mode 2
Event: 14,406 Executing VM operation: ParallelGCFailedAllocation
Event: 14,412 Executing VM operation: ParallelGCFailedAllocation done
Event: 15,161 loading class sun/applet/AppletViewer$3
Event: 15,161 loading class sun/applet/AppletViewer$3 done
Event: 15,162 Thread 0x00007f2d0e318800 Thread added: 0x00007f2d0e318800
Event: 15,162 loading class sun/applet/AppletPanel$4
Event: 15,162 loading class sun/applet/AppletPanel$4 done


Dynamic libraries:
00400000-00401000 r-xp 00000000 08:05 4475464                            /usr/local/java/jdk1.8.0_60/bin/java
00600000-00601000 rw-p 00000000 08:05 4475464                            /usr/local/java/jdk1.8.0_60/bin/java
018a0000-018c1000 rw-p 00000000 00:00 0                                  [heap]
c5400000-c8480000 rw-p 00000000 00:00 0 
c8480000-ec700000 ---p 00000000 00:00 0 
ec700000-f2e80000 rw-p 00000000 00:00 0 
f2e80000-100000000 ---p 00000000 00:00 0 
100000000-100220000 rw-p 00000000 00:00 0 
100220000-140000000 ---p 00000000 00:00 0 
7f2cd0000000-7f2cd003c000 rw-p 00000000 00:00 0 
7f2cd003c000-7f2cd4000000 ---p 00000000 00:00 0 
7f2cd6d7f000-7f2cd6d82000 ---p 00000000 00:00 0 
7f2cd6d82000-7f2cd6e80000 rw-p 00000000 00:00 0 
7f2cd6e80000-7f2cd6ee0000 rw-s 108da7000 00:05 1816                      /dev/dri/card0
7f2cd6ee0000-7f2cd6f40000 rw-s 108d47000 00:05 1816                      /dev/dri/card0
7f2cd6f40000-7f2cd6fa0000 rw-s 108ce7000 00:05 1816                      /dev/dri/card0
7f2cd6fa0000-7f2cd7000000 rw-s 108c87000 00:05 1816                      /dev/dri/card0
7f2cd7000000-7f2cd7008000 rw-s 00000000 00:04 26617                      /drm mm object (deleted)
7f2cd77f5000-7f2cd77f6000 r--s 00000000 08:05 807309                     /var/cache/fontconfig/087e1975ba9a574b140bb1df193bf770-le64.cache-4
7f2cd77f6000-7f2cd7804000 r--s 00000000 08:05 798218                     /var/cache/fontconfig/6aa41aa22e18b8fa06a12da28ea9c28b-le64.cache-4
7f2cd7804000-7f2cd7805000 r--s 00000000 08:05 786527                     /var/cache/fontconfig/c05880de57d1f5e948fdfacc138775d9-le64.cache-4
7f2cd7805000-7f2cd7810000 r--s 00000000 08:05 786521                     /var/cache/fontconfig/945677eb7aeaf62f1d50efc3fb3ec7d8-le64.cache-4
7f2cd7810000-7f2cd7816000 r--s 00000000 08:05 786507                     /var/cache/fontconfig/2cd17615ca594fa2959ae173292e504c-le64.cache-4
7f2cd7816000-7f2cd7817000 r--s 00000000 08:05 786537                     /var/cache/fontconfig/e7071f4a29fa870f4323321c154eba04-le64.cache-4
7f2cd7817000-7f2cd7818000 r--s 00000000 08:05 786504                     /var/cache/fontconfig/0d8c3b2ac0904cb8a57a757ad11a4a08-le64.cache-4
7f2cd7818000-7f2cd781f000 r--s 00000000 08:05 786524                     /var/cache/fontconfig/a755afe4a08bf5b97852ceb7400b47bc-le64.cache-4
7f2cd781f000-7f2cd782b000 r--s 00000000 08:05 806641                     /var/cache/fontconfig/6d41288fd70b0be22e8c3a91e032eec0-le64.cache-4
7f2cd782b000-7f2cd783f000 r--s 00000000 08:05 786502                     /var/cache/fontconfig/04aabc0a78ac019cf9454389977116d2-le64.cache-4
7f2cd783f000-7f2cd7840000 r--s 00000000 08:05 786506                     /var/cache/fontconfig/1ac9eb803944fde146138c791f5cc56a-le64.cache-4
7f2cd7840000-7f2cd7841000 r--s 00000000 08:05 807308                     /var/cache/fontconfig/b95bc8ffbebda2bbdae4265e45b8178d-le64.cache-4
7f2cd7841000-7f2cd7845000 r--s 00000000 08:05 786510                     /var/cache/fontconfig/385c0604a188198f04d133e54aba7fe7-le64.cache-4
7f2cd7845000-7f2cd7846000 r--s 00000000 08:05 807307                     /var/cache/fontconfig/9c956a7723ca69a44b382d9179c9802f-le64.cache-4
7f2cd7846000-7f2cd7847000 r--s 00000000 08:05 786534                     /var/cache/fontconfig/dc05db6664285cc2f12bf69c139ae4c3-le64.cache-4
7f2cd7847000-7f2cd7848000 r--s 00000000 08:05 807306                     /var/cache/fontconfig/5d1cca7074f29429a8d18692746c2426-le64.cache-4
7f2cd7848000-7f2cd784a000 r--s 00000000 08:05 786518                     /var/cache/fontconfig/767a8244fc0220cfb567a839d0392e0b-le64.cache-4
7f2cd784a000-7f2cd784b000 r--s 00000000 08:05 790930                     /var/cache/fontconfig/4794a0821666d79190d59a36cb4f44b5-le64.cache-4
7f2cd784b000-7f2cd784c000 r--s 00000000 08:05 807305                     /var/cache/fontconfig/9eae20f1ff8cc0a7d125749e875856bd-le64.cache-4
7f2cd784c000-7f2cd784e000 r--s 00000000 08:05 807304                     /var/cache/fontconfig/bf2c1853a9e9b00bb02fe2e9bcf1e201-le64.cache-4
7f2cd784e000-7f2cd7853000 r--s 00000000 08:05 786520                     /var/cache/fontconfig/8801497958630a81b71ace7c5f9b32a8-le64.cache-4
7f2cd7853000-7f2cd785a000 r--s 00000000 08:05 786508                     /var/cache/fontconfig/3047814df9a2f067bd2d96a2b9c36e5a-le64.cache-4
7f2cd785a000-7f2cd785e000 r--s 00000000 08:05 807303                     /var/cache/fontconfig/bf3b770c553c462765856025a94f1ce6-le64.cache-4
7f2cd785e000-7f2cd785f000 r--s 00000000 08:05 786514                     /var/cache/fontconfig/56cf4f4769d0f4abc89a4895d7bd3ae1-le64.cache-4
7f2cd785f000-7f2cd7860000 r--s 00000000 08:05 786526                     /var/cache/fontconfig/b9d506c9ac06c20b433354fa67a72993-le64.cache-4
7f2cd7860000-7f2cd7866000 r--s 00000000 08:05 786525                     /var/cache/fontconfig/b47c4e1ecd0709278f4910c18777a504-le64.cache-4
7f2cd7866000-7f2cd7869000 r--s 00000000 08:05 807302                     /var/cache/fontconfig/14d493b97896515cad3840ba4896e372-le64.cache-4
7f2cd7869000-7f2cd786a000 r--s 00000000 08:05 807301                     /var/cache/fontconfig/89034621ae2a8922916bb6bfa5799546-le64.cache-4
7f2cd786a000-7f2cd786d000 r--s 00000000 08:05 807300                     /var/cache/fontconfig/e49e89034d371f0f9de17aab02136486-le64.cache-4
7f2cd786d000-7f2cd786f000 r--s 00000000 08:05 807299                     /var/cache/fontconfig/4b14b093aebc79c320de5e86ae1d3314-le64.cache-4
7f2cd786f000-7f2cd7870000 r--s 00000000 08:05 807298                     /var/cache/fontconfig/8aec10f4cc8391dcef22ca549f1e4354-le64.cache-4
7f2cd7870000-7f2cd7883000 r--s 00000000 08:05 786531                     /var/cache/fontconfig/d52a8644073d54c13679302ca1180695-le64.cache-4
7f2cd7883000-7f2cd7884000 r--s 00000000 08:05 807297                     /var/cache/fontconfig/8a687c406b77f27d99abfeeba937fcce-le64.cache-4
7f2cd7884000-7f2cd788d000 r--s 00000000 08:05 787140                     /var/cache/fontconfig/3f7329c5293ffd510edef78f73874cfd-le64.cache-4
7f2cd788d000-7f2cd788e000 r--s 00000000 08:05 807296                     /var/cache/fontconfig/ac2cf712d852da827a87a9baf682f5b9-le64.cache-4
7f2cd788e000-7f2cd7890000 r--s 00000000 08:05 807295                     /var/cache/fontconfig/65f976e5259cbe6dc7697b8648396239-le64.cache-4
7f2cd7890000-7f2cd789b000 r--s 00000000 08:05 795403                     /var/cache/fontconfig/d589a48862398ed80a3d6066f4f56f4c-le64.cache-4
7f2cd789b000-7f2cd789c000 r--s 00000000 08:05 807294                     /var/cache/fontconfig/94f7fe9bd33aadfac165873bd010d595-le64.cache-4
7f2cd789c000-7f2cd789e000 r--s 00000000 08:05 807293                     /var/cache/fontconfig/423767150eb258c59035de29db6fca84-le64.cache-4
7f2cd789e000-7f2cd789f000 r--s 00000000 08:05 807292                     /var/cache/fontconfig/845c20fd2c4814bcec78e05d37a63ccc-le64.cache-4
7f2cd789f000-7f2cd78a0000 r--s 00000000 08:05 807291                     /var/cache/fontconfig/e7de81b01590fb7e12b38e274e17d0db-le64.cache-4
7f2cd78a0000-7f2cd78a1000 r--s 00000000 08:05 807290                     /var/cache/fontconfig/406a1d2d2bf3ed7664fbadefac0b2f66-le64.cache-4
7f2cd78a1000-7f2cd78a3000 r--s 00000000 08:05 807289                     /var/cache/fontconfig/67709b7835c0f764c1135060c9575660-le64.cache-4
7f2cd78a3000-7f2cd78ad000 r--s 00000000 08:05 807288                     /var/cache/fontconfig/198d8fcf01c96d0cf813f74fd759bdb7-le64.cache-4
7f2cd78ad000-7f2cd78b8000 r--s 00000000 08:05 807286                     /var/cache/fontconfig/83bf95040141907cd45bb53cf7c1c148-le64.cache-4
7f2cd78b8000-7f2cd78bf000 r--s 00000000 08:05 807283                     /var/cache/fontconfig/53d14c92082a93e67d5078324eb314ca-le64.cache-4
7f2cd78bf000-7f2cd78c3000 r--s 00000000 08:05 807282                     /var/cache/fontconfig/6c08beecf0dac481ec92e759e0c2e6d7-le64.cache-4
7f2cd78c3000-7f2cd78c7000 r--s 00000000 08:05 807281                     /var/cache/fontconfig/4d6aee6d44eccb37054d3216e945f618-le64.cache-4
7f2cd78c7000-7f2cd78da000 r--s 00000000 08:05 807278                     /var/cache/fontconfig/4ac51e5cfbc76fc3f983e470323a16d3-le64.cache-4
7f2cd78da000-7f2cd78fb000 r--s 00000000 08:05 797119                     /var/cache/fontconfig/e13b20fdb08344e0e664864cc2ede53d-le64.cache-4
7f2cd7a80000-7f2cd7c40000 rw-s 1126b4000 00:05 1816                      /dev/dri/card0
7f2cd7c40000-7f2cd7ca0000 rw-s 112654000 00:05 1816                      /dev/dri/card0
7f2cd7ca0000-7f2cd7d00000 rw-s 1125f4000 00:05 1816                      /dev/dri/card0
7f2cd7d00000-7f2cd7d60000 rw-s 112594000 00:05 1816                      /dev/dri/card0
7f2cd7d60000-7f2cd7dc0000 rw-s 112534000 00:05 1816                      /dev/dri/card0
7f2cd7dc0000-7f2cd7e20000 rw-s 1124d4000 00:05 1816                      /dev/dri/card0
7f2cd7e20000-7f2cd7e80000 rw-s 112474000 00:05 1816                      /dev/dri/card0
7f2cd7e80000-7f2cd7ee0000 rw-s 112414000 00:05 1816                      /dev/dri/card0
7f2cd7ee0000-7f2cd7f40000 rw-s 1123b4000 00:05 1816                      /dev/dri/card0
7f2cd7f40000-7f2cd7fa0000 rw-s 112354000 00:05 1816                      /dev/dri/card0
7f2cd7fa0000-7f2cd8000000 rw-s 1111cf000 00:05 1816                      /dev/dri/card0
7f2cd8000000-7f2cd8048000 rw-p 00000000 00:00 0 
7f2cd8048000-7f2cdc000000 ---p 00000000 00:00 0 
7f2cdc000000-7f2cdc03c000 rw-p 00000000 00:00 0 
7f2cdc03c000-7f2ce0000000 ---p 00000000 00:00 0 
7f2ce0000000-7f2ce003a000 rw-p 00000000 00:00 0 
7f2ce003a000-7f2ce4000000 ---p 00000000 00:00 0 
7f2ce4000000-7f2ce4021000 rw-p 00000000 00:00 0 
7f2ce4021000-7f2ce8000000 ---p 00000000 00:00 0 
7f2ce8000000-7f2ce8021000 rw-p 00000000 00:00 0 
7f2ce8021000-7f2cec000000 ---p 00000000 00:00 0 
7f2cec000000-7f2cec021000 rw-p 00000000 00:00 0 
7f2cec021000-7f2cf0000000 ---p 00000000 00:00 0 
7f2cf0000000-7f2cf0021000 rw-p 00000000 00:00 0 
7f2cf0021000-7f2cf4000000 ---p 00000000 00:00 0 
7f2cf4000000-7f2cf4002000 r--s 00000000 08:05 807285                     /var/cache/fontconfig/6e6b34ae150a7ad95e82fb4a522f0bda-le64.cache-4
7f2cf4002000-7f2cf4006000 r--s 00000000 08:05 807280                     /var/cache/fontconfig/d6c6df98c3df5faf9bd0f8ef4d91efe5-le64.cache-4
7f2cf4006000-7f2cf400a000 r--s 00000000 08:05 807279                     /var/cache/fontconfig/9fb319ef52839f11ee26ab8b4cffa12b-le64.cache-4
7f2cf400a000-7f2cf4017000 r--s 00000000 08:05 807312                     /var/cache/fontconfig/8f02d4cb045bd6ce15663e43f347c9f8-le64.cache-4
7f2cf4017000-7f2cf4035000 r--s 00000000 08:05 790931                     /var/cache/fontconfig/467c019e582ee353435ea5c21d137ef6-le64.cache-4
7f2cf4035000-7f2cf4038000 ---p 00000000 00:00 0 
7f2cf4038000-7f2cf4136000 rw-p 00000000 00:00 0 
7f2cf4136000-7f2cf4139000 ---p 00000000 00:00 0 
7f2cf4139000-7f2cf4237000 rw-p 00000000 00:00 0 
7f2cf4237000-7f2cf423a000 ---p 00000000 00:00 0 
7f2cf423a000-7f2cf4338000 rw-p 00000000 00:00 0 
7f2cf4338000-7f2cf433b000 ---p 00000000 00:00 0 
7f2cf433b000-7f2cf4439000 rw-p 00000000 00:00 0                          [stack:3599]
7f2cf4439000-7f2cf4639000 rw-s 108567000 00:05 1816                      /dev/dri/card0
7f2cf4639000-7f2cf463c000 ---p 00000000 00:00 0 
7f2cf463c000-7f2cf473a000 rw-p 00000000 00:00 0 
7f2cf473a000-7f2cf473d000 ---p 00000000 00:00 0 
7f2cf473d000-7f2cf483b000 rw-p 00000000 00:00 0 
7f2cf483b000-7f2cf483e000 ---p 00000000 00:00 0 
7f2cf483e000-7f2cf493c000 rw-p 00000000 00:00 0 
7f2cf493c000-7f2cf493f000 ---p 00000000 00:00 0 
7f2cf493f000-7f2cf4ba9000 rw-p 00000000 00:00 0 
7f2cf4ba9000-7f2cf4c3d000 ---p 00000000 00:00 0 
7f2cf4c3d000-7f2cf4e3d000 rw-s 108367000 00:05 1816                      /dev/dri/card0
7f2cf4e3d000-7f2cf4e54000 r-xp 00000000 08:05 1048615                    /lib/x86_64-linux-gnu/libresolv-2.19.so
7f2cf4e54000-7f2cf5054000 ---p 00017000 08:05 1048615                    /lib/x86_64-linux-gnu/libresolv-2.19.so
7f2cf5054000-7f2cf5055000 r--p 00017000 08:05 1048615                    /lib/x86_64-linux-gnu/libresolv-2.19.so
7f2cf5055000-7f2cf5056000 rw-p 00018000 08:05 1048615                    /lib/x86_64-linux-gnu/libresolv-2.19.so
7f2cf5056000-7f2cf5058000 rw-p 00000000 00:00 0 
7f2cf5058000-7f2cf505d000 r-xp 00000000 08:05 1055063                    /lib/x86_64-linux-gnu/libnss_dns-2.19.so
7f2cf505d000-7f2cf525c000 ---p 00005000 08:05 1055063                    /lib/x86_64-linux-gnu/libnss_dns-2.19.so
7f2cf525c000-7f2cf525d000 r--p 00004000 08:05 1055063                    /lib/x86_64-linux-gnu/libnss_dns-2.19.so
7f2cf525d000-7f2cf525e000 rw-p 00005000 08:05 1055063                    /lib/x86_64-linux-gnu/libnss_dns-2.19.so
7f2cf525e000-7f2cf5260000 r-xp 00000000 08:05 1052761                    /lib/x86_64-linux-gnu/libnss_mdns4_minimal.so.2
7f2cf5260000-7f2cf545f000 ---p 00002000 08:05 1052761                    /lib/x86_64-linux-gnu/libnss_mdns4_minimal.so.2
7f2cf545f000-7f2cf5460000 r--p 00001000 08:05 1052761                    /lib/x86_64-linux-gnu/libnss_mdns4_minimal.so.2
7f2cf5460000-7f2cf5461000 rw-p 00002000 08:05 1052761                    /lib/x86_64-linux-gnu/libnss_mdns4_minimal.so.2
7f2cf5461000-7f2cf5661000 rw-p 00000000 00:00 0 
7f2cf5661000-7f2cf5961000 rw-s 108047000 00:05 1816                      /dev/dri/card0
7f2cf5961000-7f2cf5c61000 rw-s 107d47000 00:05 1816                      /dev/dri/card0
7f2cf5c61000-7f2cf5c63000 r-xp 00000000 08:05 3547316                    /usr/lib/x86_64-linux-gnu/libXinerama.so.1.0.0
7f2cf5c63000-7f2cf5e62000 ---p 00002000 08:05 3547316                    /usr/lib/x86_64-linux-gnu/libXinerama.so.1.0.0
7f2cf5e62000-7f2cf5e63000 r--p 00001000 08:05 3547316                    /usr/lib/x86_64-linux-gnu/libXinerama.so.1.0.0
7f2cf5e63000-7f2cf5e64000 rw-p 00002000 08:05 3547316                    /usr/lib/x86_64-linux-gnu/libXinerama.so.1.0.0
7f2cf5e64000-7f2cf5e9b000 r-xp 00000000 08:05 3548239                    /usr/lib/x86_64-linux-gnu/libtxc_dxtn_s2tc.so.0.0.0
7f2cf5e9b000-7f2cf609a000 ---p 00037000 08:05 3548239                    /usr/lib/x86_64-linux-gnu/libtxc_dxtn_s2tc.so.0.0.0
7f2cf609a000-7f2cf609b000 r--p 00036000 08:05 3548239                    /usr/lib/x86_64-linux-gnu/libtxc_dxtn_s2tc.so.0.0.0
7f2cf609b000-7f2cf609c000 rw-p 00037000 08:05 3548239                    /usr/lib/x86_64-linux-gnu/libtxc_dxtn_s2tc.so.0.0.0
7f2cf609c000-7f2cf60a4000 r-xp 00000000 08:05 3548044                    /usr/lib/x86_64-linux-gnu/libpciaccess.so.0.11.1
7f2cf60a4000-7f2cf62a3000 ---p 00008000 08:05 3548044                    /usr/lib/x86_64-linux-gnu/libpciaccess.so.0.11.1
7f2cf62a3000-7f2cf62a4000 r--p 00007000 08:05 3548044                    /usr/lib/x86_64-linux-gnu/libpciaccess.so.0.11.1
7f2cf62a4000-7f2cf62a5000 rw-p 00008000 08:05 3548044                    /usr/lib/x86_64-linux-gnu/libpciaccess.so.0.11.1
7f2cf62a5000-7f2cf62c4000 r-xp 00000000 08:05 3545149                    /usr/lib/x86_64-linux-gnu/libdrm_intel.so.1.0.0
7f2cf62c4000-7f2cf64c3000 ---p 0001f000 08:05 3545149                    /usr/lib/x86_64-linux-gnu/libdrm_intel.so.1.0.0
7f2cf64c3000-7f2cf64c4000 r--p 0001e000 08:05 3545149                    /usr/lib/x86_64-linux-gnu/libdrm_intel.so.1.0.0
7f2cf64c4000-7f2cf64c5000 rw-p 0001f000 08:05 3545149                    /usr/lib/x86_64-linux-gnu/libdrm_intel.so.1.0.0
7f2cf64c5000-7f2cf69cd000 r-xp 00000000 08:05 3803442                    /usr/lib/x86_64-linux-gnu/dri/i965_dri.so
7f2cf69cd000-7f2cf6bcc000 ---p 00508000 08:05 3803442                    /usr/lib/x86_64-linux-gnu/dri/i965_dri.so
7f2cf6bcc000-7f2cf6be6000 r--p 00507000 08:05 3803442                    /usr/lib/x86_64-linux-gnu/dri/i965_dri.so
7f2cf6be6000-7f2cf6bec000 rw-p 00521000 08:05 3803442                    /usr/lib/x86_64-linux-gnu/dri/i965_dri.so
7f2cf6bec000-7f2cf6bf7000 rw-p 00000000 00:00 0 
7f2cf6bf7000-7f2cf6c3b000 r-xp 00000000 08:05 1052694                    /lib/x86_64-linux-gnu/libdbus-1.so.3.7.6
7f2cf6c3b000-7f2cf6e3a000 ---p 00044000 08:05 1052694                    /lib/x86_64-linux-gnu/libdbus-1.so.3.7.6
7f2cf6e3a000-7f2cf6e3b000 r--p 00043000 08:05 1052694                    /lib/x86_64-linux-gnu/libdbus-1.so.3.7.6
7f2cf6e3b000-7f2cf6e3c000 rw-p 00044000 08:05 1052694                    /lib/x86_64-linux-gnu/libdbus-1.so.3.7.6
7f2cf6e3c000-7f2cf6e44000 r-xp 00000000 08:05 1052742                    /lib/x86_64-linux-gnu/libnih-dbus.so.1.0.0
7f2cf6e44000-7f2cf7044000 ---p 00008000 08:05 1052742                    /lib/x86_64-linux-gnu/libnih-dbus.so.1.0.0
7f2cf7044000-7f2cf7045000 r--p 00008000 08:05 1052742                    /lib/x86_64-linux-gnu/libnih-dbus.so.1.0.0
7f2cf7045000-7f2cf7046000 rw-p 00009000 08:05 1052742                    /lib/x86_64-linux-gnu/libnih-dbus.so.1.0.0
7f2cf7046000-7f2cf705d000 r-xp 00000000 08:05 1052744                    /lib/x86_64-linux-gnu/libnih.so.1.0.0
7f2cf705d000-7f2cf725c000 ---p 00017000 08:05 1052744                    /lib/x86_64-linux-gnu/libnih.so.1.0.0
7f2cf725c000-7f2cf725d000 r--p 00016000 08:05 1052744                    /lib/x86_64-linux-gnu/libnih.so.1.0.0
7f2cf725d000-7f2cf725e000 rw-p 00017000 08:05 1052744                    /lib/x86_64-linux-gnu/libnih.so.1.0.0
7f2cf725e000-7f2cf7277000 r-xp 00000000 08:05 1048666                    /lib/x86_64-linux-gnu/libcgmanager.so.0.0.0
7f2cf7277000-7f2cf7476000 ---p 00019000 08:05 1048666                    /lib/x86_64-linux-gnu/libcgmanager.so.0.0.0
7f2cf7476000-7f2cf7478000 r--p 00018000 08:05 1048666                    /lib/x86_64-linux-gnu/libcgmanager.so.0.0.0
7f2cf7478000-7f2cf7479000 rw-p 0001a000 08:05 1048666                    /lib/x86_64-linux-gnu/libcgmanager.so.0.0.0
7f2cf7479000-7f2cf7489000 r-xp 00000000 08:05 1052685                    /lib/x86_64-linux-gnu/libudev.so.1.3.5
7f2cf7489000-7f2cf7688000 ---p 00010000 08:05 1052685                    /lib/x86_64-linux-gnu/libudev.so.1.3.5
7f2cf7688000-7f2cf7689000 r--p 0000f000 08:05 1052685                    /lib/x86_64-linux-gnu/libudev.so.1.3.5
7f2cf7689000-7f2cf768a000 rw-p 00010000 08:05 1052685                    /lib/x86_64-linux-gnu/libudev.so.1.3.5
7f2cf768a000-7f2cf76af000 r-xp 00000000 08:05 1052826                    /lib/x86_64-linux-gnu/libtinfo.so.5.9
7f2cf76af000-7f2cf78ae000 ---p 00025000 08:05 1052826                    /lib/x86_64-linux-gnu/libtinfo.so.5.9
7f2cf78ae000-7f2cf78b2000 r--p 00024000 08:05 1052826                    /lib/x86_64-linux-gnu/libtinfo.so.5.9
7f2cf78b2000-7f2cf78b3000 rw-p 00028000 08:05 1052826                    /lib/x86_64-linux-gnu/libtinfo.so.5.9
7f2cf78b3000-7f2cf78dc000 r-xp 00000000 08:05 3547545                    /usr/lib/x86_64-linux-gnu/libedit.so.2.0.47
7f2cf78dc000-7f2cf7adc000 ---p 00029000 08:05 3547545                    /usr/lib/x86_64-linux-gnu/libedit.so.2.0.47
7f2cf7adc000-7f2cf7ade000 r--p 00029000 08:05 3547545                    /usr/lib/x86_64-linux-gnu/libedit.so.2.0.47
7f2cf7ade000-7f2cf7adf000 rw-p 0002b000 08:05 3547545                    /usr/lib/x86_64-linux-gnu/libedit.so.2.0.47
7f2cf7adf000-7f2cf7ae3000 rw-p 00000000 00:00 0 
7f2cf7ae3000-7f2cf7afb000 r-xp 00000000 08:05 1052843                    /lib/x86_64-linux-gnu/libz.so.1.2.8
7f2cf7afb000-7f2cf7cfa000 ---p 00018000 08:05 1052843                    /lib/x86_64-linux-gnu/libz.so.1.2.8
7f2cf7cfa000-7f2cf7cfb000 r--p 00017000 08:05 1052843                    /lib/x86_64-linux-gnu/libz.so.1.2.8
7f2cf7cfb000-7f2cf7cfc000 rw-p 00018000 08:05 1052843                    /lib/x86_64-linux-gnu/libz.so.1.2.8
7f2cf7cfc000-7f2cf7de2000 r-xp 00000000 08:05 3544133                    /usr/lib/x86_64-linux-gnu/libstdc++.so.6.0.19
7f2cf7de2000-7f2cf7fe1000 ---p 000e6000 08:05 3544133                    /usr/lib/x86_64-linux-gnu/libstdc++.so.6.0.19
7f2cf7fe1000-7f2cf7fe9000 r--p 000e5000 08:05 3544133                    /usr/lib/x86_64-linux-gnu/libstdc++.so.6.0.19
7f2cf7fe9000-7f2cf7feb000 rw-p 000ed000 08:05 3544133                    /usr/lib/x86_64-linux-gnu/libstdc++.so.6.0.19
7f2cf7feb000-7f2cf8000000 rw-p 00000000 00:00 0 
7f2cf8000000-7f2cfa78c000 rw-p 00000000 00:00 0 
7f2cfa78c000-7f2cfc000000 ---p 00000000 00:00 0 
7f2cfc02b000-7f2cfc08b000 rw-s 108e67000 00:05 1816                      /dev/dri/card0
7f2cfc08b000-7f2cfdb93000 r-xp 00000000 08:05 3547164                    /usr/lib/x86_64-linux-gnu/libLLVM-3.5.so.1
7f2cfdb93000-7f2cfdb94000 ---p 01b08000 08:05 3547164                    /usr/lib/x86_64-linux-gnu/libLLVM-3.5.so.1
7f2cfdb94000-7f2cfdd5c000 r--p 01b08000 08:05 3547164                    /usr/lib/x86_64-linux-gnu/libLLVM-3.5.so.1
7f2cfdd5c000-7f2cfdd62000 rw-p 01cd0000 08:05 3547164                    /usr/lib/x86_64-linux-gnu/libLLVM-3.5.so.1
7f2cfdd62000-7f2cfdd77000 rw-p 00000000 00:00 0 
7f2cfdd77000-7f2cfdd82000 r-xp 00000000 08:05 3545159                    /usr/lib/x86_64-linux-gnu/libdrm_radeon.so.1.0.1
7f2cfdd82000-7f2cfdf81000 ---p 0000b000 08:05 3545159                    /usr/lib/x86_64-linux-gnu/libdrm_radeon.so.1.0.1
7f2cfdf81000-7f2cfdf82000 r--p 0000a000 08:05 3545159                    /usr/lib/x86_64-linux-gnu/libdrm_radeon.so.1.0.1
7f2cfdf82000-7f2cfdf83000 rw-p 0000b000 08:05 3545159                    /usr/lib/x86_64-linux-gnu/libdrm_radeon.so.1.0.1
7f2cfdf83000-7f2cfdf98000 r-xp 00000000 08:05 3547546                    /usr/lib/x86_64-linux-gnu/libelf-0.158.so
7f2cfdf98000-7f2cfe197000 ---p 00015000 08:05 3547546                    /usr/lib/x86_64-linux-gnu/libelf-0.158.so
7f2cfe197000-7f2cfe198000 r--p 00014000 08:05 3547546                    /usr/lib/x86_64-linux-gnu/libelf-0.158.so
7f2cfe198000-7f2cfe199000 rw-p 00015000 08:05 3547546                    /usr/lib/x86_64-linux-gnu/libelf-0.158.so
7f2cfe199000-7f2cfe19f000 r-xp 00000000 08:05 3539541                    /usr/lib/x86_64-linux-gnu/libdrm_nouveau.so.2.0.0
7f2cfe19f000-7f2cfe39e000 ---p 00006000 08:05 3539541                    /usr/lib/x86_64-linux-gnu/libdrm_nouveau.so.2.0.0
7f2cfe39e000-7f2cfe39f000 r--p 00005000 08:05 3539541                    /usr/lib/x86_64-linux-gnu/libdrm_nouveau.so.2.0.0
7f2cfe39f000-7f2cfe3a0000 rw-p 00006000 08:05 3539541                    /usr/lib/x86_64-linux-gnu/libdrm_nouveau.so.2.0.0
7f2cfe3a0000-7f2cfe3a7000 r-xp 00000000 08:05 3804279                    /usr/lib/x86_64-linux-gnu/mesa-egl/libOpenVG.so.1.0.0
7f2cfe3a7000-7f2cfe5a6000 ---p 00007000 08:05 3804279                    /usr/lib/x86_64-linux-gnu/mesa-egl/libOpenVG.so.1.0.0
7f2cfe5a6000-7f2cfe5a7000 r--p 00006000 08:05 3804279                    /usr/lib/x86_64-linux-gnu/mesa-egl/libOpenVG.so.1.0.0
7f2cfe5a7000-7f2cfe5a8000 rw-p 00007000 08:05 3804279                    /usr/lib/x86_64-linux-gnu/mesa-egl/libOpenVG.so.1.0.0
7f2cfe5a8000-7f2cfe5aa000 rw-p 00000000 00:00 0 
7f2cfe5aa000-7f2cfed32000 r-xp 00000000 08:05 3803453                    /usr/lib/x86_64-linux-gnu/egl/egl_gallium.so
7f2cfed32000-7f2cfef32000 ---p 00788000 08:05 3803453                    /usr/lib/x86_64-linux-gnu/egl/egl_gallium.so
7f2cfef32000-7f2cfef85000 r--p 00788000 08:05 3803453                    /usr/lib/x86_64-linux-gnu/egl/egl_gallium.so
7f2cfef85000-7f2cfef91000 rw-p 007db000 08:05 3803453                    /usr/lib/x86_64-linux-gnu/egl/egl_gallium.so
7f2cfef91000-7f2cff178000 rw-p 00000000 00:00 0 
7f2cff178000-7f2cff17e000 r-xp 00000000 08:05 3804277                    /usr/lib/x86_64-linux-gnu/mesa-egl/libGLESv2.so.2.0.0
7f2cff17e000-7f2cff37d000 ---p 00006000 08:05 3804277                    /usr/lib/x86_64-linux-gnu/mesa-egl/libGLESv2.so.2.0.0
7f2cff37d000-7f2cff37e000 r--p 00005000 08:05 3804277                    /usr/lib/x86_64-linux-gnu/mesa-egl/libGLESv2.so.2.0.0
7f2cff37e000-7f2cff37f000 rw-p 00006000 08:05 3804277                    /usr/lib/x86_64-linux-gnu/mesa-egl/libGLESv2.so.2.0.0
7f2cff37f000-7f2cff3c4000 r-xp 00000000 08:05 1835084                    /tmp/jogamp_0000/file_cache/jln5767051285395179892/jln2786840350646476127/libjogl_mobile.so
7f2cff3c4000-7f2cff5c4000 ---p 00045000 08:05 1835084                    /tmp/jogamp_0000/file_cache/jln5767051285395179892/jln2786840350646476127/libjogl_mobile.so
7f2cff5c4000-7f2cff5c5000 rw-p 00045000 08:05 1835084                    /tmp/jogamp_0000/file_cache/jln5767051285395179892/jln2786840350646476127/libjogl_mobile.so
7f2cff5c5000-7f2cff5cc000 r-xp 00000000 08:05 3540105                    /usr/lib/x86_64-linux-gnu/libffi.so.6.0.1
7f2cff5cc000-7f2cff7cb000 ---p 00007000 08:05 3540105                    /usr/lib/x86_64-linux-gnu/libffi.so.6.0.1
7f2cff7cb000-7f2cff7cc000 r--p 00006000 08:05 3540105                    /usr/lib/x86_64-linux-gnu/libffi.so.6.0.1
7f2cff7cc000-7f2cff7cd000 rw-p 00007000 08:05 3540105                    /usr/lib/x86_64-linux-gnu/libffi.so.6.0.1
7f2cff7cd000-7f2cff7d9000 r-xp 00000000 08:05 3547628                    /usr/lib/x86_64-linux-gnu/libgbm.so.1.0.0
7f2cff7d9000-7f2cff9d9000 ---p 0000c000 08:05 3547628                    /usr/lib/x86_64-linux-gnu/libgbm.so.1.0.0
7f2cff9d9000-7f2cff9da000 r--p 0000c000 08:05 3547628                    /usr/lib/x86_64-linux-gnu/libgbm.so.1.0.0
7f2cff9da000-7f2cff9db000 rw-p 0000d000 08:05 3547628                    /usr/lib/x86_64-linux-gnu/libgbm.so.1.0.0
7f2cff9db000-7f2cff9ea000 r-xp 00000000 08:05 3548307                    /usr/lib/x86_64-linux-gnu/libwayland-server.so.0.1.0
7f2cff9ea000-7f2cffbe9000 ---p 0000f000 08:05 3548307                    /usr/lib/x86_64-linux-gnu/libwayland-server.so.0.1.0
7f2cffbe9000-7f2cffbeb000 r--p 0000e000 08:05 3548307                    /usr/lib/x86_64-linux-gnu/libwayland-server.so.0.1.0
7f2cffbeb000-7f2cffbec000 rw-p 00010000 08:05 3548307                    /usr/lib/x86_64-linux-gnu/libwayland-server.so.0.1.0
7f2cffbec000-7f2cffbf7000 r-xp 00000000 08:05 3548301                    /usr/lib/x86_64-linux-gnu/libwayland-client.so.0.2.0
7f2cffbf7000-7f2cffdf6000 ---p 0000b000 08:05 3548301                    /usr/lib/x86_64-linux-gnu/libwayland-client.so.0.2.0
7f2cffdf6000-7f2cffdf8000 r--p 0000a000 08:05 3548301                    /usr/lib/x86_64-linux-gnu/libwayland-client.so.0.2.0
7f2cffdf8000-7f2cffdf9000 rw-p 0000c000 08:05 3548301                    /usr/lib/x86_64-linux-gnu/libwayland-client.so.0.2.0
7f2cffdf9000-7f2cffdfe000 r-xp 00000000 08:05 3548357                    /usr/lib/x86_64-linux-gnu/libxcb-xfixes.so.0.0.0
7f2cffdfe000-7f2cffffe000 ---p 00005000 08:05 3548357                    /usr/lib/x86_64-linux-gnu/libxcb-xfixes.so.0.0.0
7f2cffffe000-7f2cfffff000 r--p 00005000 08:05 3548357                    /usr/lib/x86_64-linux-gnu/libxcb-xfixes.so.0.0.0
7f2cfffff000-7f2d00000000 rw-p 00006000 08:05 3548357                    /usr/lib/x86_64-linux-gnu/libxcb-xfixes.so.0.0.0
7f2d00000000-7f2d007ff000 rw-p 00000000 00:00 0 
7f2d007ff000-7f2d04000000 ---p 00000000 00:00 0 
7f2d04000000-7f2d04021000 rw-p 00000000 00:00 0 
7f2d04021000-7f2d08000000 ---p 00000000 00:00 0 
7f2d08000000-7f2d08021000 rw-p 00000000 00:00 0 
7f2d08021000-7f2d0c000000 ---p 00000000 00:00 0 
7f2d0c000000-7f2d0e34f000 rw-p 00000000 00:00 0 
7f2d0e34f000-7f2d10000000 ---p 00000000 00:00 0 
7f2d10000000-7f2d10024000 rw-p 00000000 00:00 0 
7f2d10024000-7f2d14000000 ---p 00000000 00:00 0 
7f2d14000000-7f2d14021000 rw-p 00000000 00:00 0 
7f2d14021000-7f2d18000000 ---p 00000000 00:00 0 
7f2d18000000-7f2d18028000 rw-p 00000000 00:00 0 
7f2d18028000-7f2d1c000000 ---p 00000000 00:00 0 
7f2d1c000000-7f2d1c021000 rw-p 00000000 00:00 0 
7f2d1c021000-7f2d20000000 ---p 00000000 00:00 0 
7f2d20000000-7f2d20003000 r--s 00000000 08:05 807277                     /var/cache/fontconfig/c19b55eb3b4c5b40ea175e31682068a5-le64.cache-4
7f2d20003000-7f2d20006000 r--s 00000000 08:05 807275                     /var/cache/fontconfig/de83a0a961185c8bd1f159015d56c039-le64.cache-4
7f2d20006000-7f2d2000b000 r--s 00000000 08:05 788348                     /var/cache/fontconfig/7ef2298fde41cc6eeb7af42e48b7d293-le64.cache-4
7f2d2005c000-7f2d200bc000 rw-s 108e07000 00:05 1816                      /dev/dri/card0
7f2d200bc000-7f2d200e3000 r-xp 00000000 08:05 3804273                    /usr/lib/x86_64-linux-gnu/mesa-egl/libEGL.so.1.0.0
7f2d200e3000-7f2d202e3000 ---p 00027000 08:05 3804273                    /usr/lib/x86_64-linux-gnu/mesa-egl/libEGL.so.1.0.0
7f2d202e3000-7f2d202e4000 r--p 00027000 08:05 3804273                    /usr/lib/x86_64-linux-gnu/mesa-egl/libEGL.so.1.0.0
7f2d202e4000-7f2d202e5000 rw-p 00028000 08:05 3804273                    /usr/lib/x86_64-linux-gnu/mesa-egl/libEGL.so.1.0.0
7f2d202e5000-7f2d202e6000 rw-p 00000000 00:00 0 
7f2d202e6000-7f2d2038b000 r-xp 00000000 08:05 1835081                    /tmp/jogamp_0000/file_cache/jln5767051285395179892/jln2786840350646476127/libjogl_desktop.so
7f2d2038b000-7f2d2058b000 ---p 000a5000 08:05 1835081                    /tmp/jogamp_0000/file_cache/jln5767051285395179892/jln2786840350646476127/libjogl_desktop.so
7f2d2058b000-7f2d2058c000 rw-p 000a5000 08:05 1835081                    /tmp/jogamp_0000/file_cache/jln5767051285395179892/jln2786840350646476127/libjogl_desktop.so
7f2d2058c000-7f2d20598000 r-xp 00000000 08:05 3544321                    /usr/lib/x86_64-linux-gnu/libdrm.so.2.4.0
7f2d20598000-7f2d20797000 ---p 0000c000 08:05 3544321                    /usr/lib/x86_64-linux-gnu/libdrm.so.2.4.0
7f2d20797000-7f2d20798000 r--p 0000b000 08:05 3544321                    /usr/lib/x86_64-linux-gnu/libdrm.so.2.4.0
7f2d20798000-7f2d20799000 rw-p 0000c000 08:05 3544321                    /usr/lib/x86_64-linux-gnu/libdrm.so.2.4.0
7f2d20799000-7f2d2079a000 r-xp 00000000 08:05 3548371                    /usr/lib/x86_64-linux-gnu/libxshmfence.so.1.0.0
7f2d2079a000-7f2d20999000 ---p 00001000 08:05 3548371                    /usr/lib/x86_64-linux-gnu/libxshmfence.so.1.0.0
7f2d20999000-7f2d2099a000 r--p 00000000 08:05 3548371                    /usr/lib/x86_64-linux-gnu/libxshmfence.so.1.0.0
7f2d2099a000-7f2d2099b000 rw-p 00001000 08:05 3548371                    /usr/lib/x86_64-linux-gnu/libxshmfence.so.1.0.0
7f2d2099b000-7f2d209a0000 r-xp 00000000 08:05 3548353                    /usr/lib/x86_64-linux-gnu/libxcb-sync.so.1.0.0
7f2d209a0000-7f2d20b9f000 ---p 00005000 08:05 3548353                    /usr/lib/x86_64-linux-gnu/libxcb-sync.so.1.0.0
7f2d20b9f000-7f2d20ba0000 r--p 00004000 08:05 3548353                    /usr/lib/x86_64-linux-gnu/libxcb-sync.so.1.0.0
7f2d20ba0000-7f2d20ba1000 rw-p 00005000 08:05 3548353                    /usr/lib/x86_64-linux-gnu/libxcb-sync.so.1.0.0
7f2d20ba1000-7f2d20ba3000 r-xp 00000000 08:05 3548341                    /usr/lib/x86_64-linux-gnu/libxcb-present.so.0.0.0
7f2d20ba3000-7f2d20da2000 ---p 00002000 08:05 3548341                    /usr/lib/x86_64-linux-gnu/libxcb-present.so.0.0.0
7f2d20da2000-7f2d20da3000 r--p 00001000 08:05 3548341                    /usr/lib/x86_64-linux-gnu/libxcb-present.so.0.0.0
7f2d20da3000-7f2d20da4000 rw-p 00002000 08:05 3548341                    /usr/lib/x86_64-linux-gnu/libxcb-present.so.0.0.0
7f2d20da4000-7f2d20da6000 r-xp 00000000 08:05 3548331                    /usr/lib/x86_64-linux-gnu/libxcb-dri3.so.0.0.0
7f2d20da6000-7f2d20fa5000 ---p 00002000 08:05 3548331                    /usr/lib/x86_64-linux-gnu/libxcb-dri3.so.0.0.0
7f2d20fa5000-7f2d20fa6000 r--p 00001000 08:05 3548331                    /usr/lib/x86_64-linux-gnu/libxcb-dri3.so.0.0.0
7f2d20fa6000-7f2d20fa7000 rw-p 00002000 08:05 3548331                    /usr/lib/x86_64-linux-gnu/libxcb-dri3.so.0.0.0
7f2d20fa7000-7f2d20faa000 r-xp 00000000 08:05 3548329                    /usr/lib/x86_64-linux-gnu/libxcb-dri2.so.0.0.0
7f2d20faa000-7f2d211aa000 ---p 00003000 08:05 3548329                    /usr/lib/x86_64-linux-gnu/libxcb-dri2.so.0.0.0
7f2d211aa000-7f2d211ab000 r--p 00003000 08:05 3548329                    /usr/lib/x86_64-linux-gnu/libxcb-dri2.so.0.0.0
7f2d211ab000-7f2d211ac000 rw-p 00004000 08:05 3548329                    /usr/lib/x86_64-linux-gnu/libxcb-dri2.so.0.0.0
7f2d211ac000-7f2d211c1000 r-xp 00000000 08:05 3548333                    /usr/lib/x86_64-linux-gnu/libxcb-glx.so.0.0.0
7f2d211c1000-7f2d213c0000 ---p 00015000 08:05 3548333                    /usr/lib/x86_64-linux-gnu/libxcb-glx.so.0.0.0
7f2d213c0000-7f2d213c2000 r--p 00014000 08:05 3548333                    /usr/lib/x86_64-linux-gnu/libxcb-glx.so.0.0.0
7f2d213c2000-7f2d213c3000 rw-p 00016000 08:05 3548333                    /usr/lib/x86_64-linux-gnu/libxcb-glx.so.0.0.0
7f2d213c3000-7f2d213c4000 r-xp 00000000 08:05 3547287                    /usr/lib/x86_64-linux-gnu/libX11-xcb.so.1.0.0
7f2d213c4000-7f2d215c3000 ---p 00001000 08:05 3547287                    /usr/lib/x86_64-linux-gnu/libX11-xcb.so.1.0.0
7f2d215c3000-7f2d215c4000 r--p 00000000 08:05 3547287                    /usr/lib/x86_64-linux-gnu/libX11-xcb.so.1.0.0
7f2d215c4000-7f2d215c5000 rw-p 00001000 08:05 3547287                    /usr/lib/x86_64-linux-gnu/libX11-xcb.so.1.0.0
7f2d215c5000-7f2d215c7000 r-xp 00000000 08:05 3547302                    /usr/lib/x86_64-linux-gnu/libXdamage.so.1.1.0
7f2d215c7000-7f2d217c6000 ---p 00002000 08:05 3547302                    /usr/lib/x86_64-linux-gnu/libXdamage.so.1.1.0
7f2d217c6000-7f2d217c7000 r--p 00001000 08:05 3547302                    /usr/lib/x86_64-linux-gnu/libXdamage.so.1.1.0
7f2d217c7000-7f2d217c8000 rw-p 00002000 08:05 3547302                    /usr/lib/x86_64-linux-gnu/libXdamage.so.1.1.0
7f2d217c8000-7f2d217ec000 r-xp 00000000 08:05 3547680                    /usr/lib/x86_64-linux-gnu/libglapi.so.0.0.0
7f2d217ec000-7f2d219ec000 ---p 00024000 08:05 3547680                    /usr/lib/x86_64-linux-gnu/libglapi.so.0.0.0
7f2d219ec000-7f2d219ef000 r--p 00024000 08:05 3547680                    /usr/lib/x86_64-linux-gnu/libglapi.so.0.0.0
7f2d219ef000-7f2d219f0000 rw-p 00027000 08:05 3547680                    /usr/lib/x86_64-linux-gnu/libglapi.so.0.0.0
7f2d219f0000-7f2d219f1000 rw-p 00000000 00:00 0 
7f2d219f1000-7f2d21a18000 r-xp 00000000 08:05 1055113                    /lib/x86_64-linux-gnu/libexpat.so.1.6.0
7f2d21a18000-7f2d21c18000 ---p 00027000 08:05 1055113                    /lib/x86_64-linux-gnu/libexpat.so.1.6.0
7f2d21c18000-7f2d21c1a000 r--p 00027000 08:05 1055113                    /lib/x86_64-linux-gnu/libexpat.so.1.6.0
7f2d21c1a000-7f2d21c1b000 rw-p 00029000 08:05 1055113                    /lib/x86_64-linux-gnu/libexpat.so.1.6.0
7f2d21c1b000-7f2d21ca7000 r-xp 00000000 08:05 3804270                    /usr/lib/x86_64-linux-gnu/mesa/libGL.so.1.2.0
7f2d21ca7000-7f2d21ea6000 ---p 0008c000 08:05 3804270                    /usr/lib/x86_64-linux-gnu/mesa/libGL.so.1.2.0
7f2d21ea6000-7f2d21ea9000 r--p 0008b000 08:05 3804270                    /usr/lib/x86_64-linux-gnu/mesa/libGL.so.1.2.0
7f2d21ea9000-7f2d21eaa000 rw-p 0008e000 08:05 3804270                    /usr/lib/x86_64-linux-gnu/mesa/libGL.so.1.2.0
7f2d21eaa000-7f2d220ab000 rw-p 00000000 00:00 0 
7f2d220ab000-7f2d222ab000 rw-p 00000000 00:00 0 
7f2d222ab000-7f2d222b2000 r-xp 00000000 08:05 1835089                    /tmp/jogamp_0000/file_cache/jln5767051285395179892/jln2786840350646476127/libnativewindow_x11.so
7f2d222b2000-7f2d224b1000 ---p 00007000 08:05 1835089                    /tmp/jogamp_0000/file_cache/jln5767051285395179892/jln2786840350646476127/libnativewindow_x11.so
7f2d224b1000-7f2d224b2000 rw-p 00006000 08:05 1835089                    /tmp/jogamp_0000/file_cache/jln5767051285395179892/jln2786840350646476127/libnativewindow_x11.so
7f2d224b2000-7f2d224b6000 r-xp 00000000 08:05 3547344                    /usr/lib/x86_64-linux-gnu/libXxf86vm.so.1.0.0
7f2d224b6000-7f2d226b6000 ---p 00004000 08:05 3547344                    /usr/lib/x86_64-linux-gnu/libXxf86vm.so.1.0.0
7f2d226b6000-7f2d226b7000 r--p 00004000 08:05 3547344                    /usr/lib/x86_64-linux-gnu/libXxf86vm.so.1.0.0
7f2d226b7000-7f2d226b8000 rw-p 00005000 08:05 3547344                    /usr/lib/x86_64-linux-gnu/libXxf86vm.so.1.0.0
7f2d226b8000-7f2d226ba000 r-xp 00000000 08:05 1835088                    /tmp/jogamp_0000/file_cache/jln5767051285395179892/jln2786840350646476127/libnativewindow_awt.so
7f2d226ba000-7f2d228b9000 ---p 00002000 08:05 1835088                    /tmp/jogamp_0000/file_cache/jln5767051285395179892/jln2786840350646476127/libnativewindow_awt.so
7f2d228b9000-7f2d228ba000 rw-p 00001000 08:05 1835088                    /tmp/jogamp_0000/file_cache/jln5767051285395179892/jln2786840350646476127/libnativewindow_awt.so
7f2d228ba000-7f2d228bb000 r-xp 00000000 08:05 4752070                    /usr/local/java/jdk1.8.0_60/jre/lib/amd64/libjawt.so
7f2d228bb000-7f2d22aba000 ---p 00001000 08:05 4752070                    /usr/local/java/jdk1.8.0_60/jre/lib/amd64/libjawt.so
7f2d22aba000-7f2d22abb000 rw-p 00000000 08:05 4752070                    /usr/local/java/jdk1.8.0_60/jre/lib/amd64/libjawt.so
7f2d22abb000-7f2d22abd000 r-xp 00000000 08:05 1835080                    /tmp/jogamp_0000/file_cache/jln5767051285395179892/jln2786840350646476127/libgluegen-rt.so
7f2d22abd000-7f2d22cbc000 ---p 00002000 08:05 1835080                    /tmp/jogamp_0000/file_cache/jln5767051285395179892/jln2786840350646476127/libgluegen-rt.so
7f2d22cbc000-7f2d22cbd000 rw-p 00001000 08:05 1835080                    /tmp/jogamp_0000/file_cache/jln5767051285395179892/jln2786840350646476127/libgluegen-rt.so
7f2d22cbd000-7f2d22cc0000 ---p 00000000 00:00 0 
7f2d22cc0000-7f2d22dbe000 rw-p 00000000 00:00 0                          [stack:3337]
7f2d22dbe000-7f2d22dc1000 ---p 00000000 00:00 0 
7f2d22dc1000-7f2d22ff7000 rw-p 00000000 00:00 0                          [stack:3332]
7f2d22ff7000-7f2d22ffa000 ---p 00000000 00:00 0 
7f2d22ffa000-7f2d232f8000 rw-p 00000000 00:00 0 
7f2d232f8000-7f2d232f9000 r--s 00000000 08:05 786503                     /var/cache/fontconfig/0c9eb80ebd1c36541ebe2852d3bb0c49-le64.cache-4
7f2d232f9000-7f2d232fa000 r--s 00000000 08:05 807284                     /var/cache/fontconfig/3334a778d104e76d188e9df399bc24d2-le64.cache-4
7f2d232fa000-7f2d232fc000 r--s 00000000 08:05 807313                     /var/cache/fontconfig/16326683038b281783a0ef8c680e3a10-le64.cache-4
7f2d232fc000-7f2d232fd000 rw-p 00000000 00:00 0 
7f2d232fd000-7f2d2330d000 rw-s 112874000 00:05 1816                      /dev/dri/card0
7f2d2330d000-7f2d2331d000 rw-s 108357000 00:05 1816                      /dev/dri/card0
7f2d2331d000-7f2d23320000 ---p 00000000 00:00 0 
7f2d23320000-7f2d2341e000 rw-p 00000000 00:00 0                          [stack:3327]
7f2d2341e000-7f2d23487000 r-xp 00000000 08:05 4752100                    /usr/local/java/jdk1.8.0_60/jre/lib/amd64/libt2k.so
7f2d23487000-7f2d23687000 ---p 00069000 08:05 4752100                    /usr/local/java/jdk1.8.0_60/jre/lib/amd64/libt2k.so
7f2d23687000-7f2d2368e000 rw-p 00069000 08:05 4752100                    /usr/local/java/jdk1.8.0_60/jre/lib/amd64/libt2k.so
7f2d2368e000-7f2d2369e000 rw-p 00000000 00:00 0 
7f2d2369e000-7f2d236af000 r-xp 00000000 08:05 4752120                    /usr/local/java/jdk1.8.0_60/jre/lib/amd64/libnio.so
7f2d236af000-7f2d238ae000 ---p 00011000 08:05 4752120                    /usr/local/java/jdk1.8.0_60/jre/lib/amd64/libnio.so
7f2d238ae000-7f2d238af000 rw-p 00010000 08:05 4752120                    /usr/local/java/jdk1.8.0_60/jre/lib/amd64/libnio.so
7f2d238af000-7f2d238e0000 rw-p 00000000 00:00 0 
7f2d238e0000-7f2d238f6000 r-xp 00000000 08:05 4752097                    /usr/local/java/jdk1.8.0_60/jre/lib/amd64/libnet.so
7f2d238f6000-7f2d23af6000 ---p 00016000 08:05 4752097                    /usr/local/java/jdk1.8.0_60/jre/lib/amd64/libnet.so
7f2d23af6000-7f2d23af7000 rw-p 00016000 08:05 4752097                    /usr/local/java/jdk1.8.0_60/jre/lib/amd64/libnet.so
7f2d23af7000-7f2d23afa000 ---p 00000000 00:00 0 
7f2d23afa000-7f2d23bf8000 rw-p 00000000 00:00 0                          [stack:3325]
7f2d23bf8000-7f2d23bfb000 ---p 00000000 00:00 0 
7f2d23bfb000-7f2d23cf9000 rw-p 00000000 00:00 0                          [stack:3324]
7f2d23cf9000-7f2d23cfc000 ---p 00000000 00:00 0 
7f2d23cfc000-7f2d23dfa000 rw-p 00000000 00:00 0                          [stack:3323]
7f2d23dfa000-7f2d23dff000 r-xp 00000000 08:05 3539424                    /usr/lib/x86_64-linux-gnu/libXfixes.so.3.1.0
7f2d23dff000-7f2d23ffe000 ---p 00005000 08:05 3539424                    /usr/lib/x86_64-linux-gnu/libXfixes.so.3.1.0
7f2d23ffe000-7f2d23fff000 r--p 00004000 08:05 3539424                    /usr/lib/x86_64-linux-gnu/libXfixes.so.3.1.0
7f2d23fff000-7f2d24000000 rw-p 00005000 08:05 3539424                    /usr/lib/x86_64-linux-gnu/libXfixes.so.3.1.0
7f2d24000000-7f2d24021000 rw-p 00000000 00:00 0 
7f2d24021000-7f2d28000000 ---p 00000000 00:00 0 
7f2d28000000-7f2d28021000 rw-p 00000000 00:00 0 
7f2d28021000-7f2d2c000000 ---p 00000000 00:00 0 
7f2d2c000000-7f2d2c991000 rw-p 00000000 00:00 0 
7f2d2c991000-7f2d30000000 ---p 00000000 00:00 0 
7f2d30000000-7f2d30723000 rw-p 00000000 00:00 0 
7f2d30723000-7f2d34000000 ---p 00000000 00:00 0 
7f2d34000000-7f2d34021000 rw-p 00000000 00:00 0 
7f2d34021000-7f2d38000000 ---p 00000000 00:00 0 
7f2d38000000-7f2d38ff2000 rw-p 00000000 00:00 0 
7f2d38ff2000-7f2d3c000000 ---p 00000000 00:00 0 
7f2d3c000000-7f2d3c021000 rw-p 00000000 00:00 0 
7f2d3c021000-7f2d40000000 ---p 00000000 00:00 0 
7f2d40000000-7f2d40021000 rw-p 00000000 00:00 0 
7f2d40021000-7f2d44000000 ---p 00000000 00:00 0 
7f2d44000000-7f2d44021000 rw-p 00000000 00:00 0 
7f2d44021000-7f2d48000000 ---p 00000000 00:00 0 
7f2d48000000-7f2d48021000 rw-p 00000000 00:00 0 
7f2d48021000-7f2d4c000000 ---p 00000000 00:00 0 
7f2d4c000000-7f2d4c021000 rw-p 00000000 00:00 0 
7f2d4c021000-7f2d50000000 ---p 00000000 00:00 0 
7f2d50000000-7f2d50021000 rw-p 00000000 00:00 0 
7f2d50021000-7f2d54000000 ---p 00000000 00:00 0 
7f2d54000000-7f2d54021000 rw-p 00000000 00:00 0 
7f2d54021000-7f2d58000000 ---p 00000000 00:00 0 
7f2d58000000-7f2d58003000 ---p 00000000 00:00 0 
7f2d58003000-7f2d58101000 rw-p 00000000 00:00 0                          [stack:3321]
7f2d58101000-7f2d5810a000 r-xp 00000000 08:05 3547300                    /usr/lib/x86_64-linux-gnu/libXcursor.so.1.0.2
7f2d5810a000-7f2d58309000 ---p 00009000 08:05 3547300                    /usr/lib/x86_64-linux-gnu/libXcursor.so.1.0.2
7f2d58309000-7f2d5830a000 r--p 00008000 08:05 3547300                    /usr/lib/x86_64-linux-gnu/libXcursor.so.1.0.2
7f2d5830a000-7f2d5830b000 rw-p 00009000 08:05 3547300                    /usr/lib/x86_64-linux-gnu/libXcursor.so.1.0.2
7f2d5830b000-7f2d5830e000 ---p 00000000 00:00 0 
7f2d5830e000-7f2d5840c000 rw-p 00000000 00:00 0                          [stack:3320]
7f2d5840c000-7f2d58422000 r-xp 00000000 08:05 1054013                    /lib/x86_64-linux-gnu/libgcc_s.so.1
7f2d58422000-7f2d58621000 ---p 00016000 08:05 1054013                    /lib/x86_64-linux-gnu/libgcc_s.so.1
7f2d58621000-7f2d58622000 rw-p 00015000 08:05 1054013                    /lib/x86_64-linux-gnu/libgcc_s.so.1
7f2d58622000-7f2d58623000 r--s 00000000 08:05 807276                     /var/cache/fontconfig/c277e94e32b20404286a1ddafa5a80f0-le64.cache-4
7f2d58623000-7f2d58624000 r--s 00000000 08:05 807311                     /var/cache/fontconfig/e0aa53bcfa504e64f87823c16bc01eb6-le64.cache-4
7f2d58624000-7f2d58628000 rw-s 00000000 00:04 28604                      /drm mm object (deleted)
7f2d58628000-7f2d5862a000 rw-s 00000000 00:04 28603                      /drm mm object (deleted)
7f2d5862a000-7f2d5863a000 rw-s 108347000 00:05 1816                      /dev/dri/card0
7f2d5863a000-7f2d5863c000 rw-s 00000000 00:04 28582                      /drm mm object (deleted)
7f2d5863c000-7f2d58640000 r--s 00095000 08:05 4618331                    /usr/local/java/jdk1.8.0_60/jre/lib/jsse.jar
7f2d58640000-7f2d586a6000 r-xp 00000000 08:05 4752101                    /usr/local/java/jdk1.8.0_60/jre/lib/amd64/libfontmanager.so
7f2d586a6000-7f2d588a5000 ---p 00066000 08:05 4752101                    /usr/local/java/jdk1.8.0_60/jre/lib/amd64/libfontmanager.so
7f2d588a5000-7f2d588a9000 rw-p 00065000 08:05 4752101                    /usr/local/java/jdk1.8.0_60/jre/lib/amd64/libfontmanager.so
7f2d588a9000-7f2d588ba000 rw-p 00000000 00:00 0 
7f2d588ba000-7f2d588c0000 r--s 00033000 08:05 4757290                    /home/elena/java/workspace/UCSDUnfoldingMaps/lib/unfolding.0.9.7-uscd.jar
7f2d588c0000-7f2d588c5000 r--s 00309000 08:05 4757289                    /home/elena/java/workspace/UCSDUnfoldingMaps/lib/sqlite-jdbc-3.7.2.jar
7f2d588c5000-7f2d588ca000 r-xp 00000000 08:05 3547304                    /usr/lib/x86_64-linux-gnu/libXdmcp.so.6.0.0
7f2d588ca000-7f2d58ac9000 ---p 00005000 08:05 3547304                    /usr/lib/x86_64-linux-gnu/libXdmcp.so.6.0.0
7f2d58ac9000-7f2d58aca000 r--p 00004000 08:05 3547304                    /usr/lib/x86_64-linux-gnu/libXdmcp.so.6.0.0
7f2d58aca000-7f2d58acb000 rw-p 00005000 08:05 3547304                    /usr/lib/x86_64-linux-gnu/libXdmcp.so.6.0.0
7f2d58acb000-7f2d58acd000 r-xp 00000000 08:05 3547293                    /usr/lib/x86_64-linux-gnu/libXau.so.6.0.0
7f2d58acd000-7f2d58ccd000 ---p 00002000 08:05 3547293                    /usr/lib/x86_64-linux-gnu/libXau.so.6.0.0
7f2d58ccd000-7f2d58cce000 r--p 00002000 08:05 3547293                    /usr/lib/x86_64-linux-gnu/libXau.so.6.0.0
7f2d58cce000-7f2d58ccf000 rw-p 00003000 08:05 3547293                    /usr/lib/x86_64-linux-gnu/libXau.so.6.0.0
7f2d58ccf000-7f2d58cec000 r-xp 00000000 08:05 3548361                    /usr/lib/x86_64-linux-gnu/libxcb.so.1.1.0
7f2d58cec000-7f2d58eec000 ---p 0001d000 08:05 3548361                    /usr/lib/x86_64-linux-gnu/libxcb.so.1.1.0
7f2d58eec000-7f2d58eed000 r--p 0001d000 08:05 3548361                    /usr/lib/x86_64-linux-gnu/libxcb.so.1.1.0
7f2d58eed000-7f2d58eee000 rw-p 0001e000 08:05 3548361                    /usr/lib/x86_64-linux-gnu/libxcb.so.1.1.0
7f2d58eee000-7f2d58efd000 r-xp 00000000 08:05 3546796                    /usr/lib/x86_64-linux-gnu/libXi.so.6.1.0
7f2d58efd000-7f2d590fc000 ---p 0000f000 08:05 3546796                    /usr/lib/x86_64-linux-gnu/libXi.so.6.1.0
7f2d590fc000-7f2d590fd000 r--p 0000e000 08:05 3546796                    /usr/lib/x86_64-linux-gnu/libXi.so.6.1.0
7f2d590fd000-7f2d590fe000 rw-p 0000f000 08:05 3546796                    /usr/lib/x86_64-linux-gnu/libXi.so.6.1.0
7f2d590fe000-7f2d59103000 r-xp 00000000 08:05 3547334                    /usr/lib/x86_64-linux-gnu/libXtst.so.6.1.0
7f2d59103000-7f2d59302000 ---p 00005000 08:05 3547334                    /usr/lib/x86_64-linux-gnu/libXtst.so.6.1.0
7f2d59302000-7f2d59303000 r--p 00004000 08:05 3547334                    /usr/lib/x86_64-linux-gnu/libXtst.so.6.1.0
7f2d59303000-7f2d59304000 rw-p 00005000 08:05 3547334                    /usr/lib/x86_64-linux-gnu/libXtst.so.6.1.0
7f2d59304000-7f2d5930d000 r-xp 00000000 08:05 3546798                    /usr/lib/x86_64-linux-gnu/libXrender.so.1.3.0
7f2d5930d000-7f2d5950c000 ---p 00009000 08:05 3546798                    /usr/lib/x86_64-linux-gnu/libXrender.so.1.3.0
7f2d5950c000-7f2d5950d000 r--p 00008000 08:05 3546798                    /usr/lib/x86_64-linux-gnu/libXrender.so.1.3.0
7f2d5950d000-7f2d5950e000 rw-p 00009000 08:05 3546798                    /usr/lib/x86_64-linux-gnu/libXrender.so.1.3.0
7f2d5950e000-7f2d5963e000 r-xp 00000000 08:05 3547289                    /usr/lib/x86_64-linux-gnu/libX11.so.6.3.0
7f2d5963e000-7f2d5983e000 ---p 00130000 08:05 3547289                    /usr/lib/x86_64-linux-gnu/libX11.so.6.3.0
7f2d5983e000-7f2d5983f000 r--p 00130000 08:05 3547289                    /usr/lib/x86_64-linux-gnu/libX11.so.6.3.0
7f2d5983f000-7f2d59843000 rw-p 00131000 08:05 3547289                    /usr/lib/x86_64-linux-gnu/libX11.so.6.3.0
7f2d59843000-7f2d59854000 r-xp 00000000 08:05 3540152                    /usr/lib/x86_64-linux-gnu/libXext.so.6.4.0
7f2d59854000-7f2d59a53000 ---p 00011000 08:05 3540152                    /usr/lib/x86_64-linux-gnu/libXext.so.6.4.0
7f2d59a53000-7f2d59a54000 r--p 00010000 08:05 3540152                    /usr/lib/x86_64-linux-gnu/libXext.so.6.4.0
7f2d59a54000-7f2d59a55000 rw-p 00011000 08:05 3540152                    /usr/lib/x86_64-linux-gnu/libXext.so.6.4.0
7f2d59a55000-7f2d59aa9000 r-xp 00000000 08:05 4752107                    /usr/local/java/jdk1.8.0_60/jre/lib/amd64/libawt_xawt.so
7f2d59aa9000-7f2d59ca9000 ---p 00054000 08:05 4752107                    /usr/local/java/jdk1.8.0_60/jre/lib/amd64/libawt_xawt.so
7f2d59ca9000-7f2d59cad000 rw-p 00054000 08:05 4752107                    /usr/local/java/jdk1.8.0_60/jre/lib/amd64/libawt_xawt.so
7f2d59cad000-7f2d59cae000 rw-p 00000000 00:00 0 
7f2d59cae000-7f2d59d50000 r-xp 00000000 08:05 4752114                    /usr/local/java/jdk1.8.0_60/jre/lib/amd64/libawt.so
7f2d59d50000-7f2d59f50000 ---p 000a2000 08:05 4752114                    /usr/local/java/jdk1.8.0_60/jre/lib/amd64/libawt.so
7f2d59f50000-7f2d59f5c000 rw-p 000a2000 08:05 4752114                    /usr/local/java/jdk1.8.0_60/jre/lib/amd64/libawt.so
7f2d59f5c000-7f2d59f80000 rw-p 00000000 00:00 0 
7f2d59f80000-7f2d59f81000 ---p 00000000 00:00 0 
7f2d59f81000-7f2d5a081000 rw-p 00000000 00:00 0                          [stack:3319]
7f2d5a081000-7f2d5a084000 ---p 00000000 00:00 0 
7f2d5a084000-7f2d5a182000 rw-p 00000000 00:00 0                          [stack:3318]
7f2d5a182000-7f2d5a185000 ---p 00000000 00:00 0 
7f2d5a185000-7f2d5a283000 rw-p 00000000 00:00 0                          [stack:3317]
7f2d5a283000-7f2d5a286000 ---p 00000000 00:00 0 
7f2d5a286000-7f2d5a384000 rw-p 00000000 00:00 0                          [stack:3316]
7f2d5a384000-7f2d5a387000 ---p 00000000 00:00 0 
7f2d5a387000-7f2d5a485000 rw-p 00000000 00:00 0                          [stack:3315]
7f2d5a485000-7f2d5a488000 ---p 00000000 00:00 0 
7f2d5a488000-7f2d5a586000 rw-p 00000000 00:00 0                          [stack:3314]
7f2d5a586000-7f2d5ad9b000 r--p 00000000 08:05 3546206                    /usr/lib/locale/locale-archive
7f2d5ad9b000-7f2d5ad9e000 ---p 00000000 00:00 0 
7f2d5ad9e000-7f2d5ae9c000 rw-p 00000000 00:00 0                          [stack:3313]
7f2d5ae9c000-7f2d5ae9f000 ---p 00000000 00:00 0 
7f2d5ae9f000-7f2d5af9d000 rw-p 00000000 00:00 0                          [stack:3312]
7f2d5af9d000-7f2d5af9e000 ---p 00000000 00:00 0 
7f2d5af9e000-7f2d5d000000 rw-p 00000000 00:00 0                          [stack:3311]
7f2d5d000000-7f2d5da80000 rwxp 00000000 00:00 0 
7f2d5da80000-7f2d6c000000 ---p 00000000 00:00 0 
7f2d6c000000-7f2d6c2c6000 rw-p 00000000 00:00 0 
7f2d6c2c6000-7f2d70000000 ---p 00000000 00:00 0 
7f2d70000000-7f2d70001000 rw-s 00000000 00:04 29152                      /drm mm object (deleted)
7f2d70001000-7f2d70002000 rwxp 00000000 00:00 0 
7f2d70002000-7f2d70003000 r--s 0002f000 08:05 4757279                    /home/elena/java/workspace/UCSDUnfoldingMaps/lib/jogl-all-natives-linux-amd64.jar
7f2d70003000-7f2d7000a000 r--s 00059000 08:05 4757288                    /home/elena/java/workspace/UCSDUnfoldingMaps/lib/log4j-1.2.15.jar
7f2d7000a000-7f2d7002d000 r--s 002ec000 08:05 4757285                    /home/elena/java/workspace/UCSDUnfoldingMaps/lib/jogl-all.jar
7f2d7002d000-7f2d70033000 r--s 00041000 08:05 4757278                    /home/elena/java/workspace/UCSDUnfoldingMaps/lib/gluegen-rt.jar
7f2d70033000-7f2d70de5000 rw-p 00000000 00:00 0 
7f2d70de5000-7f2d70fbd000 r--s 03d17000 08:05 4618326                    /usr/local/java/jdk1.8.0_60/jre/lib/rt.jar
7f2d70fbd000-7f2d71a09000 rw-p 00000000 00:00 0 
7f2d71a09000-7f2d71a0a000 ---p 00000000 00:00 0 
7f2d71a0a000-7f2d71b0a000 rw-p 00000000 00:00 0                          [stack:3310]
7f2d71b0a000-7f2d71b0b000 ---p 00000000 00:00 0 
7f2d71b0b000-7f2d71c0b000 rw-p 00000000 00:00 0                          [stack:3309]
7f2d71c0b000-7f2d71c0c000 ---p 00000000 00:00 0 
7f2d71c0c000-7f2d71d0c000 rw-p 00000000 00:00 0                          [stack:3308]
7f2d71d0c000-7f2d71d0d000 ---p 00000000 00:00 0 
7f2d71d0d000-7f2d71e26000 rw-p 00000000 00:00 0                          [stack:3307]
7f2d71e26000-7f2d71f47000 ---p 00000000 00:00 0 
7f2d71f47000-7f2d71f60000 rw-p 00000000 00:00 0 
7f2d71f60000-7f2d72080000 ---p 00000000 00:00 0 
7f2d72080000-7f2d720b5000 rw-p 00000000 00:00 0 
7f2d720b5000-7f2d7211d000 ---p 00000000 00:00 0 
7f2d7211d000-7f2d72148000 rw-p 00000000 00:00 0 
7f2d72148000-7f2d724de000 ---p 00000000 00:00 0 
7f2d724de000-7f2d724f8000 r-xp 00000000 08:05 4752090                    /usr/local/java/jdk1.8.0_60/jre/lib/amd64/libzip.so
7f2d724f8000-7f2d726f8000 ---p 0001a000 08:05 4752090                    /usr/local/java/jdk1.8.0_60/jre/lib/amd64/libzip.so
7f2d726f8000-7f2d726f9000 rw-p 0001a000 08:05 4752090                    /usr/local/java/jdk1.8.0_60/jre/lib/amd64/libzip.so
7f2d726f9000-7f2d72704000 r-xp 00000000 08:05 1055446                    /lib/x86_64-linux-gnu/libnss_files-2.19.so
7f2d72704000-7f2d72903000 ---p 0000b000 08:05 1055446                    /lib/x86_64-linux-gnu/libnss_files-2.19.so
7f2d72903000-7f2d72904000 r--p 0000a000 08:05 1055446                    /lib/x86_64-linux-gnu/libnss_files-2.19.so
7f2d72904000-7f2d72905000 rw-p 0000b000 08:05 1055446                    /lib/x86_64-linux-gnu/libnss_files-2.19.so
7f2d72905000-7f2d72910000 r-xp 00000000 08:05 1055061                    /lib/x86_64-linux-gnu/libnss_nis-2.19.so
7f2d72910000-7f2d72b0f000 ---p 0000b000 08:05 1055061                    /lib/x86_64-linux-gnu/libnss_nis-2.19.so
7f2d72b0f000-7f2d72b10000 r--p 0000a000 08:05 1055061                    /lib/x86_64-linux-gnu/libnss_nis-2.19.so
7f2d72b10000-7f2d72b11000 rw-p 0000b000 08:05 1055061                    /lib/x86_64-linux-gnu/libnss_nis-2.19.so
7f2d72b11000-7f2d72b28000 r-xp 00000000 08:05 1055047                    /lib/x86_64-linux-gnu/libnsl-2.19.so
7f2d72b28000-7f2d72d27000 ---p 00017000 08:05 1055047                    /lib/x86_64-linux-gnu/libnsl-2.19.so
7f2d72d27000-7f2d72d28000 r--p 00016000 08:05 1055047                    /lib/x86_64-linux-gnu/libnsl-2.19.so
7f2d72d28000-7f2d72d29000 rw-p 00017000 08:05 1055047                    /lib/x86_64-linux-gnu/libnsl-2.19.so
7f2d72d29000-7f2d72d2b000 rw-p 00000000 00:00 0 
7f2d72d2b000-7f2d72d34000 r-xp 00000000 08:05 1055046                    /lib/x86_64-linux-gnu/libnss_compat-2.19.so
7f2d72d34000-7f2d72f33000 ---p 00009000 08:05 1055046                    /lib/x86_64-linux-gnu/libnss_compat-2.19.so
7f2d72f33000-7f2d72f34000 r--p 00008000 08:05 1055046                    /lib/x86_64-linux-gnu/libnss_compat-2.19.so
7f2d72f34000-7f2d72f35000 rw-p 00009000 08:05 1055046                    /lib/x86_64-linux-gnu/libnss_compat-2.19.so
7f2d72f35000-7f2d72f5f000 r-xp 00000000 08:05 4752050                    /usr/local/java/jdk1.8.0_60/jre/lib/amd64/libjava.so
7f2d72f5f000-7f2d7315f000 ---p 0002a000 08:05 4752050                    /usr/local/java/jdk1.8.0_60/jre/lib/amd64/libjava.so
7f2d7315f000-7f2d73161000 rw-p 0002a000 08:05 4752050                    /usr/local/java/jdk1.8.0_60/jre/lib/amd64/libjava.so
7f2d73161000-7f2d7316e000 r-xp 00000000 08:05 4752078                    /usr/local/java/jdk1.8.0_60/jre/lib/amd64/libverify.so
7f2d7316e000-7f2d7336e000 ---p 0000d000 08:05 4752078                    /usr/local/java/jdk1.8.0_60/jre/lib/amd64/libverify.so
7f2d7336e000-7f2d73370000 rw-p 0000d000 08:05 4752078                    /usr/local/java/jdk1.8.0_60/jre/lib/amd64/libverify.so
7f2d73370000-7f2d73377000 r-xp 00000000 08:05 1055065                    /lib/x86_64-linux-gnu/librt-2.19.so
7f2d73377000-7f2d73576000 ---p 00007000 08:05 1055065                    /lib/x86_64-linux-gnu/librt-2.19.so
7f2d73576000-7f2d73577000 r--p 00006000 08:05 1055065                    /lib/x86_64-linux-gnu/librt-2.19.so
7f2d73577000-7f2d73578000 rw-p 00007000 08:05 1055065                    /lib/x86_64-linux-gnu/librt-2.19.so
7f2d73578000-7f2d7367d000 r-xp 00000000 08:05 1052604                    /lib/x86_64-linux-gnu/libm-2.19.so
7f2d7367d000-7f2d7387c000 ---p 00105000 08:05 1052604                    /lib/x86_64-linux-gnu/libm-2.19.so
7f2d7387c000-7f2d7387d000 r--p 00104000 08:05 1052604                    /lib/x86_64-linux-gnu/libm-2.19.so
7f2d7387d000-7f2d7387e000 rw-p 00105000 08:05 1052604                    /lib/x86_64-linux-gnu/libm-2.19.so
7f2d7387e000-7f2d7453c000 r-xp 00000000 08:05 4884599                    /usr/local/java/jdk1.8.0_60/jre/lib/amd64/server/libjvm.so
7f2d7453c000-7f2d7473b000 ---p 00cbe000 08:05 4884599                    /usr/local/java/jdk1.8.0_60/jre/lib/amd64/server/libjvm.so
7f2d7473b000-7f2d74813000 rw-p 00cbd000 08:05 4884599                    /usr/local/java/jdk1.8.0_60/jre/lib/amd64/server/libjvm.so
7f2d74813000-7f2d74858000 rw-p 00000000 00:00 0 
7f2d74858000-7f2d74a13000 r-xp 00000000 08:05 1055066                    /lib/x86_64-linux-gnu/libc-2.19.so
7f2d74a13000-7f2d74c12000 ---p 001bb000 08:05 1055066                    /lib/x86_64-linux-gnu/libc-2.19.so
7f2d74c12000-7f2d74c16000 r--p 001ba000 08:05 1055066                    /lib/x86_64-linux-gnu/libc-2.19.so
7f2d74c16000-7f2d74c18000 rw-p 001be000 08:05 1055066                    /lib/x86_64-linux-gnu/libc-2.19.so
7f2d74c18000-7f2d74c1d000 rw-p 00000000 00:00 0 
7f2d74c1d000-7f2d74c20000 r-xp 00000000 08:05 1052646                    /lib/x86_64-linux-gnu/libdl-2.19.so
7f2d74c20000-7f2d74e1f000 ---p 00003000 08:05 1052646                    /lib/x86_64-linux-gnu/libdl-2.19.so
7f2d74e1f000-7f2d74e20000 r--p 00002000 08:05 1052646                    /lib/x86_64-linux-gnu/libdl-2.19.so
7f2d74e20000-7f2d74e21000 rw-p 00003000 08:05 1052646                    /lib/x86_64-linux-gnu/libdl-2.19.so
7f2d74e21000-7f2d74e36000 r-xp 00000000 08:05 4475228                    /usr/local/java/jdk1.8.0_60/lib/amd64/jli/libjli.so
7f2d74e36000-7f2d75036000 ---p 00015000 08:05 4475228                    /usr/local/java/jdk1.8.0_60/lib/amd64/jli/libjli.so
7f2d75036000-7f2d75037000 rw-p 00015000 08:05 4475228                    /usr/local/java/jdk1.8.0_60/lib/amd64/jli/libjli.so
7f2d75037000-7f2d75050000 r-xp 00000000 08:05 1055049                    /lib/x86_64-linux-gnu/libpthread-2.19.so
7f2d75050000-7f2d7524f000 ---p 00019000 08:05 1055049                    /lib/x86_64-linux-gnu/libpthread-2.19.so
7f2d7524f000-7f2d75250000 r--p 00018000 08:05 1055049                    /lib/x86_64-linux-gnu/libpthread-2.19.so
7f2d75250000-7f2d75251000 rw-p 00019000 08:05 1055049                    /lib/x86_64-linux-gnu/libpthread-2.19.so
7f2d75251000-7f2d75255000 rw-p 00000000 00:00 0 
7f2d75255000-7f2d75278000 r-xp 00000000 08:05 1055057                    /lib/x86_64-linux-gnu/ld-2.19.so
7f2d75278000-7f2d7527a000 r--s 00000000 08:05 4757272                    /home/elena/java/workspace/UCSDUnfoldingMaps/lib/gluegen-rt-natives-linux-amd64.jar
7f2d7527a000-7f2d7527b000 r--p 00000000 00:00 0 
7f2d7527b000-7f2d7527c000 r--s 00005000 08:05 4757287                    /home/elena/java/workspace/UCSDUnfoldingMaps/lib/libTUIO.jar
7f2d7527c000-7f2d75280000 r--s 0009a000 08:05 4757271                    /home/elena/java/workspace/UCSDUnfoldingMaps/lib/core.jar
7f2d75280000-7f2d75352000 rw-p 00000000 00:00 0 
7f2d75352000-7f2d75355000 ---p 00000000 00:00 0 
7f2d75355000-7f2d75457000 rw-p 00000000 00:00 0                          [stack:3302]
7f2d75457000-7f2d75458000 r--s 00007000 08:05 4757286                    /home/elena/java/workspace/UCSDUnfoldingMaps/lib/json4processing.jar
7f2d75458000-7f2d7546b000 rw-p 00000000 00:00 0 
7f2d7546b000-7f2d75473000 rw-s 00000000 08:05 1835076                    /tmp/hsperfdata_elena/3300
7f2d75473000-7f2d75474000 rw-p 00000000 00:00 0 
7f2d75474000-7f2d75475000 r--p 00000000 00:00 0 
7f2d75475000-7f2d75477000 rw-p 00000000 00:00 0 
7f2d75477000-7f2d75478000 r--p 00022000 08:05 1055057                    /lib/x86_64-linux-gnu/ld-2.19.so
7f2d75478000-7f2d75479000 rw-p 00023000 08:05 1055057                    /lib/x86_64-linux-gnu/ld-2.19.so
7f2d75479000-7f2d7547a000 rw-p 00000000 00:00 0 
7ffe29fdf000-7ffe2a000000 rw-p 00000000 00:00 0                          [stack]
7ffe2a0ef000-7ffe2a0f1000 r-xp 00000000 00:00 0                          [vdso]
7ffe2a0f1000-7ffe2a0f3000 r--p 00000000 00:00 0                          [vvar]
ffffffffff600000-ffffffffff601000 r-xp 00000000 00:00 0                  [vsyscall]

VM Arguments:
jvm_args: -Djava.security.policy=java.policy.applet -Dfile.encoding=UTF-8 
java_command: sun.applet.AppletViewer module5.EarthquakeCityMap1458918075460.html
java_class_path (initial): /home/elena/java/workspace/UCSDUnfoldingMaps/build:/home/elena/java/workspace/UCSDUnfoldingMaps/lib/core.jar:/home/elena/java/workspace/UCSDUnfoldingMaps/lib/gluegen-rt.jar:/home/elena/java/workspace/UCSDUnfoldingMaps/lib/jogl-all.jar:/home/elena/java/workspace/UCSDUnfoldingMaps/lib/log4j-1.2.15.jar:/home/elena/java/workspace/UCSDUnfoldingMaps/lib/sqlite-jdbc-3.7.2.jar:/home/elena/java/workspace/UCSDUnfoldingMaps/lib/json4processing.jar:/home/elena/java/workspace/UCSDUnfoldingMaps/lib/libTUIO.jar:/home/elena/java/workspace/UCSDUnfoldingMaps/lib/unfolding.0.9.7-uscd.jar
Launcher Type: SUN_STANDARD

Environment Variables:
JAVA_HOME=/usr/local/java/jdk1.8.0_60
PATH=/usr/local/sbin:/usr/local/bin:/usr/sbin:/usr/bin:/sbin:/bin:/usr/games:/usr/local/games:/home/elena/bin:/usr/local/java/jdk1.8.0_60/bin
SHELL=/bin/bash
DISPLAY=:0

Signal Handlers:
SIGSEGV: [libjvm.so+0xaba070], sa_mask[0]=11111111011111111101111111111110, sa_flags=SA_RESTART|SA_SIGINFO
SIGBUS: [libjvm.so+0xaba070], sa_mask[0]=11111111011111111101111111111110, sa_flags=SA_RESTART|SA_SIGINFO
SIGFPE: [libjvm.so+0x917630], sa_mask[0]=11111111011111111101111111111110, sa_flags=SA_RESTART|SA_SIGINFO
SIGPIPE: [libjvm.so+0x917630], sa_mask[0]=11111111011111111101111111111110, sa_flags=SA_RESTART|SA_SIGINFO
SIGXFSZ: [libjvm.so+0x917630], sa_mask[0]=11111111011111111101111111111110, sa_flags=SA_RESTART|SA_SIGINFO
SIGILL: [libjvm.so+0x917630], sa_mask[0]=11111111011111111101111111111110, sa_flags=SA_RESTART|SA_SIGINFO
SIGUSR1: SIG_DFL, sa_mask[0]=00000000000000000000000000000000, sa_flags=none
SIGUSR2: [libjvm.so+0x918c60], sa_mask[0]=00100000000000000000000000000000, sa_flags=SA_RESTART|SA_SIGINFO
SIGHUP: [libjvm.so+0x91a060], sa_mask[0]=11111111011111111101111111111110, sa_flags=SA_RESTART|SA_SIGINFO
SIGINT: [libjvm.so+0x91a060], sa_mask[0]=11111111011111111101111111111110, sa_flags=SA_RESTART|SA_SIGINFO
SIGTERM: [libjvm.so+0x91a060], sa_mask[0]=11111111011111111101111111111110, sa_flags=SA_RESTART|SA_SIGINFO
SIGQUIT: [libjvm.so+0x91a060], sa_mask[0]=11111111011111111101111111111110, sa_flags=SA_RESTART|SA_SIGINFO


---------------  S Y S T E M  ---------------

OS:DISTRIB_ID=Ubuntu
DISTRIB_RELEASE=14.04
DISTRIB_CODENAME=trusty
DISTRIB_DESCRIPTION="Ubuntu 14.04.4 LTS"

uname:Linux 3.16.0-67-generic #87~14.04.1-Ubuntu SMP Fri Mar 11 00:26:02 UTC 2016 x86_64
libc:glibc 2.19 NPTL 2.19 
rlimit: STACK 8192k, CORE 0k, NPROC 14927, NOFILE 4096, AS infinity
load average:0,63 0,40 0,34

/proc/meminfo:
MemTotal:        3842796 kB
MemFree:          839332 kB
MemAvailable:    1616232 kB
Buffers:          134800 kB
Cached:          1152628 kB
SwapCached:            0 kB
Active:          1839660 kB
Inactive:         980476 kB
Active(anon):    1539200 kB
Inactive(anon):   359796 kB
Active(file):     300460 kB
Inactive(file):   620680 kB
Unevictable:          32 kB
Mlocked:              32 kB
SwapTotal:       3987452 kB
SwapFree:        3987452 kB
Dirty:              5596 kB
Writeback:             0 kB
AnonPages:       1532784 kB
Mapped:           299340 kB
Shmem:            366276 kB
Slab:              77416 kB
SReclaimable:      49388 kB
SUnreclaim:        28028 kB
KernelStack:        8032 kB
PageTables:        30416 kB
NFS_Unstable:          0 kB
Bounce:                0 kB
WritebackTmp:          0 kB
CommitLimit:     5908848 kB
Committed_AS:    4600776 kB
VmallocTotal:   34359738367 kB
VmallocUsed:      426592 kB
VmallocChunk:   34359301628 kB
HardwareCorrupted:     0 kB
AnonHugePages:    819200 kB
HugePages_Total:       0
HugePages_Free:        0
HugePages_Rsvd:        0
HugePages_Surp:        0
Hugepagesize:       2048 kB
DirectMap4k:       59648 kB
DirectMap2M:     3928064 kB


CPU:total 4 (2 cores per cpu, 2 threads per core) family 6 model 37 stepping 5, cmov, cx8, fxsr, mmx, sse, sse2, sse3, ssse3, sse4.1, sse4.2, popcnt, ht, tsc, tscinvbit

/proc/cpuinfo:
processor	: 0
vendor_id	: GenuineIntel
cpu family	: 6
model		: 37
model name	: Intel(R) Core(TM) i5 CPU       M 460  @ 2.53GHz
stepping	: 5
microcode	: 0x2
cpu MHz		: 1199.000
cache size	: 3072 KB
physical id	: 0
siblings	: 4
core id		: 0
cpu cores	: 2
apicid		: 0
initial apicid	: 0
fpu		: yes
fpu_exception	: yes
cpuid level	: 11
wp		: yes
flags		: fpu vme de pse tsc msr pae mce cx8 apic sep mtrr pge mca cmov pat pse36 clflush dts acpi mmx fxsr sse sse2 ss ht tm pbe syscall nx rdtscp lm constant_tsc arch_perfmon pebs bts rep_good nopl xtopology nonstop_tsc aperfmperf pni dtes64 monitor ds_cpl vmx est tm2 ssse3 cx16 xtpr pdcm pcid sse4_1 sse4_2 popcnt lahf_lm ida arat dtherm tpr_shadow vnmi flexpriority ept vpid
bogomips	: 5054.62
clflush size	: 64
cache_alignment	: 64
address sizes	: 36 bits physical, 48 bits virtual
power management:

processor	: 1
vendor_id	: GenuineIntel
cpu family	: 6
model		: 37
model name	: Intel(R) Core(TM) i5 CPU       M 460  @ 2.53GHz
stepping	: 5
microcode	: 0x2
cpu MHz		: 2534.000
cache size	: 3072 KB
physical id	: 0
siblings	: 4
core id		: 0
cpu cores	: 2
apicid		: 1
initial apicid	: 1
fpu		: yes
fpu_exception	: yes
cpuid level	: 11
wp		: yes
flags		: fpu vme de pse tsc msr pae mce cx8 apic sep mtrr pge mca cmov pat pse36 clflush dts acpi mmx fxsr sse sse2 ss ht tm pbe syscall nx rdtscp lm constant_tsc arch_perfmon pebs bts rep_good nopl xtopology nonstop_tsc aperfmperf pni dtes64 monitor ds_cpl vmx est tm2 ssse3 cx16 xtpr pdcm pcid sse4_1 sse4_2 popcnt lahf_lm ida arat dtherm tpr_shadow vnmi flexpriority ept vpid
bogomips	: 5054.62
clflush size	: 64
cache_alignment	: 64
address sizes	: 36 bits physical, 48 bits virtual
power management:

processor	: 2
vendor_id	: GenuineIntel
cpu family	: 6
model		: 37
model name	: Intel(R) Core(TM) i5 CPU       M 460  @ 2.53GHz
stepping	: 5
microcode	: 0x2
cpu MHz		: 1733.000
cache size	: 3072 KB
physical id	: 0
siblings	: 4
core id		: 2
cpu cores	: 2
apicid		: 4
initial apicid	: 4
fpu		: yes
fpu_exception	: yes
cpuid level	: 11
wp		: yes
flags		: fpu vme de pse tsc msr pae mce cx8 apic sep mtrr pge mca cmov pat pse36 clflush dts acpi mmx fxsr sse sse2 ss ht tm pbe syscall nx rdtscp lm constant_tsc arch_perfmon pebs bts rep_good nopl xtopology nonstop_tsc aperfmperf pni dtes64 monitor ds_cpl vmx est tm2 ssse3 cx16 xtpr pdcm pcid sse4_1 sse4_2 popcnt lahf_lm ida arat dtherm tpr_shadow vnmi flexpriority ept vpid
bogomips	: 5054.62
clflush size	: 64
cache_alignment	: 64
address sizes	: 36 bits physical, 48 bits virtual
power management:

processor	: 3
vendor_id	: GenuineIntel
cpu family	: 6
model		: 37
model name	: Intel(R) Core(TM) i5 CPU       M 460  @ 2.53GHz
stepping	: 5
microcode	: 0x2
cpu MHz		: 1333.000
cache size	: 3072 KB
physical id	: 0
siblings	: 4
core id		: 2
cpu cores	: 2
apicid		: 5
initial apicid	: 5
fpu		: yes
fpu_exception	: yes
cpuid level	: 11
wp		: yes
flags		: fpu vme de pse tsc msr pae mce cx8 apic sep mtrr pge mca cmov pat pse36 clflush dts acpi mmx fxsr sse sse2 ss ht tm pbe syscall nx rdtscp lm constant_tsc arch_perfmon pebs bts rep_good nopl xtopology nonstop_tsc aperfmperf pni dtes64 monitor ds_cpl vmx est tm2 ssse3 cx16 xtpr pdcm pcid sse4_1 sse4_2 popcnt lahf_lm ida arat dtherm tpr_shadow vnmi flexpriority ept vpid
bogomips	: 5054.62
clflush size	: 64
cache_alignment	: 64
address sizes	: 36 bits physical, 48 bits virtual
power management:



Memory: 4k page, physical 3842796k(839332k free), swap 3987452k(3987452k free)

vm_info: Java HotSpot(TM) 64-Bit Server VM (25.60-b23) for linux-amd64 JRE (1.8.0_60-b27), built on Aug  4 2015 12:19:40 by "java_re" with gcc 4.3.0 20080428 (Red Hat 4.3.0-8)

time: Fri Mar 25 16:01:30 2016
elapsed time: 15 seconds (0d 0h 0m 15s)

