#
# A fatal error has been detected by the Java Runtime Environment:
#
#  SIGSEGV (0xb) at pc=0x00007f7930303b30, pid=3778, tid=140159867963136
#
# JRE version: Java(TM) SE Runtime Environment (8.0_60-b27) (build 1.8.0_60-b27)
# Java VM: Java HotSpot(TM) 64-Bit Server VM (25.60-b23 mixed mode linux-amd64 compressed oops)
# Problematic frame:
# C  [i965_dri.so+0x2f2b30]
#
# Failed to write core dump. Core dumps have been disabled. To enable core dumping, try "ulimit -c unlimited" before starting Java again
#
# If you would like to submit a bug report, please visit:
#   http://bugreport.java.com/bugreport/crash.jsp
# The crash happened outside the Java Virtual Machine in native code.
# See problematic frame for where to report the bug.
#

---------------  T H R E A D  ---------------

Current thread (0x00007f7944002800):  JavaThread "AWT-EventQueue-1" [_thread_in_native, id=3805, stack(0x00007f7983144000,0x00007f7983245000)]

siginfo: si_signo: 11 (SIGSEGV), si_code: 1 (SEGV_MAPERR), si_addr: 0x000000000000c540

Registers:
RAX=0x00007f7930303b20, RBX=0x000000000000c000, RCX=0x0000000000000000, RDX=0x0000000000000001
RSP=0x00007f79832422d0, RBP=0x00007f7934583790, RSI=0x00007f7941b70930, RDI=0x0000000100000000
R8 =0x0000000000000000, R9 =0x00007f7981ae39c0, R10=0x00007f7991682607, R11=0x00000000c60f8af0
R12=0x00007f79345445c0, R13=0x0000000000000000, R14=0x00007f7934501580, R15=0x0000000000000000
RIP=0x00007f7930303b30, EFLAGS=0x0000000000010206, CSGSFS=0x0000000000000033, ERR=0x0000000000000004
  TRAPNO=0x000000000000000e

Top of Stack: (sp=0x00007f79832422d0)
0x00007f79832422d0:   00007f79832423c0 0000000000000000
0x00007f79832422e0:   00007f794182be60 00007f7934583790
0x00007f79832422f0:   00007f79345445c0 00007f7981ae3a4e
0x00007f7983242300:   00007f7983242338 00007f7981d2e640
0x00007f7983242310:   00007f79345570a0 00007f7900000000
0x00007f7983242320:   0000000000000000 0000000000000000
0x00007f7983242330:   0000000000000000 00007f794182be60
0x00007f7983242340:   0000000003e0006c 00007f7981abc9b0
0x00007f7983242350:   00007f79832423c0 0000000000000000
0x00007f7983242360:   0000000000000001 00007f7983242400
0x00007f7983242370:   00007f7944002800 00007f79801f8849
0x00007f7983242380:   00007f7983242668 00007f7981abc9b0
0x00007f7983242390:   0000000003e0006c 00007f79345570a0
0x00007f79832423a0:   00007f7983242400 00007f79440029f8
0x00007f79832423b0:   00007f7983242618 00007f7981abc9b0
0x00007f79832423c0:   00007f7983242410 00007f799168267d
0x00007f79832423d0:   00000000efb3cfc0 00000000efb3d010
0x00007f79832423e0:   00000000efb3d000 0000000000000003
0x00007f79832423f0:   00000000efb3d020 00000000efb3d070
0x00007f7983242400:   00000000c62b0cf0 00000000efb3d080
0x00007f7983242410:   00007f7983242668 00007f7991396614
0x00007f7983242420:   00007f79a5863000 00000000c6140d70
0x00007f7983242430:   00000000efb3d168 00007f7983242620
0x00007f7983242440:   0000000000000011 00007f799101eec3
0x00007f7983242450:   00007f7983242668 00007f79917a8a74
0x00007f7983242460:   00007f7983242668 00007f7983242620
0x00007f7983242470:   00007f7983242620 00007f799101eec3
0x00007f7983242480:   00007f79910055d0 0000000000000000
0x00007f7983242490:   00007f7983242668 00007f7983242620
0x00007f79832424a0:   00007f7983242620 00007f799101eec3
0x00007f79832424b0:   00007f79910055d0 00000000c60f8af0
0x00007f79832424c0:   00007f7900000001 00007f7983242620 

Instructions: (pc=0x00007f7930303b30)
0x00007f7930303b10:   48 83 c4 10 5b 5d 41 5c c3 0f 1f 80 00 00 00 00
0x00007f7930303b20:   41 54 55 53 48 83 ec 10 48 8b 1f 48 85 db 74 3d
0x00007f7930303b30:   f6 83 40 05 00 00 01 49 89 f4 89 cd 75 72 83 e2
0x00007f7930303b40:   01 75 5d 83 e5 fd 74 38 48 8d 35 71 4e 17 00 ba 

Register to memory mapping:

RAX=0x00007f7930303b20: <offset 0x2f2b20> in /usr/lib/x86_64-linux-gnu/dri/i965_dri.so at 0x00007f7930011000
RBX=0x000000000000c000 is an unknown value
RCX=0x0000000000000000 is an unknown value
RDX=0x0000000000000001 is an unknown value
RSP=0x00007f79832422d0 is pointing into the stack for thread: 0x00007f7944002800
RBP=0x00007f7934583790 is an unknown value
RSI=0x00007f7941b70930 is an unknown value
RDI=0x0000000100000000 is pointing into metadata
R8 =0x0000000000000000 is an unknown value
R9 =0x00007f7981ae39c0: <offset 0x439c0> in /usr/lib/x86_64-linux-gnu/mesa/libGL.so.1 at 0x00007f7981aa0000
R10=0x00007f7991682607 is at entry_point+71 in (nmethod*)0x00007f7991682450
R11=0x00000000c60f8af0 is an oop
jogamp.nativewindow.jawt.x11.X11JAWTWindow 
 - klass: 'jogamp/nativewindow/jawt/x11/X11JAWTWindow'
R12=0x00007f79345445c0 is an unknown value
R13=0x0000000000000000 is an unknown value
R14=0x00007f7934501580 is an unknown value
R15=0x0000000000000000 is an unknown value


Stack: [0x00007f7983144000,0x00007f7983245000],  sp=0x00007f79832422d0,  free space=1016k
Native frames: (J=compiled Java code, j=interpreted, Vv=VM code, C=native code)
C  [i965_dri.so+0x2f2b30]

Java frames: (J=compiled Java code, j=interpreted, Vv=VM code)
J 3005  jogamp.opengl.x11.glx.GLX.dispatch_glXSwapBuffers0(JJJ)V (0 bytes) @ 0x00007f7991682607 [0x00007f79916825c0+0x47]
J 3004 C1 jogamp.opengl.x11.glx.GLX.glXSwapBuffers(JJ)V (45 bytes) @ 0x00007f7991396614 [0x00007f7991395c60+0x9b4]
J 3003 C1 jogamp.opengl.x11.glx.X11GLXDrawable.swapBuffersImpl(Z)V (21 bytes) @ 0x00007f79916abdc4 [0x00007f79916abb20+0x2a4]
J 3002 C1 jogamp.opengl.GLDrawableImpl.swapBuffers()V (138 bytes) @ 0x00007f79916d33d4 [0x00007f79916d2d20+0x6b4]
j  javax.media.opengl.awt.GLCanvas$12.run()V+45
J 2571 C1 java.awt.event.InvocationEvent.dispatch()V (69 bytes) @ 0x00007f79917f48cc [0x00007f79917f4780+0x14c]
J 2564 C1 java.awt.EventQueue.dispatchEventImpl(Ljava/awt/AWTEvent;Ljava/lang/Object;)V (149 bytes) @ 0x00007f79917f023c [0x00007f79917ee6c0+0x1b7c]
J 2562 C1 java.awt.EventQueue$3.run()Ljava/lang/Void; (60 bytes) @ 0x00007f79917edac4 [0x00007f79917ed8c0+0x204]
J 2561 C1 java.awt.EventQueue$3.run()Ljava/lang/Object; (5 bytes) @ 0x00007f79917e8bcc [0x00007f79917e8b40+0x8c]
v  ~StubRoutines::call_stub
J 585  java.security.AccessController.doPrivileged(Ljava/security/PrivilegedAction;Ljava/security/AccessControlContext;)Ljava/lang/Object; (0 bytes) @ 0x00007f7991280ea3 [0x00007f7991280e40+0x63]
J 2390 C1 java.awt.EventQueue.dispatchEvent(Ljava/awt/AWTEvent;)V (80 bytes) @ 0x00007f7991775444 [0x00007f7991774ac0+0x984]
J 2393 C1 java.awt.EventDispatchThread.pumpOneEventForFilters(I)V (295 bytes) @ 0x00007f7991779f14 [0x00007f79917783c0+0x1b54]
j  java.awt.EventDispatchThread.pumpEventsForFilter(ILjava/awt/Conditional;Ljava/awt/EventFilter;)V+35
j  java.awt.EventDispatchThread.pumpEventsForHierarchy(ILjava/awt/Conditional;Ljava/awt/Component;)V+11
j  java.awt.EventDispatchThread.pumpEvents(ILjava/awt/Conditional;)V+4
j  java.awt.EventDispatchThread.pumpEvents(Ljava/awt/Conditional;)V+3
j  java.awt.EventDispatchThread.run()V+9
v  ~StubRoutines::call_stub

---------------  P R O C E S S  ---------------

Java Threads: ( => current thread )
  0x00007f7941456800 JavaThread "Thread-94" [_thread_blocked, id=3921, stack(0x00007f7928788000,0x00007f7928889000)]
  0x00007f7918001000 JavaThread "Keep-Alive-Timer" daemon [_thread_blocked, id=3917, stack(0x00007f7928287000,0x00007f7928388000)]
  0x00007f793410a800 JavaThread "Animation Thread-SharedResourceRunner" daemon [_thread_blocked, id=3815, stack(0x00007f7982b42000,0x00007f7982c43000)]
  0x00007f7934090800 JavaThread "process reaper" daemon [_thread_blocked, id=3810, stack(0x00007f79900ab000,0x00007f79900e4000)]
  0x00007f7944012800 JavaThread "Animation Thread" [_thread_blocked, id=3806, stack(0x00007f7982e43000,0x00007f7982f44000)]
=>0x00007f7944002800 JavaThread "AWT-EventQueue-1" [_thread_in_native, id=3805, stack(0x00007f7983144000,0x00007f7983245000)]
  0x00007f79a000a000 JavaThread "DestroyJavaVM" [_thread_blocked, id=3784, stack(0x00007f79a929a000,0x00007f79a939b000)]
  0x00007f79a02a1800 JavaThread "AWT-EventQueue-0" [_thread_blocked, id=3803, stack(0x00007f79838ed000,0x00007f79839ee000)]
  0x00007f79a029d000 JavaThread "AWT-Shutdown" [_thread_blocked, id=3802, stack(0x00007f79839ee000,0x00007f7983aef000)]
  0x00007f79a0289800 JavaThread "thread applet-module5.EarthquakeCityMap.class" [_thread_blocked, id=3801, stack(0x00007f7983aef000,0x00007f7983bf0000)]
  0x00007f79a027d000 JavaThread "AWT-XAWT" daemon [_thread_blocked, id=3799, stack(0x00007f798804e000,0x00007f798814f000)]
  0x00007f79a0257800 JavaThread "Java2D Disposer" daemon [_thread_blocked, id=3798, stack(0x00007f798814f000,0x00007f7988250000)]
  0x00007f79a00cb000 JavaThread "Service Thread" daemon [_thread_blocked, id=3796, stack(0x00007f7989e9c000,0x00007f7989f9d000)]
  0x00007f79a00be000 JavaThread "C1 CompilerThread2" daemon [_thread_blocked, id=3795, stack(0x00007f7989f9d000,0x00007f798a09e000)]
  0x00007f79a00bc000 JavaThread "C2 CompilerThread1" daemon [_thread_blocked, id=3794, stack(0x00007f798a09e000,0x00007f798a19f000)]
  0x00007f79a00b9800 JavaThread "C2 CompilerThread0" daemon [_thread_blocked, id=3793, stack(0x00007f798a19f000,0x00007f798a2a0000)]
  0x00007f79a00b8000 JavaThread "Signal Dispatcher" daemon [_thread_blocked, id=3792, stack(0x00007f79900e4000,0x00007f79901e5000)]
  0x00007f79a007f000 JavaThread "Finalizer" daemon [_thread_blocked, id=3791, stack(0x00007f79909fa000,0x00007f7990afb000)]
  0x00007f79a007d000 JavaThread "Reference Handler" daemon [_thread_blocked, id=3790, stack(0x00007f7990afb000,0x00007f7990bfc000)]

Other Threads:
  0x00007f79a0077800 VMThread [stack: 0x00007f7990bfc000,0x00007f7990cfd000] [id=3789]
  0x00007f79a00ce000 WatcherThread [stack: 0x00007f7989d9b000,0x00007f7989e9c000] [id=3797]

VM state:not at safepoint (normal execution)

VM Mutex/Monitor currently owned by a thread: None

Heap:
 PSYoungGen      total 83456K, used 64604K [0x00000000ec700000, 0x00000000f2c00000, 0x0000000100000000)
  eden space 73728K, 74% used [0x00000000ec700000,0x00000000efcff0a8,0x00000000f0f00000)
  from space 9728K, 95% used [0x00000000f1180000,0x00000000f1a98250,0x00000000f1b00000)
  to   space 14848K, 0% used [0x00000000f1d80000,0x00000000f1d80000,0x00000000f2c00000)
 ParOldGen       total 45568K, used 28039K [0x00000000c5400000, 0x00000000c8080000, 0x00000000ec700000)
  object space 45568K, 61% used [0x00000000c5400000,0x00000000c6f61d88,0x00000000c8080000)
 Metaspace       used 21749K, capacity 21991K, committed 22320K, reserved 1069056K
  class space    used 2003K, capacity 2087K, committed 2176K, reserved 1048576K

Card table byte_map: [0x00007f79a5e8d000,0x00007f79a6064000] byte_map_base: 0x00007f79a5863000

Marking Bits: (ParMarkBitMap*) 0x00007f79a8772de0
 Begin Bits: [0x00007f798a2a0000, 0x00007f798b150000)
 End Bits:   [0x00007f798b150000, 0x00007f798c000000)

Polling page: 0x00007f79a93ba000

CodeCache: size=245760Kb used=9849Kb max_used=9859Kb free=235910Kb
 bounds [0x00007f7991000000, 0x00007f79919c0000, 0x00007f79a0000000]
 total_blobs=3736 nmethods=2756 adapters=894
 compilation: enabled

Compilation events (10 events):
Event: 42,509 Thread 0x00007f79a00bc000 3236       4       sun.awt.AWTAutoShutdown::isReadyToShutdown (37 bytes)
Event: 42,511 Thread 0x00007f79a00bc000 nmethod 3236 0x00007f79919896d0 code [0x00007f7991989820, 0x00007f79919898f8]
Event: 42,709 Thread 0x00007f79a00b9800 3237       4       java.security.AccessController::checkPermission (165 bytes)
Event: 42,713 Thread 0x00007f79a00b9800 nmethod 3237 0x00007f7991999950 code [0x00007f7991999ac0, 0x00007f7991999be8]
Event: 42,816 Thread 0x00007f79a00bc000 3238       4       java.util.TreeMap::getEntry (84 bytes)
Event: 42,824 Thread 0x00007f79a00bc000 nmethod 3238 0x00007f7991997d50 code [0x00007f7991997ec0, 0x00007f79919981f8]
Event: 43,876 Thread 0x00007f79a00b9800 3239       4       com.jogamp.nativewindow.awt.JAWTWindow::getGraphicsConfiguration (8 bytes)
Event: 43,878 Thread 0x00007f79a00b9800 nmethod 3239 0x00007f7991989410 code [0x00007f7991989560, 0x00007f79919895f8]
Event: 44,305 Thread 0x00007f79a00be000 3240       3       sun.font.XRGlyphCacheEntry::getXAdvance (16 bytes)
Event: 44,305 Thread 0x00007f79a00be000 nmethod 3240 0x00007f7991999610 code [0x00007f7991999780, 0x00007f79919998f0]

GC Heap History (10 events):
Event: 20,249 GC heap before
{Heap before GC invocations=10 (full 1):
 PSYoungGen      total 56832K, used 53104K [0x00000000ec700000, 0x00000000f0b80000, 0x0000000100000000)
  eden space 45568K, 100% used [0x00000000ec700000,0x00000000ef380000,0x00000000ef380000)
  from space 11264K, 66% used [0x00000000eff00000,0x00000000f065c1f0,0x00000000f0a00000)
  to   space 11776K, 0% used [0x00000000ef380000,0x00000000ef380000,0x00000000eff00000)
 ParOldGen       total 45568K, used 15580K [0x00000000c5400000, 0x00000000c8080000, 0x00000000ec700000)
  object space 45568K, 34% used [0x00000000c5400000,0x00000000c63371e8,0x00000000c8080000)
 Metaspace       used 21588K, capacity 21799K, committed 22064K, reserved 1069056K
  class space    used 2001K, capacity 2087K, committed 2176K, reserved 1048576K
Event: 20,265 GC heap after
Heap after GC invocations=10 (full 1):
 PSYoungGen      total 57344K, used 11616K [0x00000000ec700000, 0x00000000f1c00000, 0x0000000100000000)
  eden space 45568K, 0% used [0x00000000ec700000,0x00000000ec700000,0x00000000ef380000)
  from space 11776K, 98% used [0x00000000ef380000,0x00000000efed82e0,0x00000000eff00000)
  to   space 13312K, 0% used [0x00000000f0f00000,0x00000000f0f00000,0x00000000f1c00000)
 ParOldGen       total 45568K, used 16612K [0x00000000c5400000, 0x00000000c8080000, 0x00000000ec700000)
  object space 45568K, 36% used [0x00000000c5400000,0x00000000c6439228,0x00000000c8080000)
 Metaspace       used 21588K, capacity 21799K, committed 22064K, reserved 1069056K
  class space    used 2001K, capacity 2087K, committed 2176K, reserved 1048576K
}
Event: 24,188 GC heap before
{Heap before GC invocations=11 (full 1):
 PSYoungGen      total 57344K, used 57184K [0x00000000ec700000, 0x00000000f1c00000, 0x0000000100000000)
  eden space 45568K, 100% used [0x00000000ec700000,0x00000000ef380000,0x00000000ef380000)
  from space 11776K, 98% used [0x00000000ef380000,0x00000000efed82e0,0x00000000eff00000)
  to   space 13312K, 0% used [0x00000000f0f00000,0x00000000f0f00000,0x00000000f1c00000)
 ParOldGen       total 45568K, used 16612K [0x00000000c5400000, 0x00000000c8080000, 0x00000000ec700000)
  object space 45568K, 36% used [0x00000000c5400000,0x00000000c6439228,0x00000000c8080000)
 Metaspace       used 21662K, capacity 21863K, committed 22320K, reserved 1069056K
  class space    used 2001K, capacity 2087K, committed 2176K, reserved 1048576K
Event: 24,202 GC heap after
Heap after GC invocations=11 (full 1):
 PSYoungGen      total 72704K, used 9552K [0x00000000ec700000, 0x00000000f1d80000, 0x0000000100000000)
  eden space 59392K, 0% used [0x00000000ec700000,0x00000000ec700000,0x00000000f0100000)
  from space 13312K, 71% used [0x00000000f0f00000,0x00000000f1854270,0x00000000f1c00000)
  to   space 14336K, 0% used [0x00000000f0100000,0x00000000f0100000,0x00000000f0f00000)
 ParOldGen       total 45568K, used 18708K [0x00000000c5400000, 0x00000000c8080000, 0x00000000ec700000)
  object space 45568K, 41% used [0x00000000c5400000,0x00000000c66452a8,0x00000000c8080000)
 Metaspace       used 21662K, capacity 21863K, committed 22320K, reserved 1069056K
  class space    used 2001K, capacity 2087K, committed 2176K, reserved 1048576K
}
Event: 27,132 GC heap before
{Heap before GC invocations=12 (full 1):
 PSYoungGen      total 72704K, used 68944K [0x00000000ec700000, 0x00000000f1d80000, 0x0000000100000000)
  eden space 59392K, 100% used [0x00000000ec700000,0x00000000f0100000,0x00000000f0100000)
  from space 13312K, 71% used [0x00000000f0f00000,0x00000000f1854270,0x00000000f1c00000)
  to   space 14336K, 0% used [0x00000000f0100000,0x00000000f0100000,0x00000000f0f00000)
 ParOldGen       total 45568K, used 18708K [0x00000000c5400000, 0x00000000c8080000, 0x00000000ec700000)
  object space 45568K, 41% used [0x00000000c5400000,0x00000000c66452a8,0x00000000c8080000)
 Metaspace       used 21701K, capacity 21927K, committed 22320K, reserved 1069056K
  class space    used 2001K, capacity 2087K, committed 2176K, reserved 1048576K
Event: 27,148 GC heap after
Heap after GC invocations=12 (full 1):
 PSYoungGen      total 73728K, used 12128K [0x00000000ec700000, 0x00000000f3100000, 0x0000000100000000)
  eden space 59392K, 0% used [0x00000000ec700000,0x00000000ec700000,0x00000000f0100000)
  from space 14336K, 84% used [0x00000000f0100000,0x00000000f0cd8300,0x00000000f0f00000)
  to   space 15360K, 0% used [0x00000000f2200000,0x00000000f2200000,0x00000000f3100000)
 ParOldGen       total 45568K, used 22588K [0x00000000c5400000, 0x00000000c8080000, 0x00000000ec700000)
  object space 45568K, 49% used [0x00000000c5400000,0x00000000c6a0f398,0x00000000c8080000)
 Metaspace       used 21701K, capacity 21927K, committed 22320K, reserved 1069056K
  class space    used 2001K, capacity 2087K, committed 2176K, reserved 1048576K
}
Event: 32,690 GC heap before
{Heap before GC invocations=13 (full 1):
 PSYoungGen      total 73728K, used 71520K [0x00000000ec700000, 0x00000000f3100000, 0x0000000100000000)
  eden space 59392K, 100% used [0x00000000ec700000,0x00000000f0100000,0x00000000f0100000)
  from space 14336K, 84% used [0x00000000f0100000,0x00000000f0cd8300,0x00000000f0f00000)
  to   space 15360K, 0% used [0x00000000f2200000,0x00000000f2200000,0x00000000f3100000)
 ParOldGen       total 45568K, used 22588K [0x00000000c5400000, 0x00000000c8080000, 0x00000000ec700000)
  object space 45568K, 49% used [0x00000000c5400000,0x00000000c6a0f398,0x00000000c8080000)
 Metaspace       used 21714K, capacity 21927K, committed 22320K, reserved 1069056K
  class space    used 2001K, capacity 2087K, committed 2176K, reserved 1048576K
Event: 32,705 GC heap after
Heap after GC invocations=13 (full 1):
 PSYoungGen      total 89088K, used 7616K [0x00000000ec700000, 0x00000000f2e80000, 0x0000000100000000)
  eden space 76288K, 0% used [0x00000000ec700000,0x00000000ec700000,0x00000000f1180000)
  from space 12800K, 59% used [0x00000000f2200000,0x00000000f29701d0,0x00000000f2e80000)
  to   space 14848K, 0% used [0x00000000f1180000,0x00000000f1180000,0x00000000f2000000)
 ParOldGen       total 45568K, used 28039K [0x00000000c5400000, 0x00000000c8080000, 0x00000000ec700000)
  object space 45568K, 61% used [0x00000000c5400000,0x00000000c6f61d88,0x00000000c8080000)
 Metaspace       used 21714K, capacity 21927K, committed 22320K, reserved 1069056K
  class space    used 2001K, capacity 2087K, committed 2176K, reserved 1048576K
}
Event: 39,303 GC heap before
{Heap before GC invocations=14 (full 1):
 PSYoungGen      total 89088K, used 83904K [0x00000000ec700000, 0x00000000f2e80000, 0x0000000100000000)
  eden space 76288K, 100% used [0x00000000ec700000,0x00000000f1180000,0x00000000f1180000)
  from space 12800K, 59% used [0x00000000f2200000,0x00000000f29701d0,0x00000000f2e80000)
  to   space 14848K, 0% used [0x00000000f1180000,0x00000000f1180000,0x00000000f2000000)
 ParOldGen       total 45568K, used 28039K [0x00000000c5400000, 0x00000000c8080000, 0x00000000ec700000)
  object space 45568K, 61% used [0x00000000c5400000,0x00000000c6f61d88,0x00000000c8080000)
 Metaspace       used 21742K, capacity 21991K, committed 22320K, reserved 1069056K
  class space    used 2002K, capacity 2087K, committed 2176K, reserved 1048576K
Event: 39,311 GC heap after
Heap after GC invocations=14 (full 1):
 PSYoungGen      total 83456K, used 9312K [0x00000000ec700000, 0x00000000f2c00000, 0x0000000100000000)
  eden space 73728K, 0% used [0x00000000ec700000,0x00000000ec700000,0x00000000f0f00000)
  from space 9728K, 95% used [0x00000000f1180000,0x00000000f1a98250,0x00000000f1b00000)
  to   space 14848K, 0% used [0x00000000f1d80000,0x00000000f1d80000,0x00000000f2c00000)
 ParOldGen       total 45568K, used 28039K [0x00000000c5400000, 0x00000000c8080000, 0x00000000ec700000)
  object space 45568K, 61% used [0x00000000c5400000,0x00000000c6f61d88,0x00000000c8080000)
 Metaspace       used 21742K, capacity 21991K, committed 22320K, reserved 1069056K
  class space    used 2002K, capacity 2087K, committed 2176K, reserved 1048576K
}

Deoptimization events (10 events):
Event: 34,077 Thread 0x00007f7944002800 Uncommon trap: reason=class_check action=maybe_recompile pc=0x00007f7991967b44 method=java.awt.EventQueue.coalesceEvent(Ljava/awt/AWTEvent;I)Z @ 32
Event: 34,849 Thread 0x00007f7944002800 Uncommon trap: reason=bimorphic action=maybe_recompile pc=0x00007f799148f21c method=module5.CommonMarker.draw(Lprocessing/core/PGraphics;FF)V @ 25
Event: 35,284 Thread 0x00007f7944002800 Uncommon trap: reason=unstable_if action=reinterpret pc=0x00007f7991962104 method=module5.CommonMarker.draw(Lprocessing/core/PGraphics;FF)V @ 4
Event: 38,819 Thread 0x00007f7944002800 Uncommon trap: reason=unstable_if action=reinterpret pc=0x00007f79913bc990 method=sun.misc.FloatingDecimal$BinaryToASCIIBuffer.dtoa(IJIZ)V @ 97
Event: 44,303 Thread 0x00007f7944002800 Uncommon trap: reason=unstable_if action=reinterpret pc=0x00007f7991979dd0 method=java.awt.EventQueue.getPriority(Ljava/awt/AWTEvent;)I @ 4
Event: 44,303 Thread 0x00007f79a02a1800 Uncommon trap: reason=unstable_if action=reinterpret pc=0x00007f7991979df8 method=java.awt.EventQueue.getPriority(Ljava/awt/AWTEvent;)I @ 71
Event: 44,303 Thread 0x00007f7944002800 Uncommon trap: reason=unstable_if action=reinterpret pc=0x00007f799196243c method=java.awt.EventQueue.eventToCacheIndex(Ljava/awt/AWTEvent;)I @ 71
Event: 44,303 Thread 0x00007f79a02a1800 Uncommon trap: reason=class_check action=maybe_recompile pc=0x00007f799193ccf0 method=java.awt.EventQueue.uncacheEQItem(Lsun/awt/EventQueueItem;)V @ 20
Event: 44,303 Thread 0x00007f7944002800 Uncommon trap: reason=unstable_if action=reinterpret pc=0x00007f799193ccd4 method=java.awt.EventQueue.eventToCacheIndex(Ljava/awt/AWTEvent;)I @ 71
Event: 44,304 Thread 0x00007f79a0289800 Uncommon trap: reason=unstable_if action=reinterpret pc=0x00007f7991523c40 method=java.awt.Font.equals(Ljava/lang/Object;)Z @ 2

Internal exceptions (10 events):
Event: 3,717 Thread 0x00007f7944002800 Implicit null exception at 0x00007f79911beeb3 to 0x00007f79911bf255
Event: 4,684 Thread 0x00007f7944002800 Exception <a 'java/lang/reflect/InvocationTargetException'> (0x00000000ecf7a800) thrown at [/HUDSON/workspace/8-2-build-linux-amd64/jdk8u60/4407/hotspot/src/share/vm/runtime/reflection.cpp, line 1092]
Event: 4,687 Thread 0x00007f7944012800 Exception <a 'java/lang/reflect/InvocationTargetException'> (0x00000000ecfa0620) thrown at [/HUDSON/workspace/8-2-build-linux-amd64/jdk8u60/4407/hotspot/src/share/vm/runtime/reflection.cpp, line 1092]
Event: 4,689 Thread 0x00007f7944012800 Exception <a 'java/lang/reflect/InvocationTargetException'> (0x00000000ecfa0d48) thrown at [/HUDSON/workspace/8-2-build-linux-amd64/jdk8u60/4407/hotspot/src/share/vm/runtime/reflection.cpp, line 1092]
Event: 4,689 Thread 0x00007f7944012800 Exception <a 'java/lang/reflect/InvocationTargetException'> (0x00000000ecfa1160) thrown at [/HUDSON/workspace/8-2-build-linux-amd64/jdk8u60/4407/hotspot/src/share/vm/runtime/reflection.cpp, line 1092]
Event: 4,689 Thread 0x00007f7944012800 Exception <a 'java/lang/reflect/InvocationTargetException'> (0x00000000ecfa1578) thrown at [/HUDSON/workspace/8-2-build-linux-amd64/jdk8u60/4407/hotspot/src/share/vm/runtime/reflection.cpp, line 1092]
Event: 4,727 Thread 0x00007f7944012800 Exception <a 'java/lang/reflect/InvocationTargetException'> (0x00000000ecfa9828) thrown at [/HUDSON/workspace/8-2-build-linux-amd64/jdk8u60/4407/hotspot/src/share/vm/runtime/reflection.cpp, line 1092]
Event: 4,733 Thread 0x00007f7944012800 Exception <a 'java/lang/reflect/InvocationTargetException'> (0x00000000ecfaadb8) thrown at [/HUDSON/workspace/8-2-build-linux-amd64/jdk8u60/4407/hotspot/src/share/vm/runtime/reflection.cpp, line 1092]
Event: 4,734 Thread 0x00007f7944012800 Exception <a 'java/lang/reflect/InvocationTargetException'> (0x00000000ecfac570) thrown at [/HUDSON/workspace/8-2-build-linux-amd64/jdk8u60/4407/hotspot/src/share/vm/runtime/reflection.cpp, line 1092]
Event: 4,737 Thread 0x00007f7944012800 Exception <a 'java/lang/reflect/InvocationTargetException'> (0x00000000ecfafcb8) thrown at [/HUDSON/workspace/8-2-build-linux-amd64/jdk8u60/4407/hotspot/src/share/vm/runtime/reflection.cpp, line 1092]

Events (10 events):
Event: 44,303 Thread 0x00007f7944002800 DEOPT UNPACKING pc=0x00007f7991005229 sp=0x00007f79832415e0 mode 2
Event: 44,303 Thread 0x00007f79a02a1800 Uncommon trap: trap_request=0xffffffde fr.pc=0x00007f799193ccf0
Event: 44,303 Thread 0x00007f79a02a1800 DEOPT PACKING pc=0x00007f799193ccf0 sp=0x00007f79839ec6d0
Event: 44,303 Thread 0x00007f79a02a1800 DEOPT UNPACKING pc=0x00007f7991005229 sp=0x00007f79839ec618 mode 2
Event: 44,303 Thread 0x00007f7944002800 Uncommon trap: trap_request=0xffffff65 fr.pc=0x00007f799193ccd4
Event: 44,303 Thread 0x00007f7944002800 DEOPT PACKING pc=0x00007f799193ccd4 sp=0x00007f7983243390
Event: 44,303 Thread 0x00007f7944002800 DEOPT UNPACKING pc=0x00007f7991005229 sp=0x00007f7983243278 mode 2
Event: 44,304 Thread 0x00007f79a0289800 Uncommon trap: trap_request=0xffffff65 fr.pc=0x00007f7991523c40
Event: 44,304 Thread 0x00007f79a0289800 DEOPT PACKING pc=0x00007f7991523c40 sp=0x00007f7983bee350
Event: 44,304 Thread 0x00007f79a0289800 DEOPT UNPACKING pc=0x00007f7991005229 sp=0x00007f7983bee318 mode 2


Dynamic libraries:
00400000-00401000 r-xp 00000000 08:05 4475464                            /usr/local/java/jdk1.8.0_60/bin/java
00600000-00601000 rw-p 00000000 08:05 4475464                            /usr/local/java/jdk1.8.0_60/bin/java
018c7000-01909000 rw-p 00000000 00:00 0                                  [heap]
c5400000-c8080000 rw-p 00000000 00:00 0 
c8080000-ec700000 ---p 00000000 00:00 0 
ec700000-f2c00000 rw-p 00000000 00:00 0 
f2c00000-100000000 ---p 00000000 00:00 0 
100000000-100220000 rw-p 00000000 00:00 0 
100220000-140000000 ---p 00000000 00:00 0 
7f7904000000-7f7904032000 rw-p 00000000 00:00 0 
7f7904032000-7f7908000000 ---p 00000000 00:00 0 
7f790998f000-7f79099ef000 rw-s 11601b000 00:05 10526                     /dev/dri/card0
7f79099ef000-7f7909a4f000 rw-s 115fbb000 00:05 10526                     /dev/dri/card0
7f7909a4f000-7f7909aaf000 rw-s 115f5b000 00:05 10526                     /dev/dri/card0
7f7909aaf000-7f7909b0f000 rw-s 115efb000 00:05 10526                     /dev/dri/card0
7f7909b0f000-7f7909b6f000 rw-s 115e9b000 00:05 10526                     /dev/dri/card0
7f7909b6f000-7f7909bcf000 rw-s 115e3b000 00:05 10526                     /dev/dri/card0
7f7909bcf000-7f7909c2f000 rw-s 112b63000 00:05 10526                     /dev/dri/card0
7f7909c2f000-7f7909c8f000 rw-s 112b03000 00:05 10526                     /dev/dri/card0
7f7909c8f000-7f7909cef000 rw-s 112aa3000 00:05 10526                     /dev/dri/card0
7f7909cef000-7f7909d4f000 rw-s 112a43000 00:05 10526                     /dev/dri/card0
7f7909d4f000-7f7909daf000 rw-s 1129e3000 00:05 10526                     /dev/dri/card0
7f7909daf000-7f7909e0f000 rw-s 112983000 00:05 10526                     /dev/dri/card0
7f7909e0f000-7f7909e6f000 rw-s 112923000 00:05 10526                     /dev/dri/card0
7f7909e6f000-7f7909ecf000 rw-s 1128c3000 00:05 10526                     /dev/dri/card0
7f7909ecf000-7f7909f2f000 rw-s 112863000 00:05 10526                     /dev/dri/card0
7f7909f2f000-7f7909f8f000 rw-s 112803000 00:05 10526                     /dev/dri/card0
7f7909f8f000-7f7909fef000 rw-s 1127a3000 00:05 10526                     /dev/dri/card0
7f7909fef000-7f790a04f000 rw-s 112743000 00:05 10526                     /dev/dri/card0
7f790a04f000-7f790a0af000 rw-s 1126e3000 00:05 10526                     /dev/dri/card0
7f790a0af000-7f790a10f000 rw-s 112683000 00:05 10526                     /dev/dri/card0
7f790a10f000-7f790a16f000 rw-s 112623000 00:05 10526                     /dev/dri/card0
7f790a16f000-7f790a1cf000 rw-s 1125c3000 00:05 10526                     /dev/dri/card0
7f790a1cf000-7f790a22f000 rw-s 112563000 00:05 10526                     /dev/dri/card0
7f790a22f000-7f790a28f000 rw-s 112503000 00:05 10526                     /dev/dri/card0
7f790a28f000-7f790a2ef000 rw-s 1124a3000 00:05 10526                     /dev/dri/card0
7f790a2ef000-7f790a34f000 rw-s 112443000 00:05 10526                     /dev/dri/card0
7f790a34f000-7f790a3af000 rw-s 1123e3000 00:05 10526                     /dev/dri/card0
7f790a3af000-7f790a40f000 rw-s 112383000 00:05 10526                     /dev/dri/card0
7f790a40f000-7f790a46f000 rw-s 112323000 00:05 10526                     /dev/dri/card0
7f790a46f000-7f790a4cf000 rw-s 1122c3000 00:05 10526                     /dev/dri/card0
7f790a4cf000-7f790a52f000 rw-s 112263000 00:05 10526                     /dev/dri/card0
7f790a52f000-7f790a58f000 rw-s 112203000 00:05 10526                     /dev/dri/card0
7f790a58f000-7f790a5ef000 rw-s 1121a3000 00:05 10526                     /dev/dri/card0
7f790a5ef000-7f790a64f000 rw-s 111423000 00:05 10526                     /dev/dri/card0
7f790a64f000-7f790a6af000 rw-s 1113c3000 00:05 10526                     /dev/dri/card0
7f790a6af000-7f790a70f000 rw-s 111363000 00:05 10526                     /dev/dri/card0
7f790a70f000-7f790a76f000 rw-s 111303000 00:05 10526                     /dev/dri/card0
7f790a76f000-7f790a7cf000 rw-s 1112a3000 00:05 10526                     /dev/dri/card0
7f790a7cf000-7f790a82f000 rw-s 111243000 00:05 10526                     /dev/dri/card0
7f790a82f000-7f790a88f000 rw-s 110dc3000 00:05 10526                     /dev/dri/card0
7f790a88f000-7f790a8ef000 rw-s 110d63000 00:05 10526                     /dev/dri/card0
7f790a8ef000-7f790a94f000 rw-s 110d03000 00:05 10526                     /dev/dri/card0
7f790a94f000-7f790a9af000 rw-s 110ca3000 00:05 10526                     /dev/dri/card0
7f790a9af000-7f790ab6f000 rw-s 110ad3000 00:05 10526                     /dev/dri/card0
7f790abaf000-7f790ac0f000 rw-s 112143000 00:05 10526                     /dev/dri/card0
7f790ac0f000-7f790ac6f000 rw-s 1120e3000 00:05 10526                     /dev/dri/card0
7f790ac6f000-7f790accf000 rw-s 107adf000 00:05 10526                     /dev/dri/card0
7f790accf000-7f790ad2f000 rw-s 107a7f000 00:05 10526                     /dev/dri/card0
7f790ad2f000-7f790ad8f000 rw-s 107a1f000 00:05 10526                     /dev/dri/card0
7f790ad8f000-7f790adef000 rw-s 1079bf000 00:05 10526                     /dev/dri/card0
7f790adef000-7f790ae4f000 rw-s 10795f000 00:05 10526                     /dev/dri/card0
7f790ae4f000-7f790aeaf000 rw-s 108d9a000 00:05 10526                     /dev/dri/card0
7f790aeaf000-7f790aeb7000 rw-s 00000000 00:04 24539                      /drm mm object (deleted)
7f790aec4000-7f790af24000 rw-s 110973000 00:05 10526                     /dev/dri/card0
7f790af24000-7f790af84000 rw-s 110913000 00:05 10526                     /dev/dri/card0
7f790af84000-7f790afe4000 rw-s 1108b3000 00:05 10526                     /dev/dri/card0
7f790afe4000-7f790b044000 rw-s 110853000 00:05 10526                     /dev/dri/card0
7f790b044000-7f790b0a4000 rw-s 1107f3000 00:05 10526                     /dev/dri/card0
7f790b0a4000-7f790b104000 rw-s 110793000 00:05 10526                     /dev/dri/card0
7f790b104000-7f790b164000 rw-s 110733000 00:05 10526                     /dev/dri/card0
7f790b164000-7f790b1c4000 rw-s 1106d3000 00:05 10526                     /dev/dri/card0
7f790b1c4000-7f790b224000 rw-s 110673000 00:05 10526                     /dev/dri/card0
7f790b224000-7f790b284000 rw-s 110613000 00:05 10526                     /dev/dri/card0
7f790b284000-7f790b2e4000 rw-s 1105b3000 00:05 10526                     /dev/dri/card0
7f790b2e4000-7f790b344000 rw-s 110553000 00:05 10526                     /dev/dri/card0
7f790b344000-7f790b3a4000 rw-s 1104f3000 00:05 10526                     /dev/dri/card0
7f790b3a4000-7f790b404000 rw-s 110493000 00:05 10526                     /dev/dri/card0
7f790b404000-7f790b464000 rw-s 110433000 00:05 10526                     /dev/dri/card0
7f790b464000-7f790b4c4000 rw-s 1103d3000 00:05 10526                     /dev/dri/card0
7f790b4c4000-7f790b524000 rw-s 110373000 00:05 10526                     /dev/dri/card0
7f790b524000-7f790b584000 rw-s 110313000 00:05 10526                     /dev/dri/card0
7f790b584000-7f790b5e4000 rw-s 1102b3000 00:05 10526                     /dev/dri/card0
7f790b5e4000-7f790b644000 rw-s 110253000 00:05 10526                     /dev/dri/card0
7f790b644000-7f790b6a4000 rw-s 1101f3000 00:05 10526                     /dev/dri/card0
7f790b6a4000-7f790b6b2000 r--s 00000000 08:05 798218                     /var/cache/fontconfig/6aa41aa22e18b8fa06a12da28ea9c28b-le64.cache-4
7f790b6b2000-7f790b6b3000 r--s 00000000 08:05 786527                     /var/cache/fontconfig/c05880de57d1f5e948fdfacc138775d9-le64.cache-4
7f790b6b3000-7f790b6be000 r--s 00000000 08:05 786521                     /var/cache/fontconfig/945677eb7aeaf62f1d50efc3fb3ec7d8-le64.cache-4
7f790b6be000-7f790b6c4000 r--s 00000000 08:05 786507                     /var/cache/fontconfig/2cd17615ca594fa2959ae173292e504c-le64.cache-4
7f790b6c4000-7f790b6c5000 r--s 00000000 08:05 786537                     /var/cache/fontconfig/e7071f4a29fa870f4323321c154eba04-le64.cache-4
7f790b6c5000-7f790b6c6000 r--s 00000000 08:05 786504                     /var/cache/fontconfig/0d8c3b2ac0904cb8a57a757ad11a4a08-le64.cache-4
7f790b6c6000-7f790b6cd000 r--s 00000000 08:05 786524                     /var/cache/fontconfig/a755afe4a08bf5b97852ceb7400b47bc-le64.cache-4
7f790b6cd000-7f790b6d9000 r--s 00000000 08:05 806641                     /var/cache/fontconfig/6d41288fd70b0be22e8c3a91e032eec0-le64.cache-4
7f790b6d9000-7f790b6ed000 r--s 00000000 08:05 786502                     /var/cache/fontconfig/04aabc0a78ac019cf9454389977116d2-le64.cache-4
7f790b6ed000-7f790b6f2000 r--s 00000000 08:05 786520                     /var/cache/fontconfig/8801497958630a81b71ace7c5f9b32a8-le64.cache-4
7f790b6f2000-7f790b6f9000 r--s 00000000 08:05 786508                     /var/cache/fontconfig/3047814df9a2f067bd2d96a2b9c36e5a-le64.cache-4
7f790b73e000-7f790b79e000 rw-s 110193000 00:05 10526                     /dev/dri/card0
7f790b79e000-7f790b7fe000 rw-s 110133000 00:05 10526                     /dev/dri/card0
7f790b7fe000-7f790b85e000 rw-s 1100d3000 00:05 10526                     /dev/dri/card0
7f790b85e000-7f790b8be000 rw-s 110073000 00:05 10526                     /dev/dri/card0
7f790b8be000-7f790b91e000 rw-s 110013000 00:05 10526                     /dev/dri/card0
7f790b91e000-7f790b97e000 rw-s 10ffb3000 00:05 10526                     /dev/dri/card0
7f790b97e000-7f790b9de000 rw-s 10ff53000 00:05 10526                     /dev/dri/card0
7f790b9de000-7f790ba3e000 rw-s 10fef3000 00:05 10526                     /dev/dri/card0
7f790ba3e000-7f790ba9e000 rw-s 10fe93000 00:05 10526                     /dev/dri/card0
7f790ba9e000-7f790bafe000 rw-s 10f8d3000 00:05 10526                     /dev/dri/card0
7f790bafe000-7f790bb5e000 rw-s 10f873000 00:05 10526                     /dev/dri/card0
7f790bb5e000-7f790bbbe000 rw-s 10f813000 00:05 10526                     /dev/dri/card0
7f790bbbe000-7f790bc1e000 rw-s 10f7b3000 00:05 10526                     /dev/dri/card0
7f790bc1e000-7f790bc7e000 rw-s 10f753000 00:05 10526                     /dev/dri/card0
7f790bc7e000-7f790bcde000 rw-s 107cbf000 00:05 10526                     /dev/dri/card0
7f790bcde000-7f790bd3e000 rw-s 107c5f000 00:05 10526                     /dev/dri/card0
7f790bd3e000-7f790bd9e000 rw-s 107bff000 00:05 10526                     /dev/dri/card0
7f790bd9e000-7f790bdfe000 rw-s 107b9f000 00:05 10526                     /dev/dri/card0
7f790bdfe000-7f790be01000 ---p 00000000 00:00 0 
7f790be01000-7f790beff000 rw-p 00000000 00:00 0 
7f790beff000-7f790bf02000 ---p 00000000 00:00 0 
7f790bf02000-7f790c000000 rw-p 00000000 00:00 0 
7f790c000000-7f790c131000 rw-p 00000000 00:00 0 
7f790c131000-7f7910000000 ---p 00000000 00:00 0 
7f7910000000-7f791002b000 rw-p 00000000 00:00 0 
7f791002b000-7f7914000000 ---p 00000000 00:00 0 
7f7914000000-7f79140d3000 rw-p 00000000 00:00 0 
7f79140d3000-7f7918000000 ---p 00000000 00:00 0 
7f7918000000-7f79180bc000 rw-p 00000000 00:00 0 
7f79180bc000-7f791c000000 ---p 00000000 00:00 0 
7f791c000000-7f791c021000 rw-p 00000000 00:00 0 
7f791c021000-7f7920000000 ---p 00000000 00:00 0 
7f7920000000-7f7920083000 rw-p 00000000 00:00 0 
7f7920083000-7f7924000000 ---p 00000000 00:00 0 
7f7924000000-7f79240d3000 rw-p 00000000 00:00 0 
7f79240d3000-7f7928000000 ---p 00000000 00:00 0 
7f7928000000-7f7928004000 r--s 00000000 08:05 786510                     /var/cache/fontconfig/385c0604a188198f04d133e54aba7fe7-le64.cache-4
7f7928004000-7f7928017000 r--s 00000000 08:05 786531                     /var/cache/fontconfig/d52a8644073d54c13679302ca1180695-le64.cache-4
7f7928017000-7f7928038000 r--s 00000000 08:05 797119                     /var/cache/fontconfig/e13b20fdb08344e0e664864cc2ede53d-le64.cache-4
7f7928038000-7f7928056000 r--s 00000000 08:05 799067                     /var/cache/fontconfig/467c019e582ee353435ea5c21d137ef6-le64.cache-4
7f7928085000-7f7928088000 ---p 00000000 00:00 0 
7f7928088000-7f7928186000 rw-p 00000000 00:00 0 
7f7928186000-7f7928189000 ---p 00000000 00:00 0 
7f7928189000-7f7928287000 rw-p 00000000 00:00 0 
7f7928287000-7f792828a000 ---p 00000000 00:00 0 
7f792828a000-7f7928534000 rw-p 00000000 00:00 0                          [stack:3917]
7f7928534000-7f7928588000 ---p 00000000 00:00 0 
7f7928588000-7f7928788000 rw-s 1076ac000 00:05 10526                     /dev/dri/card0
7f7928788000-7f792878b000 ---p 00000000 00:00 0 
7f792878b000-7f7928889000 rw-p 00000000 00:00 0                          [stack:3921]
7f7928889000-7f792888c000 ---p 00000000 00:00 0 
7f792888c000-7f792898a000 rw-p 00000000 00:00 0 
7f792898a000-7f792898d000 ---p 00000000 00:00 0 
7f792898d000-7f7928a8b000 rw-p 00000000 00:00 0 
7f7928a8b000-7f7928c8b000 rw-s 108a9a000 00:05 10526                     /dev/dri/card0
7f7928c8b000-7f7928ca2000 r-xp 00000000 08:05 1048667                    /lib/x86_64-linux-gnu/libresolv-2.19.so
7f7928ca2000-7f7928ea2000 ---p 00017000 08:05 1048667                    /lib/x86_64-linux-gnu/libresolv-2.19.so
7f7928ea2000-7f7928ea3000 r--p 00017000 08:05 1048667                    /lib/x86_64-linux-gnu/libresolv-2.19.so
7f7928ea3000-7f7928ea4000 rw-p 00018000 08:05 1048667                    /lib/x86_64-linux-gnu/libresolv-2.19.so
7f7928ea4000-7f7928ea6000 rw-p 00000000 00:00 0 
7f7928ea6000-7f7928eab000 r-xp 00000000 08:05 1048671                    /lib/x86_64-linux-gnu/libnss_dns-2.19.so
7f7928eab000-7f79290aa000 ---p 00005000 08:05 1048671                    /lib/x86_64-linux-gnu/libnss_dns-2.19.so
7f79290aa000-7f79290ab000 r--p 00004000 08:05 1048671                    /lib/x86_64-linux-gnu/libnss_dns-2.19.so
7f79290ab000-7f79290ac000 rw-p 00005000 08:05 1048671                    /lib/x86_64-linux-gnu/libnss_dns-2.19.so
7f79290ac000-7f79290ae000 r-xp 00000000 08:05 1052761                    /lib/x86_64-linux-gnu/libnss_mdns4_minimal.so.2
7f79290ae000-7f79292ad000 ---p 00002000 08:05 1052761                    /lib/x86_64-linux-gnu/libnss_mdns4_minimal.so.2
7f79292ad000-7f79292ae000 r--p 00001000 08:05 1052761                    /lib/x86_64-linux-gnu/libnss_mdns4_minimal.so.2
7f79292ae000-7f79292af000 rw-p 00002000 08:05 1052761                    /lib/x86_64-linux-gnu/libnss_mdns4_minimal.so.2
7f79292af000-7f79294af000 rw-p 00000000 00:00 0 
7f79294af000-7f79297af000 rw-s 10877a000 00:05 10526                     /dev/dri/card0
7f79297af000-7f7929aaf000 rw-s 1073ac000 00:05 10526                     /dev/dri/card0
7f7929aaf000-7f7929ab1000 r-xp 00000000 08:05 3547316                    /usr/lib/x86_64-linux-gnu/libXinerama.so.1.0.0
7f7929ab1000-7f7929cb0000 ---p 00002000 08:05 3547316                    /usr/lib/x86_64-linux-gnu/libXinerama.so.1.0.0
7f7929cb0000-7f7929cb1000 r--p 00001000 08:05 3547316                    /usr/lib/x86_64-linux-gnu/libXinerama.so.1.0.0
7f7929cb1000-7f7929cb2000 rw-p 00002000 08:05 3547316                    /usr/lib/x86_64-linux-gnu/libXinerama.so.1.0.0
7f7929cb2000-7f7929ce9000 r-xp 00000000 08:05 3548239                    /usr/lib/x86_64-linux-gnu/libtxc_dxtn_s2tc.so.0.0.0
7f7929ce9000-7f7929ee8000 ---p 00037000 08:05 3548239                    /usr/lib/x86_64-linux-gnu/libtxc_dxtn_s2tc.so.0.0.0
7f7929ee8000-7f7929ee9000 r--p 00036000 08:05 3548239                    /usr/lib/x86_64-linux-gnu/libtxc_dxtn_s2tc.so.0.0.0
7f7929ee9000-7f7929eea000 rw-p 00037000 08:05 3548239                    /usr/lib/x86_64-linux-gnu/libtxc_dxtn_s2tc.so.0.0.0
7f7929eea000-7f7929ef2000 r-xp 00000000 08:05 3548044                    /usr/lib/x86_64-linux-gnu/libpciaccess.so.0.11.1
7f7929ef2000-7f792a0f1000 ---p 00008000 08:05 3548044                    /usr/lib/x86_64-linux-gnu/libpciaccess.so.0.11.1
7f792a0f1000-7f792a0f2000 r--p 00007000 08:05 3548044                    /usr/lib/x86_64-linux-gnu/libpciaccess.so.0.11.1
7f792a0f2000-7f792a0f3000 rw-p 00008000 08:05 3548044                    /usr/lib/x86_64-linux-gnu/libpciaccess.so.0.11.1
7f792a0f3000-7f792a113000 r-xp 00000000 08:05 3539129                    /usr/lib/x86_64-linux-gnu/libdrm_intel.so.1.0.0
7f792a113000-7f792a312000 ---p 00020000 08:05 3539129                    /usr/lib/x86_64-linux-gnu/libdrm_intel.so.1.0.0
7f792a312000-7f792a313000 r--p 0001f000 08:05 3539129                    /usr/lib/x86_64-linux-gnu/libdrm_intel.so.1.0.0
7f792a313000-7f792a314000 rw-p 00020000 08:05 3539129                    /usr/lib/x86_64-linux-gnu/libdrm_intel.so.1.0.0
7f792a314000-7f792be1c000 r-xp 00000000 08:05 3547164                    /usr/lib/x86_64-linux-gnu/libLLVM-3.5.so.1
7f792be1c000-7f792be1d000 ---p 01b08000 08:05 3547164                    /usr/lib/x86_64-linux-gnu/libLLVM-3.5.so.1
7f792be1d000-7f792bfe5000 r--p 01b08000 08:05 3547164                    /usr/lib/x86_64-linux-gnu/libLLVM-3.5.so.1
7f792bfe5000-7f792bfeb000 rw-p 01cd0000 08:05 3547164                    /usr/lib/x86_64-linux-gnu/libLLVM-3.5.so.1
7f792bfeb000-7f792c000000 rw-p 00000000 00:00 0 
7f792c000000-7f792e78a000 rw-p 00000000 00:00 0 
7f792e78a000-7f7930000000 ---p 00000000 00:00 0 
7f7930000000-7f7930001000 r--s 00000000 08:05 786506                     /var/cache/fontconfig/1ac9eb803944fde146138c791f5cc56a-le64.cache-4
7f7930001000-7f7930002000 r--s 00000000 08:05 786534                     /var/cache/fontconfig/dc05db6664285cc2f12bf69c139ae4c3-le64.cache-4
7f7930002000-7f7930008000 r--s 00000000 08:05 786525                     /var/cache/fontconfig/b47c4e1ecd0709278f4910c18777a504-le64.cache-4
7f7930008000-7f7930011000 r--s 00000000 08:05 787140                     /var/cache/fontconfig/3f7329c5293ffd510edef78f73874cfd-le64.cache-4
7f7930011000-7f7930519000 r-xp 00000000 08:05 3803442                    /usr/lib/x86_64-linux-gnu/dri/i965_dri.so
7f7930519000-7f7930718000 ---p 00508000 08:05 3803442                    /usr/lib/x86_64-linux-gnu/dri/i965_dri.so
7f7930718000-7f7930732000 r--p 00507000 08:05 3803442                    /usr/lib/x86_64-linux-gnu/dri/i965_dri.so
7f7930732000-7f7930738000 rw-p 00521000 08:05 3803442                    /usr/lib/x86_64-linux-gnu/dri/i965_dri.so
7f7930738000-7f7930743000 rw-p 00000000 00:00 0 
7f7930743000-7f7930787000 r-xp 00000000 08:05 1052694                    /lib/x86_64-linux-gnu/libdbus-1.so.3.7.6
7f7930787000-7f7930986000 ---p 00044000 08:05 1052694                    /lib/x86_64-linux-gnu/libdbus-1.so.3.7.6
7f7930986000-7f7930987000 r--p 00043000 08:05 1052694                    /lib/x86_64-linux-gnu/libdbus-1.so.3.7.6
7f7930987000-7f7930988000 rw-p 00044000 08:05 1052694                    /lib/x86_64-linux-gnu/libdbus-1.so.3.7.6
7f7930988000-7f7930990000 r-xp 00000000 08:05 1052742                    /lib/x86_64-linux-gnu/libnih-dbus.so.1.0.0
7f7930990000-7f7930b90000 ---p 00008000 08:05 1052742                    /lib/x86_64-linux-gnu/libnih-dbus.so.1.0.0
7f7930b90000-7f7930b91000 r--p 00008000 08:05 1052742                    /lib/x86_64-linux-gnu/libnih-dbus.so.1.0.0
7f7930b91000-7f7930b92000 rw-p 00009000 08:05 1052742                    /lib/x86_64-linux-gnu/libnih-dbus.so.1.0.0
7f7930b92000-7f7930ba9000 r-xp 00000000 08:05 1052744                    /lib/x86_64-linux-gnu/libnih.so.1.0.0
7f7930ba9000-7f7930da8000 ---p 00017000 08:05 1052744                    /lib/x86_64-linux-gnu/libnih.so.1.0.0
7f7930da8000-7f7930da9000 r--p 00016000 08:05 1052744                    /lib/x86_64-linux-gnu/libnih.so.1.0.0
7f7930da9000-7f7930daa000 rw-p 00017000 08:05 1052744                    /lib/x86_64-linux-gnu/libnih.so.1.0.0
7f7930daa000-7f7930dc3000 r-xp 00000000 08:05 1048666                    /lib/x86_64-linux-gnu/libcgmanager.so.0.0.0
7f7930dc3000-7f7930fc2000 ---p 00019000 08:05 1048666                    /lib/x86_64-linux-gnu/libcgmanager.so.0.0.0
7f7930fc2000-7f7930fc4000 r--p 00018000 08:05 1048666                    /lib/x86_64-linux-gnu/libcgmanager.so.0.0.0
7f7930fc4000-7f7930fc5000 rw-p 0001a000 08:05 1048666                    /lib/x86_64-linux-gnu/libcgmanager.so.0.0.0
7f7930fc5000-7f7930fd5000 r-xp 00000000 08:05 1052646                    /lib/x86_64-linux-gnu/libudev.so.1.3.5
7f7930fd5000-7f79311d4000 ---p 00010000 08:05 1052646                    /lib/x86_64-linux-gnu/libudev.so.1.3.5
7f79311d4000-7f79311d5000 r--p 0000f000 08:05 1052646                    /lib/x86_64-linux-gnu/libudev.so.1.3.5
7f79311d5000-7f79311d6000 rw-p 00010000 08:05 1052646                    /lib/x86_64-linux-gnu/libudev.so.1.3.5
7f79311d6000-7f79311fb000 r-xp 00000000 08:05 1052826                    /lib/x86_64-linux-gnu/libtinfo.so.5.9
7f79311fb000-7f79313fa000 ---p 00025000 08:05 1052826                    /lib/x86_64-linux-gnu/libtinfo.so.5.9
7f79313fa000-7f79313fe000 r--p 00024000 08:05 1052826                    /lib/x86_64-linux-gnu/libtinfo.so.5.9
7f79313fe000-7f79313ff000 rw-p 00028000 08:05 1052826                    /lib/x86_64-linux-gnu/libtinfo.so.5.9
7f79313ff000-7f7931428000 r-xp 00000000 08:05 3547545                    /usr/lib/x86_64-linux-gnu/libedit.so.2.0.47
7f7931428000-7f7931628000 ---p 00029000 08:05 3547545                    /usr/lib/x86_64-linux-gnu/libedit.so.2.0.47
7f7931628000-7f793162a000 r--p 00029000 08:05 3547545                    /usr/lib/x86_64-linux-gnu/libedit.so.2.0.47
7f793162a000-7f793162b000 rw-p 0002b000 08:05 3547545                    /usr/lib/x86_64-linux-gnu/libedit.so.2.0.47
7f793162b000-7f793162f000 rw-p 00000000 00:00 0 
7f793162f000-7f7931647000 r-xp 00000000 08:05 1052843                    /lib/x86_64-linux-gnu/libz.so.1.2.8
7f7931647000-7f7931846000 ---p 00018000 08:05 1052843                    /lib/x86_64-linux-gnu/libz.so.1.2.8
7f7931846000-7f7931847000 r--p 00017000 08:05 1052843                    /lib/x86_64-linux-gnu/libz.so.1.2.8
7f7931847000-7f7931848000 rw-p 00018000 08:05 1052843                    /lib/x86_64-linux-gnu/libz.so.1.2.8
7f7931848000-7f793192e000 r-xp 00000000 08:05 3543210                    /usr/lib/x86_64-linux-gnu/libstdc++.so.6.0.19
7f793192e000-7f7931b2d000 ---p 000e6000 08:05 3543210                    /usr/lib/x86_64-linux-gnu/libstdc++.so.6.0.19
7f7931b2d000-7f7931b35000 r--p 000e5000 08:05 3543210                    /usr/lib/x86_64-linux-gnu/libstdc++.so.6.0.19
7f7931b35000-7f7931b37000 rw-p 000ed000 08:05 3543210                    /usr/lib/x86_64-linux-gnu/libstdc++.so.6.0.19
7f7931b37000-7f7931b4c000 rw-p 00000000 00:00 0 
7f7931b4c000-7f7931b58000 r-xp 00000000 08:05 3546782                    /usr/lib/x86_64-linux-gnu/libdrm_radeon.so.1.0.1
7f7931b58000-7f7931d57000 ---p 0000c000 08:05 3546782                    /usr/lib/x86_64-linux-gnu/libdrm_radeon.so.1.0.1
7f7931d57000-7f7931d58000 r--p 0000b000 08:05 3546782                    /usr/lib/x86_64-linux-gnu/libdrm_radeon.so.1.0.1
7f7931d58000-7f7931d59000 rw-p 0000c000 08:05 3546782                    /usr/lib/x86_64-linux-gnu/libdrm_radeon.so.1.0.1
7f7931d59000-7f7931d6e000 r-xp 00000000 08:05 3547546                    /usr/lib/x86_64-linux-gnu/libelf-0.158.so
7f7931d6e000-7f7931f6d000 ---p 00015000 08:05 3547546                    /usr/lib/x86_64-linux-gnu/libelf-0.158.so
7f7931f6d000-7f7931f6e000 r--p 00014000 08:05 3547546                    /usr/lib/x86_64-linux-gnu/libelf-0.158.so
7f7931f6e000-7f7931f6f000 rw-p 00015000 08:05 3547546                    /usr/lib/x86_64-linux-gnu/libelf-0.158.so
7f7931f6f000-7f7931f75000 r-xp 00000000 08:05 3546778                    /usr/lib/x86_64-linux-gnu/libdrm_nouveau.so.2.0.0
7f7931f75000-7f7932174000 ---p 00006000 08:05 3546778                    /usr/lib/x86_64-linux-gnu/libdrm_nouveau.so.2.0.0
7f7932174000-7f7932175000 r--p 00005000 08:05 3546778                    /usr/lib/x86_64-linux-gnu/libdrm_nouveau.so.2.0.0
7f7932175000-7f7932176000 rw-p 00006000 08:05 3546778                    /usr/lib/x86_64-linux-gnu/libdrm_nouveau.so.2.0.0
7f7932176000-7f793217d000 r-xp 00000000 08:05 3804279                    /usr/lib/x86_64-linux-gnu/mesa-egl/libOpenVG.so.1.0.0
7f793217d000-7f793237c000 ---p 00007000 08:05 3804279                    /usr/lib/x86_64-linux-gnu/mesa-egl/libOpenVG.so.1.0.0
7f793237c000-7f793237d000 r--p 00006000 08:05 3804279                    /usr/lib/x86_64-linux-gnu/mesa-egl/libOpenVG.so.1.0.0
7f793237d000-7f793237e000 rw-p 00007000 08:05 3804279                    /usr/lib/x86_64-linux-gnu/mesa-egl/libOpenVG.so.1.0.0
7f793237e000-7f7932380000 rw-p 00000000 00:00 0 
7f7932380000-7f7932b08000 r-xp 00000000 08:05 3803453                    /usr/lib/x86_64-linux-gnu/egl/egl_gallium.so
7f7932b08000-7f7932d08000 ---p 00788000 08:05 3803453                    /usr/lib/x86_64-linux-gnu/egl/egl_gallium.so
7f7932d08000-7f7932d5b000 r--p 00788000 08:05 3803453                    /usr/lib/x86_64-linux-gnu/egl/egl_gallium.so
7f7932d5b000-7f7932d67000 rw-p 007db000 08:05 3803453                    /usr/lib/x86_64-linux-gnu/egl/egl_gallium.so
7f7932d67000-7f7932f4e000 rw-p 00000000 00:00 0 
7f7932f4e000-7f7932f54000 r-xp 00000000 08:05 3804277                    /usr/lib/x86_64-linux-gnu/mesa-egl/libGLESv2.so.2.0.0
7f7932f54000-7f7933153000 ---p 00006000 08:05 3804277                    /usr/lib/x86_64-linux-gnu/mesa-egl/libGLESv2.so.2.0.0
7f7933153000-7f7933154000 r--p 00005000 08:05 3804277                    /usr/lib/x86_64-linux-gnu/mesa-egl/libGLESv2.so.2.0.0
7f7933154000-7f7933155000 rw-p 00006000 08:05 3804277                    /usr/lib/x86_64-linux-gnu/mesa-egl/libGLESv2.so.2.0.0
7f7933155000-7f793319a000 r-xp 00000000 08:05 1860987                    /tmp/jogamp_0000/file_cache/jln7298498628998732279/jln3617468739468193824/libjogl_mobile.so
7f793319a000-7f793339a000 ---p 00045000 08:05 1860987                    /tmp/jogamp_0000/file_cache/jln7298498628998732279/jln3617468739468193824/libjogl_mobile.so
7f793339a000-7f793339b000 rw-p 00045000 08:05 1860987                    /tmp/jogamp_0000/file_cache/jln7298498628998732279/jln3617468739468193824/libjogl_mobile.so
7f793339b000-7f79333a2000 r-xp 00000000 08:05 3540105                    /usr/lib/x86_64-linux-gnu/libffi.so.6.0.1
7f79333a2000-7f79335a1000 ---p 00007000 08:05 3540105                    /usr/lib/x86_64-linux-gnu/libffi.so.6.0.1
7f79335a1000-7f79335a2000 r--p 00006000 08:05 3540105                    /usr/lib/x86_64-linux-gnu/libffi.so.6.0.1
7f79335a2000-7f79335a3000 rw-p 00007000 08:05 3540105                    /usr/lib/x86_64-linux-gnu/libffi.so.6.0.1
7f79335a3000-7f79335af000 r-xp 00000000 08:05 3547628                    /usr/lib/x86_64-linux-gnu/libgbm.so.1.0.0
7f79335af000-7f79337af000 ---p 0000c000 08:05 3547628                    /usr/lib/x86_64-linux-gnu/libgbm.so.1.0.0
7f79337af000-7f79337b0000 r--p 0000c000 08:05 3547628                    /usr/lib/x86_64-linux-gnu/libgbm.so.1.0.0
7f79337b0000-7f79337b1000 rw-p 0000d000 08:05 3547628                    /usr/lib/x86_64-linux-gnu/libgbm.so.1.0.0
7f79337b1000-7f79337c0000 r-xp 00000000 08:05 3548307                    /usr/lib/x86_64-linux-gnu/libwayland-server.so.0.1.0
7f79337c0000-7f79339bf000 ---p 0000f000 08:05 3548307                    /usr/lib/x86_64-linux-gnu/libwayland-server.so.0.1.0
7f79339bf000-7f79339c1000 r--p 0000e000 08:05 3548307                    /usr/lib/x86_64-linux-gnu/libwayland-server.so.0.1.0
7f79339c1000-7f79339c2000 rw-p 00010000 08:05 3548307                    /usr/lib/x86_64-linux-gnu/libwayland-server.so.0.1.0
7f79339c2000-7f79339cd000 r-xp 00000000 08:05 3548301                    /usr/lib/x86_64-linux-gnu/libwayland-client.so.0.2.0
7f79339cd000-7f7933bcc000 ---p 0000b000 08:05 3548301                    /usr/lib/x86_64-linux-gnu/libwayland-client.so.0.2.0
7f7933bcc000-7f7933bce000 r--p 0000a000 08:05 3548301                    /usr/lib/x86_64-linux-gnu/libwayland-client.so.0.2.0
7f7933bce000-7f7933bcf000 rw-p 0000c000 08:05 3548301                    /usr/lib/x86_64-linux-gnu/libwayland-client.so.0.2.0
7f7933bcf000-7f7933bd4000 r-xp 00000000 08:05 3548357                    /usr/lib/x86_64-linux-gnu/libxcb-xfixes.so.0.0.0
7f7933bd4000-7f7933dd4000 ---p 00005000 08:05 3548357                    /usr/lib/x86_64-linux-gnu/libxcb-xfixes.so.0.0.0
7f7933dd4000-7f7933dd5000 r--p 00005000 08:05 3548357                    /usr/lib/x86_64-linux-gnu/libxcb-xfixes.so.0.0.0
7f7933dd5000-7f7933dd6000 rw-p 00006000 08:05 3548357                    /usr/lib/x86_64-linux-gnu/libxcb-xfixes.so.0.0.0
7f7933dd6000-7f7933dfd000 r-xp 00000000 08:05 3804273                    /usr/lib/x86_64-linux-gnu/mesa-egl/libEGL.so.1.0.0
7f7933dfd000-7f7933ffd000 ---p 00027000 08:05 3804273                    /usr/lib/x86_64-linux-gnu/mesa-egl/libEGL.so.1.0.0
7f7933ffd000-7f7933ffe000 r--p 00027000 08:05 3804273                    /usr/lib/x86_64-linux-gnu/mesa-egl/libEGL.so.1.0.0
7f7933ffe000-7f7933fff000 rw-p 00028000 08:05 3804273                    /usr/lib/x86_64-linux-gnu/mesa-egl/libEGL.so.1.0.0
7f7933fff000-7f7934000000 rw-p 00000000 00:00 0 
7f7934000000-7f793484d000 rw-p 00000000 00:00 0 
7f793484d000-7f7938000000 ---p 00000000 00:00 0 
7f7938000000-7f7938021000 rw-p 00000000 00:00 0 
7f7938021000-7f793c000000 ---p 00000000 00:00 0 
7f793c000000-7f793c060000 rw-p 00000000 00:00 0 
7f793c060000-7f7940000000 ---p 00000000 00:00 0 
7f7940000000-7f7942612000 rw-p 00000000 00:00 0 
7f7942612000-7f7944000000 ---p 00000000 00:00 0 
7f7944000000-7f7944021000 rw-p 00000000 00:00 0 
7f7944021000-7f7948000000 ---p 00000000 00:00 0 
7f7948000000-7f7948021000 rw-p 00000000 00:00 0 
7f7948021000-7f794c000000 ---p 00000000 00:00 0 
7f794c000000-7f794c021000 rw-p 00000000 00:00 0 
7f794c021000-7f7950000000 ---p 00000000 00:00 0 
7f7950000000-7f795002b000 rw-p 00000000 00:00 0 
7f795002b000-7f7954000000 ---p 00000000 00:00 0 
7f7954000000-7f7954021000 rw-p 00000000 00:00 0 
7f7954021000-7f7958000000 ---p 00000000 00:00 0 
7f7958000000-7f7958021000 rw-p 00000000 00:00 0 
7f7958021000-7f795c000000 ---p 00000000 00:00 0 
7f795c000000-7f795d340000 rw-p 00000000 00:00 0 
7f795d340000-7f7960000000 ---p 00000000 00:00 0 
7f7960000000-7f7960b08000 rw-p 00000000 00:00 0 
7f7960b08000-7f7964000000 ---p 00000000 00:00 0 
7f7964000000-7f7964021000 rw-p 00000000 00:00 0 
7f7964021000-7f7968000000 ---p 00000000 00:00 0 
7f7968000000-7f79693a4000 rw-p 00000000 00:00 0 
7f79693a4000-7f796c000000 ---p 00000000 00:00 0 
7f796c000000-7f796c021000 rw-p 00000000 00:00 0 
7f796c021000-7f7970000000 ---p 00000000 00:00 0 
7f7970000000-7f7970021000 rw-p 00000000 00:00 0 
7f7970021000-7f7974000000 ---p 00000000 00:00 0 
7f7974000000-7f7974021000 rw-p 00000000 00:00 0 
7f7974021000-7f7978000000 ---p 00000000 00:00 0 
7f7978000000-7f7978021000 rw-p 00000000 00:00 0 
7f7978021000-7f797c000000 ---p 00000000 00:00 0 
7f797c000000-7f797c021000 rw-p 00000000 00:00 0 
7f797c021000-7f7980000000 ---p 00000000 00:00 0 
7f7980000000-7f7980002000 r--s 00000000 08:05 786518                     /var/cache/fontconfig/767a8244fc0220cfb567a839d0392e0b-le64.cache-4
7f7980002000-7f798000f000 r--s 00000000 08:05 806644                     /var/cache/fontconfig/8f02d4cb045bd6ce15663e43f347c9f8-le64.cache-4
7f798006b000-7f798006e000 ---p 00000000 00:00 0 
7f798006e000-7f798016c000 rw-p 00000000 00:00 0 
7f798016c000-7f7980211000 r-xp 00000000 08:05 1860986                    /tmp/jogamp_0000/file_cache/jln7298498628998732279/jln3617468739468193824/libjogl_desktop.so
7f7980211000-7f7980411000 ---p 000a5000 08:05 1860986                    /tmp/jogamp_0000/file_cache/jln7298498628998732279/jln3617468739468193824/libjogl_desktop.so
7f7980411000-7f7980412000 rw-p 000a5000 08:05 1860986                    /tmp/jogamp_0000/file_cache/jln7298498628998732279/jln3617468739468193824/libjogl_desktop.so
7f7980412000-7f798041d000 r-xp 00000000 08:05 3546665                    /usr/lib/x86_64-linux-gnu/libdrm.so.2.4.0
7f798041d000-7f798061c000 ---p 0000b000 08:05 3546665                    /usr/lib/x86_64-linux-gnu/libdrm.so.2.4.0
7f798061c000-7f798061d000 r--p 0000a000 08:05 3546665                    /usr/lib/x86_64-linux-gnu/libdrm.so.2.4.0
7f798061d000-7f798061e000 rw-p 0000b000 08:05 3546665                    /usr/lib/x86_64-linux-gnu/libdrm.so.2.4.0
7f798061e000-7f798061f000 r-xp 00000000 08:05 3548371                    /usr/lib/x86_64-linux-gnu/libxshmfence.so.1.0.0
7f798061f000-7f798081e000 ---p 00001000 08:05 3548371                    /usr/lib/x86_64-linux-gnu/libxshmfence.so.1.0.0
7f798081e000-7f798081f000 r--p 00000000 08:05 3548371                    /usr/lib/x86_64-linux-gnu/libxshmfence.so.1.0.0
7f798081f000-7f7980820000 rw-p 00001000 08:05 3548371                    /usr/lib/x86_64-linux-gnu/libxshmfence.so.1.0.0
7f7980820000-7f7980825000 r-xp 00000000 08:05 3548353                    /usr/lib/x86_64-linux-gnu/libxcb-sync.so.1.0.0
7f7980825000-7f7980a24000 ---p 00005000 08:05 3548353                    /usr/lib/x86_64-linux-gnu/libxcb-sync.so.1.0.0
7f7980a24000-7f7980a25000 r--p 00004000 08:05 3548353                    /usr/lib/x86_64-linux-gnu/libxcb-sync.so.1.0.0
7f7980a25000-7f7980a26000 rw-p 00005000 08:05 3548353                    /usr/lib/x86_64-linux-gnu/libxcb-sync.so.1.0.0
7f7980a26000-7f7980a28000 r-xp 00000000 08:05 3548341                    /usr/lib/x86_64-linux-gnu/libxcb-present.so.0.0.0
7f7980a28000-7f7980c27000 ---p 00002000 08:05 3548341                    /usr/lib/x86_64-linux-gnu/libxcb-present.so.0.0.0
7f7980c27000-7f7980c28000 r--p 00001000 08:05 3548341                    /usr/lib/x86_64-linux-gnu/libxcb-present.so.0.0.0
7f7980c28000-7f7980c29000 rw-p 00002000 08:05 3548341                    /usr/lib/x86_64-linux-gnu/libxcb-present.so.0.0.0
7f7980c29000-7f7980c2b000 r-xp 00000000 08:05 3548331                    /usr/lib/x86_64-linux-gnu/libxcb-dri3.so.0.0.0
7f7980c2b000-7f7980e2a000 ---p 00002000 08:05 3548331                    /usr/lib/x86_64-linux-gnu/libxcb-dri3.so.0.0.0
7f7980e2a000-7f7980e2b000 r--p 00001000 08:05 3548331                    /usr/lib/x86_64-linux-gnu/libxcb-dri3.so.0.0.0
7f7980e2b000-7f7980e2c000 rw-p 00002000 08:05 3548331                    /usr/lib/x86_64-linux-gnu/libxcb-dri3.so.0.0.0
7f7980e2c000-7f7980e2f000 r-xp 00000000 08:05 3548329                    /usr/lib/x86_64-linux-gnu/libxcb-dri2.so.0.0.0
7f7980e2f000-7f798102f000 ---p 00003000 08:05 3548329                    /usr/lib/x86_64-linux-gnu/libxcb-dri2.so.0.0.0
7f798102f000-7f7981030000 r--p 00003000 08:05 3548329                    /usr/lib/x86_64-linux-gnu/libxcb-dri2.so.0.0.0
7f7981030000-7f7981031000 rw-p 00004000 08:05 3548329                    /usr/lib/x86_64-linux-gnu/libxcb-dri2.so.0.0.0
7f7981031000-7f7981046000 r-xp 00000000 08:05 3548333                    /usr/lib/x86_64-linux-gnu/libxcb-glx.so.0.0.0
7f7981046000-7f7981245000 ---p 00015000 08:05 3548333                    /usr/lib/x86_64-linux-gnu/libxcb-glx.so.0.0.0
7f7981245000-7f7981247000 r--p 00014000 08:05 3548333                    /usr/lib/x86_64-linux-gnu/libxcb-glx.so.0.0.0
7f7981247000-7f7981248000 rw-p 00016000 08:05 3548333                    /usr/lib/x86_64-linux-gnu/libxcb-glx.so.0.0.0
7f7981248000-7f7981249000 r-xp 00000000 08:05 3547287                    /usr/lib/x86_64-linux-gnu/libX11-xcb.so.1.0.0
7f7981249000-7f7981448000 ---p 00001000 08:05 3547287                    /usr/lib/x86_64-linux-gnu/libX11-xcb.so.1.0.0
7f7981448000-7f7981449000 r--p 00000000 08:05 3547287                    /usr/lib/x86_64-linux-gnu/libX11-xcb.so.1.0.0
7f7981449000-7f798144a000 rw-p 00001000 08:05 3547287                    /usr/lib/x86_64-linux-gnu/libX11-xcb.so.1.0.0
7f798144a000-7f798144c000 r-xp 00000000 08:05 3547302                    /usr/lib/x86_64-linux-gnu/libXdamage.so.1.1.0
7f798144c000-7f798164b000 ---p 00002000 08:05 3547302                    /usr/lib/x86_64-linux-gnu/libXdamage.so.1.1.0
7f798164b000-7f798164c000 r--p 00001000 08:05 3547302                    /usr/lib/x86_64-linux-gnu/libXdamage.so.1.1.0
7f798164c000-7f798164d000 rw-p 00002000 08:05 3547302                    /usr/lib/x86_64-linux-gnu/libXdamage.so.1.1.0
7f798164d000-7f7981671000 r-xp 00000000 08:05 3547680                    /usr/lib/x86_64-linux-gnu/libglapi.so.0.0.0
7f7981671000-7f7981871000 ---p 00024000 08:05 3547680                    /usr/lib/x86_64-linux-gnu/libglapi.so.0.0.0
7f7981871000-7f7981874000 r--p 00024000 08:05 3547680                    /usr/lib/x86_64-linux-gnu/libglapi.so.0.0.0
7f7981874000-7f7981875000 rw-p 00027000 08:05 3547680                    /usr/lib/x86_64-linux-gnu/libglapi.so.0.0.0
7f7981875000-7f7981876000 rw-p 00000000 00:00 0 
7f7981876000-7f798189d000 r-xp 00000000 08:05 1055113                    /lib/x86_64-linux-gnu/libexpat.so.1.6.0
7f798189d000-7f7981a9d000 ---p 00027000 08:05 1055113                    /lib/x86_64-linux-gnu/libexpat.so.1.6.0
7f7981a9d000-7f7981a9f000 r--p 00027000 08:05 1055113                    /lib/x86_64-linux-gnu/libexpat.so.1.6.0
7f7981a9f000-7f7981aa0000 rw-p 00029000 08:05 1055113                    /lib/x86_64-linux-gnu/libexpat.so.1.6.0
7f7981aa0000-7f7981b2c000 r-xp 00000000 08:05 3804270                    /usr/lib/x86_64-linux-gnu/mesa/libGL.so.1.2.0
7f7981b2c000-7f7981d2b000 ---p 0008c000 08:05 3804270                    /usr/lib/x86_64-linux-gnu/mesa/libGL.so.1.2.0
7f7981d2b000-7f7981d2e000 r--p 0008b000 08:05 3804270                    /usr/lib/x86_64-linux-gnu/mesa/libGL.so.1.2.0
7f7981d2e000-7f7981d2f000 rw-p 0008e000 08:05 3804270                    /usr/lib/x86_64-linux-gnu/mesa/libGL.so.1.2.0
7f7981d2f000-7f7981f30000 rw-p 00000000 00:00 0 
7f7981f30000-7f7982130000 rw-p 00000000 00:00 0 
7f7982130000-7f7982137000 r-xp 00000000 08:05 1860989                    /tmp/jogamp_0000/file_cache/jln7298498628998732279/jln3617468739468193824/libnativewindow_x11.so
7f7982137000-7f7982336000 ---p 00007000 08:05 1860989                    /tmp/jogamp_0000/file_cache/jln7298498628998732279/jln3617468739468193824/libnativewindow_x11.so
7f7982336000-7f7982337000 rw-p 00006000 08:05 1860989                    /tmp/jogamp_0000/file_cache/jln7298498628998732279/jln3617468739468193824/libnativewindow_x11.so
7f7982337000-7f798233b000 r-xp 00000000 08:05 3547344                    /usr/lib/x86_64-linux-gnu/libXxf86vm.so.1.0.0
7f798233b000-7f798253b000 ---p 00004000 08:05 3547344                    /usr/lib/x86_64-linux-gnu/libXxf86vm.so.1.0.0
7f798253b000-7f798253c000 r--p 00004000 08:05 3547344                    /usr/lib/x86_64-linux-gnu/libXxf86vm.so.1.0.0
7f798253c000-7f798253d000 rw-p 00005000 08:05 3547344                    /usr/lib/x86_64-linux-gnu/libXxf86vm.so.1.0.0
7f798253d000-7f798253f000 r-xp 00000000 08:05 1860988                    /tmp/jogamp_0000/file_cache/jln7298498628998732279/jln3617468739468193824/libnativewindow_awt.so
7f798253f000-7f798273e000 ---p 00002000 08:05 1860988                    /tmp/jogamp_0000/file_cache/jln7298498628998732279/jln3617468739468193824/libnativewindow_awt.so
7f798273e000-7f798273f000 rw-p 00001000 08:05 1860988                    /tmp/jogamp_0000/file_cache/jln7298498628998732279/jln3617468739468193824/libnativewindow_awt.so
7f798273f000-7f7982740000 r-xp 00000000 08:05 4752070                    /usr/local/java/jdk1.8.0_60/jre/lib/amd64/libjawt.so
7f7982740000-7f798293f000 ---p 00001000 08:05 4752070                    /usr/local/java/jdk1.8.0_60/jre/lib/amd64/libjawt.so
7f798293f000-7f7982940000 rw-p 00000000 08:05 4752070                    /usr/local/java/jdk1.8.0_60/jre/lib/amd64/libjawt.so
7f7982940000-7f7982942000 r-xp 00000000 08:05 1860985                    /tmp/jogamp_0000/file_cache/jln7298498628998732279/jln3617468739468193824/libgluegen-rt.so
7f7982942000-7f7982b41000 ---p 00002000 08:05 1860985                    /tmp/jogamp_0000/file_cache/jln7298498628998732279/jln3617468739468193824/libgluegen-rt.so
7f7982b41000-7f7982b42000 rw-p 00001000 08:05 1860985                    /tmp/jogamp_0000/file_cache/jln7298498628998732279/jln3617468739468193824/libgluegen-rt.so
7f7982b42000-7f7982b45000 ---p 00000000 00:00 0 
7f7982b45000-7f7982e43000 rw-p 00000000 00:00 0                          [stack:3815]
7f7982e43000-7f7982e46000 ---p 00000000 00:00 0 
7f7982e46000-7f7983144000 rw-p 00000000 00:00 0                          [stack:3806]
7f7983144000-7f7983147000 ---p 00000000 00:00 0 
7f7983147000-7f7983245000 rw-p 00000000 00:00 0                          [stack:3805]
7f7983245000-7f79832ae000 r-xp 00000000 08:05 4752100                    /usr/local/java/jdk1.8.0_60/jre/lib/amd64/libt2k.so
7f79832ae000-7f79834ae000 ---p 00069000 08:05 4752100                    /usr/local/java/jdk1.8.0_60/jre/lib/amd64/libt2k.so
7f79834ae000-7f79834b5000 rw-p 00069000 08:05 4752100                    /usr/local/java/jdk1.8.0_60/jre/lib/amd64/libt2k.so
7f79834b5000-7f79834c5000 rw-p 00000000 00:00 0 
7f79834c5000-7f79834d6000 r-xp 00000000 08:05 4752120                    /usr/local/java/jdk1.8.0_60/jre/lib/amd64/libnio.so
7f79834d6000-7f79836d5000 ---p 00011000 08:05 4752120                    /usr/local/java/jdk1.8.0_60/jre/lib/amd64/libnio.so
7f79836d5000-7f79836d6000 rw-p 00010000 08:05 4752120                    /usr/local/java/jdk1.8.0_60/jre/lib/amd64/libnio.so
7f79836d6000-7f79836ec000 r-xp 00000000 08:05 4752097                    /usr/local/java/jdk1.8.0_60/jre/lib/amd64/libnet.so
7f79836ec000-7f79838ec000 ---p 00016000 08:05 4752097                    /usr/local/java/jdk1.8.0_60/jre/lib/amd64/libnet.so
7f79838ec000-7f79838ed000 rw-p 00016000 08:05 4752097                    /usr/local/java/jdk1.8.0_60/jre/lib/amd64/libnet.so
7f79838ed000-7f79838f0000 ---p 00000000 00:00 0 
7f79838f0000-7f79839ee000 rw-p 00000000 00:00 0                          [stack:3803]
7f79839ee000-7f79839f1000 ---p 00000000 00:00 0 
7f79839f1000-7f7983aef000 rw-p 00000000 00:00 0                          [stack:3802]
7f7983aef000-7f7983af2000 ---p 00000000 00:00 0 
7f7983af2000-7f7983bf0000 rw-p 00000000 00:00 0                          [stack:3801]
7f7983bf0000-7f7983bf5000 r-xp 00000000 08:05 3539424                    /usr/lib/x86_64-linux-gnu/libXfixes.so.3.1.0
7f7983bf5000-7f7983df4000 ---p 00005000 08:05 3539424                    /usr/lib/x86_64-linux-gnu/libXfixes.so.3.1.0
7f7983df4000-7f7983df5000 r--p 00004000 08:05 3539424                    /usr/lib/x86_64-linux-gnu/libXfixes.so.3.1.0
7f7983df5000-7f7983df6000 rw-p 00005000 08:05 3539424                    /usr/lib/x86_64-linux-gnu/libXfixes.so.3.1.0
7f7983df6000-7f7983dff000 r-xp 00000000 08:05 3547300                    /usr/lib/x86_64-linux-gnu/libXcursor.so.1.0.2
7f7983dff000-7f7983ffe000 ---p 00009000 08:05 3547300                    /usr/lib/x86_64-linux-gnu/libXcursor.so.1.0.2
7f7983ffe000-7f7983fff000 r--p 00008000 08:05 3547300                    /usr/lib/x86_64-linux-gnu/libXcursor.so.1.0.2
7f7983fff000-7f7984000000 rw-p 00009000 08:05 3547300                    /usr/lib/x86_64-linux-gnu/libXcursor.so.1.0.2
7f7984000000-7f7984021000 rw-p 00000000 00:00 0 
7f7984021000-7f7988000000 ---p 00000000 00:00 0 
7f7988000000-7f798800b000 r--s 00000000 08:05 795403                     /var/cache/fontconfig/d589a48862398ed80a3d6066f4f56f4c-le64.cache-4
7f798804e000-7f7988051000 ---p 00000000 00:00 0 
7f7988051000-7f798814f000 rw-p 00000000 00:00 0                          [stack:3799]
7f798814f000-7f7988152000 ---p 00000000 00:00 0 
7f7988152000-7f7988250000 rw-p 00000000 00:00 0                          [stack:3798]
7f7988250000-7f7988266000 r-xp 00000000 08:05 1054013                    /lib/x86_64-linux-gnu/libgcc_s.so.1
7f7988266000-7f7988465000 ---p 00016000 08:05 1054013                    /lib/x86_64-linux-gnu/libgcc_s.so.1
7f7988465000-7f7988466000 rw-p 00015000 08:05 1054013                    /lib/x86_64-linux-gnu/libgcc_s.so.1
7f7988466000-7f79884cc000 r-xp 00000000 08:05 4752101                    /usr/local/java/jdk1.8.0_60/jre/lib/amd64/libfontmanager.so
7f79884cc000-7f79886cb000 ---p 00066000 08:05 4752101                    /usr/local/java/jdk1.8.0_60/jre/lib/amd64/libfontmanager.so
7f79886cb000-7f79886cf000 rw-p 00065000 08:05 4752101                    /usr/local/java/jdk1.8.0_60/jre/lib/amd64/libfontmanager.so
7f79886cf000-7f79886e0000 rw-p 00000000 00:00 0 
7f79886e0000-7f79886e5000 r-xp 00000000 08:05 3547304                    /usr/lib/x86_64-linux-gnu/libXdmcp.so.6.0.0
7f79886e5000-7f79888e4000 ---p 00005000 08:05 3547304                    /usr/lib/x86_64-linux-gnu/libXdmcp.so.6.0.0
7f79888e4000-7f79888e5000 r--p 00004000 08:05 3547304                    /usr/lib/x86_64-linux-gnu/libXdmcp.so.6.0.0
7f79888e5000-7f79888e6000 rw-p 00005000 08:05 3547304                    /usr/lib/x86_64-linux-gnu/libXdmcp.so.6.0.0
7f79888e6000-7f79888e8000 r-xp 00000000 08:05 3547293                    /usr/lib/x86_64-linux-gnu/libXau.so.6.0.0
7f79888e8000-7f7988ae8000 ---p 00002000 08:05 3547293                    /usr/lib/x86_64-linux-gnu/libXau.so.6.0.0
7f7988ae8000-7f7988ae9000 r--p 00002000 08:05 3547293                    /usr/lib/x86_64-linux-gnu/libXau.so.6.0.0
7f7988ae9000-7f7988aea000 rw-p 00003000 08:05 3547293                    /usr/lib/x86_64-linux-gnu/libXau.so.6.0.0
7f7988aea000-7f7988b07000 r-xp 00000000 08:05 3548361                    /usr/lib/x86_64-linux-gnu/libxcb.so.1.1.0
7f7988b07000-7f7988d07000 ---p 0001d000 08:05 3548361                    /usr/lib/x86_64-linux-gnu/libxcb.so.1.1.0
7f7988d07000-7f7988d08000 r--p 0001d000 08:05 3548361                    /usr/lib/x86_64-linux-gnu/libxcb.so.1.1.0
7f7988d08000-7f7988d09000 rw-p 0001e000 08:05 3548361                    /usr/lib/x86_64-linux-gnu/libxcb.so.1.1.0
7f7988d09000-7f7988d18000 r-xp 00000000 08:05 3546796                    /usr/lib/x86_64-linux-gnu/libXi.so.6.1.0
7f7988d18000-7f7988f17000 ---p 0000f000 08:05 3546796                    /usr/lib/x86_64-linux-gnu/libXi.so.6.1.0
7f7988f17000-7f7988f18000 r--p 0000e000 08:05 3546796                    /usr/lib/x86_64-linux-gnu/libXi.so.6.1.0
7f7988f18000-7f7988f19000 rw-p 0000f000 08:05 3546796                    /usr/lib/x86_64-linux-gnu/libXi.so.6.1.0
7f7988f19000-7f7988f1e000 r-xp 00000000 08:05 3547334                    /usr/lib/x86_64-linux-gnu/libXtst.so.6.1.0
7f7988f1e000-7f798911d000 ---p 00005000 08:05 3547334                    /usr/lib/x86_64-linux-gnu/libXtst.so.6.1.0
7f798911d000-7f798911e000 r--p 00004000 08:05 3547334                    /usr/lib/x86_64-linux-gnu/libXtst.so.6.1.0
7f798911e000-7f798911f000 rw-p 00005000 08:05 3547334                    /usr/lib/x86_64-linux-gnu/libXtst.so.6.1.0
7f798911f000-7f7989128000 r-xp 00000000 08:05 3546798                    /usr/lib/x86_64-linux-gnu/libXrender.so.1.3.0
7f7989128000-7f7989327000 ---p 00009000 08:05 3546798                    /usr/lib/x86_64-linux-gnu/libXrender.so.1.3.0
7f7989327000-7f7989328000 r--p 00008000 08:05 3546798                    /usr/lib/x86_64-linux-gnu/libXrender.so.1.3.0
7f7989328000-7f7989329000 rw-p 00009000 08:05 3546798                    /usr/lib/x86_64-linux-gnu/libXrender.so.1.3.0
7f7989329000-7f7989459000 r-xp 00000000 08:05 3547289                    /usr/lib/x86_64-linux-gnu/libX11.so.6.3.0
7f7989459000-7f7989659000 ---p 00130000 08:05 3547289                    /usr/lib/x86_64-linux-gnu/libX11.so.6.3.0
7f7989659000-7f798965a000 r--p 00130000 08:05 3547289                    /usr/lib/x86_64-linux-gnu/libX11.so.6.3.0
7f798965a000-7f798965e000 rw-p 00131000 08:05 3547289                    /usr/lib/x86_64-linux-gnu/libX11.so.6.3.0
7f798965e000-7f798966f000 r-xp 00000000 08:05 3540152                    /usr/lib/x86_64-linux-gnu/libXext.so.6.4.0
7f798966f000-7f798986e000 ---p 00011000 08:05 3540152                    /usr/lib/x86_64-linux-gnu/libXext.so.6.4.0
7f798986e000-7f798986f000 r--p 00010000 08:05 3540152                    /usr/lib/x86_64-linux-gnu/libXext.so.6.4.0
7f798986f000-7f7989870000 rw-p 00011000 08:05 3540152                    /usr/lib/x86_64-linux-gnu/libXext.so.6.4.0
7f7989870000-7f79898c4000 r-xp 00000000 08:05 4752107                    /usr/local/java/jdk1.8.0_60/jre/lib/amd64/libawt_xawt.so
7f79898c4000-7f7989ac4000 ---p 00054000 08:05 4752107                    /usr/local/java/jdk1.8.0_60/jre/lib/amd64/libawt_xawt.so
7f7989ac4000-7f7989ac8000 rw-p 00054000 08:05 4752107                    /usr/local/java/jdk1.8.0_60/jre/lib/amd64/libawt_xawt.so
7f7989ac8000-7f7989ac9000 rw-p 00000000 00:00 0 
7f7989ac9000-7f7989b6b000 r-xp 00000000 08:05 4752114                    /usr/local/java/jdk1.8.0_60/jre/lib/amd64/libawt.so
7f7989b6b000-7f7989d6b000 ---p 000a2000 08:05 4752114                    /usr/local/java/jdk1.8.0_60/jre/lib/amd64/libawt.so
7f7989d6b000-7f7989d77000 rw-p 000a2000 08:05 4752114                    /usr/local/java/jdk1.8.0_60/jre/lib/amd64/libawt.so
7f7989d77000-7f7989d9b000 rw-p 00000000 00:00 0 
7f7989d9b000-7f7989d9c000 ---p 00000000 00:00 0 
7f7989d9c000-7f7989e9c000 rw-p 00000000 00:00 0                          [stack:3797]
7f7989e9c000-7f7989e9f000 ---p 00000000 00:00 0 
7f7989e9f000-7f7989f9d000 rw-p 00000000 00:00 0                          [stack:3796]
7f7989f9d000-7f7989fa0000 ---p 00000000 00:00 0 
7f7989fa0000-7f798a09e000 rw-p 00000000 00:00 0                          [stack:3795]
7f798a09e000-7f798a0a1000 ---p 00000000 00:00 0 
7f798a0a1000-7f798a19f000 rw-p 00000000 00:00 0                          [stack:3794]
7f798a19f000-7f798a1a2000 ---p 00000000 00:00 0 
7f798a1a2000-7f798c000000 rw-p 00000000 00:00 0                          [stack:3793]
7f798c000000-7f798c021000 rw-p 00000000 00:00 0 
7f798c021000-7f7990000000 ---p 00000000 00:00 0 
7f7990000000-7f7990001000 r--s 00000000 08:05 790039                     /var/cache/fontconfig/4794a0821666d79190d59a36cb4f44b5-le64.cache-4
7f7990001000-7f7990002000 r--s 00000000 08:05 786514                     /var/cache/fontconfig/56cf4f4769d0f4abc89a4895d7bd3ae1-le64.cache-4
7f7990002000-7f7990003000 r--s 00000000 08:05 786526                     /var/cache/fontconfig/b9d506c9ac06c20b433354fa67a72993-le64.cache-4
7f7990003000-7f7990004000 r--s 00000000 08:05 786503                     /var/cache/fontconfig/0c9eb80ebd1c36541ebe2852d3bb0c49-le64.cache-4
7f7990004000-7f7990008000 r--s 00000000 08:05 802212                     /var/cache/fontconfig/7ef2298fde41cc6eeb7af42e48b7d293-le64.cache-4
7f7990017000-7f7990027000 rw-s 110c93000 00:05 10526                     /dev/dri/card0
7f7990027000-7f7990087000 rw-s 107b3f000 00:05 10526                     /dev/dri/card0
7f7990087000-7f799008b000 rw-s 00000000 00:04 29746                      /drm mm object (deleted)
7f799008b000-7f799009b000 rw-s 108a8a000 00:05 10526                     /dev/dri/card0
7f799009b000-7f79900ab000 rw-s 108a7a000 00:05 10526                     /dev/dri/card0
7f79900ab000-7f79900ae000 ---p 00000000 00:00 0 
7f79900ae000-7f79900e4000 rw-p 00000000 00:00 0                          [stack:3810]
7f79900e4000-7f79900e7000 ---p 00000000 00:00 0 
7f79900e7000-7f79901e5000 rw-p 00000000 00:00 0                          [stack:3792]
7f79901e5000-7f79909fa000 r--p 00000000 08:05 3546206                    /usr/lib/locale/locale-archive
7f79909fa000-7f79909fd000 ---p 00000000 00:00 0 
7f79909fd000-7f7990afb000 rw-p 00000000 00:00 0                          [stack:3791]
7f7990afb000-7f7990afe000 ---p 00000000 00:00 0 
7f7990afe000-7f7990bfc000 rw-p 00000000 00:00 0                          [stack:3790]
7f7990bfc000-7f7990bfd000 ---p 00000000 00:00 0 
7f7990bfd000-7f7991000000 rw-p 00000000 00:00 0                          [stack:3789]
7f7991000000-7f79919c0000 rwxp 00000000 00:00 0 
7f79919c0000-7f79a0000000 ---p 00000000 00:00 0 
7f79a0000000-7f79a02ac000 rw-p 00000000 00:00 0 
7f79a02ac000-7f79a4000000 ---p 00000000 00:00 0 
7f79a4000000-7f79a4002000 r--s 00000000 08:05 806645                     /var/cache/fontconfig/16326683038b281783a0ef8c680e3a10-le64.cache-4
7f79a4002000-7f79a4003000 r--s 00000000 08:05 806643                     /var/cache/fontconfig/e0aa53bcfa504e64f87823c16bc01eb6-le64.cache-4
7f79a4003000-7f79a4004000 rw-p 00000000 00:00 0 
7f79a4004000-7f79a4005000 rw-s 00000000 00:04 28862                      /drm mm object (deleted)
7f79a4005000-7f79a4007000 rw-s 00000000 00:04 29736                      /drm mm object (deleted)
7f79a4007000-7f79a4008000 rw-s 00000000 00:04 24493                      /drm mm object (deleted)
7f79a4008000-7f79a4009000 rwxp 00000000 00:00 0 
7f79a4009000-7f79a400a000 r--s 0002f000 08:05 4757279                    /home/elena/java/workspace/UCSDUnfoldingMaps/lib/jogl-all-natives-linux-amd64.jar
7f79a400a000-7f79a400e000 r--s 00095000 08:05 4618331                    /usr/local/java/jdk1.8.0_60/jre/lib/jsse.jar
7f79a400e000-7f79a403f000 rw-p 00000000 00:00 0 
7f79a403f000-7f79a4045000 r--s 00033000 08:05 4757290                    /home/elena/java/workspace/UCSDUnfoldingMaps/lib/unfolding.0.9.7-uscd.jar
7f79a4045000-7f79a404a000 r--s 00309000 08:05 4757289                    /home/elena/java/workspace/UCSDUnfoldingMaps/lib/sqlite-jdbc-3.7.2.jar
7f79a404a000-7f79a406d000 r--s 002ec000 08:05 4757285                    /home/elena/java/workspace/UCSDUnfoldingMaps/lib/jogl-all.jar
7f79a406d000-7f79a4d2b000 rw-p 00000000 00:00 0 
7f79a4d2b000-7f79a4f03000 r--s 03d17000 08:05 4618326                    /usr/local/java/jdk1.8.0_60/jre/lib/rt.jar
7f79a4f03000-7f79a594f000 rw-p 00000000 00:00 0 
7f79a594f000-7f79a5950000 ---p 00000000 00:00 0 
7f79a5950000-7f79a5a50000 rw-p 00000000 00:00 0                          [stack:3788]
7f79a5a50000-7f79a5a51000 ---p 00000000 00:00 0 
7f79a5a51000-7f79a5b51000 rw-p 00000000 00:00 0                          [stack:3787]
7f79a5b51000-7f79a5b52000 ---p 00000000 00:00 0 
7f79a5b52000-7f79a5c52000 rw-p 00000000 00:00 0                          [stack:3786]
7f79a5c52000-7f79a5c53000 ---p 00000000 00:00 0 
7f79a5c53000-7f79a5d6a000 rw-p 00000000 00:00 0                          [stack:3785]
7f79a5d6a000-7f79a5e8d000 ---p 00000000 00:00 0 
7f79a5e8d000-7f79a5ea4000 rw-p 00000000 00:00 0 
7f79a5ea4000-7f79a5fc6000 ---p 00000000 00:00 0 
7f79a5fc6000-7f79a5ff9000 rw-p 00000000 00:00 0 
7f79a5ff9000-7f79a6063000 ---p 00000000 00:00 0 
7f79a6063000-7f79a608b000 rw-p 00000000 00:00 0 
7f79a608b000-7f79a6424000 ---p 00000000 00:00 0 
7f79a6424000-7f79a643e000 r-xp 00000000 08:05 4752090                    /usr/local/java/jdk1.8.0_60/jre/lib/amd64/libzip.so
7f79a643e000-7f79a663e000 ---p 0001a000 08:05 4752090                    /usr/local/java/jdk1.8.0_60/jre/lib/amd64/libzip.so
7f79a663e000-7f79a663f000 rw-p 0001a000 08:05 4752090                    /usr/local/java/jdk1.8.0_60/jre/lib/amd64/libzip.so
7f79a663f000-7f79a664a000 r-xp 00000000 08:05 1048669                    /lib/x86_64-linux-gnu/libnss_files-2.19.so
7f79a664a000-7f79a6849000 ---p 0000b000 08:05 1048669                    /lib/x86_64-linux-gnu/libnss_files-2.19.so
7f79a6849000-7f79a684a000 r--p 0000a000 08:05 1048669                    /lib/x86_64-linux-gnu/libnss_files-2.19.so
7f79a684a000-7f79a684b000 rw-p 0000b000 08:05 1048669                    /lib/x86_64-linux-gnu/libnss_files-2.19.so
7f79a684b000-7f79a6856000 r-xp 00000000 08:05 1052704                    /lib/x86_64-linux-gnu/libnss_nis-2.19.so
7f79a6856000-7f79a6a55000 ---p 0000b000 08:05 1052704                    /lib/x86_64-linux-gnu/libnss_nis-2.19.so
7f79a6a55000-7f79a6a56000 r--p 0000a000 08:05 1052704                    /lib/x86_64-linux-gnu/libnss_nis-2.19.so
7f79a6a56000-7f79a6a57000 rw-p 0000b000 08:05 1052704                    /lib/x86_64-linux-gnu/libnss_nis-2.19.so
7f79a6a57000-7f79a6a6e000 r-xp 00000000 08:05 1048678                    /lib/x86_64-linux-gnu/libnsl-2.19.so
7f79a6a6e000-7f79a6c6d000 ---p 00017000 08:05 1048678                    /lib/x86_64-linux-gnu/libnsl-2.19.so
7f79a6c6d000-7f79a6c6e000 r--p 00016000 08:05 1048678                    /lib/x86_64-linux-gnu/libnsl-2.19.so
7f79a6c6e000-7f79a6c6f000 rw-p 00017000 08:05 1048678                    /lib/x86_64-linux-gnu/libnsl-2.19.so
7f79a6c6f000-7f79a6c71000 rw-p 00000000 00:00 0 
7f79a6c71000-7f79a6c7a000 r-xp 00000000 08:05 1048677                    /lib/x86_64-linux-gnu/libnss_compat-2.19.so
7f79a6c7a000-7f79a6e79000 ---p 00009000 08:05 1048677                    /lib/x86_64-linux-gnu/libnss_compat-2.19.so
7f79a6e79000-7f79a6e7a000 r--p 00008000 08:05 1048677                    /lib/x86_64-linux-gnu/libnss_compat-2.19.so
7f79a6e7a000-7f79a6e7b000 rw-p 00009000 08:05 1048677                    /lib/x86_64-linux-gnu/libnss_compat-2.19.so
7f79a6e7b000-7f79a6ea5000 r-xp 00000000 08:05 4752050                    /usr/local/java/jdk1.8.0_60/jre/lib/amd64/libjava.so
7f79a6ea5000-7f79a70a5000 ---p 0002a000 08:05 4752050                    /usr/local/java/jdk1.8.0_60/jre/lib/amd64/libjava.so
7f79a70a5000-7f79a70a7000 rw-p 0002a000 08:05 4752050                    /usr/local/java/jdk1.8.0_60/jre/lib/amd64/libjava.so
7f79a70a7000-7f79a70b4000 r-xp 00000000 08:05 4752078                    /usr/local/java/jdk1.8.0_60/jre/lib/amd64/libverify.so
7f79a70b4000-7f79a72b4000 ---p 0000d000 08:05 4752078                    /usr/local/java/jdk1.8.0_60/jre/lib/amd64/libverify.so
7f79a72b4000-7f79a72b6000 rw-p 0000d000 08:05 4752078                    /usr/local/java/jdk1.8.0_60/jre/lib/amd64/libverify.so
7f79a72b6000-7f79a72bd000 r-xp 00000000 08:05 1052699                    /lib/x86_64-linux-gnu/librt-2.19.so
7f79a72bd000-7f79a74bc000 ---p 00007000 08:05 1052699                    /lib/x86_64-linux-gnu/librt-2.19.so
7f79a74bc000-7f79a74bd000 r--p 00006000 08:05 1052699                    /lib/x86_64-linux-gnu/librt-2.19.so
7f79a74bd000-7f79a74be000 rw-p 00007000 08:05 1052699                    /lib/x86_64-linux-gnu/librt-2.19.so
7f79a74be000-7f79a75c3000 r-xp 00000000 08:05 1048668                    /lib/x86_64-linux-gnu/libm-2.19.so
7f79a75c3000-7f79a77c2000 ---p 00105000 08:05 1048668                    /lib/x86_64-linux-gnu/libm-2.19.so
7f79a77c2000-7f79a77c3000 r--p 00104000 08:05 1048668                    /lib/x86_64-linux-gnu/libm-2.19.so
7f79a77c3000-7f79a77c4000 rw-p 00105000 08:05 1048668                    /lib/x86_64-linux-gnu/libm-2.19.so
7f79a77c4000-7f79a8482000 r-xp 00000000 08:05 4884599                    /usr/local/java/jdk1.8.0_60/jre/lib/amd64/server/libjvm.so
7f79a8482000-7f79a8681000 ---p 00cbe000 08:05 4884599                    /usr/local/java/jdk1.8.0_60/jre/lib/amd64/server/libjvm.so
7f79a8681000-7f79a8759000 rw-p 00cbd000 08:05 4884599                    /usr/local/java/jdk1.8.0_60/jre/lib/amd64/server/libjvm.so
7f79a8759000-7f79a879e000 rw-p 00000000 00:00 0 
7f79a879e000-7f79a8959000 r-xp 00000000 08:05 1052688                    /lib/x86_64-linux-gnu/libc-2.19.so
7f79a8959000-7f79a8b58000 ---p 001bb000 08:05 1052688                    /lib/x86_64-linux-gnu/libc-2.19.so
7f79a8b58000-7f79a8b5c000 r--p 001ba000 08:05 1052688                    /lib/x86_64-linux-gnu/libc-2.19.so
7f79a8b5c000-7f79a8b5e000 rw-p 001be000 08:05 1052688                    /lib/x86_64-linux-gnu/libc-2.19.so
7f79a8b5e000-7f79a8b63000 rw-p 00000000 00:00 0 
7f79a8b63000-7f79a8b66000 r-xp 00000000 08:05 1048672                    /lib/x86_64-linux-gnu/libdl-2.19.so
7f79a8b66000-7f79a8d65000 ---p 00003000 08:05 1048672                    /lib/x86_64-linux-gnu/libdl-2.19.so
7f79a8d65000-7f79a8d66000 r--p 00002000 08:05 1048672                    /lib/x86_64-linux-gnu/libdl-2.19.so
7f79a8d66000-7f79a8d67000 rw-p 00003000 08:05 1048672                    /lib/x86_64-linux-gnu/libdl-2.19.so
7f79a8d67000-7f79a8d7c000 r-xp 00000000 08:05 4475228                    /usr/local/java/jdk1.8.0_60/lib/amd64/jli/libjli.so
7f79a8d7c000-7f79a8f7c000 ---p 00015000 08:05 4475228                    /usr/local/java/jdk1.8.0_60/lib/amd64/jli/libjli.so
7f79a8f7c000-7f79a8f7d000 rw-p 00015000 08:05 4475228                    /usr/local/java/jdk1.8.0_60/lib/amd64/jli/libjli.so
7f79a8f7d000-7f79a8f96000 r-xp 00000000 08:05 1052689                    /lib/x86_64-linux-gnu/libpthread-2.19.so
7f79a8f96000-7f79a9195000 ---p 00019000 08:05 1052689                    /lib/x86_64-linux-gnu/libpthread-2.19.so
7f79a9195000-7f79a9196000 r--p 00018000 08:05 1052689                    /lib/x86_64-linux-gnu/libpthread-2.19.so
7f79a9196000-7f79a9197000 rw-p 00019000 08:05 1052689                    /lib/x86_64-linux-gnu/libpthread-2.19.so
7f79a9197000-7f79a919b000 rw-p 00000000 00:00 0 
7f79a919b000-7f79a91be000 r-xp 00000000 08:05 1048680                    /lib/x86_64-linux-gnu/ld-2.19.so
7f79a91be000-7f79a91c0000 r--s 00000000 08:05 4757272                    /home/elena/java/workspace/UCSDUnfoldingMaps/lib/gluegen-rt-natives-linux-amd64.jar
7f79a91c0000-7f79a91c1000 r--p 00000000 00:00 0 
7f79a91c1000-7f79a91c2000 r--s 00005000 08:05 4757287                    /home/elena/java/workspace/UCSDUnfoldingMaps/lib/libTUIO.jar
7f79a91c2000-7f79a929a000 rw-p 00000000 00:00 0 
7f79a929a000-7f79a929d000 ---p 00000000 00:00 0 
7f79a929d000-7f79a939f000 rw-p 00000000 00:00 0                          [stack:3784]
7f79a939f000-7f79a93a0000 r--s 00007000 08:05 4757286                    /home/elena/java/workspace/UCSDUnfoldingMaps/lib/json4processing.jar
7f79a93a0000-7f79a93a7000 r--s 00059000 08:05 4757288                    /home/elena/java/workspace/UCSDUnfoldingMaps/lib/log4j-1.2.15.jar
7f79a93a7000-7f79a93ad000 r--s 00041000 08:05 4757278                    /home/elena/java/workspace/UCSDUnfoldingMaps/lib/gluegen-rt.jar
7f79a93ad000-7f79a93b1000 r--s 0009a000 08:05 4757271                    /home/elena/java/workspace/UCSDUnfoldingMaps/lib/core.jar
7f79a93b1000-7f79a93b9000 rw-s 00000000 08:05 1860975                    /tmp/hsperfdata_elena/3778
7f79a93b9000-7f79a93ba000 rw-p 00000000 00:00 0 
7f79a93ba000-7f79a93bb000 r--p 00000000 00:00 0 
7f79a93bb000-7f79a93bd000 rw-p 00000000 00:00 0 
7f79a93bd000-7f79a93be000 r--p 00022000 08:05 1048680                    /lib/x86_64-linux-gnu/ld-2.19.so
7f79a93be000-7f79a93bf000 rw-p 00023000 08:05 1048680                    /lib/x86_64-linux-gnu/ld-2.19.so
7f79a93bf000-7f79a93c0000 rw-p 00000000 00:00 0 
7ffe45492000-7ffe454b3000 rw-p 00000000 00:00 0                          [stack]
7ffe455ab000-7ffe455ad000 r-xp 00000000 00:00 0                          [vdso]
7ffe455ad000-7ffe455af000 r--p 00000000 00:00 0                          [vvar]
ffffffffff600000-ffffffffff601000 r-xp 00000000 00:00 0                  [vsyscall]

VM Arguments:
jvm_args: -Djava.security.policy=java.policy.applet -Dfile.encoding=UTF-8 
java_command: sun.applet.AppletViewer module5.EarthquakeCityMap1454711041853.html
java_class_path (initial): /home/elena/java/workspace/UCSDUnfoldingMaps/build:/home/elena/java/workspace/UCSDUnfoldingMaps/lib/core.jar:/home/elena/java/workspace/UCSDUnfoldingMaps/lib/gluegen-rt.jar:/home/elena/java/workspace/UCSDUnfoldingMaps/lib/jogl-all.jar:/home/elena/java/workspace/UCSDUnfoldingMaps/lib/log4j-1.2.15.jar:/home/elena/java/workspace/UCSDUnfoldingMaps/lib/sqlite-jdbc-3.7.2.jar:/home/elena/java/workspace/UCSDUnfoldingMaps/lib/json4processing.jar:/home/elena/java/workspace/UCSDUnfoldingMaps/lib/libTUIO.jar:/home/elena/java/workspace/UCSDUnfoldingMaps/lib/unfolding.0.9.7-uscd.jar
Launcher Type: SUN_STANDARD

Environment Variables:
JAVA_HOME=/usr/local/java/jdk1.8.0_60
PATH=/usr/local/sbin:/usr/local/bin:/usr/sbin:/usr/bin:/sbin:/bin:/usr/games:/usr/local/games:/home/elena/bin:/usr/local/java/jdk1.8.0_60/bin
SHELL=/bin/bash
DISPLAY=:0

Signal Handlers:
SIGSEGV: [libjvm.so+0xaba070], sa_mask[0]=11111111011111111101111111111110, sa_flags=SA_RESTART|SA_SIGINFO
SIGBUS: [libjvm.so+0xaba070], sa_mask[0]=11111111011111111101111111111110, sa_flags=SA_RESTART|SA_SIGINFO
SIGFPE: [libjvm.so+0x917630], sa_mask[0]=11111111011111111101111111111110, sa_flags=SA_RESTART|SA_SIGINFO
SIGPIPE: [libjvm.so+0x917630], sa_mask[0]=11111111011111111101111111111110, sa_flags=SA_RESTART|SA_SIGINFO
SIGXFSZ: [libjvm.so+0x917630], sa_mask[0]=11111111011111111101111111111110, sa_flags=SA_RESTART|SA_SIGINFO
SIGILL: [libjvm.so+0x917630], sa_mask[0]=11111111011111111101111111111110, sa_flags=SA_RESTART|SA_SIGINFO
SIGUSR1: SIG_DFL, sa_mask[0]=00000000000000000000000000000000, sa_flags=none
SIGUSR2: [libjvm.so+0x918c60], sa_mask[0]=00100000000000000000000000000000, sa_flags=SA_RESTART|SA_SIGINFO
SIGHUP: [libjvm.so+0x91a060], sa_mask[0]=11111111011111111101111111111110, sa_flags=SA_RESTART|SA_SIGINFO
SIGINT: [libjvm.so+0x91a060], sa_mask[0]=11111111011111111101111111111110, sa_flags=SA_RESTART|SA_SIGINFO
SIGTERM: [libjvm.so+0x91a060], sa_mask[0]=11111111011111111101111111111110, sa_flags=SA_RESTART|SA_SIGINFO
SIGQUIT: [libjvm.so+0x91a060], sa_mask[0]=11111111011111111101111111111110, sa_flags=SA_RESTART|SA_SIGINFO


---------------  S Y S T E M  ---------------

OS:DISTRIB_ID=Ubuntu
DISTRIB_RELEASE=14.04
DISTRIB_CODENAME=trusty
DISTRIB_DESCRIPTION="Ubuntu 14.04.3 LTS"

uname:Linux 3.16.0-60-generic #80~14.04.1-Ubuntu SMP Wed Jan 20 13:37:48 UTC 2016 x86_64
libc:glibc 2.19 NPTL 2.19 
rlimit: STACK 8192k, CORE 0k, NPROC 14927, NOFILE 4096, AS infinity
load average:0,98 0,56 0,40

/proc/meminfo:
MemTotal:        3842800 kB
MemFree:         1022176 kB
MemAvailable:    1593648 kB
Buffers:          132196 kB
Cached:          1160208 kB
SwapCached:            0 kB
Active:          1691780 kB
Inactive:         941248 kB
Active(anon):    1343056 kB
Inactive(anon):   577620 kB
Active(file):     348724 kB
Inactive(file):   363628 kB
Unevictable:          32 kB
Mlocked:              32 kB
SwapTotal:       3987452 kB
SwapFree:        3987452 kB
Dirty:               276 kB
Writeback:             0 kB
AnonPages:       1340680 kB
Mapped:           233844 kB
Shmem:            580056 kB
Slab:              83232 kB
SReclaimable:      56112 kB
SUnreclaim:        27120 kB
KernelStack:        7616 kB
PageTables:        27076 kB
NFS_Unstable:          0 kB
Bounce:                0 kB
WritebackTmp:          0 kB
CommitLimit:     5908852 kB
Committed_AS:    4262332 kB
VmallocTotal:   34359738367 kB
VmallocUsed:      426624 kB
VmallocChunk:   34359271292 kB
HardwareCorrupted:     0 kB
AnonHugePages:    731136 kB
HugePages_Total:       0
HugePages_Free:        0
HugePages_Rsvd:        0
HugePages_Surp:        0
Hugepagesize:       2048 kB
DirectMap4k:       57600 kB
DirectMap2M:     3930112 kB


CPU:total 4 (2 cores per cpu, 2 threads per core) family 6 model 37 stepping 5, cmov, cx8, fxsr, mmx, sse, sse2, sse3, ssse3, sse4.1, sse4.2, popcnt, ht, tsc, tscinvbit

/proc/cpuinfo:
processor	: 0
vendor_id	: GenuineIntel
cpu family	: 6
model		: 37
model name	: Intel(R) Core(TM) i5 CPU       M 460  @ 2.53GHz
stepping	: 5
microcode	: 0x2
cpu MHz		: 1199.000
cache size	: 3072 KB
physical id	: 0
siblings	: 4
core id		: 0
cpu cores	: 2
apicid		: 0
initial apicid	: 0
fpu		: yes
fpu_exception	: yes
cpuid level	: 11
wp		: yes
flags		: fpu vme de pse tsc msr pae mce cx8 apic sep mtrr pge mca cmov pat pse36 clflush dts acpi mmx fxsr sse sse2 ss ht tm pbe syscall nx rdtscp lm constant_tsc arch_perfmon pebs bts rep_good nopl xtopology nonstop_tsc aperfmperf pni dtes64 monitor ds_cpl vmx est tm2 ssse3 cx16 xtpr pdcm pcid sse4_1 sse4_2 popcnt lahf_lm ida arat dtherm tpr_shadow vnmi flexpriority ept vpid
bogomips	: 5054.50
clflush size	: 64
cache_alignment	: 64
address sizes	: 36 bits physical, 48 bits virtual
power management:

processor	: 1
vendor_id	: GenuineIntel
cpu family	: 6
model		: 37
model name	: Intel(R) Core(TM) i5 CPU       M 460  @ 2.53GHz
stepping	: 5
microcode	: 0x2
cpu MHz		: 1199.000
cache size	: 3072 KB
physical id	: 0
siblings	: 4
core id		: 0
cpu cores	: 2
apicid		: 1
initial apicid	: 1
fpu		: yes
fpu_exception	: yes
cpuid level	: 11
wp		: yes
flags		: fpu vme de pse tsc msr pae mce cx8 apic sep mtrr pge mca cmov pat pse36 clflush dts acpi mmx fxsr sse sse2 ss ht tm pbe syscall nx rdtscp lm constant_tsc arch_perfmon pebs bts rep_good nopl xtopology nonstop_tsc aperfmperf pni dtes64 monitor ds_cpl vmx est tm2 ssse3 cx16 xtpr pdcm pcid sse4_1 sse4_2 popcnt lahf_lm ida arat dtherm tpr_shadow vnmi flexpriority ept vpid
bogomips	: 5054.50
clflush size	: 64
cache_alignment	: 64
address sizes	: 36 bits physical, 48 bits virtual
power management:

processor	: 2
vendor_id	: GenuineIntel
cpu family	: 6
model		: 37
model name	: Intel(R) Core(TM) i5 CPU       M 460  @ 2.53GHz
stepping	: 5
microcode	: 0x2
cpu MHz		: 1199.000
cache size	: 3072 KB
physical id	: 0
siblings	: 4
core id		: 2
cpu cores	: 2
apicid		: 4
initial apicid	: 4
fpu		: yes
fpu_exception	: yes
cpuid level	: 11
wp		: yes
flags		: fpu vme de pse tsc msr pae mce cx8 apic sep mtrr pge mca cmov pat pse36 clflush dts acpi mmx fxsr sse sse2 ss ht tm pbe syscall nx rdtscp lm constant_tsc arch_perfmon pebs bts rep_good nopl xtopology nonstop_tsc aperfmperf pni dtes64 monitor ds_cpl vmx est tm2 ssse3 cx16 xtpr pdcm pcid sse4_1 sse4_2 popcnt lahf_lm ida arat dtherm tpr_shadow vnmi flexpriority ept vpid
bogomips	: 5054.50
clflush size	: 64
cache_alignment	: 64
address sizes	: 36 bits physical, 48 bits virtual
power management:

processor	: 3
vendor_id	: GenuineIntel
cpu family	: 6
model		: 37
model name	: Intel(R) Core(TM) i5 CPU       M 460  @ 2.53GHz
stepping	: 5
microcode	: 0x2
cpu MHz		: 2133.000
cache size	: 3072 KB
physical id	: 0
siblings	: 4
core id		: 2
cpu cores	: 2
apicid		: 5
initial apicid	: 5
fpu		: yes
fpu_exception	: yes
cpuid level	: 11
wp		: yes
flags		: fpu vme de pse tsc msr pae mce cx8 apic sep mtrr pge mca cmov pat pse36 clflush dts acpi mmx fxsr sse sse2 ss ht tm pbe syscall nx rdtscp lm constant_tsc arch_perfmon pebs bts rep_good nopl xtopology nonstop_tsc aperfmperf pni dtes64 monitor ds_cpl vmx est tm2 ssse3 cx16 xtpr pdcm pcid sse4_1 sse4_2 popcnt lahf_lm ida arat dtherm tpr_shadow vnmi flexpriority ept vpid
bogomips	: 5054.50
clflush size	: 64
cache_alignment	: 64
address sizes	: 36 bits physical, 48 bits virtual
power management:



Memory: 4k page, physical 3842800k(1022176k free), swap 3987452k(3987452k free)

vm_info: Java HotSpot(TM) 64-Bit Server VM (25.60-b23) for linux-amd64 JRE (1.8.0_60-b27), built on Aug  4 2015 12:19:40 by "java_re" with gcc 4.3.0 20080428 (Red Hat 4.3.0-8)

time: Sat Feb  6 00:24:46 2016
elapsed time: 44 seconds (0d 0h 0m 44s)

