#
# A fatal error has been detected by the Java Runtime Environment:
#
#  SIGSEGV (0xb) at pc=0x00007f7ee84a1b30, pid=3850, tid=140184061232896
#
# JRE version: Java(TM) SE Runtime Environment (8.0_60-b27) (build 1.8.0_60-b27)
# Java VM: Java HotSpot(TM) 64-Bit Server VM (25.60-b23 mixed mode linux-amd64 compressed oops)
# Problematic frame:
# C  [i965_dri.so+0x2f2b30]
#
# Failed to write core dump. Core dumps have been disabled. To enable core dumping, try "ulimit -c unlimited" before starting Java again
#
# If you would like to submit a bug report, please visit:
#   http://bugreport.java.com/bugreport/crash.jsp
# The crash happened outside the Java Virtual Machine in native code.
# See problematic frame for where to report the bug.
#

---------------  T H R E A D  ---------------

Current thread (0x00007f7f04002800):  JavaThread "AWT-EventQueue-1" [_thread_in_native, id=3877, stack(0x00007f7f251c4000,0x00007f7f252c5000)]

siginfo: si_signo: 11 (SIGSEGV), si_code: 1 (SEGV_MAPERR), si_addr: 0x000000000000c540

Registers:
RAX=0x00007f7ee84a1b20, RBX=0x000000000000c000, RCX=0x0000000000000000, RDX=0x0000000000000001
RSP=0x00007f7f252c2310, RBP=0x00007f7ef4506bb0, RSI=0x00007f7f0178f330, RDI=0x0000000100000000
R8 =0x0000000000000000, R9 =0x00007f7ef39b39c0, R10=0x00007f7f51013768, R11=0x00007f7f660ecf10
R12=0x00007f7ef45bdf10, R13=0x0000000000000000, R14=0x00007f7ef45bdc10, R15=0x0000000000000000
RIP=0x00007f7ee84a1b30, EFLAGS=0x0000000000010206, CSGSFS=0x0000000000000033, ERR=0x0000000000000004
  TRAPNO=0x000000000000000e

Top of Stack: (sp=0x00007f7f252c2310)
0x00007f7f252c2310:   00007f7f252c2400 0000000000000000
0x00007f7f252c2320:   00007f7f00062420 00007f7ef4506bb0
0x00007f7f252c2330:   00007f7ef45bdf10 00007f7ef39b3a4e
0x00007f7f252c2340:   00007f7f252c2378 00007f7ef3bfe640
0x00007f7f252c2350:   00007f7ef4558400 00007f7e00000000
0x00007f7f252c2360:   0000000000000000 0000000000000000
0x00007f7f252c2370:   0000000000000000 00007f7f00062420
0x00007f7f252c2380:   0000000003e0006c 00007f7ef3c51210
0x00007f7f252c2390:   00007f7f252c2400 0000000000000000
0x00007f7f252c23a0:   00007f7ef3c51210 00007f7f252c24c8
0x00007f7f252c23b0:   00007f7f04002800 00007f7ef20c8849
0x00007f7f252c23c0:   00007f7ef3d64b50 00007f7ef398c9b0
0x00007f7f252c23d0:   0000000003e0006c 00007f7ef4558400
0x00007f7f252c23e0:   00007f7f252c2490 00007f7f040029f8
0x00007f7f252c23f0:   00007f7f51007760 00007f7ef398c9b0
0x00007f7f252c2400:   00007f7f252c2480 00007f7f51013794
0x00007f7f252c2410:   00007f7ef3d249dc 00007f7f252c2468
0x00007f7f252c2420:   00007f7ef3d26f10 0000000000000000
0x00007f7f252c2430:   00007f7ef3d24a18 0000000000000000
0x00007f7f252c2440:   00007f7f252c2440 0000000000000000
0x00007f7f252c2450:   00007f7f252c24c8 00007f7ef3c528b0
0x00007f7f252c2460:   0000000000000000 00007f7ef3c51210
0x00007f7f252c2470:   0000000000000000 00007f7f252c24a0
0x00007f7f252c2480:   00007f7f252c2510 00007f7f51007c4d
0x00007f7f252c2490:   00000000c63b8ac0 00007f7f5100f578
0x00007f7f252c24a0:   00007f7ef398c9b0 00007f7f5101eec3
0x00007f7f252c24b0:   0000000003e0006c 00007f7f00000000
0x00007f7f252c24c0:   00007f7ef4558400 00000000c63e7030
0x00007f7f252c24d0:   00007f7f252c24d0 00007f7ef3c51161
0x00007f7f252c24e0:   00007f7f252c2548 00007f7ef3c528b0
0x00007f7f252c24f0:   0000000000000000 00007f7ef3c51170
0x00007f7f252c2500:   00007f7f252c24a0 00007f7f252c2530 

Instructions: (pc=0x00007f7ee84a1b30)
0x00007f7ee84a1b10:   48 83 c4 10 5b 5d 41 5c c3 0f 1f 80 00 00 00 00
0x00007f7ee84a1b20:   41 54 55 53 48 83 ec 10 48 8b 1f 48 85 db 74 3d
0x00007f7ee84a1b30:   f6 83 40 05 00 00 01 49 89 f4 89 cd 75 72 83 e2
0x00007f7ee84a1b40:   01 75 5d 83 e5 fd 74 38 48 8d 35 71 4e 17 00 ba 

Register to memory mapping:

RAX=0x00007f7ee84a1b20: <offset 0x2f2b20> in /usr/lib/x86_64-linux-gnu/dri/i965_dri.so at 0x00007f7ee81af000
RBX=0x000000000000c000 is an unknown value
RCX=0x0000000000000000 is an unknown value
RDX=0x0000000000000001 is an unknown value
RSP=0x00007f7f252c2310 is pointing into the stack for thread: 0x00007f7f04002800
RBP=0x00007f7ef4506bb0 is an unknown value
RSI=0x00007f7f0178f330 is an unknown value
RDI=0x0000000100000000 is pointing into metadata
R8 =0x0000000000000000 is an unknown value
R9 =0x00007f7ef39b39c0: <offset 0x439c0> in /usr/lib/x86_64-linux-gnu/mesa/libGL.so.1 at 0x00007f7ef3970000
R10=0x00007f7f51013768 is at code_begin+808 in an Interpreter codelet
method entry point (kind = native)  [0x00007f7f51013440, 0x00007f7f51013d40]  2304 bytes
R11=0x00007f7f660ecf10: <offset 0x9b8f10> in /usr/local/java/jdk1.8.0_60/jre/lib/amd64/server/libjvm.so at 0x00007f7f65734000
R12=0x00007f7ef45bdf10 is an unknown value
R13=0x0000000000000000 is an unknown value
R14=0x00007f7ef45bdc10 is an unknown value
R15=0x0000000000000000 is an unknown value


Stack: [0x00007f7f251c4000,0x00007f7f252c5000],  sp=0x00007f7f252c2310,  free space=1016k
Native frames: (J=compiled Java code, j=interpreted, Vv=VM code, C=native code)
C  [i965_dri.so+0x2f2b30]

Java frames: (J=compiled Java code, j=interpreted, Vv=VM code)
j  jogamp.opengl.x11.glx.GLX.dispatch_glXSwapBuffers0(JJJ)V+0
j  jogamp.opengl.x11.glx.GLX.glXSwapBuffers(JJ)V+41
j  jogamp.opengl.x11.glx.X11GLXDrawable.swapBuffersImpl(Z)V+17
j  jogamp.opengl.GLDrawableImpl.swapBuffers()V+67
j  javax.media.opengl.awt.GLCanvas$12.run()V+45
J 3086 C1 java.awt.event.InvocationEvent.dispatch()V (69 bytes) @ 0x00007f7f5185380c [0x00007f7f518536c0+0x14c]
J 3081 C1 java.awt.EventQueue.dispatchEventImpl(Ljava/awt/AWTEvent;Ljava/lang/Object;)V (149 bytes) @ 0x00007f7f513a6b7c [0x00007f7f513a5000+0x1b7c]
J 3079 C1 java.awt.EventQueue$3.run()Ljava/lang/Void; (60 bytes) @ 0x00007f7f515f8fc4 [0x00007f7f515f8dc0+0x204]
J 3078 C1 java.awt.EventQueue$3.run()Ljava/lang/Object; (5 bytes) @ 0x00007f7f5169d70c [0x00007f7f5169d680+0x8c]
v  ~StubRoutines::call_stub
J 491  java.security.AccessController.doPrivileged(Ljava/security/PrivilegedAction;Ljava/security/AccessControlContext;)Ljava/lang/Object; (0 bytes) @ 0x00007f7f5121e4e3 [0x00007f7f5121e480+0x63]
J 2903 C1 java.awt.EventQueue.dispatchEvent(Ljava/awt/AWTEvent;)V (80 bytes) @ 0x00007f7f51669844 [0x00007f7f51668ec0+0x984]
J 2905 C1 java.awt.EventDispatchThread.pumpOneEventForFilters(I)V (295 bytes) @ 0x00007f7f51689d54 [0x00007f7f51688200+0x1b54]
j  java.awt.EventDispatchThread.pumpEventsForFilter(ILjava/awt/Conditional;Ljava/awt/EventFilter;)V+35
j  java.awt.EventDispatchThread.pumpEventsForHierarchy(ILjava/awt/Conditional;Ljava/awt/Component;)V+11
j  java.awt.EventDispatchThread.pumpEvents(ILjava/awt/Conditional;)V+4
j  java.awt.EventDispatchThread.pumpEvents(Ljava/awt/Conditional;)V+3
j  java.awt.EventDispatchThread.run()V+9
v  ~StubRoutines::call_stub

---------------  P R O C E S S  ---------------

Java Threads: ( => current thread )
  0x00007f7f013d9000 JavaThread "Thread-55" [_thread_blocked, id=3944, stack(0x00007f7ee6223000,0x00007f7ee6324000)]
  0x00007f7ef40dc000 JavaThread "Animation Thread-SharedResourceRunner" daemon [_thread_blocked, id=3887, stack(0x00007f7f24b89000,0x00007f7f24c8a000)]
  0x00007f7ef4081800 JavaThread "process reaper" daemon [_thread_blocked, id=3882, stack(0x00007f7f24c8a000,0x00007f7f24cc3000)]
  0x00007f7f04011000 JavaThread "Animation Thread" [_thread_blocked, id=3878, stack(0x00007f7f24ec3000,0x00007f7f24fc4000)]
=>0x00007f7f04002800 JavaThread "AWT-EventQueue-1" [_thread_in_native, id=3877, stack(0x00007f7f251c4000,0x00007f7f252c5000)]
  0x00007f7f6000a000 JavaThread "DestroyJavaVM" [_thread_blocked, id=3852, stack(0x00007f7f6720a000,0x00007f7f6730b000)]
  0x00007f7f60297000 JavaThread "AWT-EventQueue-0" [_thread_blocked, id=3875, stack(0x00007f7f2599e000,0x00007f7f25a9f000)]
  0x00007f7f60292800 JavaThread "AWT-Shutdown" [_thread_blocked, id=3874, stack(0x00007f7f25a9f000,0x00007f7f25ba0000)]
  0x00007f7f6027f000 JavaThread "thread applet-module6.EarthquakeCityMap.class" [_thread_blocked, id=3873, stack(0x00007f7f25ba0000,0x00007f7f25ca1000)]
  0x00007f7f60272800 JavaThread "AWT-XAWT" daemon [_thread_blocked, id=3871, stack(0x00007f7f25ca1000,0x00007f7f25da2000)]
  0x00007f7f6024d000 JavaThread "Java2D Disposer" daemon [_thread_blocked, id=3870, stack(0x00007f7f261b2000,0x00007f7f262b3000)]
  0x00007f7f600c1000 JavaThread "Service Thread" daemon [_thread_blocked, id=3868, stack(0x00007f7f27eff000,0x00007f7f28000000)]
  0x00007f7f600bc000 JavaThread "C1 CompilerThread2" daemon [_thread_blocked, id=3867, stack(0x00007f7f4c051000,0x00007f7f4c152000)]
  0x00007f7f600ba000 JavaThread "C2 CompilerThread1" daemon [_thread_blocked, id=3866, stack(0x00007f7f4c152000,0x00007f7f4c253000)]
  0x00007f7f600b7800 JavaThread "C2 CompilerThread0" daemon [_thread_blocked, id=3865, stack(0x00007f7f4c253000,0x00007f7f4c354000)]
  0x00007f7f600b6000 JavaThread "Signal Dispatcher" daemon [_thread_blocked, id=3864, stack(0x00007f7f4c354000,0x00007f7f4c455000)]
  0x00007f7f6007f000 JavaThread "Finalizer" daemon [_thread_blocked, id=3863, stack(0x00007f7f4cc6a000,0x00007f7f4cd6b000)]
  0x00007f7f6007d000 JavaThread "Reference Handler" daemon [_thread_blocked, id=3862, stack(0x00007f7f4cd6b000,0x00007f7f4ce6c000)]

Other Threads:
  0x00007f7f60077800 VMThread [stack: 0x00007f7f4ce6c000,0x00007f7f4cf6d000] [id=3861]
  0x00007f7f600c4000 WatcherThread [stack: 0x00007f7f27dfe000,0x00007f7f27eff000] [id=3869]

VM state:not at safepoint (normal execution)

VM Mutex/Monitor currently owned by a thread: None

Heap:
 PSYoungGen      total 164864K, used 69282K [0x00000000ec700000, 0x00000000f9680000, 0x0000000100000000)
  eden space 118272K, 32% used [0x00000000ec700000,0x00000000eed125a0,0x00000000f3a80000)
  from space 46592K, 65% used [0x00000000f6900000,0x00000000f8696500,0x00000000f9680000)
  to   space 47104K, 0% used [0x00000000f3a80000,0x00000000f3a80000,0x00000000f6880000)
 ParOldGen       total 92160K, used 42719K [0x00000000c5400000, 0x00000000cae00000, 0x00000000ec700000)
  object space 92160K, 46% used [0x00000000c5400000,0x00000000c7db7e58,0x00000000cae00000)
 Metaspace       used 21442K, capacity 21667K, committed 22144K, reserved 1069056K
  class space    used 2012K, capacity 2087K, committed 2176K, reserved 1048576K

Card table byte_map: [0x00007f7f641bd000,0x00007f7f64394000] byte_map_base: 0x00007f7f63b93000

Marking Bits: (ParMarkBitMap*) 0x00007f7f666e2de0
 Begin Bits: [0x00007f7f4eadc000, 0x00007f7f4f98c000)
 End Bits:   [0x00007f7f4f98c000, 0x00007f7f5083c000)

Polling page: 0x00007f7f6732a000

CodeCache: size=245760Kb used=8670Kb max_used=8713Kb free=237089Kb
 bounds [0x00007f7f51000000, 0x00007f7f518a0000, 0x00007f7f60000000]
 total_blobs=3499 nmethods=2519 adapters=894
 compilation: enabled

Compilation events (10 events):
Event: 29,724 Thread 0x00007f7f600bc000 nmethod 3109 0x00007f7f51846cd0 code [0x00007f7f51846e60, 0x00007f7f518471d8]
Event: 30,054 Thread 0x00007f7f600bc000 3111       3       sun.awt.image.PixelConverter$Xrgb::rgbToPixel (2 bytes)
Event: 30,054 Thread 0x00007f7f600bc000 nmethod 3111 0x00007f7f515f88d0 code [0x00007f7f515f8a20, 0x00007f7f515f8b70]
Event: 30,224 Thread 0x00007f7f600ba000 3112       4       java.security.AccessControlContext::combine (205 bytes)
Event: 30,232 Thread 0x00007f7f600ba000 nmethod 3112 0x00007f7f5169be50 code [0x00007f7f5169bfc0, 0x00007f7f5169c538]
Event: 30,394 Thread 0x00007f7f600bc000 3113       3       java.awt.event.InvocationEvent::<init> (14 bytes)
Event: 30,394 Thread 0x00007f7f600bc000 nmethod 3113 0x00007f7f511ee3d0 code [0x00007f7f511ee540, 0x00007f7f511ee6e8]
Event: 30,479 Thread 0x00007f7f600bc000 3114       3       sun.java2d.xr.GrowableEltArray::getCharCnt (13 bytes)
Event: 30,479 Thread 0x00007f7f600bc000 nmethod 3114 0x00007f7f511e80d0 code [0x00007f7f511e8240, 0x00007f7f511e8490]
Event: 30,479 Thread 0x00007f7f600bc000 3115       3       sun.font.CompositeGlyphMapper::getCachedGlyphCode (32 bytes)

GC Heap History (10 events):
Event: 19,550 GC heap before
{Heap before GC invocations=13 (full 1):
 PSYoungGen      total 108032K, used 103737K [0x00000000ec700000, 0x00000000f6980000, 0x0000000100000000)
  eden space 73216K, 100% used [0x00000000ec700000,0x00000000f0e80000,0x00000000f0e80000)
  from space 34816K, 87% used [0x00000000f0e80000,0x00000000f2c4e520,0x00000000f3080000)
  to   space 38400K, 0% used [0x00000000f4400000,0x00000000f4400000,0x00000000f6980000)
 ParOldGen       total 92160K, used 42695K [0x00000000c5400000, 0x00000000cae00000, 0x00000000ec700000)
  object space 92160K, 46% used [0x00000000c5400000,0x00000000c7db1e58,0x00000000cae00000)
 Metaspace       used 21330K, capacity 21539K, committed 21888K, reserved 1069056K
  class space    used 2011K, capacity 2087K, committed 2176K, reserved 1048576K
Event: 19,586 GC heap after
Heap after GC invocations=13 (full 1):
 PSYoungGen      total 124928K, used 30473K [0x00000000ec700000, 0x00000000f6f00000, 0x0000000100000000)
  eden space 86528K, 0% used [0x00000000ec700000,0x00000000ec700000,0x00000000f1b80000)
  from space 38400K, 79% used [0x00000000f4400000,0x00000000f61c2530,0x00000000f6980000)
  to   space 41472K, 0% used [0x00000000f1b80000,0x00000000f1b80000,0x00000000f4400000)
 ParOldGen       total 92160K, used 42703K [0x00000000c5400000, 0x00000000cae00000, 0x00000000ec700000)
  object space 92160K, 46% used [0x00000000c5400000,0x00000000c7db3e58,0x00000000cae00000)
 Metaspace       used 21330K, capacity 21539K, committed 21888K, reserved 1069056K
  class space    used 2011K, capacity 2087K, committed 2176K, reserved 1048576K
}
Event: 21,971 GC heap before
{Heap before GC invocations=14 (full 1):
 PSYoungGen      total 124928K, used 117001K [0x00000000ec700000, 0x00000000f6f00000, 0x0000000100000000)
  eden space 86528K, 100% used [0x00000000ec700000,0x00000000f1b80000,0x00000000f1b80000)
  from space 38400K, 79% used [0x00000000f4400000,0x00000000f61c2530,0x00000000f6980000)
  to   space 41472K, 0% used [0x00000000f1b80000,0x00000000f1b80000,0x00000000f4400000)
 ParOldGen       total 92160K, used 42703K [0x00000000c5400000, 0x00000000cae00000, 0x00000000ec700000)
  object space 92160K, 46% used [0x00000000c5400000,0x00000000c7db3e58,0x00000000cae00000)
 Metaspace       used 21362K, capacity 21603K, committed 21888K, reserved 1069056K
  class space    used 2011K, capacity 2087K, committed 2176K, reserved 1048576K
Event: 21,993 GC heap after
Heap after GC invocations=14 (full 1):
 PSYoungGen      total 128000K, used 30473K [0x00000000ec700000, 0x00000000f8100000, 0x0000000100000000)
  eden space 86528K, 0% used [0x00000000ec700000,0x00000000ec700000,0x00000000f1b80000)
  from space 41472K, 73% used [0x00000000f1b80000,0x00000000f3942510,0x00000000f4400000)
  to   space 43520K, 0% used [0x00000000f5680000,0x00000000f5680000,0x00000000f8100000)
 ParOldGen       total 92160K, used 42703K [0x00000000c5400000, 0x00000000cae00000, 0x00000000ec700000)
  object space 92160K, 46% used [0x00000000c5400000,0x00000000c7db3e58,0x00000000cae00000)
 Metaspace       used 21362K, capacity 21603K, committed 21888K, reserved 1069056K
  class space    used 2011K, capacity 2087K, committed 2176K, reserved 1048576K
}
Event: 24,315 GC heap before
{Heap before GC invocations=15 (full 1):
 PSYoungGen      total 128000K, used 117001K [0x00000000ec700000, 0x00000000f8100000, 0x0000000100000000)
  eden space 86528K, 100% used [0x00000000ec700000,0x00000000f1b80000,0x00000000f1b80000)
  from space 41472K, 73% used [0x00000000f1b80000,0x00000000f3942510,0x00000000f4400000)
  to   space 43520K, 0% used [0x00000000f5680000,0x00000000f5680000,0x00000000f8100000)
 ParOldGen       total 92160K, used 42703K [0x00000000c5400000, 0x00000000cae00000, 0x00000000ec700000)
  object space 92160K, 46% used [0x00000000c5400000,0x00000000c7db3e58,0x00000000cae00000)
 Metaspace       used 21399K, capacity 21603K, committed 21888K, reserved 1069056K
  class space    used 2011K, capacity 2087K, committed 2176K, reserved 1048576K
Event: 24,355 GC heap after
Heap after GC invocations=15 (full 1):
 PSYoungGen      total 144896K, used 30489K [0x00000000ec700000, 0x00000000f8500000, 0x0000000100000000)
  eden space 101376K, 0% used [0x00000000ec700000,0x00000000ec700000,0x00000000f2a00000)
  from space 43520K, 70% used [0x00000000f5680000,0x00000000f7446520,0x00000000f8100000)
  to   space 45568K, 0% used [0x00000000f2a00000,0x00000000f2a00000,0x00000000f5680000)
 ParOldGen       total 92160K, used 42711K [0x00000000c5400000, 0x00000000cae00000, 0x00000000ec700000)
  object space 92160K, 46% used [0x00000000c5400000,0x00000000c7db5e58,0x00000000cae00000)
 Metaspace       used 21399K, capacity 21603K, committed 21888K, reserved 1069056K
  class space    used 2011K, capacity 2087K, committed 2176K, reserved 1048576K
}
Event: 26,766 GC heap before
{Heap before GC invocations=16 (full 1):
 PSYoungGen      total 144896K, used 131865K [0x00000000ec700000, 0x00000000f8500000, 0x0000000100000000)
  eden space 101376K, 100% used [0x00000000ec700000,0x00000000f2a00000,0x00000000f2a00000)
  from space 43520K, 70% used [0x00000000f5680000,0x00000000f7446520,0x00000000f8100000)
  to   space 45568K, 0% used [0x00000000f2a00000,0x00000000f2a00000,0x00000000f5680000)
 ParOldGen       total 92160K, used 42711K [0x00000000c5400000, 0x00000000cae00000, 0x00000000ec700000)
  object space 92160K, 46% used [0x00000000c5400000,0x00000000c7db5e58,0x00000000cae00000)
 Metaspace       used 21415K, capacity 21603K, committed 21888K, reserved 1069056K
  class space    used 2011K, capacity 2087K, committed 2176K, reserved 1048576K
Event: 26,788 GC heap after
Heap after GC invocations=16 (full 1):
 PSYoungGen      total 146944K, used 30345K [0x00000000ec700000, 0x00000000f9680000, 0x0000000100000000)
  eden space 101376K, 0% used [0x00000000ec700000,0x00000000ec700000,0x00000000f2a00000)
  from space 45568K, 66% used [0x00000000f2a00000,0x00000000f47a24f0,0x00000000f5680000)
  to   space 46592K, 0% used [0x00000000f6900000,0x00000000f6900000,0x00000000f9680000)
 ParOldGen       total 92160K, used 42711K [0x00000000c5400000, 0x00000000cae00000, 0x00000000ec700000)
  object space 92160K, 46% used [0x00000000c5400000,0x00000000c7db5e58,0x00000000cae00000)
 Metaspace       used 21415K, capacity 21603K, committed 21888K, reserved 1069056K
  class space    used 2011K, capacity 2087K, committed 2176K, reserved 1048576K
}
Event: 29,481 GC heap before
{Heap before GC invocations=17 (full 1):
 PSYoungGen      total 146944K, used 131721K [0x00000000ec700000, 0x00000000f9680000, 0x0000000100000000)
  eden space 101376K, 100% used [0x00000000ec700000,0x00000000f2a00000,0x00000000f2a00000)
  from space 45568K, 66% used [0x00000000f2a00000,0x00000000f47a24f0,0x00000000f5680000)
  to   space 46592K, 0% used [0x00000000f6900000,0x00000000f6900000,0x00000000f9680000)
 ParOldGen       total 92160K, used 42711K [0x00000000c5400000, 0x00000000cae00000, 0x00000000ec700000)
  object space 92160K, 46% used [0x00000000c5400000,0x00000000c7db5e58,0x00000000cae00000)
 Metaspace       used 21429K, capacity 21667K, committed 22144K, reserved 1069056K
  class space    used 2011K, capacity 2087K, committed 2176K, reserved 1048576K
Event: 29,514 GC heap after
Heap after GC invocations=17 (full 1):
 PSYoungGen      total 164864K, used 30297K [0x00000000ec700000, 0x00000000f9680000, 0x0000000100000000)
  eden space 118272K, 0% used [0x00000000ec700000,0x00000000ec700000,0x00000000f3a80000)
  from space 46592K, 65% used [0x00000000f6900000,0x00000000f8696500,0x00000000f9680000)
  to   space 47104K, 0% used [0x00000000f3a80000,0x00000000f3a80000,0x00000000f6880000)
 ParOldGen       total 92160K, used 42719K [0x00000000c5400000, 0x00000000cae00000, 0x00000000ec700000)
  object space 92160K, 46% used [0x00000000c5400000,0x00000000c7db7e58,0x00000000cae00000)
 Metaspace       used 21429K, capacity 21667K, committed 22144K, reserved 1069056K
  class space    used 2011K, capacity 2087K, committed 2176K, reserved 1048576K
}

Deoptimization events (10 events):
Event: 11,284 Thread 0x00007f7f04002800 Uncommon trap: reason=unstable_if action=reinterpret pc=0x00007f7f5173611c method=processing.opengl.PGraphicsOpenGL$Tessellator.addLineSegment3D(III[SZ)I @ 20
Event: 11,475 Thread 0x00007f7f04002800 Uncommon trap: reason=unstable_if action=reinterpret pc=0x00007f7f51869fb4 method=processing.core.PGraphics.style(Lprocessing/core/PStyle;)V @ 220
Event: 11,672 Thread 0x00007f7f04002800 Uncommon trap: reason=unstable_if action=reinterpret pc=0x00007f7f511fc3b4 method=processing.core.PGraphics.style(Lprocessing/core/PStyle;)V @ 220
Event: 14,022 Thread 0x00007f7f04002800 Uncommon trap: reason=unstable_if action=reinterpret pc=0x00007f7f513e740c method=de.fhpotsdam.unfolding.marker.SimplePointMarker.isInside(FFFF)Z @ 31
Event: 14,122 Thread 0x00007f7f04002800 Uncommon trap: reason=unstable_if action=reinterpret pc=0x00007f7f51110f44 method=module6.CommonMarker.draw(Lprocessing/core/PGraphics;FF)V @ 18
Event: 16,040 Thread 0x00007f7f04002800 Uncommon trap: reason=unstable_if action=reinterpret pc=0x00007f7f516df094 method=de.fhpotsdam.unfolding.mapdisplay.Java2DMapDisplay.getTransformedPosition(FFZ)[F @ 1
Event: 17,154 Thread 0x00007f7f04002800 Uncommon trap: reason=unstable_if action=reinterpret pc=0x00007f7f51248a00 method=java.lang.Math.round(F)I @ 36
Event: 17,154 Thread 0x00007f7f04002800 Uncommon trap: reason=unstable_if action=reinterpret pc=0x00007f7f51298890 method=java.lang.Math.round(F)I @ 36
Event: 17,154 Thread 0x00007f7f04002800 Uncommon trap: reason=unstable_if action=reinterpret pc=0x00007f7f513dfde4 method=java.lang.Math.round(F)I @ 36
Event: 30,395 Thread 0x00007f7f6027f000 Uncommon trap: reason=unstable_if action=reinterpret pc=0x00007f7f51446840 method=java.awt.Font.equals(Ljava/lang/Object;)Z @ 2

Internal exceptions (10 events):
Event: 3,571 Thread 0x00007f7f04002800 Implicit null exception at 0x00007f7f511ce3b5 to 0x00007f7f511ce729
Event: 6,321 Thread 0x00007f7f04002800 Exception <a 'java/lang/reflect/InvocationTargetException'> (0x00000000ec96c6b0) thrown at [/HUDSON/workspace/8-2-build-linux-amd64/jdk8u60/4407/hotspot/src/share/vm/runtime/reflection.cpp, line 1092]
Event: 6,324 Thread 0x00007f7f04011000 Exception <a 'java/lang/reflect/InvocationTargetException'> (0x00000000eca59b50) thrown at [/HUDSON/workspace/8-2-build-linux-amd64/jdk8u60/4407/hotspot/src/share/vm/runtime/reflection.cpp, line 1092]
Event: 6,326 Thread 0x00007f7f04011000 Exception <a 'java/lang/reflect/InvocationTargetException'> (0x00000000eca5a278) thrown at [/HUDSON/workspace/8-2-build-linux-amd64/jdk8u60/4407/hotspot/src/share/vm/runtime/reflection.cpp, line 1092]
Event: 6,326 Thread 0x00007f7f04011000 Exception <a 'java/lang/reflect/InvocationTargetException'> (0x00000000eca5a690) thrown at [/HUDSON/workspace/8-2-build-linux-amd64/jdk8u60/4407/hotspot/src/share/vm/runtime/reflection.cpp, line 1092]
Event: 6,326 Thread 0x00007f7f04011000 Exception <a 'java/lang/reflect/InvocationTargetException'> (0x00000000eca5aaa8) thrown at [/HUDSON/workspace/8-2-build-linux-amd64/jdk8u60/4407/hotspot/src/share/vm/runtime/reflection.cpp, line 1092]
Event: 6,349 Thread 0x00007f7f04011000 Exception <a 'java/lang/reflect/InvocationTargetException'> (0x00000000eca62d10) thrown at [/HUDSON/workspace/8-2-build-linux-amd64/jdk8u60/4407/hotspot/src/share/vm/runtime/reflection.cpp, line 1092]
Event: 6,354 Thread 0x00007f7f04011000 Exception <a 'java/lang/reflect/InvocationTargetException'> (0x00000000eca642a0) thrown at [/HUDSON/workspace/8-2-build-linux-amd64/jdk8u60/4407/hotspot/src/share/vm/runtime/reflection.cpp, line 1092]
Event: 6,356 Thread 0x00007f7f04011000 Exception <a 'java/lang/reflect/InvocationTargetException'> (0x00000000eca65a50) thrown at [/HUDSON/workspace/8-2-build-linux-amd64/jdk8u60/4407/hotspot/src/share/vm/runtime/reflection.cpp, line 1092]
Event: 6,357 Thread 0x00007f7f04011000 Exception <a 'java/lang/reflect/InvocationTargetException'> (0x00000000eca69178) thrown at [/HUDSON/workspace/8-2-build-linux-amd64/jdk8u60/4407/hotspot/src/share/vm/runtime/reflection.cpp, line 1092]

Events (10 events):
Event: 30,310 loading class sun/applet/AppletViewer$3
Event: 30,310 loading class sun/applet/AppletViewer$3 done
Event: 30,311 Thread 0x00007f7f013d9000 Thread added: 0x00007f7f013d9000
Event: 30,311 Executing VM operation: RevokeBias
Event: 30,311 Executing VM operation: RevokeBias done
Event: 30,311 loading class sun/applet/AppletPanel$4
Event: 30,311 loading class sun/applet/AppletPanel$4 done
Event: 30,394 Thread 0x00007f7f6027f000 Uncommon trap: trap_request=0xffffff65 fr.pc=0x00007f7f51446840
Event: 30,395 Thread 0x00007f7f6027f000 DEOPT PACKING pc=0x00007f7f51446840 sp=0x00007f7f25c9f350
Event: 30,395 Thread 0x00007f7f6027f000 DEOPT UNPACKING pc=0x00007f7f51005229 sp=0x00007f7f25c9f318 mode 2


Dynamic libraries:
00400000-00401000 r-xp 00000000 08:05 4475464                            /usr/local/java/jdk1.8.0_60/bin/java
00600000-00601000 rw-p 00000000 08:05 4475464                            /usr/local/java/jdk1.8.0_60/bin/java
01c52000-01c73000 rw-p 00000000 00:00 0                                  [heap]
c5400000-cae00000 rw-p 00000000 00:00 0 
cae00000-ec700000 ---p 00000000 00:00 0 
ec700000-f9680000 rw-p 00000000 00:00 0 
f9680000-100000000 ---p 00000000 00:00 0 
100000000-100220000 rw-p 00000000 00:00 0 
100220000-140000000 ---p 00000000 00:00 0 
7f7ec0000000-7f7ec00be000 rw-p 00000000 00:00 0 
7f7ec00be000-7f7ec4000000 ---p 00000000 00:00 0 
7f7ec8000000-7f7ec80ab000 rw-p 00000000 00:00 0 
7f7ec80ab000-7f7ecc000000 ---p 00000000 00:00 0 
7f7ecc000000-7f7ecc0ac000 rw-p 00000000 00:00 0 
7f7ecc0ac000-7f7ed0000000 ---p 00000000 00:00 0 
7f7ed0000000-7f7ed0021000 rw-p 00000000 00:00 0 
7f7ed0021000-7f7ed4000000 ---p 00000000 00:00 0 
7f7ed4000000-7f7ed4021000 rw-p 00000000 00:00 0 
7f7ed4021000-7f7ed8000000 ---p 00000000 00:00 0 
7f7ed8000000-7f7ed8021000 rw-p 00000000 00:00 0 
7f7ed8021000-7f7edc000000 ---p 00000000 00:00 0 
7f7edc000000-7f7edc021000 rw-p 00000000 00:00 0 
7f7edc021000-7f7ee0000000 ---p 00000000 00:00 0 
7f7ee0000000-7f7ee0021000 rw-p 00000000 00:00 0 
7f7ee0021000-7f7ee4000000 ---p 00000000 00:00 0 
7f7ee4a28000-7f7ee4a88000 rw-s 121789000 00:05 1679                      /dev/dri/card0
7f7ee4a88000-7f7ee4ae8000 rw-s 121729000 00:05 1679                      /dev/dri/card0
7f7ee4ae8000-7f7ee4b48000 rw-s 1216c9000 00:05 1679                      /dev/dri/card0
7f7ee4b48000-7f7ee4ba8000 rw-s 121669000 00:05 1679                      /dev/dri/card0
7f7ee4ba8000-7f7ee4c08000 rw-s 120809000 00:05 1679                      /dev/dri/card0
7f7ee4c08000-7f7ee4c68000 rw-s 1207a9000 00:05 1679                      /dev/dri/card0
7f7ee4c68000-7f7ee4cc8000 rw-s 120749000 00:05 1679                      /dev/dri/card0
7f7ee4cc8000-7f7ee4d28000 rw-s 1206e9000 00:05 1679                      /dev/dri/card0
7f7ee4d28000-7f7ee4d88000 rw-s 120689000 00:05 1679                      /dev/dri/card0
7f7ee4d88000-7f7ee4de8000 rw-s 120629000 00:05 1679                      /dev/dri/card0
7f7ee4de8000-7f7ee4e48000 rw-s 1205c9000 00:05 1679                      /dev/dri/card0
7f7ee4e48000-7f7ee4ea8000 rw-s 120569000 00:05 1679                      /dev/dri/card0
7f7ee4ea8000-7f7ee4f08000 rw-s 120509000 00:05 1679                      /dev/dri/card0
7f7ee4f08000-7f7ee4f10000 rw-s 00000000 00:04 30618                      /drm mm object (deleted)
7f7ee4f10000-7f7ee4f18000 rw-s 00000000 00:04 32411                      /drm mm object (deleted)
7f7ee4f18000-7f7ee4f28000 rw-s 1204f9000 00:05 1679                      /dev/dri/card0
7f7ee4f35000-7f7ee4f95000 rw-s 121609000 00:05 1679                      /dev/dri/card0
7f7ee4f95000-7f7ee4ff5000 rw-s 1215a9000 00:05 1679                      /dev/dri/card0
7f7ee4ff5000-7f7ee5055000 rw-s 121549000 00:05 1679                      /dev/dri/card0
7f7ee5055000-7f7ee50b5000 rw-s 1214e9000 00:05 1679                      /dev/dri/card0
7f7ee50b5000-7f7ee5115000 rw-s 121489000 00:05 1679                      /dev/dri/card0
7f7ee5115000-7f7ee5175000 rw-s 121429000 00:05 1679                      /dev/dri/card0
7f7ee5175000-7f7ee51d5000 rw-s 1213c9000 00:05 1679                      /dev/dri/card0
7f7ee51d5000-7f7ee5235000 rw-s 121369000 00:05 1679                      /dev/dri/card0
7f7ee5235000-7f7ee5295000 rw-s 121309000 00:05 1679                      /dev/dri/card0
7f7ee5295000-7f7ee52f5000 rw-s 1212a9000 00:05 1679                      /dev/dri/card0
7f7ee52f5000-7f7ee5355000 rw-s 121249000 00:05 1679                      /dev/dri/card0
7f7ee5355000-7f7ee53b5000 rw-s 1211e9000 00:05 1679                      /dev/dri/card0
7f7ee53b5000-7f7ee5415000 rw-s 121189000 00:05 1679                      /dev/dri/card0
7f7ee5415000-7f7ee5475000 rw-s 121129000 00:05 1679                      /dev/dri/card0
7f7ee5475000-7f7ee54d5000 rw-s 1210c9000 00:05 1679                      /dev/dri/card0
7f7ee54d5000-7f7ee5535000 rw-s 121069000 00:05 1679                      /dev/dri/card0
7f7ee5535000-7f7ee5595000 rw-s 121009000 00:05 1679                      /dev/dri/card0
7f7ee5595000-7f7ee55f5000 rw-s 120fa9000 00:05 1679                      /dev/dri/card0
7f7ee55f5000-7f7ee5655000 rw-s 120f49000 00:05 1679                      /dev/dri/card0
7f7ee5655000-7f7ee56b5000 rw-s 120ee9000 00:05 1679                      /dev/dri/card0
7f7ee56b5000-7f7ee5715000 rw-s 120e89000 00:05 1679                      /dev/dri/card0
7f7ee5715000-7f7ee5723000 r--s 00000000 08:05 798218                     /var/cache/fontconfig/6aa41aa22e18b8fa06a12da28ea9c28b-le64.cache-4
7f7ee5723000-7f7ee5724000 r--s 00000000 08:05 786527                     /var/cache/fontconfig/c05880de57d1f5e948fdfacc138775d9-le64.cache-4
7f7ee5724000-7f7ee572f000 r--s 00000000 08:05 786521                     /var/cache/fontconfig/945677eb7aeaf62f1d50efc3fb3ec7d8-le64.cache-4
7f7ee572f000-7f7ee5735000 r--s 00000000 08:05 786507                     /var/cache/fontconfig/2cd17615ca594fa2959ae173292e504c-le64.cache-4
7f7ee5735000-7f7ee5736000 r--s 00000000 08:05 786537                     /var/cache/fontconfig/e7071f4a29fa870f4323321c154eba04-le64.cache-4
7f7ee5736000-7f7ee5737000 r--s 00000000 08:05 786504                     /var/cache/fontconfig/0d8c3b2ac0904cb8a57a757ad11a4a08-le64.cache-4
7f7ee5737000-7f7ee573e000 r--s 00000000 08:05 786524                     /var/cache/fontconfig/a755afe4a08bf5b97852ceb7400b47bc-le64.cache-4
7f7ee573e000-7f7ee574a000 r--s 00000000 08:05 806641                     /var/cache/fontconfig/6d41288fd70b0be22e8c3a91e032eec0-le64.cache-4
7f7ee574a000-7f7ee575e000 r--s 00000000 08:05 786502                     /var/cache/fontconfig/04aabc0a78ac019cf9454389977116d2-le64.cache-4
7f7ee575e000-7f7ee575f000 r--s 00000000 08:05 786506                     /var/cache/fontconfig/1ac9eb803944fde146138c791f5cc56a-le64.cache-4
7f7ee575f000-7f7ee5763000 r--s 00000000 08:05 786510                     /var/cache/fontconfig/385c0604a188198f04d133e54aba7fe7-le64.cache-4
7f7ee5763000-7f7ee5768000 r--s 00000000 08:05 786520                     /var/cache/fontconfig/8801497958630a81b71ace7c5f9b32a8-le64.cache-4
7f7ee5768000-7f7ee576f000 r--s 00000000 08:05 786508                     /var/cache/fontconfig/3047814df9a2f067bd2d96a2b9c36e5a-le64.cache-4
7f7ee576f000-7f7ee5775000 r--s 00000000 08:05 786525                     /var/cache/fontconfig/b47c4e1ecd0709278f4910c18777a504-le64.cache-4
7f7ee5775000-7f7ee5788000 r--s 00000000 08:05 786531                     /var/cache/fontconfig/d52a8644073d54c13679302ca1180695-le64.cache-4
7f7ee5788000-7f7ee5791000 r--s 00000000 08:05 787140                     /var/cache/fontconfig/3f7329c5293ffd510edef78f73874cfd-le64.cache-4
7f7ee5791000-7f7ee57b2000 r--s 00000000 08:05 797119                     /var/cache/fontconfig/e13b20fdb08344e0e664864cc2ede53d-le64.cache-4
7f7ee57b2000-7f7ee57d0000 r--s 00000000 08:05 799067                     /var/cache/fontconfig/467c019e582ee353435ea5c21d137ef6-le64.cache-4
7f7ee57d4000-7f7ee5834000 rw-s 120e29000 00:05 1679                      /dev/dri/card0
7f7ee5834000-7f7ee5894000 rw-s 120dc9000 00:05 1679                      /dev/dri/card0
7f7ee5894000-7f7ee58f4000 rw-s 120d69000 00:05 1679                      /dev/dri/card0
7f7ee58f4000-7f7ee5954000 rw-s 120d09000 00:05 1679                      /dev/dri/card0
7f7ee5954000-7f7ee59b4000 rw-s 120c99000 00:05 1679                      /dev/dri/card0
7f7ee59b4000-7f7ee5a14000 rw-s 120c39000 00:05 1679                      /dev/dri/card0
7f7ee5a14000-7f7ee5a74000 rw-s 120bd9000 00:05 1679                      /dev/dri/card0
7f7ee5a74000-7f7ee5ad4000 rw-s 120b79000 00:05 1679                      /dev/dri/card0
7f7ee5ad4000-7f7ee5b34000 rw-s 120b19000 00:05 1679                      /dev/dri/card0
7f7ee5b34000-7f7ee5b94000 rw-s 120459000 00:05 1679                      /dev/dri/card0
7f7ee5b94000-7f7ee5bf4000 rw-s 1203f9000 00:05 1679                      /dev/dri/card0
7f7ee5bf4000-7f7ee5bf7000 ---p 00000000 00:00 0 
7f7ee5bf7000-7f7ee5cf5000 rw-p 00000000 00:00 0 
7f7ee5cf5000-7f7ee5d55000 rw-s 120aa9000 00:05 1679                      /dev/dri/card0
7f7ee5d55000-7f7ee5db5000 rw-s 120a49000 00:05 1679                      /dev/dri/card0
7f7ee5db5000-7f7ee5e15000 rw-s 1209e9000 00:05 1679                      /dev/dri/card0
7f7ee5e15000-7f7ee5e75000 rw-s 120989000 00:05 1679                      /dev/dri/card0
7f7ee5e75000-7f7ee5ed5000 rw-s 120929000 00:05 1679                      /dev/dri/card0
7f7ee5ed5000-7f7ee5ed6000 r--s 00000000 08:05 786534                     /var/cache/fontconfig/dc05db6664285cc2f12bf69c139ae4c3-le64.cache-4
7f7ee5ed6000-7f7ee5ed8000 r--s 00000000 08:05 786518                     /var/cache/fontconfig/767a8244fc0220cfb567a839d0392e0b-le64.cache-4
7f7ee5ed8000-7f7ee5ed9000 r--s 00000000 08:05 790039                     /var/cache/fontconfig/4794a0821666d79190d59a36cb4f44b5-le64.cache-4
7f7ee5ed9000-7f7ee5ee4000 r--s 00000000 08:05 795403                     /var/cache/fontconfig/d589a48862398ed80a3d6066f4f56f4c-le64.cache-4
7f7ee5ee4000-7f7ee5ef1000 r--s 00000000 08:05 806644                     /var/cache/fontconfig/8f02d4cb045bd6ce15663e43f347c9f8-le64.cache-4
7f7ee5f20000-7f7ee5f23000 ---p 00000000 00:00 0 
7f7ee5f23000-7f7ee6021000 rw-p 00000000 00:00 0 
7f7ee6021000-7f7ee6024000 ---p 00000000 00:00 0 
7f7ee6024000-7f7ee6122000 rw-p 00000000 00:00 0 
7f7ee6122000-7f7ee6125000 ---p 00000000 00:00 0 
7f7ee6125000-7f7ee6223000 rw-p 00000000 00:00 0 
7f7ee6223000-7f7ee6226000 ---p 00000000 00:00 0 
7f7ee6226000-7f7ee64a4000 rw-p 00000000 00:00 0                          [stack:3944]
7f7ee64a4000-7f7ee6524000 ---p 00000000 00:00 0 
7f7ee6524000-7f7ee653b000 r-xp 00000000 08:05 1048667                    /lib/x86_64-linux-gnu/libresolv-2.19.so
7f7ee653b000-7f7ee673b000 ---p 00017000 08:05 1048667                    /lib/x86_64-linux-gnu/libresolv-2.19.so
7f7ee673b000-7f7ee673c000 r--p 00017000 08:05 1048667                    /lib/x86_64-linux-gnu/libresolv-2.19.so
7f7ee673c000-7f7ee673d000 rw-p 00018000 08:05 1048667                    /lib/x86_64-linux-gnu/libresolv-2.19.so
7f7ee673d000-7f7ee673f000 rw-p 00000000 00:00 0 
7f7ee673f000-7f7ee6744000 r-xp 00000000 08:05 1048671                    /lib/x86_64-linux-gnu/libnss_dns-2.19.so
7f7ee6744000-7f7ee6943000 ---p 00005000 08:05 1048671                    /lib/x86_64-linux-gnu/libnss_dns-2.19.so
7f7ee6943000-7f7ee6944000 r--p 00004000 08:05 1048671                    /lib/x86_64-linux-gnu/libnss_dns-2.19.so
7f7ee6944000-7f7ee6945000 rw-p 00005000 08:05 1048671                    /lib/x86_64-linux-gnu/libnss_dns-2.19.so
7f7ee6945000-7f7ee6947000 r-xp 00000000 08:05 1052761                    /lib/x86_64-linux-gnu/libnss_mdns4_minimal.so.2
7f7ee6947000-7f7ee6b46000 ---p 00002000 08:05 1052761                    /lib/x86_64-linux-gnu/libnss_mdns4_minimal.so.2
7f7ee6b46000-7f7ee6b47000 r--p 00001000 08:05 1052761                    /lib/x86_64-linux-gnu/libnss_mdns4_minimal.so.2
7f7ee6b47000-7f7ee6b48000 rw-p 00002000 08:05 1052761                    /lib/x86_64-linux-gnu/libnss_mdns4_minimal.so.2
7f7ee6b48000-7f7ee6d48000 rw-s 1201f9000 00:05 1679                      /dev/dri/card0
7f7ee6d48000-7f7ee6d4b000 ---p 00000000 00:00 0 
7f7ee6d4b000-7f7ee6e49000 rw-p 00000000 00:00 0 
7f7ee6e49000-7f7ee6e4c000 ---p 00000000 00:00 0 
7f7ee6e4c000-7f7ee6f4a000 rw-p 00000000 00:00 0 
7f7ee6f4a000-7f7ee714a000 rw-s 11fff9000 00:05 1679                      /dev/dri/card0
7f7ee714a000-7f7ee734a000 rw-p 00000000 00:00 0 
7f7ee734a000-7f7ee764a000 rw-s 11f3de000 00:05 1679                      /dev/dri/card0
7f7ee764a000-7f7ee794a000 rw-s 11f0de000 00:05 1679                      /dev/dri/card0
7f7ee794a000-7f7ee794c000 r-xp 00000000 08:05 3547316                    /usr/lib/x86_64-linux-gnu/libXinerama.so.1.0.0
7f7ee794c000-7f7ee7b4b000 ---p 00002000 08:05 3547316                    /usr/lib/x86_64-linux-gnu/libXinerama.so.1.0.0
7f7ee7b4b000-7f7ee7b4c000 r--p 00001000 08:05 3547316                    /usr/lib/x86_64-linux-gnu/libXinerama.so.1.0.0
7f7ee7b4c000-7f7ee7b4d000 rw-p 00002000 08:05 3547316                    /usr/lib/x86_64-linux-gnu/libXinerama.so.1.0.0
7f7ee7b4d000-7f7ee7b84000 r-xp 00000000 08:05 3548239                    /usr/lib/x86_64-linux-gnu/libtxc_dxtn_s2tc.so.0.0.0
7f7ee7b84000-7f7ee7d83000 ---p 00037000 08:05 3548239                    /usr/lib/x86_64-linux-gnu/libtxc_dxtn_s2tc.so.0.0.0
7f7ee7d83000-7f7ee7d84000 r--p 00036000 08:05 3548239                    /usr/lib/x86_64-linux-gnu/libtxc_dxtn_s2tc.so.0.0.0
7f7ee7d84000-7f7ee7d85000 rw-p 00037000 08:05 3548239                    /usr/lib/x86_64-linux-gnu/libtxc_dxtn_s2tc.so.0.0.0
7f7ee7d85000-7f7ee7d8d000 r-xp 00000000 08:05 3548044                    /usr/lib/x86_64-linux-gnu/libpciaccess.so.0.11.1
7f7ee7d8d000-7f7ee7f8c000 ---p 00008000 08:05 3548044                    /usr/lib/x86_64-linux-gnu/libpciaccess.so.0.11.1
7f7ee7f8c000-7f7ee7f8d000 r--p 00007000 08:05 3548044                    /usr/lib/x86_64-linux-gnu/libpciaccess.so.0.11.1
7f7ee7f8d000-7f7ee7f8e000 rw-p 00008000 08:05 3548044                    /usr/lib/x86_64-linux-gnu/libpciaccess.so.0.11.1
7f7ee7f8e000-7f7ee7fae000 r-xp 00000000 08:05 3539129                    /usr/lib/x86_64-linux-gnu/libdrm_intel.so.1.0.0
7f7ee7fae000-7f7ee81ad000 ---p 00020000 08:05 3539129                    /usr/lib/x86_64-linux-gnu/libdrm_intel.so.1.0.0
7f7ee81ad000-7f7ee81ae000 r--p 0001f000 08:05 3539129                    /usr/lib/x86_64-linux-gnu/libdrm_intel.so.1.0.0
7f7ee81ae000-7f7ee81af000 rw-p 00020000 08:05 3539129                    /usr/lib/x86_64-linux-gnu/libdrm_intel.so.1.0.0
7f7ee81af000-7f7ee86b7000 r-xp 00000000 08:05 3803442                    /usr/lib/x86_64-linux-gnu/dri/i965_dri.so
7f7ee86b7000-7f7ee88b6000 ---p 00508000 08:05 3803442                    /usr/lib/x86_64-linux-gnu/dri/i965_dri.so
7f7ee88b6000-7f7ee88d0000 r--p 00507000 08:05 3803442                    /usr/lib/x86_64-linux-gnu/dri/i965_dri.so
7f7ee88d0000-7f7ee88d6000 rw-p 00521000 08:05 3803442                    /usr/lib/x86_64-linux-gnu/dri/i965_dri.so
7f7ee88d6000-7f7ee88e1000 rw-p 00000000 00:00 0 
7f7ee88e1000-7f7ee8925000 r-xp 00000000 08:05 1052694                    /lib/x86_64-linux-gnu/libdbus-1.so.3.7.6
7f7ee8925000-7f7ee8b24000 ---p 00044000 08:05 1052694                    /lib/x86_64-linux-gnu/libdbus-1.so.3.7.6
7f7ee8b24000-7f7ee8b25000 r--p 00043000 08:05 1052694                    /lib/x86_64-linux-gnu/libdbus-1.so.3.7.6
7f7ee8b25000-7f7ee8b26000 rw-p 00044000 08:05 1052694                    /lib/x86_64-linux-gnu/libdbus-1.so.3.7.6
7f7ee8b26000-7f7ee8b2e000 r-xp 00000000 08:05 1052742                    /lib/x86_64-linux-gnu/libnih-dbus.so.1.0.0
7f7ee8b2e000-7f7ee8d2e000 ---p 00008000 08:05 1052742                    /lib/x86_64-linux-gnu/libnih-dbus.so.1.0.0
7f7ee8d2e000-7f7ee8d2f000 r--p 00008000 08:05 1052742                    /lib/x86_64-linux-gnu/libnih-dbus.so.1.0.0
7f7ee8d2f000-7f7ee8d30000 rw-p 00009000 08:05 1052742                    /lib/x86_64-linux-gnu/libnih-dbus.so.1.0.0
7f7ee8d30000-7f7ee8d47000 r-xp 00000000 08:05 1052744                    /lib/x86_64-linux-gnu/libnih.so.1.0.0
7f7ee8d47000-7f7ee8f46000 ---p 00017000 08:05 1052744                    /lib/x86_64-linux-gnu/libnih.so.1.0.0
7f7ee8f46000-7f7ee8f47000 r--p 00016000 08:05 1052744                    /lib/x86_64-linux-gnu/libnih.so.1.0.0
7f7ee8f47000-7f7ee8f48000 rw-p 00017000 08:05 1052744                    /lib/x86_64-linux-gnu/libnih.so.1.0.0
7f7ee8f48000-7f7ee8f61000 r-xp 00000000 08:05 1048666                    /lib/x86_64-linux-gnu/libcgmanager.so.0.0.0
7f7ee8f61000-7f7ee9160000 ---p 00019000 08:05 1048666                    /lib/x86_64-linux-gnu/libcgmanager.so.0.0.0
7f7ee9160000-7f7ee9162000 r--p 00018000 08:05 1048666                    /lib/x86_64-linux-gnu/libcgmanager.so.0.0.0
7f7ee9162000-7f7ee9163000 rw-p 0001a000 08:05 1048666                    /lib/x86_64-linux-gnu/libcgmanager.so.0.0.0
7f7ee9163000-7f7ee9173000 r-xp 00000000 08:05 1052646                    /lib/x86_64-linux-gnu/libudev.so.1.3.5
7f7ee9173000-7f7ee9372000 ---p 00010000 08:05 1052646                    /lib/x86_64-linux-gnu/libudev.so.1.3.5
7f7ee9372000-7f7ee9373000 r--p 0000f000 08:05 1052646                    /lib/x86_64-linux-gnu/libudev.so.1.3.5
7f7ee9373000-7f7ee9374000 rw-p 00010000 08:05 1052646                    /lib/x86_64-linux-gnu/libudev.so.1.3.5
7f7ee9374000-7f7ee9399000 r-xp 00000000 08:05 1052826                    /lib/x86_64-linux-gnu/libtinfo.so.5.9
7f7ee9399000-7f7ee9598000 ---p 00025000 08:05 1052826                    /lib/x86_64-linux-gnu/libtinfo.so.5.9
7f7ee9598000-7f7ee959c000 r--p 00024000 08:05 1052826                    /lib/x86_64-linux-gnu/libtinfo.so.5.9
7f7ee959c000-7f7ee959d000 rw-p 00028000 08:05 1052826                    /lib/x86_64-linux-gnu/libtinfo.so.5.9
7f7ee959d000-7f7ee95c6000 r-xp 00000000 08:05 3547545                    /usr/lib/x86_64-linux-gnu/libedit.so.2.0.47
7f7ee95c6000-7f7ee97c6000 ---p 00029000 08:05 3547545                    /usr/lib/x86_64-linux-gnu/libedit.so.2.0.47
7f7ee97c6000-7f7ee97c8000 r--p 00029000 08:05 3547545                    /usr/lib/x86_64-linux-gnu/libedit.so.2.0.47
7f7ee97c8000-7f7ee97c9000 rw-p 0002b000 08:05 3547545                    /usr/lib/x86_64-linux-gnu/libedit.so.2.0.47
7f7ee97c9000-7f7ee97cd000 rw-p 00000000 00:00 0 
7f7ee97cd000-7f7ee97e5000 r-xp 00000000 08:05 1052843                    /lib/x86_64-linux-gnu/libz.so.1.2.8
7f7ee97e5000-7f7ee99e4000 ---p 00018000 08:05 1052843                    /lib/x86_64-linux-gnu/libz.so.1.2.8
7f7ee99e4000-7f7ee99e5000 r--p 00017000 08:05 1052843                    /lib/x86_64-linux-gnu/libz.so.1.2.8
7f7ee99e5000-7f7ee99e6000 rw-p 00018000 08:05 1052843                    /lib/x86_64-linux-gnu/libz.so.1.2.8
7f7ee99e6000-7f7ee9acc000 r-xp 00000000 08:05 3543210                    /usr/lib/x86_64-linux-gnu/libstdc++.so.6.0.19
7f7ee9acc000-7f7ee9ccb000 ---p 000e6000 08:05 3543210                    /usr/lib/x86_64-linux-gnu/libstdc++.so.6.0.19
7f7ee9ccb000-7f7ee9cd3000 r--p 000e5000 08:05 3543210                    /usr/lib/x86_64-linux-gnu/libstdc++.so.6.0.19
7f7ee9cd3000-7f7ee9cd5000 rw-p 000ed000 08:05 3543210                    /usr/lib/x86_64-linux-gnu/libstdc++.so.6.0.19
7f7ee9cd5000-7f7ee9cea000 rw-p 00000000 00:00 0 
7f7ee9cea000-7f7eeb7f2000 r-xp 00000000 08:05 3547164                    /usr/lib/x86_64-linux-gnu/libLLVM-3.5.so.1
7f7eeb7f2000-7f7eeb7f3000 ---p 01b08000 08:05 3547164                    /usr/lib/x86_64-linux-gnu/libLLVM-3.5.so.1
7f7eeb7f3000-7f7eeb9bb000 r--p 01b08000 08:05 3547164                    /usr/lib/x86_64-linux-gnu/libLLVM-3.5.so.1
7f7eeb9bb000-7f7eeb9c1000 rw-p 01cd0000 08:05 3547164                    /usr/lib/x86_64-linux-gnu/libLLVM-3.5.so.1
7f7eeb9c1000-7f7eeb9d6000 rw-p 00000000 00:00 0 
7f7eeb9d6000-7f7eeb9e2000 r-xp 00000000 08:05 3546782                    /usr/lib/x86_64-linux-gnu/libdrm_radeon.so.1.0.1
7f7eeb9e2000-7f7eebbe1000 ---p 0000c000 08:05 3546782                    /usr/lib/x86_64-linux-gnu/libdrm_radeon.so.1.0.1
7f7eebbe1000-7f7eebbe2000 r--p 0000b000 08:05 3546782                    /usr/lib/x86_64-linux-gnu/libdrm_radeon.so.1.0.1
7f7eebbe2000-7f7eebbe3000 rw-p 0000c000 08:05 3546782                    /usr/lib/x86_64-linux-gnu/libdrm_radeon.so.1.0.1
7f7eebbe3000-7f7eebbf8000 r-xp 00000000 08:05 3547546                    /usr/lib/x86_64-linux-gnu/libelf-0.158.so
7f7eebbf8000-7f7eebdf7000 ---p 00015000 08:05 3547546                    /usr/lib/x86_64-linux-gnu/libelf-0.158.so
7f7eebdf7000-7f7eebdf8000 r--p 00014000 08:05 3547546                    /usr/lib/x86_64-linux-gnu/libelf-0.158.so
7f7eebdf8000-7f7eebdf9000 rw-p 00015000 08:05 3547546                    /usr/lib/x86_64-linux-gnu/libelf-0.158.so
7f7eebdf9000-7f7eebdff000 r-xp 00000000 08:05 3546778                    /usr/lib/x86_64-linux-gnu/libdrm_nouveau.so.2.0.0
7f7eebdff000-7f7eebffe000 ---p 00006000 08:05 3546778                    /usr/lib/x86_64-linux-gnu/libdrm_nouveau.so.2.0.0
7f7eebffe000-7f7eebfff000 r--p 00005000 08:05 3546778                    /usr/lib/x86_64-linux-gnu/libdrm_nouveau.so.2.0.0
7f7eebfff000-7f7eec000000 rw-p 00006000 08:05 3546778                    /usr/lib/x86_64-linux-gnu/libdrm_nouveau.so.2.0.0
7f7eec000000-7f7eee78c000 rw-p 00000000 00:00 0 
7f7eee78c000-7f7ef0000000 ---p 00000000 00:00 0 
7f7ef0000000-7f7ef0004000 r--s 00000000 08:05 802212                     /var/cache/fontconfig/7ef2298fde41cc6eeb7af42e48b7d293-le64.cache-4
7f7ef0041000-7f7ef0051000 rw-s 120cf9000 00:05 1679                      /dev/dri/card0
7f7ef0051000-7f7ef00b1000 rw-s 1208c9000 00:05 1679                      /dev/dri/card0
7f7ef00b1000-7f7ef00b4000 ---p 00000000 00:00 0 
7f7ef00b4000-7f7ef01b2000 rw-p 00000000 00:00 0 
7f7ef01b2000-7f7ef01b9000 r-xp 00000000 08:05 3804279                    /usr/lib/x86_64-linux-gnu/mesa-egl/libOpenVG.so.1.0.0
7f7ef01b9000-7f7ef03b8000 ---p 00007000 08:05 3804279                    /usr/lib/x86_64-linux-gnu/mesa-egl/libOpenVG.so.1.0.0
7f7ef03b8000-7f7ef03b9000 r--p 00006000 08:05 3804279                    /usr/lib/x86_64-linux-gnu/mesa-egl/libOpenVG.so.1.0.0
7f7ef03b9000-7f7ef03ba000 rw-p 00007000 08:05 3804279                    /usr/lib/x86_64-linux-gnu/mesa-egl/libOpenVG.so.1.0.0
7f7ef03ba000-7f7ef03bc000 rw-p 00000000 00:00 0 
7f7ef03bc000-7f7ef0b44000 r-xp 00000000 08:05 3803453                    /usr/lib/x86_64-linux-gnu/egl/egl_gallium.so
7f7ef0b44000-7f7ef0d44000 ---p 00788000 08:05 3803453                    /usr/lib/x86_64-linux-gnu/egl/egl_gallium.so
7f7ef0d44000-7f7ef0d97000 r--p 00788000 08:05 3803453                    /usr/lib/x86_64-linux-gnu/egl/egl_gallium.so
7f7ef0d97000-7f7ef0da3000 rw-p 007db000 08:05 3803453                    /usr/lib/x86_64-linux-gnu/egl/egl_gallium.so
7f7ef0da3000-7f7ef0f8a000 rw-p 00000000 00:00 0 
7f7ef0f8a000-7f7ef0f90000 r-xp 00000000 08:05 3804277                    /usr/lib/x86_64-linux-gnu/mesa-egl/libGLESv2.so.2.0.0
7f7ef0f90000-7f7ef118f000 ---p 00006000 08:05 3804277                    /usr/lib/x86_64-linux-gnu/mesa-egl/libGLESv2.so.2.0.0
7f7ef118f000-7f7ef1190000 r--p 00005000 08:05 3804277                    /usr/lib/x86_64-linux-gnu/mesa-egl/libGLESv2.so.2.0.0
7f7ef1190000-7f7ef1191000 rw-p 00006000 08:05 3804277                    /usr/lib/x86_64-linux-gnu/mesa-egl/libGLESv2.so.2.0.0
7f7ef1191000-7f7ef11d6000 r-xp 00000000 08:05 1848156                    /tmp/jogamp_0000/file_cache/jln1105883511329125146/jln581707544347103758/libjogl_mobile.so
7f7ef11d6000-7f7ef13d6000 ---p 00045000 08:05 1848156                    /tmp/jogamp_0000/file_cache/jln1105883511329125146/jln581707544347103758/libjogl_mobile.so
7f7ef13d6000-7f7ef13d7000 rw-p 00045000 08:05 1848156                    /tmp/jogamp_0000/file_cache/jln1105883511329125146/jln581707544347103758/libjogl_mobile.so
7f7ef13d7000-7f7ef13de000 r-xp 00000000 08:05 3540105                    /usr/lib/x86_64-linux-gnu/libffi.so.6.0.1
7f7ef13de000-7f7ef15dd000 ---p 00007000 08:05 3540105                    /usr/lib/x86_64-linux-gnu/libffi.so.6.0.1
7f7ef15dd000-7f7ef15de000 r--p 00006000 08:05 3540105                    /usr/lib/x86_64-linux-gnu/libffi.so.6.0.1
7f7ef15de000-7f7ef15df000 rw-p 00007000 08:05 3540105                    /usr/lib/x86_64-linux-gnu/libffi.so.6.0.1
7f7ef15df000-7f7ef15eb000 r-xp 00000000 08:05 3547628                    /usr/lib/x86_64-linux-gnu/libgbm.so.1.0.0
7f7ef15eb000-7f7ef17eb000 ---p 0000c000 08:05 3547628                    /usr/lib/x86_64-linux-gnu/libgbm.so.1.0.0
7f7ef17eb000-7f7ef17ec000 r--p 0000c000 08:05 3547628                    /usr/lib/x86_64-linux-gnu/libgbm.so.1.0.0
7f7ef17ec000-7f7ef17ed000 rw-p 0000d000 08:05 3547628                    /usr/lib/x86_64-linux-gnu/libgbm.so.1.0.0
7f7ef17ed000-7f7ef17fc000 r-xp 00000000 08:05 3548307                    /usr/lib/x86_64-linux-gnu/libwayland-server.so.0.1.0
7f7ef17fc000-7f7ef19fb000 ---p 0000f000 08:05 3548307                    /usr/lib/x86_64-linux-gnu/libwayland-server.so.0.1.0
7f7ef19fb000-7f7ef19fd000 r--p 0000e000 08:05 3548307                    /usr/lib/x86_64-linux-gnu/libwayland-server.so.0.1.0
7f7ef19fd000-7f7ef19fe000 rw-p 00010000 08:05 3548307                    /usr/lib/x86_64-linux-gnu/libwayland-server.so.0.1.0
7f7ef19fe000-7f7ef1a09000 r-xp 00000000 08:05 3548301                    /usr/lib/x86_64-linux-gnu/libwayland-client.so.0.2.0
7f7ef1a09000-7f7ef1c08000 ---p 0000b000 08:05 3548301                    /usr/lib/x86_64-linux-gnu/libwayland-client.so.0.2.0
7f7ef1c08000-7f7ef1c0a000 r--p 0000a000 08:05 3548301                    /usr/lib/x86_64-linux-gnu/libwayland-client.so.0.2.0
7f7ef1c0a000-7f7ef1c0b000 rw-p 0000c000 08:05 3548301                    /usr/lib/x86_64-linux-gnu/libwayland-client.so.0.2.0
7f7ef1c0b000-7f7ef1c10000 r-xp 00000000 08:05 3548357                    /usr/lib/x86_64-linux-gnu/libxcb-xfixes.so.0.0.0
7f7ef1c10000-7f7ef1e10000 ---p 00005000 08:05 3548357                    /usr/lib/x86_64-linux-gnu/libxcb-xfixes.so.0.0.0
7f7ef1e10000-7f7ef1e11000 r--p 00005000 08:05 3548357                    /usr/lib/x86_64-linux-gnu/libxcb-xfixes.so.0.0.0
7f7ef1e11000-7f7ef1e12000 rw-p 00006000 08:05 3548357                    /usr/lib/x86_64-linux-gnu/libxcb-xfixes.so.0.0.0
7f7ef1e12000-7f7ef1e39000 r-xp 00000000 08:05 3804273                    /usr/lib/x86_64-linux-gnu/mesa-egl/libEGL.so.1.0.0
7f7ef1e39000-7f7ef2039000 ---p 00027000 08:05 3804273                    /usr/lib/x86_64-linux-gnu/mesa-egl/libEGL.so.1.0.0
7f7ef2039000-7f7ef203a000 r--p 00027000 08:05 3804273                    /usr/lib/x86_64-linux-gnu/mesa-egl/libEGL.so.1.0.0
7f7ef203a000-7f7ef203b000 rw-p 00028000 08:05 3804273                    /usr/lib/x86_64-linux-gnu/mesa-egl/libEGL.so.1.0.0
7f7ef203b000-7f7ef203c000 rw-p 00000000 00:00 0 
7f7ef203c000-7f7ef20e1000 r-xp 00000000 08:05 1848155                    /tmp/jogamp_0000/file_cache/jln1105883511329125146/jln581707544347103758/libjogl_desktop.so
7f7ef20e1000-7f7ef22e1000 ---p 000a5000 08:05 1848155                    /tmp/jogamp_0000/file_cache/jln1105883511329125146/jln581707544347103758/libjogl_desktop.so
7f7ef22e1000-7f7ef22e2000 rw-p 000a5000 08:05 1848155                    /tmp/jogamp_0000/file_cache/jln1105883511329125146/jln581707544347103758/libjogl_desktop.so
7f7ef22e2000-7f7ef22ed000 r-xp 00000000 08:05 3546665                    /usr/lib/x86_64-linux-gnu/libdrm.so.2.4.0
7f7ef22ed000-7f7ef24ec000 ---p 0000b000 08:05 3546665                    /usr/lib/x86_64-linux-gnu/libdrm.so.2.4.0
7f7ef24ec000-7f7ef24ed000 r--p 0000a000 08:05 3546665                    /usr/lib/x86_64-linux-gnu/libdrm.so.2.4.0
7f7ef24ed000-7f7ef24ee000 rw-p 0000b000 08:05 3546665                    /usr/lib/x86_64-linux-gnu/libdrm.so.2.4.0
7f7ef24ee000-7f7ef24ef000 r-xp 00000000 08:05 3548371                    /usr/lib/x86_64-linux-gnu/libxshmfence.so.1.0.0
7f7ef24ef000-7f7ef26ee000 ---p 00001000 08:05 3548371                    /usr/lib/x86_64-linux-gnu/libxshmfence.so.1.0.0
7f7ef26ee000-7f7ef26ef000 r--p 00000000 08:05 3548371                    /usr/lib/x86_64-linux-gnu/libxshmfence.so.1.0.0
7f7ef26ef000-7f7ef26f0000 rw-p 00001000 08:05 3548371                    /usr/lib/x86_64-linux-gnu/libxshmfence.so.1.0.0
7f7ef26f0000-7f7ef26f5000 r-xp 00000000 08:05 3548353                    /usr/lib/x86_64-linux-gnu/libxcb-sync.so.1.0.0
7f7ef26f5000-7f7ef28f4000 ---p 00005000 08:05 3548353                    /usr/lib/x86_64-linux-gnu/libxcb-sync.so.1.0.0
7f7ef28f4000-7f7ef28f5000 r--p 00004000 08:05 3548353                    /usr/lib/x86_64-linux-gnu/libxcb-sync.so.1.0.0
7f7ef28f5000-7f7ef28f6000 rw-p 00005000 08:05 3548353                    /usr/lib/x86_64-linux-gnu/libxcb-sync.so.1.0.0
7f7ef28f6000-7f7ef28f8000 r-xp 00000000 08:05 3548341                    /usr/lib/x86_64-linux-gnu/libxcb-present.so.0.0.0
7f7ef28f8000-7f7ef2af7000 ---p 00002000 08:05 3548341                    /usr/lib/x86_64-linux-gnu/libxcb-present.so.0.0.0
7f7ef2af7000-7f7ef2af8000 r--p 00001000 08:05 3548341                    /usr/lib/x86_64-linux-gnu/libxcb-present.so.0.0.0
7f7ef2af8000-7f7ef2af9000 rw-p 00002000 08:05 3548341                    /usr/lib/x86_64-linux-gnu/libxcb-present.so.0.0.0
7f7ef2af9000-7f7ef2afb000 r-xp 00000000 08:05 3548331                    /usr/lib/x86_64-linux-gnu/libxcb-dri3.so.0.0.0
7f7ef2afb000-7f7ef2cfa000 ---p 00002000 08:05 3548331                    /usr/lib/x86_64-linux-gnu/libxcb-dri3.so.0.0.0
7f7ef2cfa000-7f7ef2cfb000 r--p 00001000 08:05 3548331                    /usr/lib/x86_64-linux-gnu/libxcb-dri3.so.0.0.0
7f7ef2cfb000-7f7ef2cfc000 rw-p 00002000 08:05 3548331                    /usr/lib/x86_64-linux-gnu/libxcb-dri3.so.0.0.0
7f7ef2cfc000-7f7ef2cff000 r-xp 00000000 08:05 3548329                    /usr/lib/x86_64-linux-gnu/libxcb-dri2.so.0.0.0
7f7ef2cff000-7f7ef2eff000 ---p 00003000 08:05 3548329                    /usr/lib/x86_64-linux-gnu/libxcb-dri2.so.0.0.0
7f7ef2eff000-7f7ef2f00000 r--p 00003000 08:05 3548329                    /usr/lib/x86_64-linux-gnu/libxcb-dri2.so.0.0.0
7f7ef2f00000-7f7ef2f01000 rw-p 00004000 08:05 3548329                    /usr/lib/x86_64-linux-gnu/libxcb-dri2.so.0.0.0
7f7ef2f01000-7f7ef2f16000 r-xp 00000000 08:05 3548333                    /usr/lib/x86_64-linux-gnu/libxcb-glx.so.0.0.0
7f7ef2f16000-7f7ef3115000 ---p 00015000 08:05 3548333                    /usr/lib/x86_64-linux-gnu/libxcb-glx.so.0.0.0
7f7ef3115000-7f7ef3117000 r--p 00014000 08:05 3548333                    /usr/lib/x86_64-linux-gnu/libxcb-glx.so.0.0.0
7f7ef3117000-7f7ef3118000 rw-p 00016000 08:05 3548333                    /usr/lib/x86_64-linux-gnu/libxcb-glx.so.0.0.0
7f7ef3118000-7f7ef3119000 r-xp 00000000 08:05 3547287                    /usr/lib/x86_64-linux-gnu/libX11-xcb.so.1.0.0
7f7ef3119000-7f7ef3318000 ---p 00001000 08:05 3547287                    /usr/lib/x86_64-linux-gnu/libX11-xcb.so.1.0.0
7f7ef3318000-7f7ef3319000 r--p 00000000 08:05 3547287                    /usr/lib/x86_64-linux-gnu/libX11-xcb.so.1.0.0
7f7ef3319000-7f7ef331a000 rw-p 00001000 08:05 3547287                    /usr/lib/x86_64-linux-gnu/libX11-xcb.so.1.0.0
7f7ef331a000-7f7ef331c000 r-xp 00000000 08:05 3547302                    /usr/lib/x86_64-linux-gnu/libXdamage.so.1.1.0
7f7ef331c000-7f7ef351b000 ---p 00002000 08:05 3547302                    /usr/lib/x86_64-linux-gnu/libXdamage.so.1.1.0
7f7ef351b000-7f7ef351c000 r--p 00001000 08:05 3547302                    /usr/lib/x86_64-linux-gnu/libXdamage.so.1.1.0
7f7ef351c000-7f7ef351d000 rw-p 00002000 08:05 3547302                    /usr/lib/x86_64-linux-gnu/libXdamage.so.1.1.0
7f7ef351d000-7f7ef3541000 r-xp 00000000 08:05 3547680                    /usr/lib/x86_64-linux-gnu/libglapi.so.0.0.0
7f7ef3541000-7f7ef3741000 ---p 00024000 08:05 3547680                    /usr/lib/x86_64-linux-gnu/libglapi.so.0.0.0
7f7ef3741000-7f7ef3744000 r--p 00024000 08:05 3547680                    /usr/lib/x86_64-linux-gnu/libglapi.so.0.0.0
7f7ef3744000-7f7ef3745000 rw-p 00027000 08:05 3547680                    /usr/lib/x86_64-linux-gnu/libglapi.so.0.0.0
7f7ef3745000-7f7ef3746000 rw-p 00000000 00:00 0 
7f7ef3746000-7f7ef376d000 r-xp 00000000 08:05 1055113                    /lib/x86_64-linux-gnu/libexpat.so.1.6.0
7f7ef376d000-7f7ef396d000 ---p 00027000 08:05 1055113                    /lib/x86_64-linux-gnu/libexpat.so.1.6.0
7f7ef396d000-7f7ef396f000 r--p 00027000 08:05 1055113                    /lib/x86_64-linux-gnu/libexpat.so.1.6.0
7f7ef396f000-7f7ef3970000 rw-p 00029000 08:05 1055113                    /lib/x86_64-linux-gnu/libexpat.so.1.6.0
7f7ef3970000-7f7ef39fc000 r-xp 00000000 08:05 3804270                    /usr/lib/x86_64-linux-gnu/mesa/libGL.so.1.2.0
7f7ef39fc000-7f7ef3bfb000 ---p 0008c000 08:05 3804270                    /usr/lib/x86_64-linux-gnu/mesa/libGL.so.1.2.0
7f7ef3bfb000-7f7ef3bfe000 r--p 0008b000 08:05 3804270                    /usr/lib/x86_64-linux-gnu/mesa/libGL.so.1.2.0
7f7ef3bfe000-7f7ef3bff000 rw-p 0008e000 08:05 3804270                    /usr/lib/x86_64-linux-gnu/mesa/libGL.so.1.2.0
7f7ef3bff000-7f7ef3e00000 rw-p 00000000 00:00 0 
7f7ef3e00000-7f7ef4000000 rw-p 00000000 00:00 0 
7f7ef4000000-7f7ef46ec000 rw-p 00000000 00:00 0 
7f7ef46ec000-7f7ef8000000 ---p 00000000 00:00 0 
7f7ef8000000-7f7ef8021000 rw-p 00000000 00:00 0 
7f7ef8021000-7f7efc000000 ---p 00000000 00:00 0 
7f7efc000000-7f7efc05a000 rw-p 00000000 00:00 0 
7f7efc05a000-7f7f00000000 ---p 00000000 00:00 0 
7f7f00000000-7f7f02984000 rw-p 00000000 00:00 0 
7f7f02984000-7f7f04000000 ---p 00000000 00:00 0 
7f7f04000000-7f7f04021000 rw-p 00000000 00:00 0 
7f7f04021000-7f7f08000000 ---p 00000000 00:00 0 
7f7f08000000-7f7f08021000 rw-p 00000000 00:00 0 
7f7f08021000-7f7f0c000000 ---p 00000000 00:00 0 
7f7f0c000000-7f7f0c021000 rw-p 00000000 00:00 0 
7f7f0c021000-7f7f10000000 ---p 00000000 00:00 0 
7f7f10000000-7f7f10029000 rw-p 00000000 00:00 0 
7f7f10029000-7f7f14000000 ---p 00000000 00:00 0 
7f7f14000000-7f7f14021000 rw-p 00000000 00:00 0 
7f7f14021000-7f7f18000000 ---p 00000000 00:00 0 
7f7f18000000-7f7f18021000 rw-p 00000000 00:00 0 
7f7f18021000-7f7f1c000000 ---p 00000000 00:00 0 
7f7f1c000000-7f7f1c764000 rw-p 00000000 00:00 0 
7f7f1c764000-7f7f20000000 ---p 00000000 00:00 0 
7f7f20000000-7f7f2129c000 rw-p 00000000 00:00 0 
7f7f2129c000-7f7f24000000 ---p 00000000 00:00 0 
7f7f24000000-7f7f24001000 r--s 00000000 08:05 786514                     /var/cache/fontconfig/56cf4f4769d0f4abc89a4895d7bd3ae1-le64.cache-4
7f7f24001000-7f7f24002000 r--s 00000000 08:05 786526                     /var/cache/fontconfig/b9d506c9ac06c20b433354fa67a72993-le64.cache-4
7f7f24002000-7f7f24003000 r--s 00000000 08:05 786503                     /var/cache/fontconfig/0c9eb80ebd1c36541ebe2852d3bb0c49-le64.cache-4
7f7f24003000-7f7f24005000 r--s 00000000 08:05 806645                     /var/cache/fontconfig/16326683038b281783a0ef8c680e3a10-le64.cache-4
7f7f24006000-7f7f24016000 rw-s 120b09000 00:05 1679                      /dev/dri/card0
7f7f24016000-7f7f24076000 rw-s 120869000 00:05 1679                      /dev/dri/card0
7f7f24076000-7f7f24079000 ---p 00000000 00:00 0 
7f7f24079000-7f7f24177000 rw-p 00000000 00:00 0 
7f7f24177000-7f7f2417e000 r-xp 00000000 08:05 1848162                    /tmp/jogamp_0000/file_cache/jln1105883511329125146/jln581707544347103758/libnativewindow_x11.so
7f7f2417e000-7f7f2437d000 ---p 00007000 08:05 1848162                    /tmp/jogamp_0000/file_cache/jln1105883511329125146/jln581707544347103758/libnativewindow_x11.so
7f7f2437d000-7f7f2437e000 rw-p 00006000 08:05 1848162                    /tmp/jogamp_0000/file_cache/jln1105883511329125146/jln581707544347103758/libnativewindow_x11.so
7f7f2437e000-7f7f24382000 r-xp 00000000 08:05 3547344                    /usr/lib/x86_64-linux-gnu/libXxf86vm.so.1.0.0
7f7f24382000-7f7f24582000 ---p 00004000 08:05 3547344                    /usr/lib/x86_64-linux-gnu/libXxf86vm.so.1.0.0
7f7f24582000-7f7f24583000 r--p 00004000 08:05 3547344                    /usr/lib/x86_64-linux-gnu/libXxf86vm.so.1.0.0
7f7f24583000-7f7f24584000 rw-p 00005000 08:05 3547344                    /usr/lib/x86_64-linux-gnu/libXxf86vm.so.1.0.0
7f7f24584000-7f7f24586000 r-xp 00000000 08:05 1848157                    /tmp/jogamp_0000/file_cache/jln1105883511329125146/jln581707544347103758/libnativewindow_awt.so
7f7f24586000-7f7f24785000 ---p 00002000 08:05 1848157                    /tmp/jogamp_0000/file_cache/jln1105883511329125146/jln581707544347103758/libnativewindow_awt.so
7f7f24785000-7f7f24786000 rw-p 00001000 08:05 1848157                    /tmp/jogamp_0000/file_cache/jln1105883511329125146/jln581707544347103758/libnativewindow_awt.so
7f7f24786000-7f7f24787000 r-xp 00000000 08:05 4752070                    /usr/local/java/jdk1.8.0_60/jre/lib/amd64/libjawt.so
7f7f24787000-7f7f24986000 ---p 00001000 08:05 4752070                    /usr/local/java/jdk1.8.0_60/jre/lib/amd64/libjawt.so
7f7f24986000-7f7f24987000 rw-p 00000000 08:05 4752070                    /usr/local/java/jdk1.8.0_60/jre/lib/amd64/libjawt.so
7f7f24987000-7f7f24989000 r-xp 00000000 08:05 1844900                    /tmp/jogamp_0000/file_cache/jln1105883511329125146/jln581707544347103758/libgluegen-rt.so
7f7f24989000-7f7f24b88000 ---p 00002000 08:05 1844900                    /tmp/jogamp_0000/file_cache/jln1105883511329125146/jln581707544347103758/libgluegen-rt.so
7f7f24b88000-7f7f24b89000 rw-p 00001000 08:05 1844900                    /tmp/jogamp_0000/file_cache/jln1105883511329125146/jln581707544347103758/libgluegen-rt.so
7f7f24b89000-7f7f24b8c000 ---p 00000000 00:00 0 
7f7f24b8c000-7f7f24c8a000 rw-p 00000000 00:00 0                          [stack:3887]
7f7f24c8a000-7f7f24c8d000 ---p 00000000 00:00 0 
7f7f24c8d000-7f7f24ec3000 rw-p 00000000 00:00 0                          [stack:3882]
7f7f24ec3000-7f7f24ec6000 ---p 00000000 00:00 0 
7f7f24ec6000-7f7f251c4000 rw-p 00000000 00:00 0                          [stack:3878]
7f7f251c4000-7f7f251c7000 ---p 00000000 00:00 0 
7f7f251c7000-7f7f252c5000 rw-p 00000000 00:00 0                          [stack:3877]
7f7f252c5000-7f7f2532e000 r-xp 00000000 08:05 4752100                    /usr/local/java/jdk1.8.0_60/jre/lib/amd64/libt2k.so
7f7f2532e000-7f7f2552e000 ---p 00069000 08:05 4752100                    /usr/local/java/jdk1.8.0_60/jre/lib/amd64/libt2k.so
7f7f2552e000-7f7f25535000 rw-p 00069000 08:05 4752100                    /usr/local/java/jdk1.8.0_60/jre/lib/amd64/libt2k.so
7f7f25535000-7f7f25545000 rw-p 00000000 00:00 0 
7f7f25545000-7f7f25556000 r-xp 00000000 08:05 4752120                    /usr/local/java/jdk1.8.0_60/jre/lib/amd64/libnio.so
7f7f25556000-7f7f25755000 ---p 00011000 08:05 4752120                    /usr/local/java/jdk1.8.0_60/jre/lib/amd64/libnio.so
7f7f25755000-7f7f25756000 rw-p 00010000 08:05 4752120                    /usr/local/java/jdk1.8.0_60/jre/lib/amd64/libnio.so
7f7f25756000-7f7f25787000 rw-p 00000000 00:00 0 
7f7f25787000-7f7f2579d000 r-xp 00000000 08:05 4752097                    /usr/local/java/jdk1.8.0_60/jre/lib/amd64/libnet.so
7f7f2579d000-7f7f2599d000 ---p 00016000 08:05 4752097                    /usr/local/java/jdk1.8.0_60/jre/lib/amd64/libnet.so
7f7f2599d000-7f7f2599e000 rw-p 00016000 08:05 4752097                    /usr/local/java/jdk1.8.0_60/jre/lib/amd64/libnet.so
7f7f2599e000-7f7f259a1000 ---p 00000000 00:00 0 
7f7f259a1000-7f7f25a9f000 rw-p 00000000 00:00 0                          [stack:3875]
7f7f25a9f000-7f7f25aa2000 ---p 00000000 00:00 0 
7f7f25aa2000-7f7f25ba0000 rw-p 00000000 00:00 0                          [stack:3874]
7f7f25ba0000-7f7f25ba3000 ---p 00000000 00:00 0 
7f7f25ba3000-7f7f25ca1000 rw-p 00000000 00:00 0                          [stack:3873]
7f7f25ca1000-7f7f25ca4000 ---p 00000000 00:00 0 
7f7f25ca4000-7f7f25da2000 rw-p 00000000 00:00 0                          [stack:3871]
7f7f25da2000-7f7f25da7000 r-xp 00000000 08:05 3539424                    /usr/lib/x86_64-linux-gnu/libXfixes.so.3.1.0
7f7f25da7000-7f7f25fa6000 ---p 00005000 08:05 3539424                    /usr/lib/x86_64-linux-gnu/libXfixes.so.3.1.0
7f7f25fa6000-7f7f25fa7000 r--p 00004000 08:05 3539424                    /usr/lib/x86_64-linux-gnu/libXfixes.so.3.1.0
7f7f25fa7000-7f7f25fa8000 rw-p 00005000 08:05 3539424                    /usr/lib/x86_64-linux-gnu/libXfixes.so.3.1.0
7f7f25fa8000-7f7f25fb1000 r-xp 00000000 08:05 3547300                    /usr/lib/x86_64-linux-gnu/libXcursor.so.1.0.2
7f7f25fb1000-7f7f261b0000 ---p 00009000 08:05 3547300                    /usr/lib/x86_64-linux-gnu/libXcursor.so.1.0.2
7f7f261b0000-7f7f261b1000 r--p 00008000 08:05 3547300                    /usr/lib/x86_64-linux-gnu/libXcursor.so.1.0.2
7f7f261b1000-7f7f261b2000 rw-p 00009000 08:05 3547300                    /usr/lib/x86_64-linux-gnu/libXcursor.so.1.0.2
7f7f261b2000-7f7f261b5000 ---p 00000000 00:00 0 
7f7f261b5000-7f7f262b3000 rw-p 00000000 00:00 0                          [stack:3870]
7f7f262b3000-7f7f262c9000 r-xp 00000000 08:05 1054013                    /lib/x86_64-linux-gnu/libgcc_s.so.1
7f7f262c9000-7f7f264c8000 ---p 00016000 08:05 1054013                    /lib/x86_64-linux-gnu/libgcc_s.so.1
7f7f264c8000-7f7f264c9000 rw-p 00015000 08:05 1054013                    /lib/x86_64-linux-gnu/libgcc_s.so.1
7f7f264c9000-7f7f2652f000 r-xp 00000000 08:05 4752101                    /usr/local/java/jdk1.8.0_60/jre/lib/amd64/libfontmanager.so
7f7f2652f000-7f7f2672e000 ---p 00066000 08:05 4752101                    /usr/local/java/jdk1.8.0_60/jre/lib/amd64/libfontmanager.so
7f7f2672e000-7f7f26732000 rw-p 00065000 08:05 4752101                    /usr/local/java/jdk1.8.0_60/jre/lib/amd64/libfontmanager.so
7f7f26732000-7f7f26743000 rw-p 00000000 00:00 0 
7f7f26743000-7f7f26748000 r-xp 00000000 08:05 3547304                    /usr/lib/x86_64-linux-gnu/libXdmcp.so.6.0.0
7f7f26748000-7f7f26947000 ---p 00005000 08:05 3547304                    /usr/lib/x86_64-linux-gnu/libXdmcp.so.6.0.0
7f7f26947000-7f7f26948000 r--p 00004000 08:05 3547304                    /usr/lib/x86_64-linux-gnu/libXdmcp.so.6.0.0
7f7f26948000-7f7f26949000 rw-p 00005000 08:05 3547304                    /usr/lib/x86_64-linux-gnu/libXdmcp.so.6.0.0
7f7f26949000-7f7f2694b000 r-xp 00000000 08:05 3547293                    /usr/lib/x86_64-linux-gnu/libXau.so.6.0.0
7f7f2694b000-7f7f26b4b000 ---p 00002000 08:05 3547293                    /usr/lib/x86_64-linux-gnu/libXau.so.6.0.0
7f7f26b4b000-7f7f26b4c000 r--p 00002000 08:05 3547293                    /usr/lib/x86_64-linux-gnu/libXau.so.6.0.0
7f7f26b4c000-7f7f26b4d000 rw-p 00003000 08:05 3547293                    /usr/lib/x86_64-linux-gnu/libXau.so.6.0.0
7f7f26b4d000-7f7f26b6a000 r-xp 00000000 08:05 3548361                    /usr/lib/x86_64-linux-gnu/libxcb.so.1.1.0
7f7f26b6a000-7f7f26d6a000 ---p 0001d000 08:05 3548361                    /usr/lib/x86_64-linux-gnu/libxcb.so.1.1.0
7f7f26d6a000-7f7f26d6b000 r--p 0001d000 08:05 3548361                    /usr/lib/x86_64-linux-gnu/libxcb.so.1.1.0
7f7f26d6b000-7f7f26d6c000 rw-p 0001e000 08:05 3548361                    /usr/lib/x86_64-linux-gnu/libxcb.so.1.1.0
7f7f26d6c000-7f7f26d7b000 r-xp 00000000 08:05 3546796                    /usr/lib/x86_64-linux-gnu/libXi.so.6.1.0
7f7f26d7b000-7f7f26f7a000 ---p 0000f000 08:05 3546796                    /usr/lib/x86_64-linux-gnu/libXi.so.6.1.0
7f7f26f7a000-7f7f26f7b000 r--p 0000e000 08:05 3546796                    /usr/lib/x86_64-linux-gnu/libXi.so.6.1.0
7f7f26f7b000-7f7f26f7c000 rw-p 0000f000 08:05 3546796                    /usr/lib/x86_64-linux-gnu/libXi.so.6.1.0
7f7f26f7c000-7f7f26f81000 r-xp 00000000 08:05 3547334                    /usr/lib/x86_64-linux-gnu/libXtst.so.6.1.0
7f7f26f81000-7f7f27180000 ---p 00005000 08:05 3547334                    /usr/lib/x86_64-linux-gnu/libXtst.so.6.1.0
7f7f27180000-7f7f27181000 r--p 00004000 08:05 3547334                    /usr/lib/x86_64-linux-gnu/libXtst.so.6.1.0
7f7f27181000-7f7f27182000 rw-p 00005000 08:05 3547334                    /usr/lib/x86_64-linux-gnu/libXtst.so.6.1.0
7f7f27182000-7f7f2718b000 r-xp 00000000 08:05 3546798                    /usr/lib/x86_64-linux-gnu/libXrender.so.1.3.0
7f7f2718b000-7f7f2738a000 ---p 00009000 08:05 3546798                    /usr/lib/x86_64-linux-gnu/libXrender.so.1.3.0
7f7f2738a000-7f7f2738b000 r--p 00008000 08:05 3546798                    /usr/lib/x86_64-linux-gnu/libXrender.so.1.3.0
7f7f2738b000-7f7f2738c000 rw-p 00009000 08:05 3546798                    /usr/lib/x86_64-linux-gnu/libXrender.so.1.3.0
7f7f2738c000-7f7f274bc000 r-xp 00000000 08:05 3547289                    /usr/lib/x86_64-linux-gnu/libX11.so.6.3.0
7f7f274bc000-7f7f276bc000 ---p 00130000 08:05 3547289                    /usr/lib/x86_64-linux-gnu/libX11.so.6.3.0
7f7f276bc000-7f7f276bd000 r--p 00130000 08:05 3547289                    /usr/lib/x86_64-linux-gnu/libX11.so.6.3.0
7f7f276bd000-7f7f276c1000 rw-p 00131000 08:05 3547289                    /usr/lib/x86_64-linux-gnu/libX11.so.6.3.0
7f7f276c1000-7f7f276d2000 r-xp 00000000 08:05 3540152                    /usr/lib/x86_64-linux-gnu/libXext.so.6.4.0
7f7f276d2000-7f7f278d1000 ---p 00011000 08:05 3540152                    /usr/lib/x86_64-linux-gnu/libXext.so.6.4.0
7f7f278d1000-7f7f278d2000 r--p 00010000 08:05 3540152                    /usr/lib/x86_64-linux-gnu/libXext.so.6.4.0
7f7f278d2000-7f7f278d3000 rw-p 00011000 08:05 3540152                    /usr/lib/x86_64-linux-gnu/libXext.so.6.4.0
7f7f278d3000-7f7f27927000 r-xp 00000000 08:05 4752107                    /usr/local/java/jdk1.8.0_60/jre/lib/amd64/libawt_xawt.so
7f7f27927000-7f7f27b27000 ---p 00054000 08:05 4752107                    /usr/local/java/jdk1.8.0_60/jre/lib/amd64/libawt_xawt.so
7f7f27b27000-7f7f27b2b000 rw-p 00054000 08:05 4752107                    /usr/local/java/jdk1.8.0_60/jre/lib/amd64/libawt_xawt.so
7f7f27b2b000-7f7f27b2c000 rw-p 00000000 00:00 0 
7f7f27b2c000-7f7f27bce000 r-xp 00000000 08:05 4752114                    /usr/local/java/jdk1.8.0_60/jre/lib/amd64/libawt.so
7f7f27bce000-7f7f27dce000 ---p 000a2000 08:05 4752114                    /usr/local/java/jdk1.8.0_60/jre/lib/amd64/libawt.so
7f7f27dce000-7f7f27dda000 rw-p 000a2000 08:05 4752114                    /usr/local/java/jdk1.8.0_60/jre/lib/amd64/libawt.so
7f7f27dda000-7f7f27dfe000 rw-p 00000000 00:00 0 
7f7f27dfe000-7f7f27dff000 ---p 00000000 00:00 0 
7f7f27dff000-7f7f27eff000 rw-p 00000000 00:00 0                          [stack:3869]
7f7f27eff000-7f7f27f02000 ---p 00000000 00:00 0 
7f7f27f02000-7f7f28000000 rw-p 00000000 00:00 0                          [stack:3868]
7f7f28000000-7f7f28021000 rw-p 00000000 00:00 0 
7f7f28021000-7f7f2c000000 ---p 00000000 00:00 0 
7f7f2c000000-7f7f2ccdf000 rw-p 00000000 00:00 0 
7f7f2ccdf000-7f7f30000000 ---p 00000000 00:00 0 
7f7f30000000-7f7f30021000 rw-p 00000000 00:00 0 
7f7f30021000-7f7f34000000 ---p 00000000 00:00 0 
7f7f34000000-7f7f34021000 rw-p 00000000 00:00 0 
7f7f34021000-7f7f38000000 ---p 00000000 00:00 0 
7f7f38000000-7f7f38021000 rw-p 00000000 00:00 0 
7f7f38021000-7f7f3c000000 ---p 00000000 00:00 0 
7f7f3c000000-7f7f3c021000 rw-p 00000000 00:00 0 
7f7f3c021000-7f7f40000000 ---p 00000000 00:00 0 
7f7f40000000-7f7f40021000 rw-p 00000000 00:00 0 
7f7f40021000-7f7f44000000 ---p 00000000 00:00 0 
7f7f44000000-7f7f44021000 rw-p 00000000 00:00 0 
7f7f44021000-7f7f48000000 ---p 00000000 00:00 0 
7f7f48000000-7f7f48023000 rw-p 00000000 00:00 0 
7f7f48023000-7f7f4c000000 ---p 00000000 00:00 0 
7f7f4c000000-7f7f4c001000 r--s 00000000 08:05 806643                     /var/cache/fontconfig/e0aa53bcfa504e64f87823c16bc01eb6-le64.cache-4
7f7f4c006000-7f7f4c007000 rw-p 00000000 00:00 0 
7f7f4c007000-7f7f4c017000 rw-s 11ffe9000 00:05 1679                      /dev/dri/card0
7f7f4c017000-7f7f4c027000 rw-s 11f6de000 00:05 1679                      /dev/dri/card0
7f7f4c027000-7f7f4c029000 rw-s 00000000 00:04 31665                      /drm mm object (deleted)
7f7f4c029000-7f7f4c02a000 rw-s 00000000 00:04 31656                      /drm mm object (deleted)
7f7f4c02a000-7f7f4c02e000 r--s 00095000 08:05 4618331                    /usr/local/java/jdk1.8.0_60/jre/lib/jsse.jar
7f7f4c02e000-7f7f4c051000 r--s 002ec000 08:05 4757285                    /home/elena/java/workspace/UCSDUnfoldingMaps/lib/jogl-all.jar
7f7f4c051000-7f7f4c054000 ---p 00000000 00:00 0 
7f7f4c054000-7f7f4c152000 rw-p 00000000 00:00 0                          [stack:3867]
7f7f4c152000-7f7f4c155000 ---p 00000000 00:00 0 
7f7f4c155000-7f7f4c253000 rw-p 00000000 00:00 0                          [stack:3866]
7f7f4c253000-7f7f4c256000 ---p 00000000 00:00 0 
7f7f4c256000-7f7f4c354000 rw-p 00000000 00:00 0                          [stack:3865]
7f7f4c354000-7f7f4c357000 ---p 00000000 00:00 0 
7f7f4c357000-7f7f4c455000 rw-p 00000000 00:00 0                          [stack:3864]
7f7f4c455000-7f7f4cc6a000 r--p 00000000 08:05 3546206                    /usr/lib/locale/locale-archive
7f7f4cc6a000-7f7f4cc6d000 ---p 00000000 00:00 0 
7f7f4cc6d000-7f7f4cd6b000 rw-p 00000000 00:00 0                          [stack:3863]
7f7f4cd6b000-7f7f4cd6e000 ---p 00000000 00:00 0 
7f7f4cd6e000-7f7f4ce6c000 rw-p 00000000 00:00 0                          [stack:3862]
7f7f4ce6c000-7f7f4ce6d000 ---p 00000000 00:00 0 
7f7f4ce6d000-7f7f4df2e000 rw-p 00000000 00:00 0                          [stack:3861]
7f7f4df2e000-7f7f4e106000 r--s 03d17000 08:05 4618326                    /usr/local/java/jdk1.8.0_60/jre/lib/rt.jar
7f7f4e106000-7f7f5083c000 rw-p 00000000 00:00 0 
7f7f5083c000-7f7f5083d000 ---p 00000000 00:00 0 
7f7f5083d000-7f7f5093d000 rw-p 00000000 00:00 0                          [stack:3859]
7f7f5093d000-7f7f5093e000 ---p 00000000 00:00 0 
7f7f5093e000-7f7f50a3e000 rw-p 00000000 00:00 0                          [stack:3858]
7f7f50a3e000-7f7f50a3f000 ---p 00000000 00:00 0 
7f7f50a3f000-7f7f50b3f000 rw-p 00000000 00:00 0                          [stack:3856]
7f7f50b3f000-7f7f50b40000 ---p 00000000 00:00 0 
7f7f50b40000-7f7f50c63000 rw-p 00000000 00:00 0                          [stack:3853]
7f7f50c63000-7f7f51000000 ---p 00000000 00:00 0 
7f7f51000000-7f7f518a0000 rwxp 00000000 00:00 0 
7f7f518a0000-7f7f60000000 ---p 00000000 00:00 0 
7f7f60000000-7f7f602a8000 rw-p 00000000 00:00 0 
7f7f602a8000-7f7f64000000 ---p 00000000 00:00 0 
7f7f64000000-7f7f64001000 rwxp 00000000 00:00 0 
7f7f64001000-7f7f64002000 r--s 0002f000 08:05 4757279                    /home/elena/java/workspace/UCSDUnfoldingMaps/lib/jogl-all-natives-linux-amd64.jar
7f7f64002000-7f7f64008000 r--s 00033000 08:05 4757290                    /home/elena/java/workspace/UCSDUnfoldingMaps/lib/unfolding.0.9.7-uscd.jar
7f7f64008000-7f7f6400d000 r--s 00309000 08:05 4757289                    /home/elena/java/workspace/UCSDUnfoldingMaps/lib/sqlite-jdbc-3.7.2.jar
7f7f6400d000-7f7f640b0000 rw-p 00000000 00:00 0 
7f7f640b0000-7f7f641bd000 ---p 00000000 00:00 0 
7f7f641bd000-7f7f641ea000 rw-p 00000000 00:00 0 
7f7f641ea000-7f7f642f6000 ---p 00000000 00:00 0 
7f7f642f6000-7f7f6435f000 rw-p 00000000 00:00 0 
7f7f6435f000-7f7f64393000 ---p 00000000 00:00 0 
7f7f64393000-7f7f64394000 rw-p 00000000 00:00 0 
7f7f64394000-7f7f643ae000 r-xp 00000000 08:05 4752090                    /usr/local/java/jdk1.8.0_60/jre/lib/amd64/libzip.so
7f7f643ae000-7f7f645ae000 ---p 0001a000 08:05 4752090                    /usr/local/java/jdk1.8.0_60/jre/lib/amd64/libzip.so
7f7f645ae000-7f7f645af000 rw-p 0001a000 08:05 4752090                    /usr/local/java/jdk1.8.0_60/jre/lib/amd64/libzip.so
7f7f645af000-7f7f645ba000 r-xp 00000000 08:05 1048669                    /lib/x86_64-linux-gnu/libnss_files-2.19.so
7f7f645ba000-7f7f647b9000 ---p 0000b000 08:05 1048669                    /lib/x86_64-linux-gnu/libnss_files-2.19.so
7f7f647b9000-7f7f647ba000 r--p 0000a000 08:05 1048669                    /lib/x86_64-linux-gnu/libnss_files-2.19.so
7f7f647ba000-7f7f647bb000 rw-p 0000b000 08:05 1048669                    /lib/x86_64-linux-gnu/libnss_files-2.19.so
7f7f647bb000-7f7f647c6000 r-xp 00000000 08:05 1052704                    /lib/x86_64-linux-gnu/libnss_nis-2.19.so
7f7f647c6000-7f7f649c5000 ---p 0000b000 08:05 1052704                    /lib/x86_64-linux-gnu/libnss_nis-2.19.so
7f7f649c5000-7f7f649c6000 r--p 0000a000 08:05 1052704                    /lib/x86_64-linux-gnu/libnss_nis-2.19.so
7f7f649c6000-7f7f649c7000 rw-p 0000b000 08:05 1052704                    /lib/x86_64-linux-gnu/libnss_nis-2.19.so
7f7f649c7000-7f7f649de000 r-xp 00000000 08:05 1048678                    /lib/x86_64-linux-gnu/libnsl-2.19.so
7f7f649de000-7f7f64bdd000 ---p 00017000 08:05 1048678                    /lib/x86_64-linux-gnu/libnsl-2.19.so
7f7f64bdd000-7f7f64bde000 r--p 00016000 08:05 1048678                    /lib/x86_64-linux-gnu/libnsl-2.19.so
7f7f64bde000-7f7f64bdf000 rw-p 00017000 08:05 1048678                    /lib/x86_64-linux-gnu/libnsl-2.19.so
7f7f64bdf000-7f7f64be1000 rw-p 00000000 00:00 0 
7f7f64be1000-7f7f64bea000 r-xp 00000000 08:05 1048677                    /lib/x86_64-linux-gnu/libnss_compat-2.19.so
7f7f64bea000-7f7f64de9000 ---p 00009000 08:05 1048677                    /lib/x86_64-linux-gnu/libnss_compat-2.19.so
7f7f64de9000-7f7f64dea000 r--p 00008000 08:05 1048677                    /lib/x86_64-linux-gnu/libnss_compat-2.19.so
7f7f64dea000-7f7f64deb000 rw-p 00009000 08:05 1048677                    /lib/x86_64-linux-gnu/libnss_compat-2.19.so
7f7f64deb000-7f7f64e15000 r-xp 00000000 08:05 4752050                    /usr/local/java/jdk1.8.0_60/jre/lib/amd64/libjava.so
7f7f64e15000-7f7f65015000 ---p 0002a000 08:05 4752050                    /usr/local/java/jdk1.8.0_60/jre/lib/amd64/libjava.so
7f7f65015000-7f7f65017000 rw-p 0002a000 08:05 4752050                    /usr/local/java/jdk1.8.0_60/jre/lib/amd64/libjava.so
7f7f65017000-7f7f65024000 r-xp 00000000 08:05 4752078                    /usr/local/java/jdk1.8.0_60/jre/lib/amd64/libverify.so
7f7f65024000-7f7f65224000 ---p 0000d000 08:05 4752078                    /usr/local/java/jdk1.8.0_60/jre/lib/amd64/libverify.so
7f7f65224000-7f7f65226000 rw-p 0000d000 08:05 4752078                    /usr/local/java/jdk1.8.0_60/jre/lib/amd64/libverify.so
7f7f65226000-7f7f6522d000 r-xp 00000000 08:05 1052699                    /lib/x86_64-linux-gnu/librt-2.19.so
7f7f6522d000-7f7f6542c000 ---p 00007000 08:05 1052699                    /lib/x86_64-linux-gnu/librt-2.19.so
7f7f6542c000-7f7f6542d000 r--p 00006000 08:05 1052699                    /lib/x86_64-linux-gnu/librt-2.19.so
7f7f6542d000-7f7f6542e000 rw-p 00007000 08:05 1052699                    /lib/x86_64-linux-gnu/librt-2.19.so
7f7f6542e000-7f7f65533000 r-xp 00000000 08:05 1048668                    /lib/x86_64-linux-gnu/libm-2.19.so
7f7f65533000-7f7f65732000 ---p 00105000 08:05 1048668                    /lib/x86_64-linux-gnu/libm-2.19.so
7f7f65732000-7f7f65733000 r--p 00104000 08:05 1048668                    /lib/x86_64-linux-gnu/libm-2.19.so
7f7f65733000-7f7f65734000 rw-p 00105000 08:05 1048668                    /lib/x86_64-linux-gnu/libm-2.19.so
7f7f65734000-7f7f663f2000 r-xp 00000000 08:05 4884599                    /usr/local/java/jdk1.8.0_60/jre/lib/amd64/server/libjvm.so
7f7f663f2000-7f7f665f1000 ---p 00cbe000 08:05 4884599                    /usr/local/java/jdk1.8.0_60/jre/lib/amd64/server/libjvm.so
7f7f665f1000-7f7f666c9000 rw-p 00cbd000 08:05 4884599                    /usr/local/java/jdk1.8.0_60/jre/lib/amd64/server/libjvm.so
7f7f666c9000-7f7f6670e000 rw-p 00000000 00:00 0 
7f7f6670e000-7f7f668c9000 r-xp 00000000 08:05 1052688                    /lib/x86_64-linux-gnu/libc-2.19.so
7f7f668c9000-7f7f66ac8000 ---p 001bb000 08:05 1052688                    /lib/x86_64-linux-gnu/libc-2.19.so
7f7f66ac8000-7f7f66acc000 r--p 001ba000 08:05 1052688                    /lib/x86_64-linux-gnu/libc-2.19.so
7f7f66acc000-7f7f66ace000 rw-p 001be000 08:05 1052688                    /lib/x86_64-linux-gnu/libc-2.19.so
7f7f66ace000-7f7f66ad3000 rw-p 00000000 00:00 0 
7f7f66ad3000-7f7f66ad6000 r-xp 00000000 08:05 1048672                    /lib/x86_64-linux-gnu/libdl-2.19.so
7f7f66ad6000-7f7f66cd5000 ---p 00003000 08:05 1048672                    /lib/x86_64-linux-gnu/libdl-2.19.so
7f7f66cd5000-7f7f66cd6000 r--p 00002000 08:05 1048672                    /lib/x86_64-linux-gnu/libdl-2.19.so
7f7f66cd6000-7f7f66cd7000 rw-p 00003000 08:05 1048672                    /lib/x86_64-linux-gnu/libdl-2.19.so
7f7f66cd7000-7f7f66cec000 r-xp 00000000 08:05 4475228                    /usr/local/java/jdk1.8.0_60/lib/amd64/jli/libjli.so
7f7f66cec000-7f7f66eec000 ---p 00015000 08:05 4475228                    /usr/local/java/jdk1.8.0_60/lib/amd64/jli/libjli.so
7f7f66eec000-7f7f66eed000 rw-p 00015000 08:05 4475228                    /usr/local/java/jdk1.8.0_60/lib/amd64/jli/libjli.so
7f7f66eed000-7f7f66f06000 r-xp 00000000 08:05 1052689                    /lib/x86_64-linux-gnu/libpthread-2.19.so
7f7f66f06000-7f7f67105000 ---p 00019000 08:05 1052689                    /lib/x86_64-linux-gnu/libpthread-2.19.so
7f7f67105000-7f7f67106000 r--p 00018000 08:05 1052689                    /lib/x86_64-linux-gnu/libpthread-2.19.so
7f7f67106000-7f7f67107000 rw-p 00019000 08:05 1052689                    /lib/x86_64-linux-gnu/libpthread-2.19.so
7f7f67107000-7f7f6710b000 rw-p 00000000 00:00 0 
7f7f6710b000-7f7f6712e000 r-xp 00000000 08:05 1048680                    /lib/x86_64-linux-gnu/ld-2.19.so
7f7f6712e000-7f7f67130000 r--s 00000000 08:05 4757272                    /home/elena/java/workspace/UCSDUnfoldingMaps/lib/gluegen-rt-natives-linux-amd64.jar
7f7f67130000-7f7f67131000 r--p 00000000 00:00 0 
7f7f67131000-7f7f67132000 r--s 00005000 08:05 4757287                    /home/elena/java/workspace/UCSDUnfoldingMaps/lib/libTUIO.jar
7f7f67132000-7f7f6720a000 rw-p 00000000 00:00 0 
7f7f6720a000-7f7f6720d000 ---p 00000000 00:00 0 
7f7f6720d000-7f7f6730f000 rw-p 00000000 00:00 0                          [stack:3852]
7f7f6730f000-7f7f67310000 r--s 00007000 08:05 4757286                    /home/elena/java/workspace/UCSDUnfoldingMaps/lib/json4processing.jar
7f7f67310000-7f7f67317000 r--s 00059000 08:05 4757288                    /home/elena/java/workspace/UCSDUnfoldingMaps/lib/log4j-1.2.15.jar
7f7f67317000-7f7f6731d000 r--s 00041000 08:05 4757278                    /home/elena/java/workspace/UCSDUnfoldingMaps/lib/gluegen-rt.jar
7f7f6731d000-7f7f67321000 r--s 0009a000 08:05 4757271                    /home/elena/java/workspace/UCSDUnfoldingMaps/lib/core.jar
7f7f67321000-7f7f67329000 rw-s 00000000 08:05 1844113                    /tmp/hsperfdata_elena/3850
7f7f67329000-7f7f6732a000 rw-p 00000000 00:00 0 
7f7f6732a000-7f7f6732b000 r--p 00000000 00:00 0 
7f7f6732b000-7f7f6732d000 rw-p 00000000 00:00 0 
7f7f6732d000-7f7f6732e000 r--p 00022000 08:05 1048680                    /lib/x86_64-linux-gnu/ld-2.19.so
7f7f6732e000-7f7f6732f000 rw-p 00023000 08:05 1048680                    /lib/x86_64-linux-gnu/ld-2.19.so
7f7f6732f000-7f7f67330000 rw-p 00000000 00:00 0 
7fff5b02d000-7fff5b04e000 rw-p 00000000 00:00 0                          [stack]
7fff5b051000-7fff5b053000 r-xp 00000000 00:00 0                          [vdso]
7fff5b053000-7fff5b055000 r--p 00000000 00:00 0                          [vvar]
ffffffffff600000-ffffffffff601000 r-xp 00000000 00:00 0                  [vsyscall]

VM Arguments:
jvm_args: -Djava.security.policy=java.policy.applet -Dfile.encoding=UTF-8 
java_command: sun.applet.AppletViewer module6.EarthquakeCityMap1453296854760.html
java_class_path (initial): /home/elena/java/workspace/UCSDUnfoldingMaps/build:/home/elena/java/workspace/UCSDUnfoldingMaps/lib/core.jar:/home/elena/java/workspace/UCSDUnfoldingMaps/lib/gluegen-rt.jar:/home/elena/java/workspace/UCSDUnfoldingMaps/lib/jogl-all.jar:/home/elena/java/workspace/UCSDUnfoldingMaps/lib/log4j-1.2.15.jar:/home/elena/java/workspace/UCSDUnfoldingMaps/lib/sqlite-jdbc-3.7.2.jar:/home/elena/java/workspace/UCSDUnfoldingMaps/lib/json4processing.jar:/home/elena/java/workspace/UCSDUnfoldingMaps/lib/libTUIO.jar:/home/elena/java/workspace/UCSDUnfoldingMaps/lib/unfolding.0.9.7-uscd.jar
Launcher Type: SUN_STANDARD

Environment Variables:
JAVA_HOME=/usr/local/java/jdk1.8.0_60
PATH=/usr/local/sbin:/usr/local/bin:/usr/sbin:/usr/bin:/sbin:/bin:/usr/games:/usr/local/games:/home/elena/bin:/usr/local/java/jdk1.8.0_60/bin
SHELL=/bin/bash
DISPLAY=:0

Signal Handlers:
SIGSEGV: [libjvm.so+0xaba070], sa_mask[0]=11111111011111111101111111111110, sa_flags=SA_RESTART|SA_SIGINFO
SIGBUS: [libjvm.so+0xaba070], sa_mask[0]=11111111011111111101111111111110, sa_flags=SA_RESTART|SA_SIGINFO
SIGFPE: [libjvm.so+0x917630], sa_mask[0]=11111111011111111101111111111110, sa_flags=SA_RESTART|SA_SIGINFO
SIGPIPE: [libjvm.so+0x917630], sa_mask[0]=11111111011111111101111111111110, sa_flags=SA_RESTART|SA_SIGINFO
SIGXFSZ: [libjvm.so+0x917630], sa_mask[0]=11111111011111111101111111111110, sa_flags=SA_RESTART|SA_SIGINFO
SIGILL: [libjvm.so+0x917630], sa_mask[0]=11111111011111111101111111111110, sa_flags=SA_RESTART|SA_SIGINFO
SIGUSR1: SIG_DFL, sa_mask[0]=00000000000000000000000000000000, sa_flags=none
SIGUSR2: [libjvm.so+0x918c60], sa_mask[0]=00100000000000000000000000000000, sa_flags=SA_RESTART|SA_SIGINFO
SIGHUP: [libjvm.so+0x91a060], sa_mask[0]=11111111011111111101111111111110, sa_flags=SA_RESTART|SA_SIGINFO
SIGINT: [libjvm.so+0x91a060], sa_mask[0]=11111111011111111101111111111110, sa_flags=SA_RESTART|SA_SIGINFO
SIGTERM: [libjvm.so+0x91a060], sa_mask[0]=11111111011111111101111111111110, sa_flags=SA_RESTART|SA_SIGINFO
SIGQUIT: [libjvm.so+0x91a060], sa_mask[0]=11111111011111111101111111111110, sa_flags=SA_RESTART|SA_SIGINFO


---------------  S Y S T E M  ---------------

OS:DISTRIB_ID=Ubuntu
DISTRIB_RELEASE=14.04
DISTRIB_CODENAME=trusty
DISTRIB_DESCRIPTION="Ubuntu 14.04.3 LTS"

uname:Linux 3.16.0-59-generic #79~14.04.1-Ubuntu SMP Mon Jan 18 15:41:27 UTC 2016 x86_64
libc:glibc 2.19 NPTL 2.19 
rlimit: STACK 8192k, CORE 0k, NPROC 14927, NOFILE 4096, AS infinity
load average:1,37 0,60 0,37

/proc/meminfo:
MemTotal:        3842800 kB
MemFree:         1013564 kB
MemAvailable:    1894220 kB
Buffers:          117676 kB
Cached:          1181136 kB
SwapCached:            0 kB
Active:          1865608 kB
Inactive:         784924 kB
Active(anon):    1354800 kB
Inactive(anon):   269580 kB
Active(file):     510808 kB
Inactive(file):   515344 kB
Unevictable:          32 kB
Mlocked:              32 kB
SwapTotal:       3987452 kB
SwapFree:        3987452 kB
Dirty:              1120 kB
Writeback:             0 kB
AnonPages:       1355876 kB
Mapped:           246100 kB
Shmem:            272656 kB
Slab:              73960 kB
SReclaimable:      46876 kB
SUnreclaim:        27084 kB
KernelStack:        7520 kB
PageTables:        26572 kB
NFS_Unstable:          0 kB
Bounce:                0 kB
WritebackTmp:          0 kB
CommitLimit:     5908852 kB
Committed_AS:    4061180 kB
VmallocTotal:   34359738367 kB
VmallocUsed:      426656 kB
VmallocChunk:   34359296628 kB
HardwareCorrupted:     0 kB
AnonHugePages:    626688 kB
HugePages_Total:       0
HugePages_Free:        0
HugePages_Rsvd:        0
HugePages_Surp:        0
Hugepagesize:       2048 kB
DirectMap4k:       61696 kB
DirectMap2M:     3926016 kB


CPU:total 4 (2 cores per cpu, 2 threads per core) family 6 model 37 stepping 5, cmov, cx8, fxsr, mmx, sse, sse2, sse3, ssse3, sse4.1, sse4.2, popcnt, ht, tsc, tscinvbit

/proc/cpuinfo:
processor	: 0
vendor_id	: GenuineIntel
cpu family	: 6
model		: 37
model name	: Intel(R) Core(TM) i5 CPU       M 460  @ 2.53GHz
stepping	: 5
microcode	: 0x2
cpu MHz		: 1199.000
cache size	: 3072 KB
physical id	: 0
siblings	: 4
core id		: 0
cpu cores	: 2
apicid		: 0
initial apicid	: 0
fpu		: yes
fpu_exception	: yes
cpuid level	: 11
wp		: yes
flags		: fpu vme de pse tsc msr pae mce cx8 apic sep mtrr pge mca cmov pat pse36 clflush dts acpi mmx fxsr sse sse2 ss ht tm pbe syscall nx rdtscp lm constant_tsc arch_perfmon pebs bts rep_good nopl xtopology nonstop_tsc aperfmperf pni dtes64 monitor ds_cpl vmx est tm2 ssse3 cx16 xtpr pdcm pcid sse4_1 sse4_2 popcnt lahf_lm ida arat dtherm tpr_shadow vnmi flexpriority ept vpid
bogomips	: 5054.79
clflush size	: 64
cache_alignment	: 64
address sizes	: 36 bits physical, 48 bits virtual
power management:

processor	: 1
vendor_id	: GenuineIntel
cpu family	: 6
model		: 37
model name	: Intel(R) Core(TM) i5 CPU       M 460  @ 2.53GHz
stepping	: 5
microcode	: 0x2
cpu MHz		: 2534.000
cache size	: 3072 KB
physical id	: 0
siblings	: 4
core id		: 0
cpu cores	: 2
apicid		: 1
initial apicid	: 1
fpu		: yes
fpu_exception	: yes
cpuid level	: 11
wp		: yes
flags		: fpu vme de pse tsc msr pae mce cx8 apic sep mtrr pge mca cmov pat pse36 clflush dts acpi mmx fxsr sse sse2 ss ht tm pbe syscall nx rdtscp lm constant_tsc arch_perfmon pebs bts rep_good nopl xtopology nonstop_tsc aperfmperf pni dtes64 monitor ds_cpl vmx est tm2 ssse3 cx16 xtpr pdcm pcid sse4_1 sse4_2 popcnt lahf_lm ida arat dtherm tpr_shadow vnmi flexpriority ept vpid
bogomips	: 5054.79
clflush size	: 64
cache_alignment	: 64
address sizes	: 36 bits physical, 48 bits virtual
power management:

processor	: 2
vendor_id	: GenuineIntel
cpu family	: 6
model		: 37
model name	: Intel(R) Core(TM) i5 CPU       M 460  @ 2.53GHz
stepping	: 5
microcode	: 0x2
cpu MHz		: 2534.000
cache size	: 3072 KB
physical id	: 0
siblings	: 4
core id		: 2
cpu cores	: 2
apicid		: 4
initial apicid	: 4
fpu		: yes
fpu_exception	: yes
cpuid level	: 11
wp		: yes
flags		: fpu vme de pse tsc msr pae mce cx8 apic sep mtrr pge mca cmov pat pse36 clflush dts acpi mmx fxsr sse sse2 ss ht tm pbe syscall nx rdtscp lm constant_tsc arch_perfmon pebs bts rep_good nopl xtopology nonstop_tsc aperfmperf pni dtes64 monitor ds_cpl vmx est tm2 ssse3 cx16 xtpr pdcm pcid sse4_1 sse4_2 popcnt lahf_lm ida arat dtherm tpr_shadow vnmi flexpriority ept vpid
bogomips	: 5054.79
clflush size	: 64
cache_alignment	: 64
address sizes	: 36 bits physical, 48 bits virtual
power management:

processor	: 3
vendor_id	: GenuineIntel
cpu family	: 6
model		: 37
model name	: Intel(R) Core(TM) i5 CPU       M 460  @ 2.53GHz
stepping	: 5
microcode	: 0x2
cpu MHz		: 1199.000
cache size	: 3072 KB
physical id	: 0
siblings	: 4
core id		: 2
cpu cores	: 2
apicid		: 5
initial apicid	: 5
fpu		: yes
fpu_exception	: yes
cpuid level	: 11
wp		: yes
flags		: fpu vme de pse tsc msr pae mce cx8 apic sep mtrr pge mca cmov pat pse36 clflush dts acpi mmx fxsr sse sse2 ss ht tm pbe syscall nx rdtscp lm constant_tsc arch_perfmon pebs bts rep_good nopl xtopology nonstop_tsc aperfmperf pni dtes64 monitor ds_cpl vmx est tm2 ssse3 cx16 xtpr pdcm pcid sse4_1 sse4_2 popcnt lahf_lm ida arat dtherm tpr_shadow vnmi flexpriority ept vpid
bogomips	: 5054.79
clflush size	: 64
cache_alignment	: 64
address sizes	: 36 bits physical, 48 bits virtual
power management:



Memory: 4k page, physical 3842800k(1013564k free), swap 3987452k(3987452k free)

vm_info: Java HotSpot(TM) 64-Bit Server VM (25.60-b23) for linux-amd64 JRE (1.8.0_60-b27), built on Aug  4 2015 12:19:40 by "java_re" with gcc 4.3.0 20080428 (Red Hat 4.3.0-8)

time: Wed Jan 20 15:34:45 2016
elapsed time: 30 seconds (0d 0h 0m 30s)

