#
# A fatal error has been detected by the Java Runtime Environment:
#
#  SIGSEGV (0xb) at pc=0x00007f0b006a9b30, pid=3845, tid=139686719825664
#
# JRE version: Java(TM) SE Runtime Environment (8.0_60-b27) (build 1.8.0_60-b27)
# Java VM: Java HotSpot(TM) 64-Bit Server VM (25.60-b23 mixed mode linux-amd64 compressed oops)
# Problematic frame:
# C  [i965_dri.so+0x2f2b30]
#
# Failed to write core dump. Core dumps have been disabled. To enable core dumping, try "ulimit -c unlimited" before starting Java again
#
# If you would like to submit a bug report, please visit:
#   http://bugreport.java.com/bugreport/crash.jsp
# The crash happened outside the Java Virtual Machine in native code.
# See problematic frame for where to report the bug.
#

---------------  T H R E A D  ---------------

Current thread (0x00007f0b14003000):  JavaThread "AWT-EventQueue-1" [_thread_in_native, id=3871, stack(0x00007f0b5940a000,0x00007f0b5950b000)]

siginfo: si_signo: 11 (SIGSEGV), si_code: 1 (SEGV_MAPERR), si_addr: 0x000000000000c540

Registers:
RAX=0x00007f0b006a9b20, RBX=0x000000000000c000, RCX=0x0000000000000000, RDX=0x0000000000000001
RSP=0x00007f0b59508550, RBP=0x00007f0b04559e60, RSI=0x00007f0b117e6260, RDI=0x0000000100000000
R8 =0x0000000000000000, R9 =0x00007f0b53bb39c0, R10=0x00007f0b651c2787, R11=0x00007f0b77aaa000
R12=0x00007f0b04505c90, R13=0x0000000000000000, R14=0x00007f0b04506590, R15=0x0000000000000000
RIP=0x00007f0b006a9b30, EFLAGS=0x0000000000010206, CSGSFS=0x0000000000000033, ERR=0x0000000000000004
  TRAPNO=0x000000000000000e

Top of Stack: (sp=0x00007f0b59508550)
0x00007f0b59508550:   00007f0b59508640 0000000000000000
0x00007f0b59508560:   00007f0b11804a70 00007f0b04559e60
0x00007f0b59508570:   00007f0b04505c90 00007f0b53bb3a4e
0x00007f0b59508580:   00007f0b595085b8 00007f0b53dfe640
0x00007f0b59508590:   00007f0b044fd0b0 00007f0b00000000
0x00007f0b595085a0:   0000000000000000 0000000000000000
0x00007f0b595085b0:   0000000000000000 00007f0b11804a70
0x00007f0b595085c0:   0000000005200070 00007f0b53b8c9b0
0x00007f0b595085d0:   00007f0b59508640 0000000000000000
0x00007f0b595085e0:   0000000000000001 00007f0b59508680
0x00007f0b595085f0:   00007f0b14003000 00007f0b522c7849
0x00007f0b59508600:   00007f0b595088e8 00007f0b53b8c9b0
0x00007f0b59508610:   0000000005200070 00007f0b044fd0b0
0x00007f0b59508620:   00007f0b59508680 00007f0b140031f8
0x00007f0b59508630:   00007f0b59508898 00007f0b53b8c9b0
0x00007f0b59508640:   00007f0b59508690 00007f0b651c27fd
0x00007f0b59508650:   00000000eeba8200 00000000eeba8250
0x00007f0b59508660:   00000000eeba8240 0000000000000003
0x00007f0b59508670:   00000000eeba8260 00000000eeba82b0
0x00007f0b59508680:   00000000c5db8f98 00000000eeba82c0
0x00007f0b59508690:   00007f0b595088e8 00007f0b65205554
0x00007f0b595086a0:   00007f0b77aaa000 00000000c62f9028
0x00007f0b595086b0:   00000000eeba83a8 00000000c62514c8
0x00007f0b595086c0:   00007f0b595088a0 00007f0b6501eec3
0x00007f0b595086d0:   00007f0b595088e8 00007f0b658d2bf4
0x00007f0b595086e0:   00007f0b595088e8 00007f0b595088a0
0x00007f0b595086f0:   00007f0b595088a0 00007f0b6501eec3
0x00007f0b59508700:   00007f0b650055d0 0000000000000000
0x00007f0b59508710:   00007f0b595088e8 00007f0b595088a0
0x00007f0b59508720:   00007f0b595088a0 00007f0b6501eec3
0x00007f0b59508730:   00007f0b650055d0 00000000c6250fd0
0x00007f0b59508740:   00007f0b00000001 00007f0b595088a0 

Instructions: (pc=0x00007f0b006a9b30)
0x00007f0b006a9b10:   48 83 c4 10 5b 5d 41 5c c3 0f 1f 80 00 00 00 00
0x00007f0b006a9b20:   41 54 55 53 48 83 ec 10 48 8b 1f 48 85 db 74 3d
0x00007f0b006a9b30:   f6 83 40 05 00 00 01 49 89 f4 89 cd 75 72 83 e2
0x00007f0b006a9b40:   01 75 5d 83 e5 fd 74 38 48 8d 35 71 4e 17 00 ba 

Register to memory mapping:

RAX=0x00007f0b006a9b20: <offset 0x2f2b20> in /usr/lib/x86_64-linux-gnu/dri/i965_dri.so at 0x00007f0b003b7000
RBX=0x000000000000c000 is an unknown value
RCX=0x0000000000000000 is an unknown value
RDX=0x0000000000000001 is an unknown value
RSP=0x00007f0b59508550 is pointing into the stack for thread: 0x00007f0b14003000
RBP=0x00007f0b04559e60 is an unknown value
RSI=0x00007f0b117e6260 is an unknown value
RDI=0x0000000100000000 is pointing into metadata
R8 =0x0000000000000000 is an unknown value
R9 =0x00007f0b53bb39c0: <offset 0x439c0> in /usr/lib/x86_64-linux-gnu/mesa/libGL.so.1 at 0x00007f0b53b70000
R10=0x00007f0b651c2787 is at entry_point+71 in (nmethod*)0x00007f0b651c25d0
R11=0x00007f0b77aaa000 is an unknown value
R12=0x00007f0b04505c90 is an unknown value
R13=0x0000000000000000 is an unknown value
R14=0x00007f0b04506590 is an unknown value
R15=0x0000000000000000 is an unknown value


Stack: [0x00007f0b5940a000,0x00007f0b5950b000],  sp=0x00007f0b59508550,  free space=1017k
Native frames: (J=compiled Java code, j=interpreted, Vv=VM code, C=native code)
C  [i965_dri.so+0x2f2b30]

Java frames: (J=compiled Java code, j=interpreted, Vv=VM code)
J 2988  jogamp.opengl.x11.glx.GLX.dispatch_glXSwapBuffers0(JJJ)V (0 bytes) @ 0x00007f0b651c2787 [0x00007f0b651c2740+0x47]
J 2987 C1 jogamp.opengl.x11.glx.GLX.glXSwapBuffers(JJ)V (45 bytes) @ 0x00007f0b65205554 [0x00007f0b65204ba0+0x9b4]
J 2986 C1 jogamp.opengl.x11.glx.X11GLXDrawable.swapBuffersImpl(Z)V (21 bytes) @ 0x00007f0b65119e84 [0x00007f0b65119be0+0x2a4]
J 2985 C1 jogamp.opengl.GLDrawableImpl.swapBuffers()V (138 bytes) @ 0x00007f0b6518d294 [0x00007f0b6518cbe0+0x6b4]
j  javax.media.opengl.awt.GLCanvas$12.run()V+45
J 2590 C1 java.awt.event.InvocationEvent.dispatch()V (69 bytes) @ 0x00007f0b659098cc [0x00007f0b65909780+0x14c]
J 2634 C1 java.awt.EventQueue.dispatchEventImpl(Ljava/awt/AWTEvent;Ljava/lang/Object;)V (149 bytes) @ 0x00007f0b65932fbc [0x00007f0b65931440+0x1b7c]
J 2465 C1 java.awt.EventQueue$3.run()Ljava/lang/Void; (60 bytes) @ 0x00007f0b658b6bc4 [0x00007f0b658b69c0+0x204]
J 2464 C1 java.awt.EventQueue$3.run()Ljava/lang/Object; (5 bytes) @ 0x00007f0b658b728c [0x00007f0b658b7200+0x8c]
v  ~StubRoutines::call_stub
J 523  java.security.AccessController.doPrivileged(Ljava/security/PrivilegedAction;Ljava/security/AccessControlContext;)Ljava/lang/Object; (0 bytes) @ 0x00007f0b6524b5a3 [0x00007f0b6524b540+0x63]
J 2470 C1 java.awt.EventQueue.dispatchEvent(Ljava/awt/AWTEvent;)V (80 bytes) @ 0x00007f0b658bd6f4 [0x00007f0b658bcd80+0x974]
J 2285 C1 java.awt.EventDispatchThread.pumpOneEventForFilters(I)V (295 bytes) @ 0x00007f0b65832094 [0x00007f0b65830540+0x1b54]
j  java.awt.EventDispatchThread.pumpEventsForFilter(ILjava/awt/Conditional;Ljava/awt/EventFilter;)V+35
j  java.awt.EventDispatchThread.pumpEventsForHierarchy(ILjava/awt/Conditional;Ljava/awt/Component;)V+11
j  java.awt.EventDispatchThread.pumpEvents(ILjava/awt/Conditional;)V+4
j  java.awt.EventDispatchThread.pumpEvents(Ljava/awt/Conditional;)V+3
j  java.awt.EventDispatchThread.run()V+9
v  ~StubRoutines::call_stub

---------------  P R O C E S S  ---------------

Java Threads: ( => current thread )
  0x00007f0b112e1800 JavaThread "Thread-49" [_thread_blocked, id=3936, stack(0x00007f0afa194000,0x00007f0afa295000)]
  0x0000000000801800 JavaThread "Image Fetcher 2" daemon [_thread_blocked, id=3909, stack(0x00007f0afa093000,0x00007f0afa194000)]
  0x00007f0ae0002000 JavaThread "Image Fetcher 1" daemon [_thread_blocked, id=3908, stack(0x00007f0b500a9000,0x00007f0b501aa000)]
  0x00007f0ad4001000 JavaThread "Image Fetcher 0" daemon [_thread_blocked, id=3907, stack(0x00007f0b00096000,0x00007f0b00197000)]
  0x00007f0ae4003000 JavaThread "Keep-Alive-Timer" daemon [_thread_blocked, id=3886, stack(0x00007f0afa396000,0x00007f0afa497000)]
  0x00007f0b04108800 JavaThread "Animation Thread-SharedResourceRunner" daemon [_thread_blocked, id=3881, stack(0x00007f0b58e08000,0x00007f0b58f09000)]
  0x00007f0b040a9800 JavaThread "process reaper" daemon [_thread_blocked, id=3876, stack(0x00007f0b5cb11000,0x00007f0b5cb4a000)]
  0x00007f0b14013800 JavaThread "Animation Thread" [_thread_blocked, id=3872, stack(0x00007f0b59109000,0x00007f0b5920a000)]
=>0x00007f0b14003000 JavaThread "AWT-EventQueue-1" [_thread_in_native, id=3871, stack(0x00007f0b5940a000,0x00007f0b5950b000)]
  0x00007f0b7400a000 JavaThread "DestroyJavaVM" [_thread_blocked, id=3847, stack(0x00007f0b7b4df000,0x00007f0b7b5e0000)]
  0x00007f0b742a0000 JavaThread "AWT-EventQueue-0" [_thread_blocked, id=3869, stack(0x00007f0b59bb3000,0x00007f0b59cb4000)]
  0x00007f0b7429b800 JavaThread "AWT-Shutdown" [_thread_blocked, id=3868, stack(0x00007f0b59cb4000,0x00007f0b59db5000)]
  0x00007f0b74287800 JavaThread "thread applet-module5.EarthquakeCityMap.class" [_thread_blocked, id=3867, stack(0x00007f0b59db5000,0x00007f0b59eb6000)]
  0x00007f0b7427b000 JavaThread "AWT-XAWT" daemon [_thread_in_native, id=3865, stack(0x00007f0b59eb6000,0x00007f0b59fb7000)]
  0x00007f0b74256000 JavaThread "Java2D Disposer" daemon [_thread_blocked, id=3864, stack(0x00007f0b5a3c7000,0x00007f0b5a4c8000)]
  0x00007f0b740c1000 JavaThread "Service Thread" daemon [_thread_blocked, id=3862, stack(0x00007f0b5defc000,0x00007f0b5dffd000)]
  0x00007f0b740bc000 JavaThread "C1 CompilerThread2" daemon [_thread_blocked, id=3861, stack(0x00007f0b5dffd000,0x00007f0b5e0fe000)]
  0x00007f0b740ba800 JavaThread "C2 CompilerThread1" daemon [_thread_blocked, id=3860, stack(0x00007f0b5e0fe000,0x00007f0b5e1ff000)]
  0x00007f0b740b7800 JavaThread "C2 CompilerThread0" daemon [_thread_blocked, id=3859, stack(0x00007f0b5e1ff000,0x00007f0b5e300000)]
  0x00007f0b740b6000 JavaThread "Signal Dispatcher" daemon [_thread_blocked, id=3858, stack(0x00007f0b5e300000,0x00007f0b5e401000)]
  0x00007f0b7407f000 JavaThread "Finalizer" daemon [_thread_blocked, id=3857, stack(0x00007f0b5ec16000,0x00007f0b5ed17000)]
  0x00007f0b7407d000 JavaThread "Reference Handler" daemon [_thread_blocked, id=3856, stack(0x00007f0b5ed17000,0x00007f0b5ee18000)]

Other Threads:
  0x00007f0b74077800 VMThread [stack: 0x00007f0b5ee18000,0x00007f0b5ef19000] [id=3855]
  0x00007f0b740c4000 WatcherThread [stack: 0x00007f0b5ddfb000,0x00007f0b5defc000] [id=3863]

VM state:not at safepoint (normal execution)

VM Mutex/Monitor currently owned by a thread: None

Heap:
 PSYoungGen      total 97792K, used 49784K [0x00000000ec700000, 0x00000000f3600000, 0x0000000100000000)
  eden space 84992K, 46% used [0x00000000ec700000,0x00000000eedf1f90,0x00000000f1a00000)
  from space 12800K, 77% used [0x00000000f2980000,0x00000000f332c280,0x00000000f3600000)
  to   space 14336K, 0% used [0x00000000f1a00000,0x00000000f1a00000,0x00000000f2800000)
 ParOldGen       total 50688K, used 16770K [0x00000000c5400000, 0x00000000c8580000, 0x00000000ec700000)
  object space 50688K, 33% used [0x00000000c5400000,0x00000000c6460950,0x00000000c8580000)
 Metaspace       used 21669K, capacity 21927K, committed 22320K, reserved 1069056K
  class space    used 2006K, capacity 2087K, committed 2176K, reserved 1048576K

Card table byte_map: [0x00007f0b780d4000,0x00007f0b782ab000] byte_map_base: 0x00007f0b77aaa000

Marking Bits: (ParMarkBitMap*) 0x00007f0b7a9b9de0
 Begin Bits: [0x00007f0b5ad62000, 0x00007f0b5bc12000)
 End Bits:   [0x00007f0b5bc12000, 0x00007f0b5cac2000)

Polling page: 0x00007f0b7b601000

CodeCache: size=245760Kb used=9590Kb max_used=10828Kb free=236169Kb
 bounds [0x00007f0b65000000, 0x00007f0b65ab0000, 0x00007f0b74000000]
 total_blobs=3653 nmethods=2675 adapters=892
 compilation: enabled

Compilation events (10 events):
Event: 14,603 Thread 0x00007f0b740ba800 3014       4       processing.opengl.PJOGL::depthMask (11 bytes)
Event: 14,605 Thread 0x00007f0b740b7800 3015       4       jogamp.opengl.gl4.GL4bcImpl::glDepthMask (50 bytes)
Event: 14,606 Thread 0x00007f0b740ba800 nmethod 3014 0x00007f0b651eaa50 code [0x00007f0b651eabc0, 0x00007f0b651ead28]
Event: 14,607 Thread 0x00007f0b740b7800 nmethod 3015 0x00007f0b655292d0 code [0x00007f0b65529440, 0x00007f0b65529568]
Event: 15,143 Thread 0x00007f0b740ba800 3016       4       sun.awt.X11.XToolkit::getDisplay (20 bytes)
Event: 15,144 Thread 0x00007f0b740ba800 nmethod 3016 0x00007f0b659c9a50 code [0x00007f0b659c9b80, 0x00007f0b659c9bd8]
Event: 15,584 Thread 0x00007f0b740bc000 3017       3       java.awt.Component::isEnabled (5 bytes)
Event: 15,585 Thread 0x00007f0b740bc000 nmethod 3017 0x00007f0b65112bd0 code [0x00007f0b65112d40, 0x00007f0b65112f30]
Event: 15,586 Thread 0x00007f0b740bc000 3018       3       sun.java2d.xr.GrowableEltArray::getCharCnt (13 bytes)
Event: 15,586 Thread 0x00007f0b740bc000 nmethod 3018 0x00007f0b65602610 code [0x00007f0b65602780, 0x00007f0b656029d0]

GC Heap History (10 events):
Event: 2,327 GC heap before
{Heap before GC invocations=3 (full 0):
 PSYoungGen      total 33280K, used 33005K [0x00000000ec700000, 0x00000000eea00000, 0x0000000100000000)
  eden space 30720K, 99% used [0x00000000ec700000,0x00000000ee4c2bf8,0x00000000ee500000)
  from space 2560K, 98% used [0x00000000ee780000,0x00000000ee9f8850,0x00000000eea00000)
  to   space 2560K, 0% used [0x00000000ee500000,0x00000000ee500000,0x00000000ee780000)
 ParOldGen       total 40960K, used 1861K [0x00000000c5400000, 0x00000000c7c00000, 0x00000000ec700000)
  object space 40960K, 4% used [0x00000000c5400000,0x00000000c55d1700,0x00000000c7c00000)
 Metaspace       used 20143K, capacity 20325K, committed 20608K, reserved 1067008K
  class space    used 1965K, capacity 2050K, committed 2176K, reserved 1048576K
Event: 2,349 GC heap after
Heap after GC invocations=3 (full 0):
 PSYoungGen      total 33280K, used 2544K [0x00000000ec700000, 0x00000000f0800000, 0x0000000100000000)
  eden space 30720K, 0% used [0x00000000ec700000,0x00000000ec700000,0x00000000ee500000)
  from space 2560K, 99% used [0x00000000ee500000,0x00000000ee77c050,0x00000000ee780000)
  to   space 2560K, 0% used [0x00000000f0580000,0x00000000f0580000,0x00000000f0800000)
 ParOldGen       total 40960K, used 12336K [0x00000000c5400000, 0x00000000c7c00000, 0x00000000ec700000)
  object space 40960K, 30% used [0x00000000c5400000,0x00000000c600c1b8,0x00000000c7c00000)
 Metaspace       used 20143K, capacity 20325K, committed 20608K, reserved 1067008K
  class space    used 1965K, capacity 2050K, committed 2176K, reserved 1048576K
}
Event: 3,043 GC heap before
{Heap before GC invocations=4 (full 0):
 PSYoungGen      total 33280K, used 28095K [0x00000000ec700000, 0x00000000f0800000, 0x0000000100000000)
  eden space 30720K, 83% used [0x00000000ec700000,0x00000000edff3e00,0x00000000ee500000)
  from space 2560K, 99% used [0x00000000ee500000,0x00000000ee77c050,0x00000000ee780000)
  to   space 2560K, 0% used [0x00000000f0580000,0x00000000f0580000,0x00000000f0800000)
 ParOldGen       total 40960K, used 12336K [0x00000000c5400000, 0x00000000c7c00000, 0x00000000ec700000)
  object space 40960K, 30% used [0x00000000c5400000,0x00000000c600c1b8,0x00000000c7c00000)
 Metaspace       used 20829K, capacity 21025K, committed 21296K, reserved 1069056K
  class space    used 2002K, capacity 2086K, committed 2176K, reserved 1048576K
Event: 3,066 GC heap after
Heap after GC invocations=4 (full 0):
 PSYoungGen      total 64000K, used 2544K [0x00000000ec700000, 0x00000000f0800000, 0x0000000100000000)
  eden space 61440K, 0% used [0x00000000ec700000,0x00000000ec700000,0x00000000f0300000)
  from space 2560K, 99% used [0x00000000f0580000,0x00000000f07fc070,0x00000000f0800000)
  to   space 2560K, 0% used [0x00000000f0300000,0x00000000f0300000,0x00000000f0580000)
 ParOldGen       total 40960K, used 17540K [0x00000000c5400000, 0x00000000c7c00000, 0x00000000ec700000)
  object space 40960K, 42% used [0x00000000c5400000,0x00000000c65213f8,0x00000000c7c00000)
 Metaspace       used 20829K, capacity 21025K, committed 21296K, reserved 1069056K
  class space    used 2002K, capacity 2086K, committed 2176K, reserved 1048576K
}
Event: 3,066 GC heap before
{Heap before GC invocations=5 (full 1):
 PSYoungGen      total 64000K, used 2544K [0x00000000ec700000, 0x00000000f0800000, 0x0000000100000000)
  eden space 61440K, 0% used [0x00000000ec700000,0x00000000ec700000,0x00000000f0300000)
  from space 2560K, 99% used [0x00000000f0580000,0x00000000f07fc070,0x00000000f0800000)
  to   space 2560K, 0% used [0x00000000f0300000,0x00000000f0300000,0x00000000f0580000)
 ParOldGen       total 40960K, used 17540K [0x00000000c5400000, 0x00000000c7c00000, 0x00000000ec700000)
  object space 40960K, 42% used [0x00000000c5400000,0x00000000c65213f8,0x00000000c7c00000)
 Metaspace       used 20829K, capacity 21025K, committed 21296K, reserved 1069056K
  class space    used 2002K, capacity 2086K, committed 2176K, reserved 1048576K
Event: 3,132 GC heap after
Heap after GC invocations=5 (full 1):
 PSYoungGen      total 64000K, used 0K [0x00000000ec700000, 0x00000000f0800000, 0x0000000100000000)
  eden space 61440K, 0% used [0x00000000ec700000,0x00000000ec700000,0x00000000f0300000)
  from space 2560K, 0% used [0x00000000f0580000,0x00000000f0580000,0x00000000f0800000)
  to   space 2560K, 0% used [0x00000000f0300000,0x00000000f0300000,0x00000000f0580000)
 ParOldGen       total 50688K, used 16754K [0x00000000c5400000, 0x00000000c8580000, 0x00000000ec700000)
  object space 50688K, 33% used [0x00000000c5400000,0x00000000c645c950,0x00000000c8580000)
 Metaspace       used 20829K, capacity 21025K, committed 21296K, reserved 1069056K
  class space    used 2002K, capacity 2086K, committed 2176K, reserved 1048576K
}
Event: 8,729 GC heap before
{Heap before GC invocations=6 (full 1):
 PSYoungGen      total 64000K, used 61440K [0x00000000ec700000, 0x00000000f0800000, 0x0000000100000000)
  eden space 61440K, 100% used [0x00000000ec700000,0x00000000f0300000,0x00000000f0300000)
  from space 2560K, 0% used [0x00000000f0580000,0x00000000f0580000,0x00000000f0800000)
  to   space 2560K, 0% used [0x00000000f0300000,0x00000000f0300000,0x00000000f0580000)
 ParOldGen       total 50688K, used 16754K [0x00000000c5400000, 0x00000000c8580000, 0x00000000ec700000)
  object space 50688K, 33% used [0x00000000c5400000,0x00000000c645c950,0x00000000c8580000)
 Metaspace       used 21481K, capacity 21735K, committed 22064K, reserved 1069056K
  class space    used 2004K, capacity 2087K, committed 2176K, reserved 1048576K
Event: 8,735 GC heap after
Heap after GC invocations=6 (full 1):
 PSYoungGen      total 64000K, used 2016K [0x00000000ec700000, 0x00000000f3680000, 0x0000000100000000)
  eden space 61440K, 0% used [0x00000000ec700000,0x00000000ec700000,0x00000000f0300000)
  from space 2560K, 78% used [0x00000000f0300000,0x00000000f04f8070,0x00000000f0580000)
  to   space 13312K, 0% used [0x00000000f2980000,0x00000000f2980000,0x00000000f3680000)
 ParOldGen       total 50688K, used 16762K [0x00000000c5400000, 0x00000000c8580000, 0x00000000ec700000)
  object space 50688K, 33% used [0x00000000c5400000,0x00000000c645e950,0x00000000c8580000)
 Metaspace       used 21481K, capacity 21735K, committed 22064K, reserved 1069056K
  class space    used 2004K, capacity 2087K, committed 2176K, reserved 1048576K
}
Event: 11,730 GC heap before
{Heap before GC invocations=7 (full 1):
 PSYoungGen      total 64000K, used 63456K [0x00000000ec700000, 0x00000000f3680000, 0x0000000100000000)
  eden space 61440K, 100% used [0x00000000ec700000,0x00000000f0300000,0x00000000f0300000)
  from space 2560K, 78% used [0x00000000f0300000,0x00000000f04f8070,0x00000000f0580000)
  to   space 13312K, 0% used [0x00000000f2980000,0x00000000f2980000,0x00000000f3680000)
 ParOldGen       total 50688K, used 16762K [0x00000000c5400000, 0x00000000c8580000, 0x00000000ec700000)
  object space 50688K, 33% used [0x00000000c5400000,0x00000000c645e950,0x00000000c8580000)
 Metaspace       used 21631K, capacity 21863K, committed 22320K, reserved 1069056K
  class space    used 2004K, capacity 2087K, committed 2176K, reserved 1048576K
Event: 11,747 GC heap after
Heap after GC invocations=7 (full 1):
 PSYoungGen      total 97792K, used 9904K [0x00000000ec700000, 0x00000000f3600000, 0x0000000100000000)
  eden space 84992K, 0% used [0x00000000ec700000,0x00000000ec700000,0x00000000f1a00000)
  from space 12800K, 77% used [0x00000000f2980000,0x00000000f332c280,0x00000000f3600000)
  to   space 14336K, 0% used [0x00000000f1a00000,0x00000000f1a00000,0x00000000f2800000)
 ParOldGen       total 50688K, used 16770K [0x00000000c5400000, 0x00000000c8580000, 0x00000000ec700000)
  object space 50688K, 33% used [0x00000000c5400000,0x00000000c6460950,0x00000000c8580000)
 Metaspace       used 21631K, capacity 21863K, committed 22320K, reserved 1069056K
  class space    used 2004K, capacity 2087K, committed 2176K, reserved 1048576K
}

Deoptimization events (10 events):
Event: 7,912 Thread 0x00007f0b14003000 Uncommon trap: reason=class_check action=maybe_recompile pc=0x00007f0b659295c0 method=module5.CommonMarker.draw(Lprocessing/core/PGraphics;FF)V @ 25
Event: 7,928 Thread 0x00007f0b14003000 Uncommon trap: reason=class_check action=maybe_recompile pc=0x00007f0b659295c0 method=module5.CommonMarker.draw(Lprocessing/core/PGraphics;FF)V @ 25
Event: 7,948 Thread 0x00007f0b14003000 Uncommon trap: reason=class_check action=maybe_recompile pc=0x00007f0b659295c0 method=module5.CommonMarker.draw(Lprocessing/core/PGraphics;FF)V @ 25
Event: 7,968 Thread 0x00007f0b14003000 Uncommon trap: reason=class_check action=maybe_recompile pc=0x00007f0b659295c0 method=module5.CommonMarker.draw(Lprocessing/core/PGraphics;FF)V @ 25
Event: 10,881 Thread 0x00007f0b14003000 Uncommon trap: reason=unstable_if action=reinterpret pc=0x00007f0b65930a24 method=de.fhpotsdam.unfolding.mapdisplay.AbstractMapDisplay$ZoomComparator.compare(Lde/fhpotsdam/unfolding/core/Coordinate;Lde/fhpotsdam/unfolding/core/Coordinate;)I @ 9
Event: 10,881 Thread 0x00007f0b14003000 Uncommon trap: reason=unstable_if action=reinterpret pc=0x00007f0b65860b80 method=de.fhpotsdam.unfolding.core.Coordinate.equals(Ljava/lang/Object;)Z @ 38
Event: 11,036 Thread 0x00007f0b14003000 Uncommon trap: reason=null_check action=make_not_entrant pc=0x00007f0b65910fe4 method=processing.opengl.PGraphicsOpenGL.initCache(Lprocessing/core/PImage;)Ljava/lang/Object; @ 14
Event: 11,479 Thread 0x00007f0b14003000 Uncommon trap: reason=unstable_if action=reinterpret pc=0x00007f0b657ecce4 method=java.lang.Math.round(F)I @ 36
Event: 11,479 Thread 0x00007f0b14003000 Uncommon trap: reason=unstable_if action=reinterpret pc=0x00007f0b657eb530 method=java.lang.Math.round(F)I @ 36
Event: 11,479 Thread 0x00007f0b14003000 Uncommon trap: reason=unstable_if action=reinterpret pc=0x00007f0b656513a4 method=java.lang.Math.round(F)I @ 36

Internal exceptions (10 events):
Event: 1,408 Thread 0x00007f0b14003000 Implicit null exception at 0x00007f0b651bae33 to 0x00007f0b651bb1a5
Event: 2,037 Thread 0x00007f0b14003000 Exception <a 'java/lang/reflect/InvocationTargetException'> (0x00000000edcbb9b0) thrown at [/HUDSON/workspace/8-2-build-linux-amd64/jdk8u60/4407/hotspot/src/share/vm/runtime/reflection.cpp, line 1092]
Event: 2,041 Thread 0x00007f0b14013800 Exception <a 'java/lang/reflect/InvocationTargetException'> (0x00000000eccd2408) thrown at [/HUDSON/workspace/8-2-build-linux-amd64/jdk8u60/4407/hotspot/src/share/vm/runtime/reflection.cpp, line 1092]
Event: 2,044 Thread 0x00007f0b14013800 Exception <a 'java/lang/reflect/InvocationTargetException'> (0x00000000eccd2b50) thrown at [/HUDSON/workspace/8-2-build-linux-amd64/jdk8u60/4407/hotspot/src/share/vm/runtime/reflection.cpp, line 1092]
Event: 2,045 Thread 0x00007f0b14013800 Exception <a 'java/lang/reflect/InvocationTargetException'> (0x00000000eccd2f68) thrown at [/HUDSON/workspace/8-2-build-linux-amd64/jdk8u60/4407/hotspot/src/share/vm/runtime/reflection.cpp, line 1092]
Event: 2,045 Thread 0x00007f0b14013800 Exception <a 'java/lang/reflect/InvocationTargetException'> (0x00000000eccd33a0) thrown at [/HUDSON/workspace/8-2-build-linux-amd64/jdk8u60/4407/hotspot/src/share/vm/runtime/reflection.cpp, line 1092]
Event: 2,067 Thread 0x00007f0b14013800 Exception <a 'java/lang/reflect/InvocationTargetException'> (0x00000000eccdb5e8) thrown at [/HUDSON/workspace/8-2-build-linux-amd64/jdk8u60/4407/hotspot/src/share/vm/runtime/reflection.cpp, line 1092]
Event: 2,075 Thread 0x00007f0b14013800 Exception <a 'java/lang/reflect/InvocationTargetException'> (0x00000000eccdcb98) thrown at [/HUDSON/workspace/8-2-build-linux-amd64/jdk8u60/4407/hotspot/src/share/vm/runtime/reflection.cpp, line 1092]
Event: 2,078 Thread 0x00007f0b14013800 Exception <a 'java/lang/reflect/InvocationTargetException'> (0x00000000eccde348) thrown at [/HUDSON/workspace/8-2-build-linux-amd64/jdk8u60/4407/hotspot/src/share/vm/runtime/reflection.cpp, line 1092]
Event: 2,080 Thread 0x00007f0b14013800 Exception <a 'java/lang/reflect/InvocationTargetException'> (0x00000000ecce1a70) thrown at [/HUDSON/workspace/8-2-build-linux-amd64/jdk8u60/4407/hotspot/src/share/vm/runtime/reflection.cpp, line 1092]

Events (10 events):
Event: 11,749 Executing VM operation: RevokeBias done
Event: 11,749 Executing VM operation: BulkRevokeBias
Event: 11,750 Executing VM operation: BulkRevokeBias done
Event: 12,156 Thread 0x00007f0b14003000 DEOPT PACKING pc=0x00007f0b658087e3 sp=0x00007f0b59507a80
Event: 12,156 Thread 0x00007f0b14003000 DEOPT UNPACKING pc=0x00007f0b65047233 sp=0x00007f0b595077f0 mode 0
Event: 15,583 loading class sun/applet/AppletViewer$3
Event: 15,583 loading class sun/applet/AppletViewer$3 done
Event: 15,584 Thread 0x00007f0b112e1800 Thread added: 0x00007f0b112e1800
Event: 15,584 loading class sun/applet/AppletPanel$4
Event: 15,584 loading class sun/applet/AppletPanel$4 done


Dynamic libraries:
00400000-00401000 r-xp 00000000 08:05 4475464                            /usr/local/java/jdk1.8.0_60/bin/java
00600000-00601000 rw-p 00000000 08:05 4475464                            /usr/local/java/jdk1.8.0_60/bin/java
007ff000-00842000 rw-p 00000000 00:00 0                                  [heap]
c5400000-c8580000 rw-p 00000000 00:00 0 
c8580000-ec700000 ---p 00000000 00:00 0 
ec700000-f3600000 rw-p 00000000 00:00 0 
f3600000-100000000 ---p 00000000 00:00 0 
100000000-100220000 rw-p 00000000 00:00 0 
100220000-140000000 ---p 00000000 00:00 0 
7f0ad4000000-7f0ad40e1000 rw-p 00000000 00:00 0 
7f0ad40e1000-7f0ad8000000 ---p 00000000 00:00 0 
7f0adc000000-7f0adc047000 rw-p 00000000 00:00 0 
7f0adc047000-7f0ae0000000 ---p 00000000 00:00 0 
7f0ae0000000-7f0ae0032000 rw-p 00000000 00:00 0 
7f0ae0032000-7f0ae4000000 ---p 00000000 00:00 0 
7f0ae4000000-7f0ae4021000 rw-p 00000000 00:00 0 
7f0ae4021000-7f0ae8000000 ---p 00000000 00:00 0 
7f0ae8000000-7f0ae8021000 rw-p 00000000 00:00 0 
7f0ae8021000-7f0aec000000 ---p 00000000 00:00 0 
7f0aec000000-7f0aec0cc000 rw-p 00000000 00:00 0 
7f0aec0cc000-7f0af0000000 ---p 00000000 00:00 0 
7f0af0000000-7f0af00d1000 rw-p 00000000 00:00 0 
7f0af00d1000-7f0af4000000 ---p 00000000 00:00 0 
7f0af4000000-7f0af4021000 rw-p 00000000 00:00 0 
7f0af4021000-7f0af8000000 ---p 00000000 00:00 0 
7f0af8d2a000-7f0af8d8a000 rw-s 1054c6000 00:05 1816                      /dev/dri/card0
7f0af8d8a000-7f0af8dea000 rw-s 1224b7000 00:05 1816                      /dev/dri/card0
7f0af8dea000-7f0af8e4a000 rw-s 11262f000 00:05 1816                      /dev/dri/card0
7f0af8e4a000-7f0af8eaa000 rw-s 1125cf000 00:05 1816                      /dev/dri/card0
7f0af8eaa000-7f0af8f0a000 rw-s 11256f000 00:05 1816                      /dev/dri/card0
7f0af8f0a000-7f0af8f6a000 rw-s 11250f000 00:05 1816                      /dev/dri/card0
7f0af8f6a000-7f0af8fca000 rw-s 1124af000 00:05 1816                      /dev/dri/card0
7f0af8fca000-7f0af902a000 rw-s 11244f000 00:05 1816                      /dev/dri/card0
7f0af902a000-7f0af908a000 rw-s 1123ef000 00:05 1816                      /dev/dri/card0
7f0af908a000-7f0af9092000 rw-s 00000000 00:04 32110                      /drm mm object (deleted)
7f0af909f000-7f0af90ff000 rw-s 122457000 00:05 1816                      /dev/dri/card0
7f0af90ff000-7f0af915f000 rw-s 1223f7000 00:05 1816                      /dev/dri/card0
7f0af915f000-7f0af91bf000 rw-s 121c64000 00:05 1816                      /dev/dri/card0
7f0af91bf000-7f0af921f000 rw-s 121c04000 00:05 1816                      /dev/dri/card0
7f0af921f000-7f0af927f000 rw-s 121ba4000 00:05 1816                      /dev/dri/card0
7f0af927f000-7f0af92df000 rw-s 121b44000 00:05 1816                      /dev/dri/card0
7f0af92df000-7f0af933f000 rw-s 121ae4000 00:05 1816                      /dev/dri/card0
7f0af933f000-7f0af939f000 rw-s 121a84000 00:05 1816                      /dev/dri/card0
7f0af939f000-7f0af93ff000 rw-s 121a24000 00:05 1816                      /dev/dri/card0
7f0af93ff000-7f0af945f000 rw-s 1219c4000 00:05 1816                      /dev/dri/card0
7f0af945f000-7f0af94bf000 rw-s 121964000 00:05 1816                      /dev/dri/card0
7f0af94bf000-7f0af951f000 rw-s 121904000 00:05 1816                      /dev/dri/card0
7f0af951f000-7f0af957f000 rw-s 1218a4000 00:05 1816                      /dev/dri/card0
7f0af957f000-7f0af95df000 rw-s 121844000 00:05 1816                      /dev/dri/card0
7f0af95df000-7f0af963f000 rw-s 1217e4000 00:05 1816                      /dev/dri/card0
7f0af963f000-7f0af969f000 rw-s 121784000 00:05 1816                      /dev/dri/card0
7f0af969f000-7f0af96ff000 rw-s 121724000 00:05 1816                      /dev/dri/card0
7f0af96ff000-7f0af975f000 rw-s 1216c4000 00:05 1816                      /dev/dri/card0
7f0af975f000-7f0af97bf000 rw-s 121664000 00:05 1816                      /dev/dri/card0
7f0af97bf000-7f0af981f000 rw-s 121604000 00:05 1816                      /dev/dri/card0
7f0af981f000-7f0af987f000 rw-s 1215a4000 00:05 1816                      /dev/dri/card0
7f0af987f000-7f0af988d000 r--s 00000000 08:05 798218                     /var/cache/fontconfig/6aa41aa22e18b8fa06a12da28ea9c28b-le64.cache-4
7f0af9892000-7f0af98f2000 rw-s 121544000 00:05 1816                      /dev/dri/card0
7f0af98f2000-7f0af9952000 rw-s 1214e4000 00:05 1816                      /dev/dri/card0
7f0af9952000-7f0af99b2000 rw-s 121484000 00:05 1816                      /dev/dri/card0
7f0af99b2000-7f0af9a12000 rw-s 121424000 00:05 1816                      /dev/dri/card0
7f0af9a12000-7f0af9a72000 rw-s 1213c4000 00:05 1816                      /dev/dri/card0
7f0af9a72000-7f0af9ad2000 rw-s 121364000 00:05 1816                      /dev/dri/card0
7f0af9ad2000-7f0af9b32000 rw-s 121304000 00:05 1816                      /dev/dri/card0
7f0af9b32000-7f0af9cf2000 rw-s 11cf34000 00:05 1816                      /dev/dri/card0
7f0af9cf2000-7f0af9d52000 rw-s 105466000 00:05 1816                      /dev/dri/card0
7f0af9d52000-7f0af9db2000 rw-s 105406000 00:05 1816                      /dev/dri/card0
7f0af9db2000-7f0af9e12000 rw-s 1053a6000 00:05 1816                      /dev/dri/card0
7f0af9e12000-7f0af9e72000 rw-s 105346000 00:05 1816                      /dev/dri/card0
7f0af9e72000-7f0af9ed2000 rw-s 1052e6000 00:05 1816                      /dev/dri/card0
7f0af9ed2000-7f0af9f32000 rw-s 1127af000 00:05 1816                      /dev/dri/card0
7f0af9f32000-7f0af9f92000 rw-s 11274f000 00:05 1816                      /dev/dri/card0
7f0af9f92000-7f0af9f95000 ---p 00000000 00:00 0 
7f0af9f95000-7f0afa093000 rw-p 00000000 00:00 0 
7f0afa093000-7f0afa096000 ---p 00000000 00:00 0 
7f0afa096000-7f0afa194000 rw-p 00000000 00:00 0                          [stack:3909]
7f0afa194000-7f0afa197000 ---p 00000000 00:00 0 
7f0afa197000-7f0afa295000 rw-p 00000000 00:00 0                          [stack:3936]
7f0afa295000-7f0afa298000 ---p 00000000 00:00 0 
7f0afa298000-7f0afa396000 rw-p 00000000 00:00 0 
7f0afa396000-7f0afa399000 ---p 00000000 00:00 0 
7f0afa399000-7f0afa643000 rw-p 00000000 00:00 0                          [stack:3886]
7f0afa643000-7f0afa697000 ---p 00000000 00:00 0 
7f0afa697000-7f0afa897000 rw-s 122f1f000 00:05 1816                      /dev/dri/card0
7f0afa897000-7f0afa89a000 ---p 00000000 00:00 0 
7f0afa89a000-7f0afa998000 rw-p 00000000 00:00 0 
7f0afa998000-7f0afab98000 rw-s 122d1f000 00:05 1816                      /dev/dri/card0
7f0afab98000-7f0afabaf000 r-xp 00000000 08:05 1048615                    /lib/x86_64-linux-gnu/libresolv-2.19.so
7f0afabaf000-7f0afadaf000 ---p 00017000 08:05 1048615                    /lib/x86_64-linux-gnu/libresolv-2.19.so
7f0afadaf000-7f0afadb0000 r--p 00017000 08:05 1048615                    /lib/x86_64-linux-gnu/libresolv-2.19.so
7f0afadb0000-7f0afadb1000 rw-p 00018000 08:05 1048615                    /lib/x86_64-linux-gnu/libresolv-2.19.so
7f0afadb1000-7f0afadb3000 rw-p 00000000 00:00 0 
7f0afadb3000-7f0afadb8000 r-xp 00000000 08:05 1055063                    /lib/x86_64-linux-gnu/libnss_dns-2.19.so
7f0afadb8000-7f0afafb7000 ---p 00005000 08:05 1055063                    /lib/x86_64-linux-gnu/libnss_dns-2.19.so
7f0afafb7000-7f0afafb8000 r--p 00004000 08:05 1055063                    /lib/x86_64-linux-gnu/libnss_dns-2.19.so
7f0afafb8000-7f0afafb9000 rw-p 00005000 08:05 1055063                    /lib/x86_64-linux-gnu/libnss_dns-2.19.so
7f0afafb9000-7f0afafbb000 r-xp 00000000 08:05 1052761                    /lib/x86_64-linux-gnu/libnss_mdns4_minimal.so.2
7f0afafbb000-7f0afb1ba000 ---p 00002000 08:05 1052761                    /lib/x86_64-linux-gnu/libnss_mdns4_minimal.so.2
7f0afb1ba000-7f0afb1bb000 r--p 00001000 08:05 1052761                    /lib/x86_64-linux-gnu/libnss_mdns4_minimal.so.2
7f0afb1bb000-7f0afb1bc000 rw-p 00002000 08:05 1052761                    /lib/x86_64-linux-gnu/libnss_mdns4_minimal.so.2
7f0afb1bc000-7f0afb3bc000 rw-p 00000000 00:00 0 
7f0afb3bc000-7f0afb6bc000 rw-s 1229ff000 00:05 1816                      /dev/dri/card0
7f0afb6bc000-7f0afb9bc000 rw-s 1220f7000 00:05 1816                      /dev/dri/card0
7f0afb9bc000-7f0afb9be000 r-xp 00000000 08:05 3547316                    /usr/lib/x86_64-linux-gnu/libXinerama.so.1.0.0
7f0afb9be000-7f0afbbbd000 ---p 00002000 08:05 3547316                    /usr/lib/x86_64-linux-gnu/libXinerama.so.1.0.0
7f0afbbbd000-7f0afbbbe000 r--p 00001000 08:05 3547316                    /usr/lib/x86_64-linux-gnu/libXinerama.so.1.0.0
7f0afbbbe000-7f0afbbbf000 rw-p 00002000 08:05 3547316                    /usr/lib/x86_64-linux-gnu/libXinerama.so.1.0.0
7f0afbbbf000-7f0afbbf6000 r-xp 00000000 08:05 3548239                    /usr/lib/x86_64-linux-gnu/libtxc_dxtn_s2tc.so.0.0.0
7f0afbbf6000-7f0afbdf5000 ---p 00037000 08:05 3548239                    /usr/lib/x86_64-linux-gnu/libtxc_dxtn_s2tc.so.0.0.0
7f0afbdf5000-7f0afbdf6000 r--p 00036000 08:05 3548239                    /usr/lib/x86_64-linux-gnu/libtxc_dxtn_s2tc.so.0.0.0
7f0afbdf6000-7f0afbdf7000 rw-p 00037000 08:05 3548239                    /usr/lib/x86_64-linux-gnu/libtxc_dxtn_s2tc.so.0.0.0
7f0afbdf7000-7f0afbdff000 r-xp 00000000 08:05 3548044                    /usr/lib/x86_64-linux-gnu/libpciaccess.so.0.11.1
7f0afbdff000-7f0afbffe000 ---p 00008000 08:05 3548044                    /usr/lib/x86_64-linux-gnu/libpciaccess.so.0.11.1
7f0afbffe000-7f0afbfff000 r--p 00007000 08:05 3548044                    /usr/lib/x86_64-linux-gnu/libpciaccess.so.0.11.1
7f0afbfff000-7f0afc000000 rw-p 00008000 08:05 3548044                    /usr/lib/x86_64-linux-gnu/libpciaccess.so.0.11.1
7f0afc000000-7f0afe78a000 rw-p 00000000 00:00 0 
7f0afe78a000-7f0b00000000 ---p 00000000 00:00 0 
7f0b00002000-7f0b00003000 r--s 00000000 08:05 807309                     /var/cache/fontconfig/087e1975ba9a574b140bb1df193bf770-le64.cache-4
7f0b00003000-7f0b00004000 r--s 00000000 08:05 786527                     /var/cache/fontconfig/c05880de57d1f5e948fdfacc138775d9-le64.cache-4
7f0b00004000-7f0b0000f000 r--s 00000000 08:05 786521                     /var/cache/fontconfig/945677eb7aeaf62f1d50efc3fb3ec7d8-le64.cache-4
7f0b0000f000-7f0b00015000 r--s 00000000 08:05 786507                     /var/cache/fontconfig/2cd17615ca594fa2959ae173292e504c-le64.cache-4
7f0b00015000-7f0b00016000 r--s 00000000 08:05 786537                     /var/cache/fontconfig/e7071f4a29fa870f4323321c154eba04-le64.cache-4
7f0b00016000-7f0b00017000 r--s 00000000 08:05 786504                     /var/cache/fontconfig/0d8c3b2ac0904cb8a57a757ad11a4a08-le64.cache-4
7f0b00017000-7f0b0001e000 r--s 00000000 08:05 786524                     /var/cache/fontconfig/a755afe4a08bf5b97852ceb7400b47bc-le64.cache-4
7f0b0001e000-7f0b0002a000 r--s 00000000 08:05 806641                     /var/cache/fontconfig/6d41288fd70b0be22e8c3a91e032eec0-le64.cache-4
7f0b0002a000-7f0b0003e000 r--s 00000000 08:05 786502                     /var/cache/fontconfig/04aabc0a78ac019cf9454389977116d2-le64.cache-4
7f0b0003e000-7f0b0003f000 r--s 00000000 08:05 786506                     /var/cache/fontconfig/1ac9eb803944fde146138c791f5cc56a-le64.cache-4
7f0b0003f000-7f0b00040000 r--s 00000000 08:05 807308                     /var/cache/fontconfig/b95bc8ffbebda2bbdae4265e45b8178d-le64.cache-4
7f0b00040000-7f0b00044000 r--s 00000000 08:05 786510                     /var/cache/fontconfig/385c0604a188198f04d133e54aba7fe7-le64.cache-4
7f0b00044000-7f0b00045000 r--s 00000000 08:05 807307                     /var/cache/fontconfig/9c956a7723ca69a44b382d9179c9802f-le64.cache-4
7f0b00045000-7f0b00046000 r--s 00000000 08:05 786534                     /var/cache/fontconfig/dc05db6664285cc2f12bf69c139ae4c3-le64.cache-4
7f0b00046000-7f0b00047000 r--s 00000000 08:05 807306                     /var/cache/fontconfig/5d1cca7074f29429a8d18692746c2426-le64.cache-4
7f0b00047000-7f0b00049000 r--s 00000000 08:05 786518                     /var/cache/fontconfig/767a8244fc0220cfb567a839d0392e0b-le64.cache-4
7f0b00049000-7f0b0004a000 r--s 00000000 08:05 790930                     /var/cache/fontconfig/4794a0821666d79190d59a36cb4f44b5-le64.cache-4
7f0b0004a000-7f0b0004b000 r--s 00000000 08:05 807305                     /var/cache/fontconfig/9eae20f1ff8cc0a7d125749e875856bd-le64.cache-4
7f0b0004b000-7f0b0004d000 r--s 00000000 08:05 807304                     /var/cache/fontconfig/bf2c1853a9e9b00bb02fe2e9bcf1e201-le64.cache-4
7f0b0004d000-7f0b00052000 r--s 00000000 08:05 786520                     /var/cache/fontconfig/8801497958630a81b71ace7c5f9b32a8-le64.cache-4
7f0b00052000-7f0b00059000 r--s 00000000 08:05 786508                     /var/cache/fontconfig/3047814df9a2f067bd2d96a2b9c36e5a-le64.cache-4
7f0b00059000-7f0b0005d000 r--s 00000000 08:05 807303                     /var/cache/fontconfig/bf3b770c553c462765856025a94f1ce6-le64.cache-4
7f0b0005d000-7f0b0005e000 r--s 00000000 08:05 786514                     /var/cache/fontconfig/56cf4f4769d0f4abc89a4895d7bd3ae1-le64.cache-4
7f0b0005e000-7f0b0005f000 r--s 00000000 08:05 786526                     /var/cache/fontconfig/b9d506c9ac06c20b433354fa67a72993-le64.cache-4
7f0b0005f000-7f0b00065000 r--s 00000000 08:05 786525                     /var/cache/fontconfig/b47c4e1ecd0709278f4910c18777a504-le64.cache-4
7f0b00065000-7f0b00068000 r--s 00000000 08:05 807302                     /var/cache/fontconfig/14d493b97896515cad3840ba4896e372-le64.cache-4
7f0b00068000-7f0b00069000 r--s 00000000 08:05 807301                     /var/cache/fontconfig/89034621ae2a8922916bb6bfa5799546-le64.cache-4
7f0b00069000-7f0b0006c000 r--s 00000000 08:05 807300                     /var/cache/fontconfig/e49e89034d371f0f9de17aab02136486-le64.cache-4
7f0b0006c000-7f0b0006e000 r--s 00000000 08:05 807299                     /var/cache/fontconfig/4b14b093aebc79c320de5e86ae1d3314-le64.cache-4
7f0b0006e000-7f0b0006f000 r--s 00000000 08:05 807298                     /var/cache/fontconfig/8aec10f4cc8391dcef22ca549f1e4354-le64.cache-4
7f0b0006f000-7f0b00082000 r--s 00000000 08:05 786531                     /var/cache/fontconfig/d52a8644073d54c13679302ca1180695-le64.cache-4
7f0b00082000-7f0b0008b000 r--s 00000000 08:05 787140                     /var/cache/fontconfig/3f7329c5293ffd510edef78f73874cfd-le64.cache-4
7f0b0008b000-7f0b00096000 r--s 00000000 08:05 795403                     /var/cache/fontconfig/d589a48862398ed80a3d6066f4f56f4c-le64.cache-4
7f0b00096000-7f0b00099000 ---p 00000000 00:00 0 
7f0b00099000-7f0b00197000 rw-p 00000000 00:00 0                          [stack:3907]
7f0b00197000-7f0b001b6000 r-xp 00000000 08:05 3545149                    /usr/lib/x86_64-linux-gnu/libdrm_intel.so.1.0.0
7f0b001b6000-7f0b003b5000 ---p 0001f000 08:05 3545149                    /usr/lib/x86_64-linux-gnu/libdrm_intel.so.1.0.0
7f0b003b5000-7f0b003b6000 r--p 0001e000 08:05 3545149                    /usr/lib/x86_64-linux-gnu/libdrm_intel.so.1.0.0
7f0b003b6000-7f0b003b7000 rw-p 0001f000 08:05 3545149                    /usr/lib/x86_64-linux-gnu/libdrm_intel.so.1.0.0
7f0b003b7000-7f0b008bf000 r-xp 00000000 08:05 3803442                    /usr/lib/x86_64-linux-gnu/dri/i965_dri.so
7f0b008bf000-7f0b00abe000 ---p 00508000 08:05 3803442                    /usr/lib/x86_64-linux-gnu/dri/i965_dri.so
7f0b00abe000-7f0b00ad8000 r--p 00507000 08:05 3803442                    /usr/lib/x86_64-linux-gnu/dri/i965_dri.so
7f0b00ad8000-7f0b00ade000 rw-p 00521000 08:05 3803442                    /usr/lib/x86_64-linux-gnu/dri/i965_dri.so
7f0b00ade000-7f0b00ae9000 rw-p 00000000 00:00 0 
7f0b00ae9000-7f0b00b2d000 r-xp 00000000 08:05 1052694                    /lib/x86_64-linux-gnu/libdbus-1.so.3.7.6
7f0b00b2d000-7f0b00d2c000 ---p 00044000 08:05 1052694                    /lib/x86_64-linux-gnu/libdbus-1.so.3.7.6
7f0b00d2c000-7f0b00d2d000 r--p 00043000 08:05 1052694                    /lib/x86_64-linux-gnu/libdbus-1.so.3.7.6
7f0b00d2d000-7f0b00d2e000 rw-p 00044000 08:05 1052694                    /lib/x86_64-linux-gnu/libdbus-1.so.3.7.6
7f0b00d2e000-7f0b00d36000 r-xp 00000000 08:05 1052742                    /lib/x86_64-linux-gnu/libnih-dbus.so.1.0.0
7f0b00d36000-7f0b00f36000 ---p 00008000 08:05 1052742                    /lib/x86_64-linux-gnu/libnih-dbus.so.1.0.0
7f0b00f36000-7f0b00f37000 r--p 00008000 08:05 1052742                    /lib/x86_64-linux-gnu/libnih-dbus.so.1.0.0
7f0b00f37000-7f0b00f38000 rw-p 00009000 08:05 1052742                    /lib/x86_64-linux-gnu/libnih-dbus.so.1.0.0
7f0b00f38000-7f0b00f4f000 r-xp 00000000 08:05 1052744                    /lib/x86_64-linux-gnu/libnih.so.1.0.0
7f0b00f4f000-7f0b0114e000 ---p 00017000 08:05 1052744                    /lib/x86_64-linux-gnu/libnih.so.1.0.0
7f0b0114e000-7f0b0114f000 r--p 00016000 08:05 1052744                    /lib/x86_64-linux-gnu/libnih.so.1.0.0
7f0b0114f000-7f0b01150000 rw-p 00017000 08:05 1052744                    /lib/x86_64-linux-gnu/libnih.so.1.0.0
7f0b01150000-7f0b01169000 r-xp 00000000 08:05 1048666                    /lib/x86_64-linux-gnu/libcgmanager.so.0.0.0
7f0b01169000-7f0b01368000 ---p 00019000 08:05 1048666                    /lib/x86_64-linux-gnu/libcgmanager.so.0.0.0
7f0b01368000-7f0b0136a000 r--p 00018000 08:05 1048666                    /lib/x86_64-linux-gnu/libcgmanager.so.0.0.0
7f0b0136a000-7f0b0136b000 rw-p 0001a000 08:05 1048666                    /lib/x86_64-linux-gnu/libcgmanager.so.0.0.0
7f0b0136b000-7f0b0137b000 r-xp 00000000 08:05 1052685                    /lib/x86_64-linux-gnu/libudev.so.1.3.5
7f0b0137b000-7f0b0157a000 ---p 00010000 08:05 1052685                    /lib/x86_64-linux-gnu/libudev.so.1.3.5
7f0b0157a000-7f0b0157b000 r--p 0000f000 08:05 1052685                    /lib/x86_64-linux-gnu/libudev.so.1.3.5
7f0b0157b000-7f0b0157c000 rw-p 00010000 08:05 1052685                    /lib/x86_64-linux-gnu/libudev.so.1.3.5
7f0b0157c000-7f0b015a1000 r-xp 00000000 08:05 1052826                    /lib/x86_64-linux-gnu/libtinfo.so.5.9
7f0b015a1000-7f0b017a0000 ---p 00025000 08:05 1052826                    /lib/x86_64-linux-gnu/libtinfo.so.5.9
7f0b017a0000-7f0b017a4000 r--p 00024000 08:05 1052826                    /lib/x86_64-linux-gnu/libtinfo.so.5.9
7f0b017a4000-7f0b017a5000 rw-p 00028000 08:05 1052826                    /lib/x86_64-linux-gnu/libtinfo.so.5.9
7f0b017a5000-7f0b017ce000 r-xp 00000000 08:05 3547545                    /usr/lib/x86_64-linux-gnu/libedit.so.2.0.47
7f0b017ce000-7f0b019ce000 ---p 00029000 08:05 3547545                    /usr/lib/x86_64-linux-gnu/libedit.so.2.0.47
7f0b019ce000-7f0b019d0000 r--p 00029000 08:05 3547545                    /usr/lib/x86_64-linux-gnu/libedit.so.2.0.47
7f0b019d0000-7f0b019d1000 rw-p 0002b000 08:05 3547545                    /usr/lib/x86_64-linux-gnu/libedit.so.2.0.47
7f0b019d1000-7f0b019d5000 rw-p 00000000 00:00 0 
7f0b019d5000-7f0b019ed000 r-xp 00000000 08:05 1052843                    /lib/x86_64-linux-gnu/libz.so.1.2.8
7f0b019ed000-7f0b01bec000 ---p 00018000 08:05 1052843                    /lib/x86_64-linux-gnu/libz.so.1.2.8
7f0b01bec000-7f0b01bed000 r--p 00017000 08:05 1052843                    /lib/x86_64-linux-gnu/libz.so.1.2.8
7f0b01bed000-7f0b01bee000 rw-p 00018000 08:05 1052843                    /lib/x86_64-linux-gnu/libz.so.1.2.8
7f0b01bee000-7f0b01cd4000 r-xp 00000000 08:05 3544133                    /usr/lib/x86_64-linux-gnu/libstdc++.so.6.0.19
7f0b01cd4000-7f0b01ed3000 ---p 000e6000 08:05 3544133                    /usr/lib/x86_64-linux-gnu/libstdc++.so.6.0.19
7f0b01ed3000-7f0b01edb000 r--p 000e5000 08:05 3544133                    /usr/lib/x86_64-linux-gnu/libstdc++.so.6.0.19
7f0b01edb000-7f0b01edd000 rw-p 000ed000 08:05 3544133                    /usr/lib/x86_64-linux-gnu/libstdc++.so.6.0.19
7f0b01edd000-7f0b01ef2000 rw-p 00000000 00:00 0 
7f0b01ef2000-7f0b039fa000 r-xp 00000000 08:05 3547164                    /usr/lib/x86_64-linux-gnu/libLLVM-3.5.so.1
7f0b039fa000-7f0b039fb000 ---p 01b08000 08:05 3547164                    /usr/lib/x86_64-linux-gnu/libLLVM-3.5.so.1
7f0b039fb000-7f0b03bc3000 r--p 01b08000 08:05 3547164                    /usr/lib/x86_64-linux-gnu/libLLVM-3.5.so.1
7f0b03bc3000-7f0b03bc9000 rw-p 01cd0000 08:05 3547164                    /usr/lib/x86_64-linux-gnu/libLLVM-3.5.so.1
7f0b03bc9000-7f0b03bde000 rw-p 00000000 00:00 0 
7f0b03bde000-7f0b03be9000 r-xp 00000000 08:05 3545159                    /usr/lib/x86_64-linux-gnu/libdrm_radeon.so.1.0.1
7f0b03be9000-7f0b03de8000 ---p 0000b000 08:05 3545159                    /usr/lib/x86_64-linux-gnu/libdrm_radeon.so.1.0.1
7f0b03de8000-7f0b03de9000 r--p 0000a000 08:05 3545159                    /usr/lib/x86_64-linux-gnu/libdrm_radeon.so.1.0.1
7f0b03de9000-7f0b03dea000 rw-p 0000b000 08:05 3545159                    /usr/lib/x86_64-linux-gnu/libdrm_radeon.so.1.0.1
7f0b03dea000-7f0b03dff000 r-xp 00000000 08:05 3547546                    /usr/lib/x86_64-linux-gnu/libelf-0.158.so
7f0b03dff000-7f0b03ffe000 ---p 00015000 08:05 3547546                    /usr/lib/x86_64-linux-gnu/libelf-0.158.so
7f0b03ffe000-7f0b03fff000 r--p 00014000 08:05 3547546                    /usr/lib/x86_64-linux-gnu/libelf-0.158.so
7f0b03fff000-7f0b04000000 rw-p 00015000 08:05 3547546                    /usr/lib/x86_64-linux-gnu/libelf-0.158.so
7f0b04000000-7f0b046fe000 rw-p 00000000 00:00 0 
7f0b046fe000-7f0b08000000 ---p 00000000 00:00 0 
7f0b08000000-7f0b08021000 rw-p 00000000 00:00 0 
7f0b08021000-7f0b0c000000 ---p 00000000 00:00 0 
7f0b0c000000-7f0b0c05e000 rw-p 00000000 00:00 0 
7f0b0c05e000-7f0b10000000 ---p 00000000 00:00 0 
7f0b10000000-7f0b12709000 rw-p 00000000 00:00 0 
7f0b12709000-7f0b14000000 ---p 00000000 00:00 0 
7f0b14000000-7f0b14021000 rw-p 00000000 00:00 0 
7f0b14021000-7f0b18000000 ---p 00000000 00:00 0 
7f0b18000000-7f0b18021000 rw-p 00000000 00:00 0 
7f0b18021000-7f0b1c000000 ---p 00000000 00:00 0 
7f0b1c000000-7f0b1c021000 rw-p 00000000 00:00 0 
7f0b1c021000-7f0b20000000 ---p 00000000 00:00 0 
7f0b20000000-7f0b20028000 rw-p 00000000 00:00 0 
7f0b20028000-7f0b24000000 ---p 00000000 00:00 0 
7f0b24000000-7f0b24021000 rw-p 00000000 00:00 0 
7f0b24021000-7f0b28000000 ---p 00000000 00:00 0 
7f0b28000000-7f0b28021000 rw-p 00000000 00:00 0 
7f0b28021000-7f0b2c000000 ---p 00000000 00:00 0 
7f0b2c000000-7f0b2ce9d000 rw-p 00000000 00:00 0 
7f0b2ce9d000-7f0b30000000 ---p 00000000 00:00 0 
7f0b30000000-7f0b3077e000 rw-p 00000000 00:00 0 
7f0b3077e000-7f0b34000000 ---p 00000000 00:00 0 
7f0b34000000-7f0b34021000 rw-p 00000000 00:00 0 
7f0b34021000-7f0b38000000 ---p 00000000 00:00 0 
7f0b38000000-7f0b38902000 rw-p 00000000 00:00 0 
7f0b38902000-7f0b3c000000 ---p 00000000 00:00 0 
7f0b3c000000-7f0b3c021000 rw-p 00000000 00:00 0 
7f0b3c021000-7f0b40000000 ---p 00000000 00:00 0 
7f0b40000000-7f0b40021000 rw-p 00000000 00:00 0 
7f0b40021000-7f0b44000000 ---p 00000000 00:00 0 
7f0b44000000-7f0b44021000 rw-p 00000000 00:00 0 
7f0b44021000-7f0b48000000 ---p 00000000 00:00 0 
7f0b48000000-7f0b480ba000 rw-p 00000000 00:00 0 
7f0b480ba000-7f0b4c000000 ---p 00000000 00:00 0 
7f0b4c000000-7f0b4c021000 rw-p 00000000 00:00 0 
7f0b4c021000-7f0b50000000 ---p 00000000 00:00 0 
7f0b50000000-7f0b50001000 r--s 00000000 08:05 807297                     /var/cache/fontconfig/8a687c406b77f27d99abfeeba937fcce-le64.cache-4
7f0b50001000-7f0b50002000 r--s 00000000 08:05 807296                     /var/cache/fontconfig/ac2cf712d852da827a87a9baf682f5b9-le64.cache-4
7f0b50002000-7f0b50004000 r--s 00000000 08:05 807295                     /var/cache/fontconfig/65f976e5259cbe6dc7697b8648396239-le64.cache-4
7f0b50004000-7f0b50005000 r--s 00000000 08:05 807294                     /var/cache/fontconfig/94f7fe9bd33aadfac165873bd010d595-le64.cache-4
7f0b50005000-7f0b50007000 r--s 00000000 08:05 807293                     /var/cache/fontconfig/423767150eb258c59035de29db6fca84-le64.cache-4
7f0b50007000-7f0b50008000 r--s 00000000 08:05 807292                     /var/cache/fontconfig/845c20fd2c4814bcec78e05d37a63ccc-le64.cache-4
7f0b50008000-7f0b50009000 r--s 00000000 08:05 807291                     /var/cache/fontconfig/e7de81b01590fb7e12b38e274e17d0db-le64.cache-4
7f0b50009000-7f0b5000a000 r--s 00000000 08:05 807290                     /var/cache/fontconfig/406a1d2d2bf3ed7664fbadefac0b2f66-le64.cache-4
7f0b5000a000-7f0b5000c000 r--s 00000000 08:05 807289                     /var/cache/fontconfig/67709b7835c0f764c1135060c9575660-le64.cache-4
7f0b5000c000-7f0b50016000 r--s 00000000 08:05 807288                     /var/cache/fontconfig/198d8fcf01c96d0cf813f74fd759bdb7-le64.cache-4
7f0b50016000-7f0b50017000 r--s 00000000 08:05 786503                     /var/cache/fontconfig/0c9eb80ebd1c36541ebe2852d3bb0c49-le64.cache-4
7f0b50017000-7f0b50022000 r--s 00000000 08:05 807286                     /var/cache/fontconfig/83bf95040141907cd45bb53cf7c1c148-le64.cache-4
7f0b50022000-7f0b50024000 r--s 00000000 08:05 807285                     /var/cache/fontconfig/6e6b34ae150a7ad95e82fb4a522f0bda-le64.cache-4
7f0b50024000-7f0b5002b000 r--s 00000000 08:05 807283                     /var/cache/fontconfig/53d14c92082a93e67d5078324eb314ca-le64.cache-4
7f0b5002b000-7f0b5002f000 r--s 00000000 08:05 807282                     /var/cache/fontconfig/6c08beecf0dac481ec92e759e0c2e6d7-le64.cache-4
7f0b5002f000-7f0b50033000 r--s 00000000 08:05 807281                     /var/cache/fontconfig/4d6aee6d44eccb37054d3216e945f618-le64.cache-4
7f0b50033000-7f0b50037000 r--s 00000000 08:05 807280                     /var/cache/fontconfig/d6c6df98c3df5faf9bd0f8ef4d91efe5-le64.cache-4
7f0b50037000-7f0b5003b000 r--s 00000000 08:05 807279                     /var/cache/fontconfig/9fb319ef52839f11ee26ab8b4cffa12b-le64.cache-4
7f0b5003b000-7f0b5004e000 r--s 00000000 08:05 807278                     /var/cache/fontconfig/4ac51e5cfbc76fc3f983e470323a16d3-le64.cache-4
7f0b5004e000-7f0b50051000 r--s 00000000 08:05 807277                     /var/cache/fontconfig/c19b55eb3b4c5b40ea175e31682068a5-le64.cache-4
7f0b50051000-7f0b50054000 r--s 00000000 08:05 807275                     /var/cache/fontconfig/de83a0a961185c8bd1f159015d56c039-le64.cache-4
7f0b50054000-7f0b50075000 r--s 00000000 08:05 797119                     /var/cache/fontconfig/e13b20fdb08344e0e664864cc2ede53d-le64.cache-4
7f0b50075000-7f0b50093000 r--s 00000000 08:05 790931                     /var/cache/fontconfig/467c019e582ee353435ea5c21d137ef6-le64.cache-4
7f0b500a9000-7f0b500ac000 ---p 00000000 00:00 0 
7f0b500ac000-7f0b501aa000 rw-p 00000000 00:00 0                          [stack:3908]
7f0b501aa000-7f0b501b0000 r-xp 00000000 08:05 3539541                    /usr/lib/x86_64-linux-gnu/libdrm_nouveau.so.2.0.0
7f0b501b0000-7f0b503af000 ---p 00006000 08:05 3539541                    /usr/lib/x86_64-linux-gnu/libdrm_nouveau.so.2.0.0
7f0b503af000-7f0b503b0000 r--p 00005000 08:05 3539541                    /usr/lib/x86_64-linux-gnu/libdrm_nouveau.so.2.0.0
7f0b503b0000-7f0b503b1000 rw-p 00006000 08:05 3539541                    /usr/lib/x86_64-linux-gnu/libdrm_nouveau.so.2.0.0
7f0b503b1000-7f0b503b8000 r-xp 00000000 08:05 3804279                    /usr/lib/x86_64-linux-gnu/mesa-egl/libOpenVG.so.1.0.0
7f0b503b8000-7f0b505b7000 ---p 00007000 08:05 3804279                    /usr/lib/x86_64-linux-gnu/mesa-egl/libOpenVG.so.1.0.0
7f0b505b7000-7f0b505b8000 r--p 00006000 08:05 3804279                    /usr/lib/x86_64-linux-gnu/mesa-egl/libOpenVG.so.1.0.0
7f0b505b8000-7f0b505b9000 rw-p 00007000 08:05 3804279                    /usr/lib/x86_64-linux-gnu/mesa-egl/libOpenVG.so.1.0.0
7f0b505b9000-7f0b505bb000 rw-p 00000000 00:00 0 
7f0b505bb000-7f0b50d43000 r-xp 00000000 08:05 3803453                    /usr/lib/x86_64-linux-gnu/egl/egl_gallium.so
7f0b50d43000-7f0b50f43000 ---p 00788000 08:05 3803453                    /usr/lib/x86_64-linux-gnu/egl/egl_gallium.so
7f0b50f43000-7f0b50f96000 r--p 00788000 08:05 3803453                    /usr/lib/x86_64-linux-gnu/egl/egl_gallium.so
7f0b50f96000-7f0b50fa2000 rw-p 007db000 08:05 3803453                    /usr/lib/x86_64-linux-gnu/egl/egl_gallium.so
7f0b50fa2000-7f0b51189000 rw-p 00000000 00:00 0 
7f0b51189000-7f0b5118f000 r-xp 00000000 08:05 3804277                    /usr/lib/x86_64-linux-gnu/mesa-egl/libGLESv2.so.2.0.0
7f0b5118f000-7f0b5138e000 ---p 00006000 08:05 3804277                    /usr/lib/x86_64-linux-gnu/mesa-egl/libGLESv2.so.2.0.0
7f0b5138e000-7f0b5138f000 r--p 00005000 08:05 3804277                    /usr/lib/x86_64-linux-gnu/mesa-egl/libGLESv2.so.2.0.0
7f0b5138f000-7f0b51390000 rw-p 00006000 08:05 3804277                    /usr/lib/x86_64-linux-gnu/mesa-egl/libGLESv2.so.2.0.0
7f0b51390000-7f0b513d5000 r-xp 00000000 08:05 1835084                    /tmp/jogamp_0000/file_cache/jln5266961450463198958/jln3981658264005673254/libjogl_mobile.so
7f0b513d5000-7f0b515d5000 ---p 00045000 08:05 1835084                    /tmp/jogamp_0000/file_cache/jln5266961450463198958/jln3981658264005673254/libjogl_mobile.so
7f0b515d5000-7f0b515d6000 rw-p 00045000 08:05 1835084                    /tmp/jogamp_0000/file_cache/jln5266961450463198958/jln3981658264005673254/libjogl_mobile.so
7f0b515d6000-7f0b515dd000 r-xp 00000000 08:05 3540105                    /usr/lib/x86_64-linux-gnu/libffi.so.6.0.1
7f0b515dd000-7f0b517dc000 ---p 00007000 08:05 3540105                    /usr/lib/x86_64-linux-gnu/libffi.so.6.0.1
7f0b517dc000-7f0b517dd000 r--p 00006000 08:05 3540105                    /usr/lib/x86_64-linux-gnu/libffi.so.6.0.1
7f0b517dd000-7f0b517de000 rw-p 00007000 08:05 3540105                    /usr/lib/x86_64-linux-gnu/libffi.so.6.0.1
7f0b517de000-7f0b517ea000 r-xp 00000000 08:05 3547628                    /usr/lib/x86_64-linux-gnu/libgbm.so.1.0.0
7f0b517ea000-7f0b519ea000 ---p 0000c000 08:05 3547628                    /usr/lib/x86_64-linux-gnu/libgbm.so.1.0.0
7f0b519ea000-7f0b519eb000 r--p 0000c000 08:05 3547628                    /usr/lib/x86_64-linux-gnu/libgbm.so.1.0.0
7f0b519eb000-7f0b519ec000 rw-p 0000d000 08:05 3547628                    /usr/lib/x86_64-linux-gnu/libgbm.so.1.0.0
7f0b519ec000-7f0b519fb000 r-xp 00000000 08:05 3548307                    /usr/lib/x86_64-linux-gnu/libwayland-server.so.0.1.0
7f0b519fb000-7f0b51bfa000 ---p 0000f000 08:05 3548307                    /usr/lib/x86_64-linux-gnu/libwayland-server.so.0.1.0
7f0b51bfa000-7f0b51bfc000 r--p 0000e000 08:05 3548307                    /usr/lib/x86_64-linux-gnu/libwayland-server.so.0.1.0
7f0b51bfc000-7f0b51bfd000 rw-p 00010000 08:05 3548307                    /usr/lib/x86_64-linux-gnu/libwayland-server.so.0.1.0
7f0b51bfd000-7f0b51c08000 r-xp 00000000 08:05 3548301                    /usr/lib/x86_64-linux-gnu/libwayland-client.so.0.2.0
7f0b51c08000-7f0b51e07000 ---p 0000b000 08:05 3548301                    /usr/lib/x86_64-linux-gnu/libwayland-client.so.0.2.0
7f0b51e07000-7f0b51e09000 r--p 0000a000 08:05 3548301                    /usr/lib/x86_64-linux-gnu/libwayland-client.so.0.2.0
7f0b51e09000-7f0b51e0a000 rw-p 0000c000 08:05 3548301                    /usr/lib/x86_64-linux-gnu/libwayland-client.so.0.2.0
7f0b51e0a000-7f0b51e0f000 r-xp 00000000 08:05 3548357                    /usr/lib/x86_64-linux-gnu/libxcb-xfixes.so.0.0.0
7f0b51e0f000-7f0b5200f000 ---p 00005000 08:05 3548357                    /usr/lib/x86_64-linux-gnu/libxcb-xfixes.so.0.0.0
7f0b5200f000-7f0b52010000 r--p 00005000 08:05 3548357                    /usr/lib/x86_64-linux-gnu/libxcb-xfixes.so.0.0.0
7f0b52010000-7f0b52011000 rw-p 00006000 08:05 3548357                    /usr/lib/x86_64-linux-gnu/libxcb-xfixes.so.0.0.0
7f0b52011000-7f0b52038000 r-xp 00000000 08:05 3804273                    /usr/lib/x86_64-linux-gnu/mesa-egl/libEGL.so.1.0.0
7f0b52038000-7f0b52238000 ---p 00027000 08:05 3804273                    /usr/lib/x86_64-linux-gnu/mesa-egl/libEGL.so.1.0.0
7f0b52238000-7f0b52239000 r--p 00027000 08:05 3804273                    /usr/lib/x86_64-linux-gnu/mesa-egl/libEGL.so.1.0.0
7f0b52239000-7f0b5223a000 rw-p 00028000 08:05 3804273                    /usr/lib/x86_64-linux-gnu/mesa-egl/libEGL.so.1.0.0
7f0b5223a000-7f0b5223b000 rw-p 00000000 00:00 0 
7f0b5223b000-7f0b522e0000 r-xp 00000000 08:05 1835081                    /tmp/jogamp_0000/file_cache/jln5266961450463198958/jln3981658264005673254/libjogl_desktop.so
7f0b522e0000-7f0b524e0000 ---p 000a5000 08:05 1835081                    /tmp/jogamp_0000/file_cache/jln5266961450463198958/jln3981658264005673254/libjogl_desktop.so
7f0b524e0000-7f0b524e1000 rw-p 000a5000 08:05 1835081                    /tmp/jogamp_0000/file_cache/jln5266961450463198958/jln3981658264005673254/libjogl_desktop.so
7f0b524e1000-7f0b524ed000 r-xp 00000000 08:05 3544321                    /usr/lib/x86_64-linux-gnu/libdrm.so.2.4.0
7f0b524ed000-7f0b526ec000 ---p 0000c000 08:05 3544321                    /usr/lib/x86_64-linux-gnu/libdrm.so.2.4.0
7f0b526ec000-7f0b526ed000 r--p 0000b000 08:05 3544321                    /usr/lib/x86_64-linux-gnu/libdrm.so.2.4.0
7f0b526ed000-7f0b526ee000 rw-p 0000c000 08:05 3544321                    /usr/lib/x86_64-linux-gnu/libdrm.so.2.4.0
7f0b526ee000-7f0b526ef000 r-xp 00000000 08:05 3548371                    /usr/lib/x86_64-linux-gnu/libxshmfence.so.1.0.0
7f0b526ef000-7f0b528ee000 ---p 00001000 08:05 3548371                    /usr/lib/x86_64-linux-gnu/libxshmfence.so.1.0.0
7f0b528ee000-7f0b528ef000 r--p 00000000 08:05 3548371                    /usr/lib/x86_64-linux-gnu/libxshmfence.so.1.0.0
7f0b528ef000-7f0b528f0000 rw-p 00001000 08:05 3548371                    /usr/lib/x86_64-linux-gnu/libxshmfence.so.1.0.0
7f0b528f0000-7f0b528f5000 r-xp 00000000 08:05 3548353                    /usr/lib/x86_64-linux-gnu/libxcb-sync.so.1.0.0
7f0b528f5000-7f0b52af4000 ---p 00005000 08:05 3548353                    /usr/lib/x86_64-linux-gnu/libxcb-sync.so.1.0.0
7f0b52af4000-7f0b52af5000 r--p 00004000 08:05 3548353                    /usr/lib/x86_64-linux-gnu/libxcb-sync.so.1.0.0
7f0b52af5000-7f0b52af6000 rw-p 00005000 08:05 3548353                    /usr/lib/x86_64-linux-gnu/libxcb-sync.so.1.0.0
7f0b52af6000-7f0b52af8000 r-xp 00000000 08:05 3548341                    /usr/lib/x86_64-linux-gnu/libxcb-present.so.0.0.0
7f0b52af8000-7f0b52cf7000 ---p 00002000 08:05 3548341                    /usr/lib/x86_64-linux-gnu/libxcb-present.so.0.0.0
7f0b52cf7000-7f0b52cf8000 r--p 00001000 08:05 3548341                    /usr/lib/x86_64-linux-gnu/libxcb-present.so.0.0.0
7f0b52cf8000-7f0b52cf9000 rw-p 00002000 08:05 3548341                    /usr/lib/x86_64-linux-gnu/libxcb-present.so.0.0.0
7f0b52cf9000-7f0b52cfb000 r-xp 00000000 08:05 3548331                    /usr/lib/x86_64-linux-gnu/libxcb-dri3.so.0.0.0
7f0b52cfb000-7f0b52efa000 ---p 00002000 08:05 3548331                    /usr/lib/x86_64-linux-gnu/libxcb-dri3.so.0.0.0
7f0b52efa000-7f0b52efb000 r--p 00001000 08:05 3548331                    /usr/lib/x86_64-linux-gnu/libxcb-dri3.so.0.0.0
7f0b52efb000-7f0b52efc000 rw-p 00002000 08:05 3548331                    /usr/lib/x86_64-linux-gnu/libxcb-dri3.so.0.0.0
7f0b52efc000-7f0b52eff000 r-xp 00000000 08:05 3548329                    /usr/lib/x86_64-linux-gnu/libxcb-dri2.so.0.0.0
7f0b52eff000-7f0b530ff000 ---p 00003000 08:05 3548329                    /usr/lib/x86_64-linux-gnu/libxcb-dri2.so.0.0.0
7f0b530ff000-7f0b53100000 r--p 00003000 08:05 3548329                    /usr/lib/x86_64-linux-gnu/libxcb-dri2.so.0.0.0
7f0b53100000-7f0b53101000 rw-p 00004000 08:05 3548329                    /usr/lib/x86_64-linux-gnu/libxcb-dri2.so.0.0.0
7f0b53101000-7f0b53116000 r-xp 00000000 08:05 3548333                    /usr/lib/x86_64-linux-gnu/libxcb-glx.so.0.0.0
7f0b53116000-7f0b53315000 ---p 00015000 08:05 3548333                    /usr/lib/x86_64-linux-gnu/libxcb-glx.so.0.0.0
7f0b53315000-7f0b53317000 r--p 00014000 08:05 3548333                    /usr/lib/x86_64-linux-gnu/libxcb-glx.so.0.0.0
7f0b53317000-7f0b53318000 rw-p 00016000 08:05 3548333                    /usr/lib/x86_64-linux-gnu/libxcb-glx.so.0.0.0
7f0b53318000-7f0b53319000 r-xp 00000000 08:05 3547287                    /usr/lib/x86_64-linux-gnu/libX11-xcb.so.1.0.0
7f0b53319000-7f0b53518000 ---p 00001000 08:05 3547287                    /usr/lib/x86_64-linux-gnu/libX11-xcb.so.1.0.0
7f0b53518000-7f0b53519000 r--p 00000000 08:05 3547287                    /usr/lib/x86_64-linux-gnu/libX11-xcb.so.1.0.0
7f0b53519000-7f0b5351a000 rw-p 00001000 08:05 3547287                    /usr/lib/x86_64-linux-gnu/libX11-xcb.so.1.0.0
7f0b5351a000-7f0b5351c000 r-xp 00000000 08:05 3547302                    /usr/lib/x86_64-linux-gnu/libXdamage.so.1.1.0
7f0b5351c000-7f0b5371b000 ---p 00002000 08:05 3547302                    /usr/lib/x86_64-linux-gnu/libXdamage.so.1.1.0
7f0b5371b000-7f0b5371c000 r--p 00001000 08:05 3547302                    /usr/lib/x86_64-linux-gnu/libXdamage.so.1.1.0
7f0b5371c000-7f0b5371d000 rw-p 00002000 08:05 3547302                    /usr/lib/x86_64-linux-gnu/libXdamage.so.1.1.0
7f0b5371d000-7f0b53741000 r-xp 00000000 08:05 3547680                    /usr/lib/x86_64-linux-gnu/libglapi.so.0.0.0
7f0b53741000-7f0b53941000 ---p 00024000 08:05 3547680                    /usr/lib/x86_64-linux-gnu/libglapi.so.0.0.0
7f0b53941000-7f0b53944000 r--p 00024000 08:05 3547680                    /usr/lib/x86_64-linux-gnu/libglapi.so.0.0.0
7f0b53944000-7f0b53945000 rw-p 00027000 08:05 3547680                    /usr/lib/x86_64-linux-gnu/libglapi.so.0.0.0
7f0b53945000-7f0b53946000 rw-p 00000000 00:00 0 
7f0b53946000-7f0b5396d000 r-xp 00000000 08:05 1055113                    /lib/x86_64-linux-gnu/libexpat.so.1.6.0
7f0b5396d000-7f0b53b6d000 ---p 00027000 08:05 1055113                    /lib/x86_64-linux-gnu/libexpat.so.1.6.0
7f0b53b6d000-7f0b53b6f000 r--p 00027000 08:05 1055113                    /lib/x86_64-linux-gnu/libexpat.so.1.6.0
7f0b53b6f000-7f0b53b70000 rw-p 00029000 08:05 1055113                    /lib/x86_64-linux-gnu/libexpat.so.1.6.0
7f0b53b70000-7f0b53bfc000 r-xp 00000000 08:05 3804270                    /usr/lib/x86_64-linux-gnu/mesa/libGL.so.1.2.0
7f0b53bfc000-7f0b53dfb000 ---p 0008c000 08:05 3804270                    /usr/lib/x86_64-linux-gnu/mesa/libGL.so.1.2.0
7f0b53dfb000-7f0b53dfe000 r--p 0008b000 08:05 3804270                    /usr/lib/x86_64-linux-gnu/mesa/libGL.so.1.2.0
7f0b53dfe000-7f0b53dff000 rw-p 0008e000 08:05 3804270                    /usr/lib/x86_64-linux-gnu/mesa/libGL.so.1.2.0
7f0b53dff000-7f0b54000000 rw-p 00000000 00:00 0 
7f0b54000000-7f0b54021000 rw-p 00000000 00:00 0 
7f0b54021000-7f0b58000000 ---p 00000000 00:00 0 
7f0b58000000-7f0b58001000 r--s 00000000 08:05 807284                     /var/cache/fontconfig/3334a778d104e76d188e9df399bc24d2-le64.cache-4
7f0b58001000-7f0b58002000 r--s 00000000 08:05 807276                     /var/cache/fontconfig/c277e94e32b20404286a1ddafa5a80f0-le64.cache-4
7f0b58002000-7f0b58007000 r--s 00000000 08:05 788348                     /var/cache/fontconfig/7ef2298fde41cc6eeb7af42e48b7d293-le64.cache-4
7f0b58007000-7f0b58009000 r--s 00000000 08:05 807313                     /var/cache/fontconfig/16326683038b281783a0ef8c680e3a10-le64.cache-4
7f0b58035000-7f0b58095000 rw-s 1126ef000 00:05 1816                      /dev/dri/card0
7f0b58095000-7f0b580f5000 rw-s 11268f000 00:05 1816                      /dev/dri/card0
7f0b580f5000-7f0b580f8000 ---p 00000000 00:00 0 
7f0b580f8000-7f0b583f6000 rw-p 00000000 00:00 0 
7f0b583f6000-7f0b583fd000 r-xp 00000000 08:05 1835089                    /tmp/jogamp_0000/file_cache/jln5266961450463198958/jln3981658264005673254/libnativewindow_x11.so
7f0b583fd000-7f0b585fc000 ---p 00007000 08:05 1835089                    /tmp/jogamp_0000/file_cache/jln5266961450463198958/jln3981658264005673254/libnativewindow_x11.so
7f0b585fc000-7f0b585fd000 rw-p 00006000 08:05 1835089                    /tmp/jogamp_0000/file_cache/jln5266961450463198958/jln3981658264005673254/libnativewindow_x11.so
7f0b585fd000-7f0b58601000 r-xp 00000000 08:05 3547344                    /usr/lib/x86_64-linux-gnu/libXxf86vm.so.1.0.0
7f0b58601000-7f0b58801000 ---p 00004000 08:05 3547344                    /usr/lib/x86_64-linux-gnu/libXxf86vm.so.1.0.0
7f0b58801000-7f0b58802000 r--p 00004000 08:05 3547344                    /usr/lib/x86_64-linux-gnu/libXxf86vm.so.1.0.0
7f0b58802000-7f0b58803000 rw-p 00005000 08:05 3547344                    /usr/lib/x86_64-linux-gnu/libXxf86vm.so.1.0.0
7f0b58803000-7f0b58805000 r-xp 00000000 08:05 1835088                    /tmp/jogamp_0000/file_cache/jln5266961450463198958/jln3981658264005673254/libnativewindow_awt.so
7f0b58805000-7f0b58a04000 ---p 00002000 08:05 1835088                    /tmp/jogamp_0000/file_cache/jln5266961450463198958/jln3981658264005673254/libnativewindow_awt.so
7f0b58a04000-7f0b58a05000 rw-p 00001000 08:05 1835088                    /tmp/jogamp_0000/file_cache/jln5266961450463198958/jln3981658264005673254/libnativewindow_awt.so
7f0b58a05000-7f0b58a06000 r-xp 00000000 08:05 4752070                    /usr/local/java/jdk1.8.0_60/jre/lib/amd64/libjawt.so
7f0b58a06000-7f0b58c05000 ---p 00001000 08:05 4752070                    /usr/local/java/jdk1.8.0_60/jre/lib/amd64/libjawt.so
7f0b58c05000-7f0b58c06000 rw-p 00000000 08:05 4752070                    /usr/local/java/jdk1.8.0_60/jre/lib/amd64/libjawt.so
7f0b58c06000-7f0b58c08000 r-xp 00000000 08:05 1835080                    /tmp/jogamp_0000/file_cache/jln5266961450463198958/jln3981658264005673254/libgluegen-rt.so
7f0b58c08000-7f0b58e07000 ---p 00002000 08:05 1835080                    /tmp/jogamp_0000/file_cache/jln5266961450463198958/jln3981658264005673254/libgluegen-rt.so
7f0b58e07000-7f0b58e08000 rw-p 00001000 08:05 1835080                    /tmp/jogamp_0000/file_cache/jln5266961450463198958/jln3981658264005673254/libgluegen-rt.so
7f0b58e08000-7f0b58e0b000 ---p 00000000 00:00 0 
7f0b58e0b000-7f0b59109000 rw-p 00000000 00:00 0                          [stack:3881]
7f0b59109000-7f0b5910c000 ---p 00000000 00:00 0 
7f0b5910c000-7f0b5940a000 rw-p 00000000 00:00 0                          [stack:3872]
7f0b5940a000-7f0b5940d000 ---p 00000000 00:00 0 
7f0b5940d000-7f0b5950b000 rw-p 00000000 00:00 0                          [stack:3871]
7f0b5950b000-7f0b59574000 r-xp 00000000 08:05 4752100                    /usr/local/java/jdk1.8.0_60/jre/lib/amd64/libt2k.so
7f0b59574000-7f0b59774000 ---p 00069000 08:05 4752100                    /usr/local/java/jdk1.8.0_60/jre/lib/amd64/libt2k.so
7f0b59774000-7f0b5977b000 rw-p 00069000 08:05 4752100                    /usr/local/java/jdk1.8.0_60/jre/lib/amd64/libt2k.so
7f0b5977b000-7f0b5978b000 rw-p 00000000 00:00 0 
7f0b5978b000-7f0b5979c000 r-xp 00000000 08:05 4752120                    /usr/local/java/jdk1.8.0_60/jre/lib/amd64/libnio.so
7f0b5979c000-7f0b5999b000 ---p 00011000 08:05 4752120                    /usr/local/java/jdk1.8.0_60/jre/lib/amd64/libnio.so
7f0b5999b000-7f0b5999c000 rw-p 00010000 08:05 4752120                    /usr/local/java/jdk1.8.0_60/jre/lib/amd64/libnio.so
7f0b5999c000-7f0b599b2000 r-xp 00000000 08:05 4752097                    /usr/local/java/jdk1.8.0_60/jre/lib/amd64/libnet.so
7f0b599b2000-7f0b59bb2000 ---p 00016000 08:05 4752097                    /usr/local/java/jdk1.8.0_60/jre/lib/amd64/libnet.so
7f0b59bb2000-7f0b59bb3000 rw-p 00016000 08:05 4752097                    /usr/local/java/jdk1.8.0_60/jre/lib/amd64/libnet.so
7f0b59bb3000-7f0b59bb6000 ---p 00000000 00:00 0 
7f0b59bb6000-7f0b59cb4000 rw-p 00000000 00:00 0                          [stack:3869]
7f0b59cb4000-7f0b59cb7000 ---p 00000000 00:00 0 
7f0b59cb7000-7f0b59db5000 rw-p 00000000 00:00 0                          [stack:3868]
7f0b59db5000-7f0b59db8000 ---p 00000000 00:00 0 
7f0b59db8000-7f0b59eb6000 rw-p 00000000 00:00 0                          [stack:3867]
7f0b59eb6000-7f0b59eb9000 ---p 00000000 00:00 0 
7f0b59eb9000-7f0b59fb7000 rw-p 00000000 00:00 0                          [stack:3865]
7f0b59fb7000-7f0b59fbc000 r-xp 00000000 08:05 3539424                    /usr/lib/x86_64-linux-gnu/libXfixes.so.3.1.0
7f0b59fbc000-7f0b5a1bb000 ---p 00005000 08:05 3539424                    /usr/lib/x86_64-linux-gnu/libXfixes.so.3.1.0
7f0b5a1bb000-7f0b5a1bc000 r--p 00004000 08:05 3539424                    /usr/lib/x86_64-linux-gnu/libXfixes.so.3.1.0
7f0b5a1bc000-7f0b5a1bd000 rw-p 00005000 08:05 3539424                    /usr/lib/x86_64-linux-gnu/libXfixes.so.3.1.0
7f0b5a1bd000-7f0b5a1c6000 r-xp 00000000 08:05 3547300                    /usr/lib/x86_64-linux-gnu/libXcursor.so.1.0.2
7f0b5a1c6000-7f0b5a3c5000 ---p 00009000 08:05 3547300                    /usr/lib/x86_64-linux-gnu/libXcursor.so.1.0.2
7f0b5a3c5000-7f0b5a3c6000 r--p 00008000 08:05 3547300                    /usr/lib/x86_64-linux-gnu/libXcursor.so.1.0.2
7f0b5a3c6000-7f0b5a3c7000 rw-p 00009000 08:05 3547300                    /usr/lib/x86_64-linux-gnu/libXcursor.so.1.0.2
7f0b5a3c7000-7f0b5a3ca000 ---p 00000000 00:00 0 
7f0b5a3ca000-7f0b5a4c8000 rw-p 00000000 00:00 0                          [stack:3864]
7f0b5a4c8000-7f0b5a4de000 r-xp 00000000 08:05 1054013                    /lib/x86_64-linux-gnu/libgcc_s.so.1
7f0b5a4de000-7f0b5a6dd000 ---p 00016000 08:05 1054013                    /lib/x86_64-linux-gnu/libgcc_s.so.1
7f0b5a6dd000-7f0b5a6de000 rw-p 00015000 08:05 1054013                    /lib/x86_64-linux-gnu/libgcc_s.so.1
7f0b5a6de000-7f0b5a744000 r-xp 00000000 08:05 4752101                    /usr/local/java/jdk1.8.0_60/jre/lib/amd64/libfontmanager.so
7f0b5a744000-7f0b5a943000 ---p 00066000 08:05 4752101                    /usr/local/java/jdk1.8.0_60/jre/lib/amd64/libfontmanager.so
7f0b5a943000-7f0b5a947000 rw-p 00065000 08:05 4752101                    /usr/local/java/jdk1.8.0_60/jre/lib/amd64/libfontmanager.so
7f0b5a947000-7f0b5a958000 rw-p 00000000 00:00 0 
7f0b5a958000-7f0b5a95d000 r-xp 00000000 08:05 3547304                    /usr/lib/x86_64-linux-gnu/libXdmcp.so.6.0.0
7f0b5a95d000-7f0b5ab5c000 ---p 00005000 08:05 3547304                    /usr/lib/x86_64-linux-gnu/libXdmcp.so.6.0.0
7f0b5ab5c000-7f0b5ab5d000 r--p 00004000 08:05 3547304                    /usr/lib/x86_64-linux-gnu/libXdmcp.so.6.0.0
7f0b5ab5d000-7f0b5ab5e000 rw-p 00005000 08:05 3547304                    /usr/lib/x86_64-linux-gnu/libXdmcp.so.6.0.0
7f0b5ab5e000-7f0b5ab60000 r-xp 00000000 08:05 3547293                    /usr/lib/x86_64-linux-gnu/libXau.so.6.0.0
7f0b5ab60000-7f0b5ad60000 ---p 00002000 08:05 3547293                    /usr/lib/x86_64-linux-gnu/libXau.so.6.0.0
7f0b5ad60000-7f0b5ad61000 r--p 00002000 08:05 3547293                    /usr/lib/x86_64-linux-gnu/libXau.so.6.0.0
7f0b5ad61000-7f0b5ad62000 rw-p 00003000 08:05 3547293                    /usr/lib/x86_64-linux-gnu/libXau.so.6.0.0
7f0b5ad62000-7f0b5cac2000 rw-p 00000000 00:00 0 
7f0b5cac2000-7f0b5cacf000 r--s 00000000 08:05 807312                     /var/cache/fontconfig/8f02d4cb045bd6ce15663e43f347c9f8-le64.cache-4
7f0b5cacf000-7f0b5cad0000 r--s 00000000 08:05 807311                     /var/cache/fontconfig/e0aa53bcfa504e64f87823c16bc01eb6-le64.cache-4
7f0b5cb01000-7f0b5cb11000 rw-s 11d0f4000 00:05 1816                      /dev/dri/card0
7f0b5cb11000-7f0b5cb14000 ---p 00000000 00:00 0 
7f0b5cb14000-7f0b5cb4a000 rw-p 00000000 00:00 0                          [stack:3876]
7f0b5cb4a000-7f0b5cb67000 r-xp 00000000 08:05 3548361                    /usr/lib/x86_64-linux-gnu/libxcb.so.1.1.0
7f0b5cb67000-7f0b5cd67000 ---p 0001d000 08:05 3548361                    /usr/lib/x86_64-linux-gnu/libxcb.so.1.1.0
7f0b5cd67000-7f0b5cd68000 r--p 0001d000 08:05 3548361                    /usr/lib/x86_64-linux-gnu/libxcb.so.1.1.0
7f0b5cd68000-7f0b5cd69000 rw-p 0001e000 08:05 3548361                    /usr/lib/x86_64-linux-gnu/libxcb.so.1.1.0
7f0b5cd69000-7f0b5cd78000 r-xp 00000000 08:05 3546796                    /usr/lib/x86_64-linux-gnu/libXi.so.6.1.0
7f0b5cd78000-7f0b5cf77000 ---p 0000f000 08:05 3546796                    /usr/lib/x86_64-linux-gnu/libXi.so.6.1.0
7f0b5cf77000-7f0b5cf78000 r--p 0000e000 08:05 3546796                    /usr/lib/x86_64-linux-gnu/libXi.so.6.1.0
7f0b5cf78000-7f0b5cf79000 rw-p 0000f000 08:05 3546796                    /usr/lib/x86_64-linux-gnu/libXi.so.6.1.0
7f0b5cf79000-7f0b5cf7e000 r-xp 00000000 08:05 3547334                    /usr/lib/x86_64-linux-gnu/libXtst.so.6.1.0
7f0b5cf7e000-7f0b5d17d000 ---p 00005000 08:05 3547334                    /usr/lib/x86_64-linux-gnu/libXtst.so.6.1.0
7f0b5d17d000-7f0b5d17e000 r--p 00004000 08:05 3547334                    /usr/lib/x86_64-linux-gnu/libXtst.so.6.1.0
7f0b5d17e000-7f0b5d17f000 rw-p 00005000 08:05 3547334                    /usr/lib/x86_64-linux-gnu/libXtst.so.6.1.0
7f0b5d17f000-7f0b5d188000 r-xp 00000000 08:05 3546798                    /usr/lib/x86_64-linux-gnu/libXrender.so.1.3.0
7f0b5d188000-7f0b5d387000 ---p 00009000 08:05 3546798                    /usr/lib/x86_64-linux-gnu/libXrender.so.1.3.0
7f0b5d387000-7f0b5d388000 r--p 00008000 08:05 3546798                    /usr/lib/x86_64-linux-gnu/libXrender.so.1.3.0
7f0b5d388000-7f0b5d389000 rw-p 00009000 08:05 3546798                    /usr/lib/x86_64-linux-gnu/libXrender.so.1.3.0
7f0b5d389000-7f0b5d4b9000 r-xp 00000000 08:05 3547289                    /usr/lib/x86_64-linux-gnu/libX11.so.6.3.0
7f0b5d4b9000-7f0b5d6b9000 ---p 00130000 08:05 3547289                    /usr/lib/x86_64-linux-gnu/libX11.so.6.3.0
7f0b5d6b9000-7f0b5d6ba000 r--p 00130000 08:05 3547289                    /usr/lib/x86_64-linux-gnu/libX11.so.6.3.0
7f0b5d6ba000-7f0b5d6be000 rw-p 00131000 08:05 3547289                    /usr/lib/x86_64-linux-gnu/libX11.so.6.3.0
7f0b5d6be000-7f0b5d6cf000 r-xp 00000000 08:05 3540152                    /usr/lib/x86_64-linux-gnu/libXext.so.6.4.0
7f0b5d6cf000-7f0b5d8ce000 ---p 00011000 08:05 3540152                    /usr/lib/x86_64-linux-gnu/libXext.so.6.4.0
7f0b5d8ce000-7f0b5d8cf000 r--p 00010000 08:05 3540152                    /usr/lib/x86_64-linux-gnu/libXext.so.6.4.0
7f0b5d8cf000-7f0b5d8d0000 rw-p 00011000 08:05 3540152                    /usr/lib/x86_64-linux-gnu/libXext.so.6.4.0
7f0b5d8d0000-7f0b5d924000 r-xp 00000000 08:05 4752107                    /usr/local/java/jdk1.8.0_60/jre/lib/amd64/libawt_xawt.so
7f0b5d924000-7f0b5db24000 ---p 00054000 08:05 4752107                    /usr/local/java/jdk1.8.0_60/jre/lib/amd64/libawt_xawt.so
7f0b5db24000-7f0b5db28000 rw-p 00054000 08:05 4752107                    /usr/local/java/jdk1.8.0_60/jre/lib/amd64/libawt_xawt.so
7f0b5db28000-7f0b5db29000 rw-p 00000000 00:00 0 
7f0b5db29000-7f0b5dbcb000 r-xp 00000000 08:05 4752114                    /usr/local/java/jdk1.8.0_60/jre/lib/amd64/libawt.so
7f0b5dbcb000-7f0b5ddcb000 ---p 000a2000 08:05 4752114                    /usr/local/java/jdk1.8.0_60/jre/lib/amd64/libawt.so
7f0b5ddcb000-7f0b5ddd7000 rw-p 000a2000 08:05 4752114                    /usr/local/java/jdk1.8.0_60/jre/lib/amd64/libawt.so
7f0b5ddd7000-7f0b5ddfb000 rw-p 00000000 00:00 0 
7f0b5ddfb000-7f0b5ddfc000 ---p 00000000 00:00 0 
7f0b5ddfc000-7f0b5defc000 rw-p 00000000 00:00 0                          [stack:3863]
7f0b5defc000-7f0b5deff000 ---p 00000000 00:00 0 
7f0b5deff000-7f0b5dffd000 rw-p 00000000 00:00 0                          [stack:3862]
7f0b5dffd000-7f0b5e000000 ---p 00000000 00:00 0 
7f0b5e000000-7f0b5e0fe000 rw-p 00000000 00:00 0                          [stack:3861]
7f0b5e0fe000-7f0b5e101000 ---p 00000000 00:00 0 
7f0b5e101000-7f0b5e1ff000 rw-p 00000000 00:00 0                          [stack:3860]
7f0b5e1ff000-7f0b5e202000 ---p 00000000 00:00 0 
7f0b5e202000-7f0b5e300000 rw-p 00000000 00:00 0                          [stack:3859]
7f0b5e300000-7f0b5e303000 ---p 00000000 00:00 0 
7f0b5e303000-7f0b5e401000 rw-p 00000000 00:00 0                          [stack:3858]
7f0b5e401000-7f0b5ec16000 r--p 00000000 08:05 3546206                    /usr/lib/locale/locale-archive
7f0b5ec16000-7f0b5ec19000 ---p 00000000 00:00 0 
7f0b5ec19000-7f0b5ed17000 rw-p 00000000 00:00 0                          [stack:3857]
7f0b5ed17000-7f0b5ed1a000 ---p 00000000 00:00 0 
7f0b5ed1a000-7f0b5ee18000 rw-p 00000000 00:00 0                          [stack:3856]
7f0b5ee18000-7f0b5ee19000 ---p 00000000 00:00 0 
7f0b5ee19000-7f0b5fe28000 rw-p 00000000 00:00 0                          [stack:3855]
7f0b5fe28000-7f0b60000000 r--s 03d17000 08:05 4618326                    /usr/local/java/jdk1.8.0_60/jre/lib/rt.jar
7f0b60000000-7f0b60021000 rw-p 00000000 00:00 0 
7f0b60021000-7f0b64000000 ---p 00000000 00:00 0 
7f0b64009000-7f0b6400a000 rw-p 00000000 00:00 0 
7f0b6400a000-7f0b6400e000 rw-s 00000000 00:04 31124                      /drm mm object (deleted)
7f0b6400e000-7f0b64010000 rw-s 00000000 00:04 31123                      /drm mm object (deleted)
7f0b64010000-7f0b64020000 rw-s 122d0f000 00:05 1816                      /dev/dri/card0
7f0b64020000-7f0b64030000 rw-s 122cff000 00:05 1816                      /dev/dri/card0
7f0b64030000-7f0b64032000 rw-s 00000000 00:04 32802                      /drm mm object (deleted)
7f0b64032000-7f0b64033000 rw-s 00000000 00:04 32794                      /drm mm object (deleted)
7f0b64033000-7f0b64034000 rwxp 00000000 00:00 0 
7f0b64034000-7f0b64035000 r--s 0002f000 08:05 4757279                    /home/elena/java/workspace/UCSDUnfoldingMaps/lib/jogl-all-natives-linux-amd64.jar
7f0b64035000-7f0b64066000 rw-p 00000000 00:00 0 
7f0b64066000-7f0b64089000 r--s 002ec000 08:05 4757285                    /home/elena/java/workspace/UCSDUnfoldingMaps/lib/jogl-all.jar
7f0b64089000-7f0b64ac2000 rw-p 00000000 00:00 0 
7f0b64ac2000-7f0b64ac3000 ---p 00000000 00:00 0 
7f0b64ac3000-7f0b64bc3000 rw-p 00000000 00:00 0                          [stack:3854]
7f0b64bc3000-7f0b64bc4000 ---p 00000000 00:00 0 
7f0b64bc4000-7f0b64cc4000 rw-p 00000000 00:00 0                          [stack:3853]
7f0b64cc4000-7f0b64cc5000 ---p 00000000 00:00 0 
7f0b64cc5000-7f0b64dc5000 rw-p 00000000 00:00 0                          [stack:3852]
7f0b64dc5000-7f0b64dc6000 ---p 00000000 00:00 0 
7f0b64dc6000-7f0b64edf000 rw-p 00000000 00:00 0                          [stack:3851]
7f0b64edf000-7f0b65000000 ---p 00000000 00:00 0 
7f0b65000000-7f0b65ab0000 rwxp 00000000 00:00 0 
7f0b65ab0000-7f0b74000000 ---p 00000000 00:00 0 
7f0b74000000-7f0b742b1000 rw-p 00000000 00:00 0 
7f0b742b1000-7f0b78000000 ---p 00000000 00:00 0 
7f0b78000000-7f0b78004000 r--s 00095000 08:05 4618331                    /usr/local/java/jdk1.8.0_60/jre/lib/jsse.jar
7f0b78004000-7f0b7800a000 r--s 00033000 08:05 4757290                    /home/elena/java/workspace/UCSDUnfoldingMaps/lib/unfolding.0.9.7-uscd.jar
7f0b7800a000-7f0b7800f000 r--s 00309000 08:05 4757289                    /home/elena/java/workspace/UCSDUnfoldingMaps/lib/sqlite-jdbc-3.7.2.jar
7f0b7800f000-7f0b78016000 r--s 00059000 08:05 4757288                    /home/elena/java/workspace/UCSDUnfoldingMaps/lib/log4j-1.2.15.jar
7f0b78016000-7f0b7801c000 r--s 00041000 08:05 4757278                    /home/elena/java/workspace/UCSDUnfoldingMaps/lib/gluegen-rt.jar
7f0b7801c000-7f0b780ed000 rw-p 00000000 00:00 0 
7f0b780ed000-7f0b7820d000 ---p 00000000 00:00 0 
7f0b7820d000-7f0b78245000 rw-p 00000000 00:00 0 
7f0b78245000-7f0b782aa000 ---p 00000000 00:00 0 
7f0b782aa000-7f0b782d6000 rw-p 00000000 00:00 0 
7f0b782d6000-7f0b7866b000 ---p 00000000 00:00 0 
7f0b7866b000-7f0b78685000 r-xp 00000000 08:05 4752090                    /usr/local/java/jdk1.8.0_60/jre/lib/amd64/libzip.so
7f0b78685000-7f0b78885000 ---p 0001a000 08:05 4752090                    /usr/local/java/jdk1.8.0_60/jre/lib/amd64/libzip.so
7f0b78885000-7f0b78886000 rw-p 0001a000 08:05 4752090                    /usr/local/java/jdk1.8.0_60/jre/lib/amd64/libzip.so
7f0b78886000-7f0b78891000 r-xp 00000000 08:05 1055446                    /lib/x86_64-linux-gnu/libnss_files-2.19.so
7f0b78891000-7f0b78a90000 ---p 0000b000 08:05 1055446                    /lib/x86_64-linux-gnu/libnss_files-2.19.so
7f0b78a90000-7f0b78a91000 r--p 0000a000 08:05 1055446                    /lib/x86_64-linux-gnu/libnss_files-2.19.so
7f0b78a91000-7f0b78a92000 rw-p 0000b000 08:05 1055446                    /lib/x86_64-linux-gnu/libnss_files-2.19.so
7f0b78a92000-7f0b78a9d000 r-xp 00000000 08:05 1055061                    /lib/x86_64-linux-gnu/libnss_nis-2.19.so
7f0b78a9d000-7f0b78c9c000 ---p 0000b000 08:05 1055061                    /lib/x86_64-linux-gnu/libnss_nis-2.19.so
7f0b78c9c000-7f0b78c9d000 r--p 0000a000 08:05 1055061                    /lib/x86_64-linux-gnu/libnss_nis-2.19.so
7f0b78c9d000-7f0b78c9e000 rw-p 0000b000 08:05 1055061                    /lib/x86_64-linux-gnu/libnss_nis-2.19.so
7f0b78c9e000-7f0b78cb5000 r-xp 00000000 08:05 1055047                    /lib/x86_64-linux-gnu/libnsl-2.19.so
7f0b78cb5000-7f0b78eb4000 ---p 00017000 08:05 1055047                    /lib/x86_64-linux-gnu/libnsl-2.19.so
7f0b78eb4000-7f0b78eb5000 r--p 00016000 08:05 1055047                    /lib/x86_64-linux-gnu/libnsl-2.19.so
7f0b78eb5000-7f0b78eb6000 rw-p 00017000 08:05 1055047                    /lib/x86_64-linux-gnu/libnsl-2.19.so
7f0b78eb6000-7f0b78eb8000 rw-p 00000000 00:00 0 
7f0b78eb8000-7f0b78ec1000 r-xp 00000000 08:05 1055046                    /lib/x86_64-linux-gnu/libnss_compat-2.19.so
7f0b78ec1000-7f0b790c0000 ---p 00009000 08:05 1055046                    /lib/x86_64-linux-gnu/libnss_compat-2.19.so
7f0b790c0000-7f0b790c1000 r--p 00008000 08:05 1055046                    /lib/x86_64-linux-gnu/libnss_compat-2.19.so
7f0b790c1000-7f0b790c2000 rw-p 00009000 08:05 1055046                    /lib/x86_64-linux-gnu/libnss_compat-2.19.so
7f0b790c2000-7f0b790ec000 r-xp 00000000 08:05 4752050                    /usr/local/java/jdk1.8.0_60/jre/lib/amd64/libjava.so
7f0b790ec000-7f0b792ec000 ---p 0002a000 08:05 4752050                    /usr/local/java/jdk1.8.0_60/jre/lib/amd64/libjava.so
7f0b792ec000-7f0b792ee000 rw-p 0002a000 08:05 4752050                    /usr/local/java/jdk1.8.0_60/jre/lib/amd64/libjava.so
7f0b792ee000-7f0b792fb000 r-xp 00000000 08:05 4752078                    /usr/local/java/jdk1.8.0_60/jre/lib/amd64/libverify.so
7f0b792fb000-7f0b794fb000 ---p 0000d000 08:05 4752078                    /usr/local/java/jdk1.8.0_60/jre/lib/amd64/libverify.so
7f0b794fb000-7f0b794fd000 rw-p 0000d000 08:05 4752078                    /usr/local/java/jdk1.8.0_60/jre/lib/amd64/libverify.so
7f0b794fd000-7f0b79504000 r-xp 00000000 08:05 1055065                    /lib/x86_64-linux-gnu/librt-2.19.so
7f0b79504000-7f0b79703000 ---p 00007000 08:05 1055065                    /lib/x86_64-linux-gnu/librt-2.19.so
7f0b79703000-7f0b79704000 r--p 00006000 08:05 1055065                    /lib/x86_64-linux-gnu/librt-2.19.so
7f0b79704000-7f0b79705000 rw-p 00007000 08:05 1055065                    /lib/x86_64-linux-gnu/librt-2.19.so
7f0b79705000-7f0b7980a000 r-xp 00000000 08:05 1052604                    /lib/x86_64-linux-gnu/libm-2.19.so
7f0b7980a000-7f0b79a09000 ---p 00105000 08:05 1052604                    /lib/x86_64-linux-gnu/libm-2.19.so
7f0b79a09000-7f0b79a0a000 r--p 00104000 08:05 1052604                    /lib/x86_64-linux-gnu/libm-2.19.so
7f0b79a0a000-7f0b79a0b000 rw-p 00105000 08:05 1052604                    /lib/x86_64-linux-gnu/libm-2.19.so
7f0b79a0b000-7f0b7a6c9000 r-xp 00000000 08:05 4884599                    /usr/local/java/jdk1.8.0_60/jre/lib/amd64/server/libjvm.so
7f0b7a6c9000-7f0b7a8c8000 ---p 00cbe000 08:05 4884599                    /usr/local/java/jdk1.8.0_60/jre/lib/amd64/server/libjvm.so
7f0b7a8c8000-7f0b7a9a0000 rw-p 00cbd000 08:05 4884599                    /usr/local/java/jdk1.8.0_60/jre/lib/amd64/server/libjvm.so
7f0b7a9a0000-7f0b7a9e5000 rw-p 00000000 00:00 0 
7f0b7a9e5000-7f0b7aba0000 r-xp 00000000 08:05 1055066                    /lib/x86_64-linux-gnu/libc-2.19.so
7f0b7aba0000-7f0b7ad9f000 ---p 001bb000 08:05 1055066                    /lib/x86_64-linux-gnu/libc-2.19.so
7f0b7ad9f000-7f0b7ada3000 r--p 001ba000 08:05 1055066                    /lib/x86_64-linux-gnu/libc-2.19.so
7f0b7ada3000-7f0b7ada5000 rw-p 001be000 08:05 1055066                    /lib/x86_64-linux-gnu/libc-2.19.so
7f0b7ada5000-7f0b7adaa000 rw-p 00000000 00:00 0 
7f0b7adaa000-7f0b7adad000 r-xp 00000000 08:05 1052646                    /lib/x86_64-linux-gnu/libdl-2.19.so
7f0b7adad000-7f0b7afac000 ---p 00003000 08:05 1052646                    /lib/x86_64-linux-gnu/libdl-2.19.so
7f0b7afac000-7f0b7afad000 r--p 00002000 08:05 1052646                    /lib/x86_64-linux-gnu/libdl-2.19.so
7f0b7afad000-7f0b7afae000 rw-p 00003000 08:05 1052646                    /lib/x86_64-linux-gnu/libdl-2.19.so
7f0b7afae000-7f0b7afc3000 r-xp 00000000 08:05 4475228                    /usr/local/java/jdk1.8.0_60/lib/amd64/jli/libjli.so
7f0b7afc3000-7f0b7b1c3000 ---p 00015000 08:05 4475228                    /usr/local/java/jdk1.8.0_60/lib/amd64/jli/libjli.so
7f0b7b1c3000-7f0b7b1c4000 rw-p 00015000 08:05 4475228                    /usr/local/java/jdk1.8.0_60/lib/amd64/jli/libjli.so
7f0b7b1c4000-7f0b7b1dd000 r-xp 00000000 08:05 1055049                    /lib/x86_64-linux-gnu/libpthread-2.19.so
7f0b7b1dd000-7f0b7b3dc000 ---p 00019000 08:05 1055049                    /lib/x86_64-linux-gnu/libpthread-2.19.so
7f0b7b3dc000-7f0b7b3dd000 r--p 00018000 08:05 1055049                    /lib/x86_64-linux-gnu/libpthread-2.19.so
7f0b7b3dd000-7f0b7b3de000 rw-p 00019000 08:05 1055049                    /lib/x86_64-linux-gnu/libpthread-2.19.so
7f0b7b3de000-7f0b7b3e2000 rw-p 00000000 00:00 0 
7f0b7b3e2000-7f0b7b405000 r-xp 00000000 08:05 1055057                    /lib/x86_64-linux-gnu/ld-2.19.so
7f0b7b405000-7f0b7b407000 r--s 00000000 08:05 4757272                    /home/elena/java/workspace/UCSDUnfoldingMaps/lib/gluegen-rt-natives-linux-amd64.jar
7f0b7b407000-7f0b7b408000 r--p 00000000 00:00 0 
7f0b7b408000-7f0b7b409000 r--s 00005000 08:05 4757287                    /home/elena/java/workspace/UCSDUnfoldingMaps/lib/libTUIO.jar
7f0b7b409000-7f0b7b40d000 r--s 0009a000 08:05 4757271                    /home/elena/java/workspace/UCSDUnfoldingMaps/lib/core.jar
7f0b7b40d000-7f0b7b4df000 rw-p 00000000 00:00 0 
7f0b7b4df000-7f0b7b4e2000 ---p 00000000 00:00 0 
7f0b7b4e2000-7f0b7b5e4000 rw-p 00000000 00:00 0                          [stack:3847]
7f0b7b5e4000-7f0b7b5e5000 r--s 00007000 08:05 4757286                    /home/elena/java/workspace/UCSDUnfoldingMaps/lib/json4processing.jar
7f0b7b5e5000-7f0b7b5f8000 rw-p 00000000 00:00 0 
7f0b7b5f8000-7f0b7b600000 rw-s 00000000 08:05 1835076                    /tmp/hsperfdata_elena/3845
7f0b7b600000-7f0b7b601000 rw-p 00000000 00:00 0 
7f0b7b601000-7f0b7b602000 r--p 00000000 00:00 0 
7f0b7b602000-7f0b7b604000 rw-p 00000000 00:00 0 
7f0b7b604000-7f0b7b605000 r--p 00022000 08:05 1055057                    /lib/x86_64-linux-gnu/ld-2.19.so
7f0b7b605000-7f0b7b606000 rw-p 00023000 08:05 1055057                    /lib/x86_64-linux-gnu/ld-2.19.so
7f0b7b606000-7f0b7b607000 rw-p 00000000 00:00 0 
7ffc0469d000-7ffc046be000 rw-p 00000000 00:00 0                          [stack]
7ffc04775000-7ffc04777000 r-xp 00000000 00:00 0                          [vdso]
7ffc04777000-7ffc04779000 r--p 00000000 00:00 0                          [vvar]
ffffffffff600000-ffffffffff601000 r-xp 00000000 00:00 0                  [vsyscall]

VM Arguments:
jvm_args: -Djava.security.policy=java.policy.applet -Dfile.encoding=UTF-8 
java_command: sun.applet.AppletViewer module5.EarthquakeCityMap1458918201122.html
java_class_path (initial): /home/elena/java/workspace/UCSDUnfoldingMaps/build:/home/elena/java/workspace/UCSDUnfoldingMaps/lib/core.jar:/home/elena/java/workspace/UCSDUnfoldingMaps/lib/gluegen-rt.jar:/home/elena/java/workspace/UCSDUnfoldingMaps/lib/jogl-all.jar:/home/elena/java/workspace/UCSDUnfoldingMaps/lib/log4j-1.2.15.jar:/home/elena/java/workspace/UCSDUnfoldingMaps/lib/sqlite-jdbc-3.7.2.jar:/home/elena/java/workspace/UCSDUnfoldingMaps/lib/json4processing.jar:/home/elena/java/workspace/UCSDUnfoldingMaps/lib/libTUIO.jar:/home/elena/java/workspace/UCSDUnfoldingMaps/lib/unfolding.0.9.7-uscd.jar
Launcher Type: SUN_STANDARD

Environment Variables:
JAVA_HOME=/usr/local/java/jdk1.8.0_60
PATH=/usr/local/sbin:/usr/local/bin:/usr/sbin:/usr/bin:/sbin:/bin:/usr/games:/usr/local/games:/home/elena/bin:/usr/local/java/jdk1.8.0_60/bin
SHELL=/bin/bash
DISPLAY=:0

Signal Handlers:
SIGSEGV: [libjvm.so+0xaba070], sa_mask[0]=11111111011111111101111111111110, sa_flags=SA_RESTART|SA_SIGINFO
SIGBUS: [libjvm.so+0xaba070], sa_mask[0]=11111111011111111101111111111110, sa_flags=SA_RESTART|SA_SIGINFO
SIGFPE: [libjvm.so+0x917630], sa_mask[0]=11111111011111111101111111111110, sa_flags=SA_RESTART|SA_SIGINFO
SIGPIPE: [libjvm.so+0x917630], sa_mask[0]=11111111011111111101111111111110, sa_flags=SA_RESTART|SA_SIGINFO
SIGXFSZ: [libjvm.so+0x917630], sa_mask[0]=11111111011111111101111111111110, sa_flags=SA_RESTART|SA_SIGINFO
SIGILL: [libjvm.so+0x917630], sa_mask[0]=11111111011111111101111111111110, sa_flags=SA_RESTART|SA_SIGINFO
SIGUSR1: SIG_DFL, sa_mask[0]=00000000000000000000000000000000, sa_flags=none
SIGUSR2: [libjvm.so+0x918c60], sa_mask[0]=00100000000000000000000000000000, sa_flags=SA_RESTART|SA_SIGINFO
SIGHUP: [libjvm.so+0x91a060], sa_mask[0]=11111111011111111101111111111110, sa_flags=SA_RESTART|SA_SIGINFO
SIGINT: [libjvm.so+0x91a060], sa_mask[0]=11111111011111111101111111111110, sa_flags=SA_RESTART|SA_SIGINFO
SIGTERM: [libjvm.so+0x91a060], sa_mask[0]=11111111011111111101111111111110, sa_flags=SA_RESTART|SA_SIGINFO
SIGQUIT: [libjvm.so+0x91a060], sa_mask[0]=11111111011111111101111111111110, sa_flags=SA_RESTART|SA_SIGINFO


---------------  S Y S T E M  ---------------

OS:DISTRIB_ID=Ubuntu
DISTRIB_RELEASE=14.04
DISTRIB_CODENAME=trusty
DISTRIB_DESCRIPTION="Ubuntu 14.04.4 LTS"

uname:Linux 3.16.0-67-generic #87~14.04.1-Ubuntu SMP Fri Mar 11 00:26:02 UTC 2016 x86_64
libc:glibc 2.19 NPTL 2.19 
rlimit: STACK 8192k, CORE 0k, NPROC 14927, NOFILE 4096, AS infinity
load average:1,87 0,88 0,51

/proc/meminfo:
MemTotal:        3842796 kB
MemFree:          214776 kB
MemAvailable:    1502288 kB
Buffers:          452900 kB
Cached:          1279508 kB
SwapCached:            0 kB
Active:          2183020 kB
Inactive:        1084668 kB
Active(anon):    1542284 kB
Inactive(anon):   411832 kB
Active(file):     640736 kB
Inactive(file):   672836 kB
Unevictable:          32 kB
Mlocked:              32 kB
SwapTotal:       3987452 kB
SwapFree:        3987452 kB
Dirty:              1496 kB
Writeback:             0 kB
AnonPages:       1535748 kB
Mapped:           299936 kB
Shmem:            418400 kB
Slab:             255360 kB
SReclaimable:     227344 kB
SUnreclaim:        28016 kB
KernelStack:        8096 kB
PageTables:        30468 kB
NFS_Unstable:          0 kB
Bounce:                0 kB
WritebackTmp:          0 kB
CommitLimit:     5908848 kB
Committed_AS:    4664652 kB
VmallocTotal:   34359738367 kB
VmallocUsed:      426592 kB
VmallocChunk:   34359301628 kB
HardwareCorrupted:     0 kB
AnonHugePages:    825344 kB
HugePages_Total:       0
HugePages_Free:        0
HugePages_Rsvd:        0
HugePages_Surp:        0
Hugepagesize:       2048 kB
DirectMap4k:       59648 kB
DirectMap2M:     3928064 kB


CPU:total 4 (2 cores per cpu, 2 threads per core) family 6 model 37 stepping 5, cmov, cx8, fxsr, mmx, sse, sse2, sse3, ssse3, sse4.1, sse4.2, popcnt, ht, tsc, tscinvbit

/proc/cpuinfo:
processor	: 0
vendor_id	: GenuineIntel
cpu family	: 6
model		: 37
model name	: Intel(R) Core(TM) i5 CPU       M 460  @ 2.53GHz
stepping	: 5
microcode	: 0x2
cpu MHz		: 1199.000
cache size	: 3072 KB
physical id	: 0
siblings	: 4
core id		: 0
cpu cores	: 2
apicid		: 0
initial apicid	: 0
fpu		: yes
fpu_exception	: yes
cpuid level	: 11
wp		: yes
flags		: fpu vme de pse tsc msr pae mce cx8 apic sep mtrr pge mca cmov pat pse36 clflush dts acpi mmx fxsr sse sse2 ss ht tm pbe syscall nx rdtscp lm constant_tsc arch_perfmon pebs bts rep_good nopl xtopology nonstop_tsc aperfmperf pni dtes64 monitor ds_cpl vmx est tm2 ssse3 cx16 xtpr pdcm pcid sse4_1 sse4_2 popcnt lahf_lm ida arat dtherm tpr_shadow vnmi flexpriority ept vpid
bogomips	: 5054.62
clflush size	: 64
cache_alignment	: 64
address sizes	: 36 bits physical, 48 bits virtual
power management:

processor	: 1
vendor_id	: GenuineIntel
cpu family	: 6
model		: 37
model name	: Intel(R) Core(TM) i5 CPU       M 460  @ 2.53GHz
stepping	: 5
microcode	: 0x2
cpu MHz		: 2534.000
cache size	: 3072 KB
physical id	: 0
siblings	: 4
core id		: 0
cpu cores	: 2
apicid		: 1
initial apicid	: 1
fpu		: yes
fpu_exception	: yes
cpuid level	: 11
wp		: yes
flags		: fpu vme de pse tsc msr pae mce cx8 apic sep mtrr pge mca cmov pat pse36 clflush dts acpi mmx fxsr sse sse2 ss ht tm pbe syscall nx rdtscp lm constant_tsc arch_perfmon pebs bts rep_good nopl xtopology nonstop_tsc aperfmperf pni dtes64 monitor ds_cpl vmx est tm2 ssse3 cx16 xtpr pdcm pcid sse4_1 sse4_2 popcnt lahf_lm ida arat dtherm tpr_shadow vnmi flexpriority ept vpid
bogomips	: 5054.62
clflush size	: 64
cache_alignment	: 64
address sizes	: 36 bits physical, 48 bits virtual
power management:

processor	: 2
vendor_id	: GenuineIntel
cpu family	: 6
model		: 37
model name	: Intel(R) Core(TM) i5 CPU       M 460  @ 2.53GHz
stepping	: 5
microcode	: 0x2
cpu MHz		: 2534.000
cache size	: 3072 KB
physical id	: 0
siblings	: 4
core id		: 2
cpu cores	: 2
apicid		: 4
initial apicid	: 4
fpu		: yes
fpu_exception	: yes
cpuid level	: 11
wp		: yes
flags		: fpu vme de pse tsc msr pae mce cx8 apic sep mtrr pge mca cmov pat pse36 clflush dts acpi mmx fxsr sse sse2 ss ht tm pbe syscall nx rdtscp lm constant_tsc arch_perfmon pebs bts rep_good nopl xtopology nonstop_tsc aperfmperf pni dtes64 monitor ds_cpl vmx est tm2 ssse3 cx16 xtpr pdcm pcid sse4_1 sse4_2 popcnt lahf_lm ida arat dtherm tpr_shadow vnmi flexpriority ept vpid
bogomips	: 5054.62
clflush size	: 64
cache_alignment	: 64
address sizes	: 36 bits physical, 48 bits virtual
power management:

processor	: 3
vendor_id	: GenuineIntel
cpu family	: 6
model		: 37
model name	: Intel(R) Core(TM) i5 CPU       M 460  @ 2.53GHz
stepping	: 5
microcode	: 0x2
cpu MHz		: 1199.000
cache size	: 3072 KB
physical id	: 0
siblings	: 4
core id		: 2
cpu cores	: 2
apicid		: 5
initial apicid	: 5
fpu		: yes
fpu_exception	: yes
cpuid level	: 11
wp		: yes
flags		: fpu vme de pse tsc msr pae mce cx8 apic sep mtrr pge mca cmov pat pse36 clflush dts acpi mmx fxsr sse sse2 ss ht tm pbe syscall nx rdtscp lm constant_tsc arch_perfmon pebs bts rep_good nopl xtopology nonstop_tsc aperfmperf pni dtes64 monitor ds_cpl vmx est tm2 ssse3 cx16 xtpr pdcm pcid sse4_1 sse4_2 popcnt lahf_lm ida arat dtherm tpr_shadow vnmi flexpriority ept vpid
bogomips	: 5054.62
clflush size	: 64
cache_alignment	: 64
address sizes	: 36 bits physical, 48 bits virtual
power management:



Memory: 4k page, physical 3842796k(214776k free), swap 3987452k(3987452k free)

vm_info: Java HotSpot(TM) 64-Bit Server VM (25.60-b23) for linux-amd64 JRE (1.8.0_60-b27), built on Aug  4 2015 12:19:40 by "java_re" with gcc 4.3.0 20080428 (Red Hat 4.3.0-8)

time: Fri Mar 25 16:03:36 2016
elapsed time: 15 seconds (0d 0h 0m 15s)

