#
# A fatal error has been detected by the Java Runtime Environment:
#
#  SIGSEGV (0xb) at pc=0x00007f14c0853b30, pid=5460, tid=139727857481472
#
# JRE version: Java(TM) SE Runtime Environment (8.0_60-b27) (build 1.8.0_60-b27)
# Java VM: Java HotSpot(TM) 64-Bit Server VM (25.60-b23 mixed mode linux-amd64 compressed oops)
# Problematic frame:
# C  [i965_dri.so+0x2f2b30]
#
# Failed to write core dump. Core dumps have been disabled. To enable core dumping, try "ulimit -c unlimited" before starting Java again
#
# If you would like to submit a bug report, please visit:
#   http://bugreport.java.com/bugreport/crash.jsp
# The crash happened outside the Java Virtual Machine in native code.
# See problematic frame for where to report the bug.
#

---------------  T H R E A D  ---------------

Current thread (0x00007f14e4001000):  JavaThread "AWT-EventQueue-1" [_thread_in_native, id=5487, stack(0x00007f14ed3f7000,0x00007f14ed4f8000)]

siginfo: si_signo: 11 (SIGSEGV), si_code: 1 (SEGV_MAPERR), si_addr: 0x000000000000c540

Registers:
RAX=0x00007f14c0853b20, RBX=0x000000000000c000, RCX=0x0000000000000000, RDX=0x0000000000000001
RSP=0x00007f14ed4f55e0, RBP=0x00007f14d454a210, RSI=0x00007f14d16d4680, RDI=0x0000000100000000
R8 =0x0000000000000000, R9 =0x00007f14c7bb39c0, R10=0x00007f1529013768, R11=0x00007f153e34bf10
R12=0x00007f14d4556e80, R13=0x0000000000000000, R14=0x00007f14d454d550, R15=0x0000000000000000
RIP=0x00007f14c0853b30, EFLAGS=0x0000000000010206, CSGSFS=0x0000000000000033, ERR=0x0000000000000004
  TRAPNO=0x000000000000000e

Top of Stack: (sp=0x00007f14ed4f55e0)
0x00007f14ed4f55e0:   00007f14ed4f56d0 0000000000000000
0x00007f14ed4f55f0:   00007f14d1003700 00007f14d454a210
0x00007f14ed4f5600:   00007f14d4556e80 00007f14c7bb3a4e
0x00007f14ed4f5610:   00007f14ed4f5648 00007f14c7dfe640
0x00007f14ed4f5620:   00007f14d454a2b0 00007f1400000000
0x00007f14ed4f5630:   0000000000000000 0000000000000000
0x00007f14ed4f5640:   0000000000000000 00007f14d1003700
0x00007f14ed4f5650:   0000000003e0005c 00007f14c7e3d350
0x00007f14ed4f5660:   00007f14ed4f56d0 0000000000000000
0x00007f14ed4f5670:   00007f14c7e3d350 00007f14ed4f5798
0x00007f14ed4f5680:   00007f14e4001000 00007f14c62c7849
0x00007f14ed4f5690:   00007f14c7f5f098 00007f14c7b8c9b0
0x00007f14ed4f56a0:   0000000003e0005c 00007f14d454a2b0
0x00007f14ed4f56b0:   00007f14ed4f5760 00007f14e40011f8
0x00007f14ed4f56c0:   00007f1529007760 00007f14c7b8c9b0
0x00007f14ed4f56d0:   00007f14ed4f5750 00007f1529013794
0x00007f14ed4f56e0:   00007f14c7f1edbc 00007f14ed4f5738
0x00007f14ed4f56f0:   00007f14c7f514b0 0000000000000000
0x00007f14ed4f5700:   00007f14c7f1edf8 0000000000000000
0x00007f14ed4f5710:   00007f14ed4f5710 0000000000000000
0x00007f14ed4f5720:   00007f14ed4f5798 00007f14c7e3e9f0
0x00007f14ed4f5730:   0000000000000000 00007f14c7e3d350
0x00007f14ed4f5740:   0000000000000000 00007f14ed4f5770
0x00007f14ed4f5750:   00007f14ed4f57e0 00007f1529007c4d
0x00007f14ed4f5760:   00000000c57e7460 00007f152900f578
0x00007f14ed4f5770:   00007f14c7b8c9b0 00007f152901eec3
0x00007f14ed4f5780:   0000000003e0005c 00007f1500000000
0x00007f14ed4f5790:   00007f14d454a2b0 00000000c582e450
0x00007f14ed4f57a0:   00007f14ed4f57a0 00007f14c7e3d2a1
0x00007f14ed4f57b0:   00007f14ed4f5818 00007f14c7e3e9f0
0x00007f14ed4f57c0:   0000000000000000 00007f14c7e3d2b0
0x00007f14ed4f57d0:   00007f14ed4f5770 00007f14ed4f5800 

Instructions: (pc=0x00007f14c0853b30)
0x00007f14c0853b10:   48 83 c4 10 5b 5d 41 5c c3 0f 1f 80 00 00 00 00
0x00007f14c0853b20:   41 54 55 53 48 83 ec 10 48 8b 1f 48 85 db 74 3d
0x00007f14c0853b30:   f6 83 40 05 00 00 01 49 89 f4 89 cd 75 72 83 e2
0x00007f14c0853b40:   01 75 5d 83 e5 fd 74 38 48 8d 35 71 4e 17 00 ba 

Register to memory mapping:

RAX=0x00007f14c0853b20: <offset 0x2f2b20> in /usr/lib/x86_64-linux-gnu/dri/i965_dri.so at 0x00007f14c0561000
RBX=0x000000000000c000 is an unknown value
RCX=0x0000000000000000 is an unknown value
RDX=0x0000000000000001 is an unknown value
RSP=0x00007f14ed4f55e0 is pointing into the stack for thread: 0x00007f14e4001000
RBP=0x00007f14d454a210 is an unknown value
RSI=0x00007f14d16d4680 is an unknown value
RDI=0x0000000100000000 is pointing into metadata
R8 =0x0000000000000000 is an unknown value
R9 =0x00007f14c7bb39c0: <offset 0x439c0> in /usr/lib/x86_64-linux-gnu/mesa/libGL.so.1 at 0x00007f14c7b70000
R10=0x00007f1529013768 is at code_begin+808 in an Interpreter codelet
method entry point (kind = native)  [0x00007f1529013440, 0x00007f1529013d40]  2304 bytes
R11=0x00007f153e34bf10: <offset 0x9b8f10> in /usr/local/java/jdk1.8.0_60/jre/lib/amd64/server/libjvm.so at 0x00007f153d993000
R12=0x00007f14d4556e80 is an unknown value
R13=0x0000000000000000 is an unknown value
R14=0x00007f14d454d550 is an unknown value
R15=0x0000000000000000 is an unknown value


Stack: [0x00007f14ed3f7000,0x00007f14ed4f8000],  sp=0x00007f14ed4f55e0,  free space=1017k
Native frames: (J=compiled Java code, j=interpreted, Vv=VM code, C=native code)
C  [i965_dri.so+0x2f2b30]

Java frames: (J=compiled Java code, j=interpreted, Vv=VM code)
j  jogamp.opengl.x11.glx.GLX.dispatch_glXSwapBuffers0(JJJ)V+0
j  jogamp.opengl.x11.glx.GLX.glXSwapBuffers(JJ)V+41
j  jogamp.opengl.x11.glx.X11GLXDrawable.swapBuffersImpl(Z)V+17
j  jogamp.opengl.GLDrawableImpl.swapBuffers()V+67
j  javax.media.opengl.awt.GLCanvas$12.run()V+45
j  java.awt.event.InvocationEvent.dispatch()V+11
j  java.awt.EventQueue.dispatchEventImpl(Ljava/awt/AWTEvent;Ljava/lang/Object;)V+21
j  java.awt.EventQueue.access$500(Ljava/awt/EventQueue;Ljava/awt/AWTEvent;Ljava/lang/Object;)V+3
j  java.awt.EventQueue$3.run()Ljava/lang/Void;+32
J 2456 C1 java.awt.EventQueue$3.run()Ljava/lang/Object; (5 bytes) @ 0x00007f15294c7bcc [0x00007f15294c7b40+0x8c]
v  ~StubRoutines::call_stub
J 576  java.security.AccessController.doPrivileged(Ljava/security/PrivilegedAction;Ljava/security/AccessControlContext;)Ljava/lang/Object; (0 bytes) @ 0x00007f15292804e3 [0x00007f1529280480+0x63]
J 2454 C1 java.awt.EventQueue.dispatchEvent(Ljava/awt/AWTEvent;)V (80 bytes) @ 0x00007f15294f2384 [0x00007f15294f1a00+0x984]
J 2457 C1 java.awt.EventDispatchThread.pumpOneEventForFilters(I)V (295 bytes) @ 0x00007f15297719d4 [0x00007f152976fe80+0x1b54]
j  java.awt.EventDispatchThread.pumpEventsForFilter(ILjava/awt/Conditional;Ljava/awt/EventFilter;)V+35
j  java.awt.EventDispatchThread.pumpEventsForHierarchy(ILjava/awt/Conditional;Ljava/awt/Component;)V+11
j  java.awt.EventDispatchThread.pumpEvents(ILjava/awt/Conditional;)V+4
j  java.awt.EventDispatchThread.pumpEvents(Ljava/awt/Conditional;)V+3
j  java.awt.EventDispatchThread.run()V+9
v  ~StubRoutines::call_stub

---------------  P R O C E S S  ---------------

Java Threads: ( => current thread )
  0x00007f14d1694000 JavaThread "Thread-56" [_thread_blocked, id=5594, stack(0x00007f14bf1f9000,0x00007f14bf2fa000)]
  0x00007f14d1e57000 JavaThread "Thread-40" [_thread_in_native, id=5578, stack(0x00007f14bf4fc000,0x00007f14bf5fd000)]
  0x00007f14a8009000 JavaThread "Keep-Alive-Timer" daemon [_thread_blocked, id=5570, stack(0x00007f14be8f6000,0x00007f14be9f7000)]
  0x00007f14a800d000 JavaThread "Image Fetcher 2" daemon [_thread_blocked, id=5519, stack(0x00007f14be5f3000,0x00007f14be6f4000)]
  0x00007f14b0005800 JavaThread "Image Fetcher 1" daemon [_thread_blocked, id=5518, stack(0x00007f14be6f4000,0x00007f14be7f5000)]
  0x00007f14a800b000 JavaThread "Image Fetcher 0" daemon [_thread_blocked, id=5517, stack(0x00007f14be7f5000,0x00007f14be8f6000)]
  0x00007f14d412e800 JavaThread "Animation Thread-SharedResourceRunner" daemon [_thread_blocked, id=5497, stack(0x00007f14ecdf5000,0x00007f14ecef6000)]
  0x00007f14d40c1800 JavaThread "process reaper" daemon [_thread_blocked, id=5492, stack(0x00007f152401d000,0x00007f1524056000)]
  0x00007f14e400b000 JavaThread "Animation Thread" [_thread_blocked, id=5488, stack(0x00007f14ed0f6000,0x00007f14ed1f7000)]
=>0x00007f14e4001000 JavaThread "AWT-EventQueue-1" [_thread_in_native, id=5487, stack(0x00007f14ed3f7000,0x00007f14ed4f8000)]
  0x00007f153800a000 JavaThread "DestroyJavaVM" [_thread_blocked, id=5461, stack(0x00007f153f467000,0x00007f153f568000)]
  0x00007f1538259800 JavaThread "AWT-EventQueue-0" [_thread_blocked, id=5485, stack(0x00007f14edba0000,0x00007f14edca1000)]
  0x00007f1538256000 JavaThread "AWT-Shutdown" [_thread_blocked, id=5484, stack(0x00007f14edda2000,0x00007f14edea3000)]
  0x00007f1538243000 JavaThread "thread applet-module6.AirportMap.class" [_thread_blocked, id=5483, stack(0x00007f14edca1000,0x00007f14edda2000)]
  0x00007f1538234800 JavaThread "AWT-XAWT" daemon [_thread_blocked, id=5481, stack(0x00007f14edea3000,0x00007f14edfa4000)]
  0x00007f153820f800 JavaThread "Java2D Disposer" daemon [_thread_blocked, id=5480, stack(0x00007f14ee3b4000,0x00007f14ee4b5000)]
  0x00007f15380c3000 JavaThread "Service Thread" daemon [_thread_blocked, id=5478, stack(0x00007f15241af000,0x00007f15242b0000)]
  0x00007f15380be000 JavaThread "C1 CompilerThread2" daemon [_thread_blocked, id=5477, stack(0x00007f15242b0000,0x00007f15243b1000)]
  0x00007f15380bc800 JavaThread "C2 CompilerThread1" daemon [_thread_blocked, id=5476, stack(0x00007f15243b1000,0x00007f15244b2000)]
  0x00007f15380b9800 JavaThread "C2 CompilerThread0" daemon [_thread_blocked, id=5475, stack(0x00007f15244b2000,0x00007f15245b3000)]
  0x00007f15380b8000 JavaThread "Signal Dispatcher" daemon [_thread_blocked, id=5474, stack(0x00007f15245b3000,0x00007f15246b4000)]
  0x00007f153807f000 JavaThread "Finalizer" daemon [_thread_blocked, id=5472, stack(0x00007f1524ec9000,0x00007f1524fca000)]
  0x00007f153807d000 JavaThread "Reference Handler" daemon [_thread_blocked, id=5470, stack(0x00007f1524fca000,0x00007f15250cb000)]

Other Threads:
  0x00007f1538077800 VMThread [stack: 0x00007f15250cb000,0x00007f15251cc000] [id=5469]
  0x00007f15380c6000 WatcherThread [stack: 0x00007f15240ae000,0x00007f15241af000] [id=5479]

VM state:not at safepoint (normal execution)

VM Mutex/Monitor currently owned by a thread: None

Heap:
 PSYoungGen      total 296448K, used 146086K [0x00000000ec700000, 0x0000000100000000, 0x0000000100000000)
  eden space 282624K, 46% used [0x00000000ec700000,0x00000000f48a1858,0x00000000fdb00000)
  from space 13824K, 96% used [0x00000000fdb00000,0x00000000fe808300,0x00000000fe880000)
  to   space 19968K, 0% used [0x00000000fec80000,0x00000000fec80000,0x0000000100000000)
 ParOldGen       total 77312K, used 50079K [0x00000000c5400000, 0x00000000c9f80000, 0x00000000ec700000)
  object space 77312K, 64% used [0x00000000c5400000,0x00000000c84e7c28,0x00000000c9f80000)
 Metaspace       used 20151K, capacity 20367K, committed 20736K, reserved 1069056K
  class space    used 1893K, capacity 1957K, committed 2048K, reserved 1048576K

Card table byte_map: [0x00007f153c05c000,0x00007f153c233000] byte_map_base: 0x00007f153ba32000

Marking Bits: (ParMarkBitMap*) 0x00007f153e941de0
 Begin Bits: [0x00007f1526d62000, 0x00007f1527c12000)
 End Bits:   [0x00007f1527c12000, 0x00007f1528ac2000)

Polling page: 0x00007f153f589000

CodeCache: size=245760Kb used=7971Kb max_used=7984Kb free=237788Kb
 bounds [0x00007f1529000000, 0x00007f15297e0000, 0x00007f1538000000]
 total_blobs=3189 nmethods=2216 adapters=887
 compilation: enabled

Compilation events (10 events):
Event: 29,045 Thread 0x00007f15380be000 nmethod 2721 0x00007f15297cce50 code [0x00007f15297ccfe0, 0x00007f15297cd398]
Event: 29,373 Thread 0x00007f15380bc800 2723       4       java.util.concurrent.locks.ReentrantLock::lock (8 bytes)
Event: 29,383 Thread 0x00007f15380bc800 nmethod 2723 0x00007f15297327d0 code [0x00007f1529732980, 0x00007f1529732ea0]
Event: 29,552 Thread 0x00007f15380be000 2724       3       processing.opengl.PGraphicsOpenGL::lightSpecular (38 bytes)
Event: 29,553 Thread 0x00007f15380be000 nmethod 2724 0x00007f1529732110 code [0x00007f1529732280, 0x00007f1529732608]
Event: 29,801 Thread 0x00007f15380be000 2725       3       java.awt.Component::isVisible (5 bytes)
Event: 29,801 Thread 0x00007f15380be000 nmethod 2725 0x00007f1529591690 code [0x00007f1529591800, 0x00007f15295919f0]
Event: 29,963 Thread 0x00007f15380be000 2726       3       java.awt.EventQueue::cacheEQItem (60 bytes)
Event: 29,964 Thread 0x00007f15380be000 nmethod 2726 0x00007f15297d3d90 code [0x00007f15297d3f40, 0x00007f15297d46a8]
Event: 30,045 Thread 0x00007f15380be000 2727       3       java.awt.geom.AffineTransform::<init> (15 bytes)

GC Heap History (10 events):
Event: 24,488 GC heap before
{Heap before GC invocations=22 (full 1):
 PSYoungGen      total 266752K, used 256928K [0x00000000ec700000, 0x00000000fe000000, 0x0000000100000000)
  eden space 248320K, 100% used [0x00000000ec700000,0x00000000fb980000,0x00000000fb980000)
  from space 18432K, 46% used [0x00000000fcb00000,0x00000000fd3681e0,0x00000000fdd00000)
  to   space 17920K, 0% used [0x00000000fb980000,0x00000000fb980000,0x00000000fcb00000)
 ParOldGen       total 77312K, used 50047K [0x00000000c5400000, 0x00000000c9f80000, 0x00000000ec700000)
  object space 77312K, 64% used [0x00000000c5400000,0x00000000c84dfc28,0x00000000c9f80000)
 Metaspace       used 20036K, capacity 20239K, committed 20480K, reserved 1067008K
  class space    used 1892K, capacity 1957K, committed 2048K, reserved 1048576K
Event: 24,503 GC heap after
Heap after GC invocations=22 (full 1):
 PSYoungGen      total 266240K, used 9024K [0x00000000ec700000, 0x00000000fef80000, 0x0000000100000000)
  eden space 248320K, 0% used [0x00000000ec700000,0x00000000ec700000,0x00000000fb980000)
  from space 17920K, 50% used [0x00000000fb980000,0x00000000fc2501f0,0x00000000fcb00000)
  to   space 17408K, 0% used [0x00000000fde80000,0x00000000fde80000,0x00000000fef80000)
 ParOldGen       total 77312K, used 50047K [0x00000000c5400000, 0x00000000c9f80000, 0x00000000ec700000)
  object space 77312K, 64% used [0x00000000c5400000,0x00000000c84dfc28,0x00000000c9f80000)
 Metaspace       used 20036K, capacity 20239K, committed 20480K, reserved 1067008K
  class space    used 1892K, capacity 1957K, committed 2048K, reserved 1048576K
}
Event: 25,717 GC heap before
{Heap before GC invocations=23 (full 1):
 PSYoungGen      total 266240K, used 257344K [0x00000000ec700000, 0x00000000fef80000, 0x0000000100000000)
  eden space 248320K, 100% used [0x00000000ec700000,0x00000000fb980000,0x00000000fb980000)
  from space 17920K, 50% used [0x00000000fb980000,0x00000000fc2501f0,0x00000000fcb00000)
  to   space 17408K, 0% used [0x00000000fde80000,0x00000000fde80000,0x00000000fef80000)
 ParOldGen       total 77312K, used 50047K [0x00000000c5400000, 0x00000000c9f80000, 0x00000000ec700000)
  object space 77312K, 64% used [0x00000000c5400000,0x00000000c84dfc28,0x00000000c9f80000)
 Metaspace       used 20072K, capacity 20303K, committed 20736K, reserved 1069056K
  class space    used 1892K, capacity 1957K, committed 2048K, reserved 1048576K
Event: 25,755 GC heap after
Heap after GC invocations=23 (full 1):
 PSYoungGen      total 286208K, used 10112K [0x00000000ec700000, 0x00000000ff480000, 0x0000000100000000)
  eden space 268800K, 0% used [0x00000000ec700000,0x00000000ec700000,0x00000000fcd80000)
  from space 17408K, 58% used [0x00000000fde80000,0x00000000fe860230,0x00000000fef80000)
  to   space 17408K, 0% used [0x00000000fcd80000,0x00000000fcd80000,0x00000000fde80000)
 ParOldGen       total 77312K, used 50055K [0x00000000c5400000, 0x00000000c9f80000, 0x00000000ec700000)
  object space 77312K, 64% used [0x00000000c5400000,0x00000000c84e1c28,0x00000000c9f80000)
 Metaspace       used 20072K, capacity 20303K, committed 20736K, reserved 1069056K
  class space    used 1892K, capacity 1957K, committed 2048K, reserved 1048576K
}
Event: 27,006 GC heap before
{Heap before GC invocations=24 (full 1):
 PSYoungGen      total 286208K, used 278912K [0x00000000ec700000, 0x00000000ff480000, 0x0000000100000000)
  eden space 268800K, 100% used [0x00000000ec700000,0x00000000fcd80000,0x00000000fcd80000)
  from space 17408K, 58% used [0x00000000fde80000,0x00000000fe860230,0x00000000fef80000)
  to   space 17408K, 0% used [0x00000000fcd80000,0x00000000fcd80000,0x00000000fde80000)
 ParOldGen       total 77312K, used 50055K [0x00000000c5400000, 0x00000000c9f80000, 0x00000000ec700000)
  object space 77312K, 64% used [0x00000000c5400000,0x00000000c84e1c28,0x00000000c9f80000)
 Metaspace       used 20115K, capacity 20367K, committed 20736K, reserved 1069056K
  class space    used 1892K, capacity 1957K, committed 2048K, reserved 1048576K
Event: 27,027 GC heap after
Heap after GC invocations=24 (full 1):
 PSYoungGen      total 286208K, used 11648K [0x00000000ec700000, 0x0000000100000000, 0x0000000100000000)
  eden space 268800K, 0% used [0x00000000ec700000,0x00000000ec700000,0x00000000fcd80000)
  from space 17408K, 66% used [0x00000000fcd80000,0x00000000fd8e0290,0x00000000fde80000)
  to   space 17920K, 0% used [0x00000000fee80000,0x00000000fee80000,0x0000000100000000)
 ParOldGen       total 77312K, used 50063K [0x00000000c5400000, 0x00000000c9f80000, 0x00000000ec700000)
  object space 77312K, 64% used [0x00000000c5400000,0x00000000c84e3c28,0x00000000c9f80000)
 Metaspace       used 20115K, capacity 20367K, committed 20736K, reserved 1069056K
  class space    used 1892K, capacity 1957K, committed 2048K, reserved 1048576K
}
Event: 28,226 GC heap before
{Heap before GC invocations=25 (full 1):
 PSYoungGen      total 286208K, used 280448K [0x00000000ec700000, 0x0000000100000000, 0x0000000100000000)
  eden space 268800K, 100% used [0x00000000ec700000,0x00000000fcd80000,0x00000000fcd80000)
  from space 17408K, 66% used [0x00000000fcd80000,0x00000000fd8e0290,0x00000000fde80000)
  to   space 17920K, 0% used [0x00000000fee80000,0x00000000fee80000,0x0000000100000000)
 ParOldGen       total 77312K, used 50063K [0x00000000c5400000, 0x00000000c9f80000, 0x00000000ec700000)
  object space 77312K, 64% used [0x00000000c5400000,0x00000000c84e3c28,0x00000000c9f80000)
 Metaspace       used 20126K, capacity 20367K, committed 20736K, reserved 1069056K
  class space    used 1892K, capacity 1957K, committed 2048K, reserved 1048576K
Event: 28,252 GC heap after
Heap after GC invocations=25 (full 1):
 PSYoungGen      total 300544K, used 13408K [0x00000000ec700000, 0x0000000100000000, 0x0000000100000000)
  eden space 282624K, 0% used [0x00000000ec700000,0x00000000ec700000,0x00000000fdb00000)
  from space 17920K, 74% used [0x00000000fee80000,0x00000000ffb98300,0x0000000100000000)
  to   space 18944K, 0% used [0x00000000fdb00000,0x00000000fdb00000,0x00000000fed80000)
 ParOldGen       total 77312K, used 50071K [0x00000000c5400000, 0x00000000c9f80000, 0x00000000ec700000)
  object space 77312K, 64% used [0x00000000c5400000,0x00000000c84e5c28,0x00000000c9f80000)
 Metaspace       used 20126K, capacity 20367K, committed 20736K, reserved 1069056K
  class space    used 1892K, capacity 1957K, committed 2048K, reserved 1048576K
}
Event: 29,498 GC heap before
{Heap before GC invocations=26 (full 1):
 PSYoungGen      total 300544K, used 296032K [0x00000000ec700000, 0x0000000100000000, 0x0000000100000000)
  eden space 282624K, 100% used [0x00000000ec700000,0x00000000fdb00000,0x00000000fdb00000)
  from space 17920K, 74% used [0x00000000fee80000,0x00000000ffb98300,0x0000000100000000)
  to   space 18944K, 0% used [0x00000000fdb00000,0x00000000fdb00000,0x00000000fed80000)
 ParOldGen       total 77312K, used 50071K [0x00000000c5400000, 0x00000000c9f80000, 0x00000000ec700000)
  object space 77312K, 64% used [0x00000000c5400000,0x00000000c84e5c28,0x00000000c9f80000)
 Metaspace       used 20144K, capacity 20367K, committed 20736K, reserved 1069056K
  class space    used 1892K, capacity 1957K, committed 2048K, reserved 1048576K
Event: 29,507 GC heap after
Heap after GC invocations=26 (full 1):
 PSYoungGen      total 296448K, used 13344K [0x00000000ec700000, 0x0000000100000000, 0x0000000100000000)
  eden space 282624K, 0% used [0x00000000ec700000,0x00000000ec700000,0x00000000fdb00000)
  from space 13824K, 96% used [0x00000000fdb00000,0x00000000fe808300,0x00000000fe880000)
  to   space 19968K, 0% used [0x00000000fec80000,0x00000000fec80000,0x0000000100000000)
 ParOldGen       total 77312K, used 50079K [0x00000000c5400000, 0x00000000c9f80000, 0x00000000ec700000)
  object space 77312K, 64% used [0x00000000c5400000,0x00000000c84e7c28,0x00000000c9f80000)
 Metaspace       used 20144K, capacity 20367K, committed 20736K, reserved 1069056K
  class space    used 1892K, capacity 1957K, committed 2048K, reserved 1048576K
}

Deoptimization events (10 events):
Event: 18,612 Thread 0x00007f14e4001000 Uncommon trap: reason=unstable_if action=reinterpret pc=0x00007f15296f2a00 method=de.fhpotsdam.unfolding.core.Coordinate.equals(Ljava/lang/Object;)Z @ 38
Event: 20,881 Thread 0x00007f14e4001000 Uncommon trap: reason=unstable_if action=reinterpret pc=0x00007f15291214f0 method=sun.misc.FloatingDecimal$BinaryToASCIIBuffer.developLongDigits(IJI)V @ 104
Event: 20,881 Thread 0x00007f14e4001000 Uncommon trap: reason=unstable_if action=reinterpret pc=0x00007f1529112f20 method=sun.misc.FloatingDecimal$BinaryToASCIIBuffer.getChars([C)I @ 94
Event: 20,881 Thread 0x00007f14e4001000 Uncommon trap: reason=unstable_if action=reinterpret pc=0x00007f1529108610 method=java.text.DigitList.getDataChars(I)[C @ 13
Event: 20,881 Thread 0x00007f14e4001000 Uncommon trap: reason=unstable_if action=reinterpret pc=0x00007f15296cdd18 method=java.text.DecimalFormat.subformat(Ljava/lang/StringBuffer;Ljava/text/Format$FieldDelegate;ZZIIII)Ljava/lang/StringBuffer; @ 753
Event: 20,882 Thread 0x00007f14e4001000 Uncommon trap: reason=unstable_if action=reinterpret pc=0x00007f152918cffc method=sun.misc.FloatingDecimal$BinaryToASCIIBuffer.developLongDigits(IJI)V @ 104
Event: 26,664 Thread 0x00007f14a800b000 Uncommon trap: reason=class_check action=maybe_recompile pc=0x00007f152971ed48 method=sun.awt.image.ImageRepresentation.setPixels(IIIILjava/awt/image/ColorModel;[BII)V @ 818
Event: 26,665 Thread 0x00007f14a800b000 Uncommon trap: reason=class_check action=maybe_recompile pc=0x00007f152971ed48 method=sun.awt.image.ImageRepresentation.setPixels(IIIILjava/awt/image/ColorModel;[BII)V @ 818
Event: 26,665 Thread 0x00007f14a800b000 Uncommon trap: reason=class_check action=maybe_recompile pc=0x00007f152971ed48 method=sun.awt.image.ImageRepresentation.setPixels(IIIILjava/awt/image/ColorModel;[BII)V @ 818
Event: 26,665 Thread 0x00007f14a800b000 Uncommon trap: reason=class_check action=maybe_recompile pc=0x00007f152971ed48 method=sun.awt.image.ImageRepresentation.setPixels(IIIILjava/awt/image/ColorModel;[BII)V @ 818

Internal exceptions (10 events):
Event: 1,914 Thread 0x00007f14e4001000 Implicit null exception at 0x00007f15291bcaf5 to 0x00007f15291bce41
Event: 12,167 Thread 0x00007f14e4001000 Exception <a 'java/lang/reflect/InvocationTargetException'> (0x00000000ec910e48) thrown at [/HUDSON/workspace/8-2-build-linux-amd64/jdk8u60/4407/hotspot/src/share/vm/runtime/reflection.cpp, line 1092]
Event: 12,168 Thread 0x00007f14e4001000 Exception <a 'java/lang/reflect/InvocationTargetException'> (0x00000000ec9114f8) thrown at [/HUDSON/workspace/8-2-build-linux-amd64/jdk8u60/4407/hotspot/src/share/vm/runtime/reflection.cpp, line 1092]
Event: 12,169 Thread 0x00007f14e4001000 Exception <a 'java/lang/reflect/InvocationTargetException'> (0x00000000ec912150) thrown at [/HUDSON/workspace/8-2-build-linux-amd64/jdk8u60/4407/hotspot/src/share/vm/runtime/reflection.cpp, line 1092]
Event: 12,170 Thread 0x00007f14e400b000 Exception <a 'java/lang/reflect/InvocationTargetException'> (0x00000000ecb9f410) thrown at [/HUDSON/workspace/8-2-build-linux-amd64/jdk8u60/4407/hotspot/src/share/vm/runtime/reflection.cpp, line 1092]
Event: 12,172 Thread 0x00007f14e400b000 Exception <a 'java/lang/reflect/InvocationTargetException'> (0x00000000ecb9f9e0) thrown at [/HUDSON/workspace/8-2-build-linux-amd64/jdk8u60/4407/hotspot/src/share/vm/runtime/reflection.cpp, line 1092]
Event: 12,172 Thread 0x00007f14e400b000 Exception <a 'java/lang/reflect/InvocationTargetException'> (0x00000000ecb9fdf8) thrown at [/HUDSON/workspace/8-2-build-linux-amd64/jdk8u60/4407/hotspot/src/share/vm/runtime/reflection.cpp, line 1092]
Event: 12,172 Thread 0x00007f14e400b000 Exception <a 'java/lang/reflect/InvocationTargetException'> (0x00000000ecba0210) thrown at [/HUDSON/workspace/8-2-build-linux-amd64/jdk8u60/4407/hotspot/src/share/vm/runtime/reflection.cpp, line 1092]
Event: 12,190 Thread 0x00007f14e400b000 Exception <a 'java/lang/reflect/InvocationTargetException'> (0x00000000ecba6df0) thrown at [/HUDSON/workspace/8-2-build-linux-amd64/jdk8u60/4407/hotspot/src/share/vm/runtime/reflection.cpp, line 1092]
Event: 12,198 Thread 0x00007f14e400b000 Exception <a 'java/lang/reflect/InvocationTargetException'> (0x00000000ecbab270) thrown at [/HUDSON/workspace/8-2-build-linux-amd64/jdk8u60/4407/hotspot/src/share/vm/runtime/reflection.cpp, line 1092]

Events (10 events):
Event: 28,606 Thread 0x00007f15380be000 flushing nmethod 0x00007f1529748710
Event: 29,498 Executing VM operation: ParallelGCFailedAllocation
Event: 29,507 Executing VM operation: ParallelGCFailedAllocation done
Event: 29,879 loading class sun/applet/AppletViewer$3
Event: 29,879 loading class sun/applet/AppletViewer$3 done
Event: 29,880 Thread 0x00007f14d1694000 Thread added: 0x00007f14d1694000
Event: 29,880 Executing VM operation: RevokeBias
Event: 29,880 Executing VM operation: RevokeBias done
Event: 29,880 loading class sun/applet/AppletPanel$4
Event: 29,880 loading class sun/applet/AppletPanel$4 done


Dynamic libraries:
00400000-00401000 r-xp 00000000 08:05 4475464                            /usr/local/java/jdk1.8.0_60/bin/java
00600000-00601000 rw-p 00000000 08:05 4475464                            /usr/local/java/jdk1.8.0_60/bin/java
00858000-00879000 rw-p 00000000 00:00 0                                  [heap]
c5400000-c9f80000 rw-p 00000000 00:00 0 
c9f80000-ec700000 ---p 00000000 00:00 0 
ec700000-100000000 rw-p 00000000 00:00 0 
100000000-100200000 rw-p 00000000 00:00 0 
100200000-140000000 ---p 00000000 00:00 0 
7f1498000000-7f149803c000 rw-p 00000000 00:00 0 
7f149803c000-7f149c000000 ---p 00000000 00:00 0 
7f14a0000000-7f14a0048000 rw-p 00000000 00:00 0 
7f14a0048000-7f14a4000000 ---p 00000000 00:00 0 
7f14a4000000-7f14a4079000 rw-p 00000000 00:00 0 
7f14a4079000-7f14a8000000 ---p 00000000 00:00 0 
7f14a8000000-7f14a8021000 rw-p 00000000 00:00 0 
7f14a8021000-7f14ac000000 ---p 00000000 00:00 0 
7f14ac000000-7f14ac021000 rw-p 00000000 00:00 0 
7f14ac021000-7f14b0000000 ---p 00000000 00:00 0 
7f14b0000000-7f14b0021000 rw-p 00000000 00:00 0 
7f14b0021000-7f14b4000000 ---p 00000000 00:00 0 
7f14b4000000-7f14b4021000 rw-p 00000000 00:00 0 
7f14b4021000-7f14b8000000 ---p 00000000 00:00 0 
7f14b8000000-7f14b8021000 rw-p 00000000 00:00 0 
7f14b8021000-7f14bc000000 ---p 00000000 00:00 0 
7f14bccdd000-7f14bce9d000 rw-s 107b10000 00:05 1816                      /dev/dri/card0
7f14bcfaa000-7f14bd00a000 rw-s 119a29000 00:05 1816                      /dev/dri/card0
7f14bd00a000-7f14bd06a000 rw-s 1199c9000 00:05 1816                      /dev/dri/card0
7f14bd06a000-7f14bd0ca000 rw-s 119969000 00:05 1816                      /dev/dri/card0
7f14bd0ca000-7f14bd12a000 rw-s 119909000 00:05 1816                      /dev/dri/card0
7f14bd12a000-7f14bd18a000 rw-s 1198a9000 00:05 1816                      /dev/dri/card0
7f14bd18a000-7f14bd1ea000 rw-s 119849000 00:05 1816                      /dev/dri/card0
7f14bd1ea000-7f14bd24a000 rw-s 1197e9000 00:05 1816                      /dev/dri/card0
7f14bd24a000-7f14bd2aa000 rw-s 119789000 00:05 1816                      /dev/dri/card0
7f14bd2aa000-7f14bd30a000 rw-s 119729000 00:05 1816                      /dev/dri/card0
7f14bd30a000-7f14bd36a000 rw-s 1196c9000 00:05 1816                      /dev/dri/card0
7f14bd36a000-7f14bd3ca000 rw-s 119669000 00:05 1816                      /dev/dri/card0
7f14bd3ca000-7f14bd42a000 rw-s 119609000 00:05 1816                      /dev/dri/card0
7f14bd42a000-7f14bd48a000 rw-s 1195a9000 00:05 1816                      /dev/dri/card0
7f14bd48a000-7f14bd4ca000 rw-p 00000000 00:00 0 
7f14bd4ca000-7f14bd68a000 ---p 00000000 00:00 0 
7f14bd68a000-7f14bd68b000 r--s 00000000 08:05 807309                     /var/cache/fontconfig/087e1975ba9a574b140bb1df193bf770-le64.cache-4
7f14bd68b000-7f14bd699000 r--s 00000000 08:05 798218                     /var/cache/fontconfig/6aa41aa22e18b8fa06a12da28ea9c28b-le64.cache-4
7f14bd699000-7f14bd69a000 r--s 00000000 08:05 786527                     /var/cache/fontconfig/c05880de57d1f5e948fdfacc138775d9-le64.cache-4
7f14bd69a000-7f14bd6a5000 r--s 00000000 08:05 786521                     /var/cache/fontconfig/945677eb7aeaf62f1d50efc3fb3ec7d8-le64.cache-4
7f14bd6a5000-7f14bd6ab000 r--s 00000000 08:05 786507                     /var/cache/fontconfig/2cd17615ca594fa2959ae173292e504c-le64.cache-4
7f14bd6ab000-7f14bd6ac000 r--s 00000000 08:05 786537                     /var/cache/fontconfig/e7071f4a29fa870f4323321c154eba04-le64.cache-4
7f14bd6ac000-7f14bd6ad000 r--s 00000000 08:05 786504                     /var/cache/fontconfig/0d8c3b2ac0904cb8a57a757ad11a4a08-le64.cache-4
7f14bd6ad000-7f14bd6b4000 r--s 00000000 08:05 786524                     /var/cache/fontconfig/a755afe4a08bf5b97852ceb7400b47bc-le64.cache-4
7f14bd6b4000-7f14bd6c0000 r--s 00000000 08:05 806641                     /var/cache/fontconfig/6d41288fd70b0be22e8c3a91e032eec0-le64.cache-4
7f14bd6c0000-7f14bd6d4000 r--s 00000000 08:05 786502                     /var/cache/fontconfig/04aabc0a78ac019cf9454389977116d2-le64.cache-4
7f14bd6d4000-7f14bd6d5000 r--s 00000000 08:05 786506                     /var/cache/fontconfig/1ac9eb803944fde146138c791f5cc56a-le64.cache-4
7f14bd6d5000-7f14bd6d6000 r--s 00000000 08:05 807308                     /var/cache/fontconfig/b95bc8ffbebda2bbdae4265e45b8178d-le64.cache-4
7f14bd6d6000-7f14bd6da000 r--s 00000000 08:05 786510                     /var/cache/fontconfig/385c0604a188198f04d133e54aba7fe7-le64.cache-4
7f14bd6da000-7f14bd6db000 r--s 00000000 08:05 807307                     /var/cache/fontconfig/9c956a7723ca69a44b382d9179c9802f-le64.cache-4
7f14bd6db000-7f14bd6dc000 r--s 00000000 08:05 786534                     /var/cache/fontconfig/dc05db6664285cc2f12bf69c139ae4c3-le64.cache-4
7f14bd6dc000-7f14bd6dd000 r--s 00000000 08:05 807306                     /var/cache/fontconfig/5d1cca7074f29429a8d18692746c2426-le64.cache-4
7f14bd6dd000-7f14bd6df000 r--s 00000000 08:05 786518                     /var/cache/fontconfig/767a8244fc0220cfb567a839d0392e0b-le64.cache-4
7f14bd6df000-7f14bd6e0000 r--s 00000000 08:05 790930                     /var/cache/fontconfig/4794a0821666d79190d59a36cb4f44b5-le64.cache-4
7f14bd6e0000-7f14bd6e1000 r--s 00000000 08:05 807305                     /var/cache/fontconfig/9eae20f1ff8cc0a7d125749e875856bd-le64.cache-4
7f14bd6e1000-7f14bd6e3000 r--s 00000000 08:05 807304                     /var/cache/fontconfig/bf2c1853a9e9b00bb02fe2e9bcf1e201-le64.cache-4
7f14bd6e3000-7f14bd6e8000 r--s 00000000 08:05 786520                     /var/cache/fontconfig/8801497958630a81b71ace7c5f9b32a8-le64.cache-4
7f14bd6e8000-7f14bd6ef000 r--s 00000000 08:05 786508                     /var/cache/fontconfig/3047814df9a2f067bd2d96a2b9c36e5a-le64.cache-4
7f14bd6ef000-7f14bd6f3000 r--s 00000000 08:05 807303                     /var/cache/fontconfig/bf3b770c553c462765856025a94f1ce6-le64.cache-4
7f14bd6f3000-7f14bd6f4000 r--s 00000000 08:05 786514                     /var/cache/fontconfig/56cf4f4769d0f4abc89a4895d7bd3ae1-le64.cache-4
7f14bd6f4000-7f14bd6f5000 r--s 00000000 08:05 786526                     /var/cache/fontconfig/b9d506c9ac06c20b433354fa67a72993-le64.cache-4
7f14bd6f5000-7f14bd6fb000 r--s 00000000 08:05 786525                     /var/cache/fontconfig/b47c4e1ecd0709278f4910c18777a504-le64.cache-4
7f14bd6fb000-7f14bd6fe000 r--s 00000000 08:05 807302                     /var/cache/fontconfig/14d493b97896515cad3840ba4896e372-le64.cache-4
7f14bd6fe000-7f14bd6ff000 r--s 00000000 08:05 807301                     /var/cache/fontconfig/89034621ae2a8922916bb6bfa5799546-le64.cache-4
7f14bd6ff000-7f14bd702000 r--s 00000000 08:05 807300                     /var/cache/fontconfig/e49e89034d371f0f9de17aab02136486-le64.cache-4
7f14bd702000-7f14bd704000 r--s 00000000 08:05 807299                     /var/cache/fontconfig/4b14b093aebc79c320de5e86ae1d3314-le64.cache-4
7f14bd704000-7f14bd705000 r--s 00000000 08:05 807298                     /var/cache/fontconfig/8aec10f4cc8391dcef22ca549f1e4354-le64.cache-4
7f14bd705000-7f14bd718000 r--s 00000000 08:05 786531                     /var/cache/fontconfig/d52a8644073d54c13679302ca1180695-le64.cache-4
7f14bd718000-7f14bd719000 r--s 00000000 08:05 807297                     /var/cache/fontconfig/8a687c406b77f27d99abfeeba937fcce-le64.cache-4
7f14bd719000-7f14bd722000 r--s 00000000 08:05 787140                     /var/cache/fontconfig/3f7329c5293ffd510edef78f73874cfd-le64.cache-4
7f14bd722000-7f14bd723000 r--s 00000000 08:05 807296                     /var/cache/fontconfig/ac2cf712d852da827a87a9baf682f5b9-le64.cache-4
7f14bd723000-7f14bd725000 r--s 00000000 08:05 807295                     /var/cache/fontconfig/65f976e5259cbe6dc7697b8648396239-le64.cache-4
7f14bd725000-7f14bd730000 r--s 00000000 08:05 795403                     /var/cache/fontconfig/d589a48862398ed80a3d6066f4f56f4c-le64.cache-4
7f14bd730000-7f14bd731000 r--s 00000000 08:05 807294                     /var/cache/fontconfig/94f7fe9bd33aadfac165873bd010d595-le64.cache-4
7f14bd731000-7f14bd733000 r--s 00000000 08:05 807293                     /var/cache/fontconfig/423767150eb258c59035de29db6fca84-le64.cache-4
7f14bd733000-7f14bd734000 r--s 00000000 08:05 807292                     /var/cache/fontconfig/845c20fd2c4814bcec78e05d37a63ccc-le64.cache-4
7f14bd734000-7f14bd735000 r--s 00000000 08:05 807291                     /var/cache/fontconfig/e7de81b01590fb7e12b38e274e17d0db-le64.cache-4
7f14bd735000-7f14bd736000 r--s 00000000 08:05 807290                     /var/cache/fontconfig/406a1d2d2bf3ed7664fbadefac0b2f66-le64.cache-4
7f14bd736000-7f14bd738000 r--s 00000000 08:05 807289                     /var/cache/fontconfig/67709b7835c0f764c1135060c9575660-le64.cache-4
7f14bd738000-7f14bd742000 r--s 00000000 08:05 807288                     /var/cache/fontconfig/198d8fcf01c96d0cf813f74fd759bdb7-le64.cache-4
7f14bd742000-7f14bd743000 r--s 00000000 08:05 786503                     /var/cache/fontconfig/0c9eb80ebd1c36541ebe2852d3bb0c49-le64.cache-4
7f14bd743000-7f14bd74e000 r--s 00000000 08:05 807286                     /var/cache/fontconfig/83bf95040141907cd45bb53cf7c1c148-le64.cache-4
7f14bd74e000-7f14bd755000 r--s 00000000 08:05 807283                     /var/cache/fontconfig/53d14c92082a93e67d5078324eb314ca-le64.cache-4
7f14bd755000-7f14bd759000 r--s 00000000 08:05 807282                     /var/cache/fontconfig/6c08beecf0dac481ec92e759e0c2e6d7-le64.cache-4
7f14bd759000-7f14bd75d000 r--s 00000000 08:05 807281                     /var/cache/fontconfig/4d6aee6d44eccb37054d3216e945f618-le64.cache-4
7f14bd75d000-7f14bd761000 r--s 00000000 08:05 807280                     /var/cache/fontconfig/d6c6df98c3df5faf9bd0f8ef4d91efe5-le64.cache-4
7f14bd761000-7f14bd765000 r--s 00000000 08:05 807279                     /var/cache/fontconfig/9fb319ef52839f11ee26ab8b4cffa12b-le64.cache-4
7f14bd765000-7f14bd778000 r--s 00000000 08:05 807278                     /var/cache/fontconfig/4ac51e5cfbc76fc3f983e470323a16d3-le64.cache-4
7f14bd778000-7f14bd799000 r--s 00000000 08:05 797119                     /var/cache/fontconfig/e13b20fdb08344e0e664864cc2ede53d-le64.cache-4
7f14bd799000-7f14bd7a6000 r--s 00000000 08:05 807312                     /var/cache/fontconfig/8f02d4cb045bd6ce15663e43f347c9f8-le64.cache-4
7f14bd7eb000-7f14bd84b000 rw-s 119549000 00:05 1816                      /dev/dri/card0
7f14bd84b000-7f14bd8ab000 rw-s 1194e9000 00:05 1816                      /dev/dri/card0
7f14bd8ab000-7f14bd90b000 rw-s 119489000 00:05 1816                      /dev/dri/card0
7f14bd90b000-7f14bd96b000 rw-s 119429000 00:05 1816                      /dev/dri/card0
7f14bd96b000-7f14bd9cb000 rw-s 1193c9000 00:05 1816                      /dev/dri/card0
7f14bd9cb000-7f14bda2b000 rw-s 119369000 00:05 1816                      /dev/dri/card0
7f14bda2b000-7f14bda8b000 rw-s 119309000 00:05 1816                      /dev/dri/card0
7f14bda8b000-7f14bdaeb000 rw-s 114683000 00:05 1816                      /dev/dri/card0
7f14bdaeb000-7f14bdb4b000 rw-s 107ab0000 00:05 1816                      /dev/dri/card0
7f14bdb4b000-7f14bdbab000 rw-s 1080da000 00:05 1816                      /dev/dri/card0
7f14bdbab000-7f14bdc0b000 rw-s 10807a000 00:05 1816                      /dev/dri/card0
7f14bdc0b000-7f14bdc6b000 rw-s 107f80000 00:05 1816                      /dev/dri/card0
7f14bdc6b000-7f14bdccb000 rw-s 107f20000 00:05 1816                      /dev/dri/card0
7f14bdccb000-7f14bdd2b000 rw-s 107ec0000 00:05 1816                      /dev/dri/card0
7f14bdd2b000-7f14bdd8b000 rw-s 107e60000 00:05 1816                      /dev/dri/card0
7f14bdd8b000-7f14bddeb000 rw-s 107e00000 00:05 1816                      /dev/dri/card0
7f14bddeb000-7f14bde4b000 rw-s 107da0000 00:05 1816                      /dev/dri/card0
7f14bde4b000-7f14bdeab000 rw-s 107d40000 00:05 1816                      /dev/dri/card0
7f14bdeab000-7f14bdec9000 r--s 00000000 08:05 790931                     /var/cache/fontconfig/467c019e582ee353435ea5c21d137ef6-le64.cache-4
7f14bded3000-7f14bdf33000 rw-s 107ce0000 00:05 1816                      /dev/dri/card0
7f14bdf33000-7f14bdf93000 rw-s 107a50000 00:05 1816                      /dev/dri/card0
7f14bdf93000-7f14bdff3000 rw-s 1079f0000 00:05 1816                      /dev/dri/card0
7f14bdff3000-7f14be053000 rw-s 107990000 00:05 1816                      /dev/dri/card0
7f14be053000-7f14be0b3000 rw-s 107930000 00:05 1816                      /dev/dri/card0
7f14be0b3000-7f14be113000 rw-s 1078d0000 00:05 1816                      /dev/dri/card0
7f14be113000-7f14be173000 rw-s 107870000 00:05 1816                      /dev/dri/card0
7f14be173000-7f14be1d3000 rw-s 107810000 00:05 1816                      /dev/dri/card0
7f14be1d3000-7f14be233000 rw-s 1077b0000 00:05 1816                      /dev/dri/card0
7f14be233000-7f14be293000 rw-s 107750000 00:05 1816                      /dev/dri/card0
7f14be293000-7f14be2f3000 rw-s 1076f0000 00:05 1816                      /dev/dri/card0
7f14be2f3000-7f14be353000 rw-s 107690000 00:05 1816                      /dev/dri/card0
7f14be353000-7f14be3b3000 rw-s 107630000 00:05 1816                      /dev/dri/card0
7f14be3b3000-7f14be413000 rw-s 1075d0000 00:05 1816                      /dev/dri/card0
7f14be413000-7f14be473000 rw-s 107570000 00:05 1816                      /dev/dri/card0
7f14be473000-7f14be4d3000 rw-s 107510000 00:05 1816                      /dev/dri/card0
7f14be4d3000-7f14be533000 rw-s 1074b0000 00:05 1816                      /dev/dri/card0
7f14be533000-7f14be593000 rw-s 107450000 00:05 1816                      /dev/dri/card0
7f14be593000-7f14be5f3000 rw-s 1073f0000 00:05 1816                      /dev/dri/card0
7f14be5f3000-7f14be5f6000 ---p 00000000 00:00 0 
7f14be5f6000-7f14be6f4000 rw-p 00000000 00:00 0                          [stack:5519]
7f14be6f4000-7f14be6f7000 ---p 00000000 00:00 0 
7f14be6f7000-7f14be7f5000 rw-p 00000000 00:00 0                          [stack:5518]
7f14be7f5000-7f14be7f8000 ---p 00000000 00:00 0 
7f14be7f8000-7f14be8f6000 rw-p 00000000 00:00 0                          [stack:5517]
7f14be8f6000-7f14be8f9000 ---p 00000000 00:00 0 
7f14be8f9000-7f14be9f7000 rw-p 00000000 00:00 0                          [stack:5570]
7f14be9f7000-7f14bea0e000 r-xp 00000000 08:05 1048615                    /lib/x86_64-linux-gnu/libresolv-2.19.so
7f14bea0e000-7f14bec0e000 ---p 00017000 08:05 1048615                    /lib/x86_64-linux-gnu/libresolv-2.19.so
7f14bec0e000-7f14bec0f000 r--p 00017000 08:05 1048615                    /lib/x86_64-linux-gnu/libresolv-2.19.so
7f14bec0f000-7f14bec10000 rw-p 00018000 08:05 1048615                    /lib/x86_64-linux-gnu/libresolv-2.19.so
7f14bec10000-7f14bec12000 rw-p 00000000 00:00 0 
7f14bec12000-7f14bec17000 r-xp 00000000 08:05 1055063                    /lib/x86_64-linux-gnu/libnss_dns-2.19.so
7f14bec17000-7f14bee16000 ---p 00005000 08:05 1055063                    /lib/x86_64-linux-gnu/libnss_dns-2.19.so
7f14bee16000-7f14bee17000 r--p 00004000 08:05 1055063                    /lib/x86_64-linux-gnu/libnss_dns-2.19.so
7f14bee17000-7f14bee18000 rw-p 00005000 08:05 1055063                    /lib/x86_64-linux-gnu/libnss_dns-2.19.so
7f14bee18000-7f14bee1a000 r-xp 00000000 08:05 1052761                    /lib/x86_64-linux-gnu/libnss_mdns4_minimal.so.2
7f14bee1a000-7f14bf019000 ---p 00002000 08:05 1052761                    /lib/x86_64-linux-gnu/libnss_mdns4_minimal.so.2
7f14bf019000-7f14bf01a000 r--p 00001000 08:05 1052761                    /lib/x86_64-linux-gnu/libnss_mdns4_minimal.so.2
7f14bf01a000-7f14bf01b000 rw-p 00002000 08:05 1052761                    /lib/x86_64-linux-gnu/libnss_mdns4_minimal.so.2
7f14bf01b000-7f14bf01d000 r--s 00000000 08:05 807285                     /var/cache/fontconfig/6e6b34ae150a7ad95e82fb4a522f0bda-le64.cache-4
7f14bf01d000-7f14bf020000 r--s 00000000 08:05 807277                     /var/cache/fontconfig/c19b55eb3b4c5b40ea175e31682068a5-le64.cache-4
7f14bf039000-7f14bf1f9000 rw-s 107230000 00:05 1816                      /dev/dri/card0
7f14bf1f9000-7f14bf1fc000 ---p 00000000 00:00 0 
7f14bf1fc000-7f14bf2fa000 rw-p 00000000 00:00 0                          [stack:5594]
7f14bf2fa000-7f14bf2fd000 ---p 00000000 00:00 0 
7f14bf2fd000-7f14bf3fb000 rw-p 00000000 00:00 0 
7f14bf3fb000-7f14bf3fe000 ---p 00000000 00:00 0 
7f14bf3fe000-7f14bf4fc000 rw-p 00000000 00:00 0 
7f14bf4fc000-7f14bf4ff000 ---p 00000000 00:00 0 
7f14bf4ff000-7f14bf7fd000 rw-p 00000000 00:00 0                          [stack:5578]
7f14bf7fd000-7f14bfa7d000 rw-s 106dd0000 00:05 1816                      /dev/dri/card0
7f14bfa7d000-7f14bfcfd000 rw-s 106b50000 00:05 1816                      /dev/dri/card0
7f14bfcfd000-7f14bfcff000 r-xp 00000000 08:05 3547316                    /usr/lib/x86_64-linux-gnu/libXinerama.so.1.0.0
7f14bfcff000-7f14bfefe000 ---p 00002000 08:05 3547316                    /usr/lib/x86_64-linux-gnu/libXinerama.so.1.0.0
7f14bfefe000-7f14bfeff000 r--p 00001000 08:05 3547316                    /usr/lib/x86_64-linux-gnu/libXinerama.so.1.0.0
7f14bfeff000-7f14bff00000 rw-p 00002000 08:05 3547316                    /usr/lib/x86_64-linux-gnu/libXinerama.so.1.0.0
7f14bff00000-7f14bff37000 r-xp 00000000 08:05 3548239                    /usr/lib/x86_64-linux-gnu/libtxc_dxtn_s2tc.so.0.0.0
7f14bff37000-7f14c0136000 ---p 00037000 08:05 3548239                    /usr/lib/x86_64-linux-gnu/libtxc_dxtn_s2tc.so.0.0.0
7f14c0136000-7f14c0137000 r--p 00036000 08:05 3548239                    /usr/lib/x86_64-linux-gnu/libtxc_dxtn_s2tc.so.0.0.0
7f14c0137000-7f14c0138000 rw-p 00037000 08:05 3548239                    /usr/lib/x86_64-linux-gnu/libtxc_dxtn_s2tc.so.0.0.0
7f14c0138000-7f14c0140000 r-xp 00000000 08:05 3548044                    /usr/lib/x86_64-linux-gnu/libpciaccess.so.0.11.1
7f14c0140000-7f14c033f000 ---p 00008000 08:05 3548044                    /usr/lib/x86_64-linux-gnu/libpciaccess.so.0.11.1
7f14c033f000-7f14c0340000 r--p 00007000 08:05 3548044                    /usr/lib/x86_64-linux-gnu/libpciaccess.so.0.11.1
7f14c0340000-7f14c0341000 rw-p 00008000 08:05 3548044                    /usr/lib/x86_64-linux-gnu/libpciaccess.so.0.11.1
7f14c0341000-7f14c0360000 r-xp 00000000 08:05 3545149                    /usr/lib/x86_64-linux-gnu/libdrm_intel.so.1.0.0
7f14c0360000-7f14c055f000 ---p 0001f000 08:05 3545149                    /usr/lib/x86_64-linux-gnu/libdrm_intel.so.1.0.0
7f14c055f000-7f14c0560000 r--p 0001e000 08:05 3545149                    /usr/lib/x86_64-linux-gnu/libdrm_intel.so.1.0.0
7f14c0560000-7f14c0561000 rw-p 0001f000 08:05 3545149                    /usr/lib/x86_64-linux-gnu/libdrm_intel.so.1.0.0
7f14c0561000-7f14c0a69000 r-xp 00000000 08:05 3803442                    /usr/lib/x86_64-linux-gnu/dri/i965_dri.so
7f14c0a69000-7f14c0c68000 ---p 00508000 08:05 3803442                    /usr/lib/x86_64-linux-gnu/dri/i965_dri.so
7f14c0c68000-7f14c0c82000 r--p 00507000 08:05 3803442                    /usr/lib/x86_64-linux-gnu/dri/i965_dri.so
7f14c0c82000-7f14c0c88000 rw-p 00521000 08:05 3803442                    /usr/lib/x86_64-linux-gnu/dri/i965_dri.so
7f14c0c88000-7f14c0c93000 rw-p 00000000 00:00 0 
7f14c0c93000-7f14c0cd7000 r-xp 00000000 08:05 1052694                    /lib/x86_64-linux-gnu/libdbus-1.so.3.7.6
7f14c0cd7000-7f14c0ed6000 ---p 00044000 08:05 1052694                    /lib/x86_64-linux-gnu/libdbus-1.so.3.7.6
7f14c0ed6000-7f14c0ed7000 r--p 00043000 08:05 1052694                    /lib/x86_64-linux-gnu/libdbus-1.so.3.7.6
7f14c0ed7000-7f14c0ed8000 rw-p 00044000 08:05 1052694                    /lib/x86_64-linux-gnu/libdbus-1.so.3.7.6
7f14c0ed8000-7f14c0ee0000 r-xp 00000000 08:05 1052742                    /lib/x86_64-linux-gnu/libnih-dbus.so.1.0.0
7f14c0ee0000-7f14c10e0000 ---p 00008000 08:05 1052742                    /lib/x86_64-linux-gnu/libnih-dbus.so.1.0.0
7f14c10e0000-7f14c10e1000 r--p 00008000 08:05 1052742                    /lib/x86_64-linux-gnu/libnih-dbus.so.1.0.0
7f14c10e1000-7f14c10e2000 rw-p 00009000 08:05 1052742                    /lib/x86_64-linux-gnu/libnih-dbus.so.1.0.0
7f14c10e2000-7f14c10f9000 r-xp 00000000 08:05 1052744                    /lib/x86_64-linux-gnu/libnih.so.1.0.0
7f14c10f9000-7f14c12f8000 ---p 00017000 08:05 1052744                    /lib/x86_64-linux-gnu/libnih.so.1.0.0
7f14c12f8000-7f14c12f9000 r--p 00016000 08:05 1052744                    /lib/x86_64-linux-gnu/libnih.so.1.0.0
7f14c12f9000-7f14c12fa000 rw-p 00017000 08:05 1052744                    /lib/x86_64-linux-gnu/libnih.so.1.0.0
7f14c12fa000-7f14c1313000 r-xp 00000000 08:05 1048666                    /lib/x86_64-linux-gnu/libcgmanager.so.0.0.0
7f14c1313000-7f14c1512000 ---p 00019000 08:05 1048666                    /lib/x86_64-linux-gnu/libcgmanager.so.0.0.0
7f14c1512000-7f14c1514000 r--p 00018000 08:05 1048666                    /lib/x86_64-linux-gnu/libcgmanager.so.0.0.0
7f14c1514000-7f14c1515000 rw-p 0001a000 08:05 1048666                    /lib/x86_64-linux-gnu/libcgmanager.so.0.0.0
7f14c1515000-7f14c1525000 r-xp 00000000 08:05 1052685                    /lib/x86_64-linux-gnu/libudev.so.1.3.5
7f14c1525000-7f14c1724000 ---p 00010000 08:05 1052685                    /lib/x86_64-linux-gnu/libudev.so.1.3.5
7f14c1724000-7f14c1725000 r--p 0000f000 08:05 1052685                    /lib/x86_64-linux-gnu/libudev.so.1.3.5
7f14c1725000-7f14c1726000 rw-p 00010000 08:05 1052685                    /lib/x86_64-linux-gnu/libudev.so.1.3.5
7f14c1726000-7f14c174b000 r-xp 00000000 08:05 1052826                    /lib/x86_64-linux-gnu/libtinfo.so.5.9
7f14c174b000-7f14c194a000 ---p 00025000 08:05 1052826                    /lib/x86_64-linux-gnu/libtinfo.so.5.9
7f14c194a000-7f14c194e000 r--p 00024000 08:05 1052826                    /lib/x86_64-linux-gnu/libtinfo.so.5.9
7f14c194e000-7f14c194f000 rw-p 00028000 08:05 1052826                    /lib/x86_64-linux-gnu/libtinfo.so.5.9
7f14c194f000-7f14c1978000 r-xp 00000000 08:05 3547545                    /usr/lib/x86_64-linux-gnu/libedit.so.2.0.47
7f14c1978000-7f14c1b78000 ---p 00029000 08:05 3547545                    /usr/lib/x86_64-linux-gnu/libedit.so.2.0.47
7f14c1b78000-7f14c1b7a000 r--p 00029000 08:05 3547545                    /usr/lib/x86_64-linux-gnu/libedit.so.2.0.47
7f14c1b7a000-7f14c1b7b000 rw-p 0002b000 08:05 3547545                    /usr/lib/x86_64-linux-gnu/libedit.so.2.0.47
7f14c1b7b000-7f14c1b7f000 rw-p 00000000 00:00 0 
7f14c1b7f000-7f14c1b97000 r-xp 00000000 08:05 1052843                    /lib/x86_64-linux-gnu/libz.so.1.2.8
7f14c1b97000-7f14c1d96000 ---p 00018000 08:05 1052843                    /lib/x86_64-linux-gnu/libz.so.1.2.8
7f14c1d96000-7f14c1d97000 r--p 00017000 08:05 1052843                    /lib/x86_64-linux-gnu/libz.so.1.2.8
7f14c1d97000-7f14c1d98000 rw-p 00018000 08:05 1052843                    /lib/x86_64-linux-gnu/libz.so.1.2.8
7f14c1d98000-7f14c1e7e000 r-xp 00000000 08:05 3544133                    /usr/lib/x86_64-linux-gnu/libstdc++.so.6.0.19
7f14c1e7e000-7f14c207d000 ---p 000e6000 08:05 3544133                    /usr/lib/x86_64-linux-gnu/libstdc++.so.6.0.19
7f14c207d000-7f14c2085000 r--p 000e5000 08:05 3544133                    /usr/lib/x86_64-linux-gnu/libstdc++.so.6.0.19
7f14c2085000-7f14c2087000 rw-p 000ed000 08:05 3544133                    /usr/lib/x86_64-linux-gnu/libstdc++.so.6.0.19
7f14c2087000-7f14c209c000 rw-p 00000000 00:00 0 
7f14c209c000-7f14c3ba4000 r-xp 00000000 08:05 3547164                    /usr/lib/x86_64-linux-gnu/libLLVM-3.5.so.1
7f14c3ba4000-7f14c3ba5000 ---p 01b08000 08:05 3547164                    /usr/lib/x86_64-linux-gnu/libLLVM-3.5.so.1
7f14c3ba5000-7f14c3d6d000 r--p 01b08000 08:05 3547164                    /usr/lib/x86_64-linux-gnu/libLLVM-3.5.so.1
7f14c3d6d000-7f14c3d73000 rw-p 01cd0000 08:05 3547164                    /usr/lib/x86_64-linux-gnu/libLLVM-3.5.so.1
7f14c3d73000-7f14c3d88000 rw-p 00000000 00:00 0 
7f14c3d88000-7f14c3d93000 r-xp 00000000 08:05 3545159                    /usr/lib/x86_64-linux-gnu/libdrm_radeon.so.1.0.1
7f14c3d93000-7f14c3f92000 ---p 0000b000 08:05 3545159                    /usr/lib/x86_64-linux-gnu/libdrm_radeon.so.1.0.1
7f14c3f92000-7f14c3f93000 r--p 0000a000 08:05 3545159                    /usr/lib/x86_64-linux-gnu/libdrm_radeon.so.1.0.1
7f14c3f93000-7f14c3f94000 rw-p 0000b000 08:05 3545159                    /usr/lib/x86_64-linux-gnu/libdrm_radeon.so.1.0.1
7f14c3f94000-7f14c3fa9000 r-xp 00000000 08:05 3547546                    /usr/lib/x86_64-linux-gnu/libelf-0.158.so
7f14c3fa9000-7f14c41a8000 ---p 00015000 08:05 3547546                    /usr/lib/x86_64-linux-gnu/libelf-0.158.so
7f14c41a8000-7f14c41a9000 r--p 00014000 08:05 3547546                    /usr/lib/x86_64-linux-gnu/libelf-0.158.so
7f14c41a9000-7f14c41aa000 rw-p 00015000 08:05 3547546                    /usr/lib/x86_64-linux-gnu/libelf-0.158.so
7f14c41aa000-7f14c41b0000 r-xp 00000000 08:05 3539541                    /usr/lib/x86_64-linux-gnu/libdrm_nouveau.so.2.0.0
7f14c41b0000-7f14c43af000 ---p 00006000 08:05 3539541                    /usr/lib/x86_64-linux-gnu/libdrm_nouveau.so.2.0.0
7f14c43af000-7f14c43b0000 r--p 00005000 08:05 3539541                    /usr/lib/x86_64-linux-gnu/libdrm_nouveau.so.2.0.0
7f14c43b0000-7f14c43b1000 rw-p 00006000 08:05 3539541                    /usr/lib/x86_64-linux-gnu/libdrm_nouveau.so.2.0.0
7f14c43b1000-7f14c43b8000 r-xp 00000000 08:05 3804279                    /usr/lib/x86_64-linux-gnu/mesa-egl/libOpenVG.so.1.0.0
7f14c43b8000-7f14c45b7000 ---p 00007000 08:05 3804279                    /usr/lib/x86_64-linux-gnu/mesa-egl/libOpenVG.so.1.0.0
7f14c45b7000-7f14c45b8000 r--p 00006000 08:05 3804279                    /usr/lib/x86_64-linux-gnu/mesa-egl/libOpenVG.so.1.0.0
7f14c45b8000-7f14c45b9000 rw-p 00007000 08:05 3804279                    /usr/lib/x86_64-linux-gnu/mesa-egl/libOpenVG.so.1.0.0
7f14c45b9000-7f14c45bb000 rw-p 00000000 00:00 0 
7f14c45bb000-7f14c4d43000 r-xp 00000000 08:05 3803453                    /usr/lib/x86_64-linux-gnu/egl/egl_gallium.so
7f14c4d43000-7f14c4f43000 ---p 00788000 08:05 3803453                    /usr/lib/x86_64-linux-gnu/egl/egl_gallium.so
7f14c4f43000-7f14c4f96000 r--p 00788000 08:05 3803453                    /usr/lib/x86_64-linux-gnu/egl/egl_gallium.so
7f14c4f96000-7f14c4fa2000 rw-p 007db000 08:05 3803453                    /usr/lib/x86_64-linux-gnu/egl/egl_gallium.so
7f14c4fa2000-7f14c5189000 rw-p 00000000 00:00 0 
7f14c5189000-7f14c518f000 r-xp 00000000 08:05 3804277                    /usr/lib/x86_64-linux-gnu/mesa-egl/libGLESv2.so.2.0.0
7f14c518f000-7f14c538e000 ---p 00006000 08:05 3804277                    /usr/lib/x86_64-linux-gnu/mesa-egl/libGLESv2.so.2.0.0
7f14c538e000-7f14c538f000 r--p 00005000 08:05 3804277                    /usr/lib/x86_64-linux-gnu/mesa-egl/libGLESv2.so.2.0.0
7f14c538f000-7f14c5390000 rw-p 00006000 08:05 3804277                    /usr/lib/x86_64-linux-gnu/mesa-egl/libGLESv2.so.2.0.0
7f14c5390000-7f14c53d5000 r-xp 00000000 08:05 1835081                    /tmp/jogamp_0000/file_cache/jln7858853472124090330/jln6672787587441229020/libjogl_mobile.so
7f14c53d5000-7f14c55d5000 ---p 00045000 08:05 1835081                    /tmp/jogamp_0000/file_cache/jln7858853472124090330/jln6672787587441229020/libjogl_mobile.so
7f14c55d5000-7f14c55d6000 rw-p 00045000 08:05 1835081                    /tmp/jogamp_0000/file_cache/jln7858853472124090330/jln6672787587441229020/libjogl_mobile.so
7f14c55d6000-7f14c55dd000 r-xp 00000000 08:05 3540105                    /usr/lib/x86_64-linux-gnu/libffi.so.6.0.1
7f14c55dd000-7f14c57dc000 ---p 00007000 08:05 3540105                    /usr/lib/x86_64-linux-gnu/libffi.so.6.0.1
7f14c57dc000-7f14c57dd000 r--p 00006000 08:05 3540105                    /usr/lib/x86_64-linux-gnu/libffi.so.6.0.1
7f14c57dd000-7f14c57de000 rw-p 00007000 08:05 3540105                    /usr/lib/x86_64-linux-gnu/libffi.so.6.0.1
7f14c57de000-7f14c57ea000 r-xp 00000000 08:05 3547628                    /usr/lib/x86_64-linux-gnu/libgbm.so.1.0.0
7f14c57ea000-7f14c59ea000 ---p 0000c000 08:05 3547628                    /usr/lib/x86_64-linux-gnu/libgbm.so.1.0.0
7f14c59ea000-7f14c59eb000 r--p 0000c000 08:05 3547628                    /usr/lib/x86_64-linux-gnu/libgbm.so.1.0.0
7f14c59eb000-7f14c59ec000 rw-p 0000d000 08:05 3547628                    /usr/lib/x86_64-linux-gnu/libgbm.so.1.0.0
7f14c59ec000-7f14c59fb000 r-xp 00000000 08:05 3548307                    /usr/lib/x86_64-linux-gnu/libwayland-server.so.0.1.0
7f14c59fb000-7f14c5bfa000 ---p 0000f000 08:05 3548307                    /usr/lib/x86_64-linux-gnu/libwayland-server.so.0.1.0
7f14c5bfa000-7f14c5bfc000 r--p 0000e000 08:05 3548307                    /usr/lib/x86_64-linux-gnu/libwayland-server.so.0.1.0
7f14c5bfc000-7f14c5bfd000 rw-p 00010000 08:05 3548307                    /usr/lib/x86_64-linux-gnu/libwayland-server.so.0.1.0
7f14c5bfd000-7f14c5c08000 r-xp 00000000 08:05 3548301                    /usr/lib/x86_64-linux-gnu/libwayland-client.so.0.2.0
7f14c5c08000-7f14c5e07000 ---p 0000b000 08:05 3548301                    /usr/lib/x86_64-linux-gnu/libwayland-client.so.0.2.0
7f14c5e07000-7f14c5e09000 r--p 0000a000 08:05 3548301                    /usr/lib/x86_64-linux-gnu/libwayland-client.so.0.2.0
7f14c5e09000-7f14c5e0a000 rw-p 0000c000 08:05 3548301                    /usr/lib/x86_64-linux-gnu/libwayland-client.so.0.2.0
7f14c5e0a000-7f14c5e0f000 r-xp 00000000 08:05 3548357                    /usr/lib/x86_64-linux-gnu/libxcb-xfixes.so.0.0.0
7f14c5e0f000-7f14c600f000 ---p 00005000 08:05 3548357                    /usr/lib/x86_64-linux-gnu/libxcb-xfixes.so.0.0.0
7f14c600f000-7f14c6010000 r--p 00005000 08:05 3548357                    /usr/lib/x86_64-linux-gnu/libxcb-xfixes.so.0.0.0
7f14c6010000-7f14c6011000 rw-p 00006000 08:05 3548357                    /usr/lib/x86_64-linux-gnu/libxcb-xfixes.so.0.0.0
7f14c6011000-7f14c6038000 r-xp 00000000 08:05 3804273                    /usr/lib/x86_64-linux-gnu/mesa-egl/libEGL.so.1.0.0
7f14c6038000-7f14c6238000 ---p 00027000 08:05 3804273                    /usr/lib/x86_64-linux-gnu/mesa-egl/libEGL.so.1.0.0
7f14c6238000-7f14c6239000 r--p 00027000 08:05 3804273                    /usr/lib/x86_64-linux-gnu/mesa-egl/libEGL.so.1.0.0
7f14c6239000-7f14c623a000 rw-p 00028000 08:05 3804273                    /usr/lib/x86_64-linux-gnu/mesa-egl/libEGL.so.1.0.0
7f14c623a000-7f14c623b000 rw-p 00000000 00:00 0 
7f14c623b000-7f14c62e0000 r-xp 00000000 08:05 1835080                    /tmp/jogamp_0000/file_cache/jln7858853472124090330/jln6672787587441229020/libjogl_desktop.so
7f14c62e0000-7f14c64e0000 ---p 000a5000 08:05 1835080                    /tmp/jogamp_0000/file_cache/jln7858853472124090330/jln6672787587441229020/libjogl_desktop.so
7f14c64e0000-7f14c64e1000 rw-p 000a5000 08:05 1835080                    /tmp/jogamp_0000/file_cache/jln7858853472124090330/jln6672787587441229020/libjogl_desktop.so
7f14c64e1000-7f14c64ed000 r-xp 00000000 08:05 3544321                    /usr/lib/x86_64-linux-gnu/libdrm.so.2.4.0
7f14c64ed000-7f14c66ec000 ---p 0000c000 08:05 3544321                    /usr/lib/x86_64-linux-gnu/libdrm.so.2.4.0
7f14c66ec000-7f14c66ed000 r--p 0000b000 08:05 3544321                    /usr/lib/x86_64-linux-gnu/libdrm.so.2.4.0
7f14c66ed000-7f14c66ee000 rw-p 0000c000 08:05 3544321                    /usr/lib/x86_64-linux-gnu/libdrm.so.2.4.0
7f14c66ee000-7f14c66ef000 r-xp 00000000 08:05 3548371                    /usr/lib/x86_64-linux-gnu/libxshmfence.so.1.0.0
7f14c66ef000-7f14c68ee000 ---p 00001000 08:05 3548371                    /usr/lib/x86_64-linux-gnu/libxshmfence.so.1.0.0
7f14c68ee000-7f14c68ef000 r--p 00000000 08:05 3548371                    /usr/lib/x86_64-linux-gnu/libxshmfence.so.1.0.0
7f14c68ef000-7f14c68f0000 rw-p 00001000 08:05 3548371                    /usr/lib/x86_64-linux-gnu/libxshmfence.so.1.0.0
7f14c68f0000-7f14c68f5000 r-xp 00000000 08:05 3548353                    /usr/lib/x86_64-linux-gnu/libxcb-sync.so.1.0.0
7f14c68f5000-7f14c6af4000 ---p 00005000 08:05 3548353                    /usr/lib/x86_64-linux-gnu/libxcb-sync.so.1.0.0
7f14c6af4000-7f14c6af5000 r--p 00004000 08:05 3548353                    /usr/lib/x86_64-linux-gnu/libxcb-sync.so.1.0.0
7f14c6af5000-7f14c6af6000 rw-p 00005000 08:05 3548353                    /usr/lib/x86_64-linux-gnu/libxcb-sync.so.1.0.0
7f14c6af6000-7f14c6af8000 r-xp 00000000 08:05 3548341                    /usr/lib/x86_64-linux-gnu/libxcb-present.so.0.0.0
7f14c6af8000-7f14c6cf7000 ---p 00002000 08:05 3548341                    /usr/lib/x86_64-linux-gnu/libxcb-present.so.0.0.0
7f14c6cf7000-7f14c6cf8000 r--p 00001000 08:05 3548341                    /usr/lib/x86_64-linux-gnu/libxcb-present.so.0.0.0
7f14c6cf8000-7f14c6cf9000 rw-p 00002000 08:05 3548341                    /usr/lib/x86_64-linux-gnu/libxcb-present.so.0.0.0
7f14c6cf9000-7f14c6cfb000 r-xp 00000000 08:05 3548331                    /usr/lib/x86_64-linux-gnu/libxcb-dri3.so.0.0.0
7f14c6cfb000-7f14c6efa000 ---p 00002000 08:05 3548331                    /usr/lib/x86_64-linux-gnu/libxcb-dri3.so.0.0.0
7f14c6efa000-7f14c6efb000 r--p 00001000 08:05 3548331                    /usr/lib/x86_64-linux-gnu/libxcb-dri3.so.0.0.0
7f14c6efb000-7f14c6efc000 rw-p 00002000 08:05 3548331                    /usr/lib/x86_64-linux-gnu/libxcb-dri3.so.0.0.0
7f14c6efc000-7f14c6eff000 r-xp 00000000 08:05 3548329                    /usr/lib/x86_64-linux-gnu/libxcb-dri2.so.0.0.0
7f14c6eff000-7f14c70ff000 ---p 00003000 08:05 3548329                    /usr/lib/x86_64-linux-gnu/libxcb-dri2.so.0.0.0
7f14c70ff000-7f14c7100000 r--p 00003000 08:05 3548329                    /usr/lib/x86_64-linux-gnu/libxcb-dri2.so.0.0.0
7f14c7100000-7f14c7101000 rw-p 00004000 08:05 3548329                    /usr/lib/x86_64-linux-gnu/libxcb-dri2.so.0.0.0
7f14c7101000-7f14c7116000 r-xp 00000000 08:05 3548333                    /usr/lib/x86_64-linux-gnu/libxcb-glx.so.0.0.0
7f14c7116000-7f14c7315000 ---p 00015000 08:05 3548333                    /usr/lib/x86_64-linux-gnu/libxcb-glx.so.0.0.0
7f14c7315000-7f14c7317000 r--p 00014000 08:05 3548333                    /usr/lib/x86_64-linux-gnu/libxcb-glx.so.0.0.0
7f14c7317000-7f14c7318000 rw-p 00016000 08:05 3548333                    /usr/lib/x86_64-linux-gnu/libxcb-glx.so.0.0.0
7f14c7318000-7f14c7319000 r-xp 00000000 08:05 3547287                    /usr/lib/x86_64-linux-gnu/libX11-xcb.so.1.0.0
7f14c7319000-7f14c7518000 ---p 00001000 08:05 3547287                    /usr/lib/x86_64-linux-gnu/libX11-xcb.so.1.0.0
7f14c7518000-7f14c7519000 r--p 00000000 08:05 3547287                    /usr/lib/x86_64-linux-gnu/libX11-xcb.so.1.0.0
7f14c7519000-7f14c751a000 rw-p 00001000 08:05 3547287                    /usr/lib/x86_64-linux-gnu/libX11-xcb.so.1.0.0
7f14c751a000-7f14c751c000 r-xp 00000000 08:05 3547302                    /usr/lib/x86_64-linux-gnu/libXdamage.so.1.1.0
7f14c751c000-7f14c771b000 ---p 00002000 08:05 3547302                    /usr/lib/x86_64-linux-gnu/libXdamage.so.1.1.0
7f14c771b000-7f14c771c000 r--p 00001000 08:05 3547302                    /usr/lib/x86_64-linux-gnu/libXdamage.so.1.1.0
7f14c771c000-7f14c771d000 rw-p 00002000 08:05 3547302                    /usr/lib/x86_64-linux-gnu/libXdamage.so.1.1.0
7f14c771d000-7f14c7741000 r-xp 00000000 08:05 3547680                    /usr/lib/x86_64-linux-gnu/libglapi.so.0.0.0
7f14c7741000-7f14c7941000 ---p 00024000 08:05 3547680                    /usr/lib/x86_64-linux-gnu/libglapi.so.0.0.0
7f14c7941000-7f14c7944000 r--p 00024000 08:05 3547680                    /usr/lib/x86_64-linux-gnu/libglapi.so.0.0.0
7f14c7944000-7f14c7945000 rw-p 00027000 08:05 3547680                    /usr/lib/x86_64-linux-gnu/libglapi.so.0.0.0
7f14c7945000-7f14c7946000 rw-p 00000000 00:00 0 
7f14c7946000-7f14c796d000 r-xp 00000000 08:05 1055113                    /lib/x86_64-linux-gnu/libexpat.so.1.6.0
7f14c796d000-7f14c7b6d000 ---p 00027000 08:05 1055113                    /lib/x86_64-linux-gnu/libexpat.so.1.6.0
7f14c7b6d000-7f14c7b6f000 r--p 00027000 08:05 1055113                    /lib/x86_64-linux-gnu/libexpat.so.1.6.0
7f14c7b6f000-7f14c7b70000 rw-p 00029000 08:05 1055113                    /lib/x86_64-linux-gnu/libexpat.so.1.6.0
7f14c7b70000-7f14c7bfc000 r-xp 00000000 08:05 3804270                    /usr/lib/x86_64-linux-gnu/mesa/libGL.so.1.2.0
7f14c7bfc000-7f14c7dfb000 ---p 0008c000 08:05 3804270                    /usr/lib/x86_64-linux-gnu/mesa/libGL.so.1.2.0
7f14c7dfb000-7f14c7dfe000 r--p 0008b000 08:05 3804270                    /usr/lib/x86_64-linux-gnu/mesa/libGL.so.1.2.0
7f14c7dfe000-7f14c7dff000 rw-p 0008e000 08:05 3804270                    /usr/lib/x86_64-linux-gnu/mesa/libGL.so.1.2.0
7f14c7dff000-7f14c8000000 rw-p 00000000 00:00 0 
7f14c8000000-7f14c8021000 rw-p 00000000 00:00 0 
7f14c8021000-7f14cc000000 ---p 00000000 00:00 0 
7f14cc000000-7f14ce793000 rw-p 00000000 00:00 0 
7f14ce793000-7f14d0000000 ---p 00000000 00:00 0 
7f14d0000000-7f14d212a000 rw-p 00000000 00:00 0 
7f14d212a000-7f14d4000000 ---p 00000000 00:00 0 
7f14d4000000-7f14d46bf000 rw-p 00000000 00:00 0 
7f14d46bf000-7f14d8000000 ---p 00000000 00:00 0 
7f14d8000000-7f14d8021000 rw-p 00000000 00:00 0 
7f14d8021000-7f14dc000000 ---p 00000000 00:00 0 
7f14dc000000-7f14dc045000 rw-p 00000000 00:00 0 
7f14dc045000-7f14e0000000 ---p 00000000 00:00 0 
7f14e0000000-7f14e0028000 rw-p 00000000 00:00 0 
7f14e0028000-7f14e4000000 ---p 00000000 00:00 0 
7f14e4000000-7f14e4021000 rw-p 00000000 00:00 0 
7f14e4021000-7f14e8000000 ---p 00000000 00:00 0 
7f14e8000000-7f14e8021000 rw-p 00000000 00:00 0 
7f14e8021000-7f14ec000000 ---p 00000000 00:00 0 
7f14ec000000-7f14ec005000 r--s 00000000 08:05 788348                     /var/cache/fontconfig/7ef2298fde41cc6eeb7af42e48b7d293-le64.cache-4
7f14ec005000-7f14ec1c5000 rw-s 107070000 00:05 1816                      /dev/dri/card0
7f14ec1c5000-7f14ec3c5000 rw-p 00000000 00:00 0 
7f14ec3c5000-7f14ec3cc000 r-xp 00000000 08:05 1835088                    /tmp/jogamp_0000/file_cache/jln7858853472124090330/jln6672787587441229020/libnativewindow_x11.so
7f14ec3cc000-7f14ec5cb000 ---p 00007000 08:05 1835088                    /tmp/jogamp_0000/file_cache/jln7858853472124090330/jln6672787587441229020/libnativewindow_x11.so
7f14ec5cb000-7f14ec5cc000 rw-p 00006000 08:05 1835088                    /tmp/jogamp_0000/file_cache/jln7858853472124090330/jln6672787587441229020/libnativewindow_x11.so
7f14ec5cc000-7f14ec5d0000 r-xp 00000000 08:05 3547344                    /usr/lib/x86_64-linux-gnu/libXxf86vm.so.1.0.0
7f14ec5d0000-7f14ec7d0000 ---p 00004000 08:05 3547344                    /usr/lib/x86_64-linux-gnu/libXxf86vm.so.1.0.0
7f14ec7d0000-7f14ec7d1000 r--p 00004000 08:05 3547344                    /usr/lib/x86_64-linux-gnu/libXxf86vm.so.1.0.0
7f14ec7d1000-7f14ec7d2000 rw-p 00005000 08:05 3547344                    /usr/lib/x86_64-linux-gnu/libXxf86vm.so.1.0.0
7f14ec7d2000-7f14ec7d3000 r--s 00000000 08:05 807284                     /var/cache/fontconfig/3334a778d104e76d188e9df399bc24d2-le64.cache-4
7f14ec7d3000-7f14ec7d6000 r--s 00000000 08:05 807275                     /var/cache/fontconfig/de83a0a961185c8bd1f159015d56c039-le64.cache-4
7f14ec7d6000-7f14ec7d8000 r--s 00000000 08:05 807313                     /var/cache/fontconfig/16326683038b281783a0ef8c680e3a10-le64.cache-4
7f14ec7e0000-7f14ec7f0000 rw-s 107060000 00:05 1816                      /dev/dri/card0
7f14ec7f0000-7f14ec7f2000 r-xp 00000000 08:05 1835084                    /tmp/jogamp_0000/file_cache/jln7858853472124090330/jln6672787587441229020/libnativewindow_awt.so
7f14ec7f2000-7f14ec9f1000 ---p 00002000 08:05 1835084                    /tmp/jogamp_0000/file_cache/jln7858853472124090330/jln6672787587441229020/libnativewindow_awt.so
7f14ec9f1000-7f14ec9f2000 rw-p 00001000 08:05 1835084                    /tmp/jogamp_0000/file_cache/jln7858853472124090330/jln6672787587441229020/libnativewindow_awt.so
7f14ec9f2000-7f14ec9f3000 r-xp 00000000 08:05 4752070                    /usr/local/java/jdk1.8.0_60/jre/lib/amd64/libjawt.so
7f14ec9f3000-7f14ecbf2000 ---p 00001000 08:05 4752070                    /usr/local/java/jdk1.8.0_60/jre/lib/amd64/libjawt.so
7f14ecbf2000-7f14ecbf3000 rw-p 00000000 08:05 4752070                    /usr/local/java/jdk1.8.0_60/jre/lib/amd64/libjawt.so
7f14ecbf3000-7f14ecbf5000 r-xp 00000000 08:05 1835077                    /tmp/jogamp_0000/file_cache/jln7858853472124090330/jln6672787587441229020/libgluegen-rt.so
7f14ecbf5000-7f14ecdf4000 ---p 00002000 08:05 1835077                    /tmp/jogamp_0000/file_cache/jln7858853472124090330/jln6672787587441229020/libgluegen-rt.so
7f14ecdf4000-7f14ecdf5000 rw-p 00001000 08:05 1835077                    /tmp/jogamp_0000/file_cache/jln7858853472124090330/jln6672787587441229020/libgluegen-rt.so
7f14ecdf5000-7f14ecdf8000 ---p 00000000 00:00 0 
7f14ecdf8000-7f14ed0f6000 rw-p 00000000 00:00 0                          [stack:5497]
7f14ed0f6000-7f14ed0f9000 ---p 00000000 00:00 0 
7f14ed0f9000-7f14ed3f7000 rw-p 00000000 00:00 0                          [stack:5488]
7f14ed3f7000-7f14ed3fa000 ---p 00000000 00:00 0 
7f14ed3fa000-7f14ed4f8000 rw-p 00000000 00:00 0                          [stack:5487]
7f14ed4f8000-7f14ed561000 r-xp 00000000 08:05 4752100                    /usr/local/java/jdk1.8.0_60/jre/lib/amd64/libt2k.so
7f14ed561000-7f14ed761000 ---p 00069000 08:05 4752100                    /usr/local/java/jdk1.8.0_60/jre/lib/amd64/libt2k.so
7f14ed761000-7f14ed768000 rw-p 00069000 08:05 4752100                    /usr/local/java/jdk1.8.0_60/jre/lib/amd64/libt2k.so
7f14ed768000-7f14ed778000 rw-p 00000000 00:00 0 
7f14ed778000-7f14ed789000 r-xp 00000000 08:05 4752120                    /usr/local/java/jdk1.8.0_60/jre/lib/amd64/libnio.so
7f14ed789000-7f14ed988000 ---p 00011000 08:05 4752120                    /usr/local/java/jdk1.8.0_60/jre/lib/amd64/libnio.so
7f14ed988000-7f14ed989000 rw-p 00010000 08:05 4752120                    /usr/local/java/jdk1.8.0_60/jre/lib/amd64/libnio.so
7f14ed989000-7f14ed99f000 r-xp 00000000 08:05 4752097                    /usr/local/java/jdk1.8.0_60/jre/lib/amd64/libnet.so
7f14ed99f000-7f14edb9f000 ---p 00016000 08:05 4752097                    /usr/local/java/jdk1.8.0_60/jre/lib/amd64/libnet.so
7f14edb9f000-7f14edba0000 rw-p 00016000 08:05 4752097                    /usr/local/java/jdk1.8.0_60/jre/lib/amd64/libnet.so
7f14edba0000-7f14edba3000 ---p 00000000 00:00 0 
7f14edba3000-7f14edca1000 rw-p 00000000 00:00 0                          [stack:5485]
7f14edca1000-7f14edca4000 ---p 00000000 00:00 0 
7f14edca4000-7f14edda2000 rw-p 00000000 00:00 0                          [stack:5483]
7f14edda2000-7f14edda5000 ---p 00000000 00:00 0 
7f14edda5000-7f14edea3000 rw-p 00000000 00:00 0                          [stack:5484]
7f14edea3000-7f14edea6000 ---p 00000000 00:00 0 
7f14edea6000-7f14edfa4000 rw-p 00000000 00:00 0                          [stack:5481]
7f14edfa4000-7f14edfa9000 r-xp 00000000 08:05 3539424                    /usr/lib/x86_64-linux-gnu/libXfixes.so.3.1.0
7f14edfa9000-7f14ee1a8000 ---p 00005000 08:05 3539424                    /usr/lib/x86_64-linux-gnu/libXfixes.so.3.1.0
7f14ee1a8000-7f14ee1a9000 r--p 00004000 08:05 3539424                    /usr/lib/x86_64-linux-gnu/libXfixes.so.3.1.0
7f14ee1a9000-7f14ee1aa000 rw-p 00005000 08:05 3539424                    /usr/lib/x86_64-linux-gnu/libXfixes.so.3.1.0
7f14ee1aa000-7f14ee1b3000 r-xp 00000000 08:05 3547300                    /usr/lib/x86_64-linux-gnu/libXcursor.so.1.0.2
7f14ee1b3000-7f14ee3b2000 ---p 00009000 08:05 3547300                    /usr/lib/x86_64-linux-gnu/libXcursor.so.1.0.2
7f14ee3b2000-7f14ee3b3000 r--p 00008000 08:05 3547300                    /usr/lib/x86_64-linux-gnu/libXcursor.so.1.0.2
7f14ee3b3000-7f14ee3b4000 rw-p 00009000 08:05 3547300                    /usr/lib/x86_64-linux-gnu/libXcursor.so.1.0.2
7f14ee3b4000-7f14ee3b7000 ---p 00000000 00:00 0 
7f14ee3b7000-7f14ee4b5000 rw-p 00000000 00:00 0                          [stack:5480]
7f14ee4b5000-7f14ee4cb000 r-xp 00000000 08:05 1054013                    /lib/x86_64-linux-gnu/libgcc_s.so.1
7f14ee4cb000-7f14ee6ca000 ---p 00016000 08:05 1054013                    /lib/x86_64-linux-gnu/libgcc_s.so.1
7f14ee6ca000-7f14ee6cb000 rw-p 00015000 08:05 1054013                    /lib/x86_64-linux-gnu/libgcc_s.so.1
7f14ee6cb000-7f14ee731000 r-xp 00000000 08:05 4752101                    /usr/local/java/jdk1.8.0_60/jre/lib/amd64/libfontmanager.so
7f14ee731000-7f14ee930000 ---p 00066000 08:05 4752101                    /usr/local/java/jdk1.8.0_60/jre/lib/amd64/libfontmanager.so
7f14ee930000-7f14ee934000 rw-p 00065000 08:05 4752101                    /usr/local/java/jdk1.8.0_60/jre/lib/amd64/libfontmanager.so
7f14ee934000-7f14ee945000 rw-p 00000000 00:00 0 
7f14ee945000-7f14ee94a000 r-xp 00000000 08:05 3547304                    /usr/lib/x86_64-linux-gnu/libXdmcp.so.6.0.0
7f14ee94a000-7f14eeb49000 ---p 00005000 08:05 3547304                    /usr/lib/x86_64-linux-gnu/libXdmcp.so.6.0.0
7f14eeb49000-7f14eeb4a000 r--p 00004000 08:05 3547304                    /usr/lib/x86_64-linux-gnu/libXdmcp.so.6.0.0
7f14eeb4a000-7f14eeb4b000 rw-p 00005000 08:05 3547304                    /usr/lib/x86_64-linux-gnu/libXdmcp.so.6.0.0
7f14eeb4b000-7f14eeb4d000 r-xp 00000000 08:05 3547293                    /usr/lib/x86_64-linux-gnu/libXau.so.6.0.0
7f14eeb4d000-7f14eed4d000 ---p 00002000 08:05 3547293                    /usr/lib/x86_64-linux-gnu/libXau.so.6.0.0
7f14eed4d000-7f14eed4e000 r--p 00002000 08:05 3547293                    /usr/lib/x86_64-linux-gnu/libXau.so.6.0.0
7f14eed4e000-7f14eed4f000 rw-p 00003000 08:05 3547293                    /usr/lib/x86_64-linux-gnu/libXau.so.6.0.0
7f14eed4f000-7f14eed6c000 r-xp 00000000 08:05 3548361                    /usr/lib/x86_64-linux-gnu/libxcb.so.1.1.0
7f14eed6c000-7f14eef6c000 ---p 0001d000 08:05 3548361                    /usr/lib/x86_64-linux-gnu/libxcb.so.1.1.0
7f14eef6c000-7f14eef6d000 r--p 0001d000 08:05 3548361                    /usr/lib/x86_64-linux-gnu/libxcb.so.1.1.0
7f14eef6d000-7f14eef6e000 rw-p 0001e000 08:05 3548361                    /usr/lib/x86_64-linux-gnu/libxcb.so.1.1.0
7f14eef6e000-7f14eef7d000 r-xp 00000000 08:05 3546796                    /usr/lib/x86_64-linux-gnu/libXi.so.6.1.0
7f14eef7d000-7f14ef17c000 ---p 0000f000 08:05 3546796                    /usr/lib/x86_64-linux-gnu/libXi.so.6.1.0
7f14ef17c000-7f14ef17d000 r--p 0000e000 08:05 3546796                    /usr/lib/x86_64-linux-gnu/libXi.so.6.1.0
7f14ef17d000-7f14ef17e000 rw-p 0000f000 08:05 3546796                    /usr/lib/x86_64-linux-gnu/libXi.so.6.1.0
7f14ef17e000-7f14ef183000 r-xp 00000000 08:05 3547334                    /usr/lib/x86_64-linux-gnu/libXtst.so.6.1.0
7f14ef183000-7f14ef382000 ---p 00005000 08:05 3547334                    /usr/lib/x86_64-linux-gnu/libXtst.so.6.1.0
7f14ef382000-7f14ef383000 r--p 00004000 08:05 3547334                    /usr/lib/x86_64-linux-gnu/libXtst.so.6.1.0
7f14ef383000-7f14ef384000 rw-p 00005000 08:05 3547334                    /usr/lib/x86_64-linux-gnu/libXtst.so.6.1.0
7f14ef384000-7f14ef38d000 r-xp 00000000 08:05 3546798                    /usr/lib/x86_64-linux-gnu/libXrender.so.1.3.0
7f14ef38d000-7f14ef58c000 ---p 00009000 08:05 3546798                    /usr/lib/x86_64-linux-gnu/libXrender.so.1.3.0
7f14ef58c000-7f14ef58d000 r--p 00008000 08:05 3546798                    /usr/lib/x86_64-linux-gnu/libXrender.so.1.3.0
7f14ef58d000-7f14ef58e000 rw-p 00009000 08:05 3546798                    /usr/lib/x86_64-linux-gnu/libXrender.so.1.3.0
7f14ef58e000-7f14ef6be000 r-xp 00000000 08:05 3547289                    /usr/lib/x86_64-linux-gnu/libX11.so.6.3.0
7f14ef6be000-7f14ef8be000 ---p 00130000 08:05 3547289                    /usr/lib/x86_64-linux-gnu/libX11.so.6.3.0
7f14ef8be000-7f14ef8bf000 r--p 00130000 08:05 3547289                    /usr/lib/x86_64-linux-gnu/libX11.so.6.3.0
7f14ef8bf000-7f14ef8c3000 rw-p 00131000 08:05 3547289                    /usr/lib/x86_64-linux-gnu/libX11.so.6.3.0
7f14ef8c3000-7f14ef8d4000 r-xp 00000000 08:05 3540152                    /usr/lib/x86_64-linux-gnu/libXext.so.6.4.0
7f14ef8d4000-7f14efad3000 ---p 00011000 08:05 3540152                    /usr/lib/x86_64-linux-gnu/libXext.so.6.4.0
7f14efad3000-7f14efad4000 r--p 00010000 08:05 3540152                    /usr/lib/x86_64-linux-gnu/libXext.so.6.4.0
7f14efad4000-7f14efad5000 rw-p 00011000 08:05 3540152                    /usr/lib/x86_64-linux-gnu/libXext.so.6.4.0
7f14efad5000-7f14efb29000 r-xp 00000000 08:05 4752107                    /usr/local/java/jdk1.8.0_60/jre/lib/amd64/libawt_xawt.so
7f14efb29000-7f14efd29000 ---p 00054000 08:05 4752107                    /usr/local/java/jdk1.8.0_60/jre/lib/amd64/libawt_xawt.so
7f14efd29000-7f14efd2d000 rw-p 00054000 08:05 4752107                    /usr/local/java/jdk1.8.0_60/jre/lib/amd64/libawt_xawt.so
7f14efd2d000-7f14efd2e000 rw-p 00000000 00:00 0 
7f14efd2e000-7f14efdd0000 r-xp 00000000 08:05 4752114                    /usr/local/java/jdk1.8.0_60/jre/lib/amd64/libawt.so
7f14efdd0000-7f14effd0000 ---p 000a2000 08:05 4752114                    /usr/local/java/jdk1.8.0_60/jre/lib/amd64/libawt.so
7f14effd0000-7f14effdc000 rw-p 000a2000 08:05 4752114                    /usr/local/java/jdk1.8.0_60/jre/lib/amd64/libawt.so
7f14effdc000-7f14f0000000 rw-p 00000000 00:00 0 
7f14f0000000-7f14f0021000 rw-p 00000000 00:00 0 
7f14f0021000-7f14f4000000 ---p 00000000 00:00 0 
7f14f4000000-7f14f4021000 rw-p 00000000 00:00 0 
7f14f4021000-7f14f8000000 ---p 00000000 00:00 0 
7f14f8000000-7f14fb2f9000 rw-p 00000000 00:00 0 
7f14fb2f9000-7f14fc000000 ---p 00000000 00:00 0 
7f14fc000000-7f14fc715000 rw-p 00000000 00:00 0 
7f14fc715000-7f1500000000 ---p 00000000 00:00 0 
7f1500000000-7f1500021000 rw-p 00000000 00:00 0 
7f1500021000-7f1504000000 ---p 00000000 00:00 0 
7f1504000000-7f150698c000 rw-p 00000000 00:00 0 
7f150698c000-7f1508000000 ---p 00000000 00:00 0 
7f1508000000-7f1508021000 rw-p 00000000 00:00 0 
7f1508021000-7f150c000000 ---p 00000000 00:00 0 
7f150c000000-7f150c021000 rw-p 00000000 00:00 0 
7f150c021000-7f1510000000 ---p 00000000 00:00 0 
7f1510000000-7f1510021000 rw-p 00000000 00:00 0 
7f1510021000-7f1514000000 ---p 00000000 00:00 0 
7f1514000000-7f151402a000 rw-p 00000000 00:00 0 
7f151402a000-7f1518000000 ---p 00000000 00:00 0 
7f1518000000-7f1518021000 rw-p 00000000 00:00 0 
7f1518021000-7f151c000000 ---p 00000000 00:00 0 
7f151c000000-7f151c021000 rw-p 00000000 00:00 0 
7f151c021000-7f1520000000 ---p 00000000 00:00 0 
7f1520000000-7f1520021000 rw-p 00000000 00:00 0 
7f1520021000-7f1524000000 ---p 00000000 00:00 0 
7f152400a000-7f152401a000 rw-s 107050000 00:05 1816                      /dev/dri/card0
7f152401a000-7f152401b000 r--s 00000000 08:05 807276                     /var/cache/fontconfig/c277e94e32b20404286a1ddafa5a80f0-le64.cache-4
7f152401b000-7f152401c000 r--s 00000000 08:05 807311                     /var/cache/fontconfig/e0aa53bcfa504e64f87823c16bc01eb6-le64.cache-4
7f152401c000-7f152401d000 rw-p 00000000 00:00 0 
7f152401d000-7f1524020000 ---p 00000000 00:00 0 
7f1524020000-7f1524056000 rw-p 00000000 00:00 0                          [stack:5492]
7f1524056000-7f152405a000 r--s 00095000 08:05 4618331                    /usr/local/java/jdk1.8.0_60/jre/lib/jsse.jar
7f152405a000-7f152408b000 rw-p 00000000 00:00 0 
7f152408b000-7f15240ae000 r--s 002ec000 08:05 4757285                    /home/elena/java/workspace/UCSDUnfoldingMaps/lib/jogl-all.jar
7f15240ae000-7f15240af000 ---p 00000000 00:00 0 
7f15240af000-7f15241af000 rw-p 00000000 00:00 0                          [stack:5479]
7f15241af000-7f15241b2000 ---p 00000000 00:00 0 
7f15241b2000-7f15242b0000 rw-p 00000000 00:00 0                          [stack:5478]
7f15242b0000-7f15242b3000 ---p 00000000 00:00 0 
7f15242b3000-7f15243b1000 rw-p 00000000 00:00 0                          [stack:5477]
7f15243b1000-7f15243b4000 ---p 00000000 00:00 0 
7f15243b4000-7f15244b2000 rw-p 00000000 00:00 0                          [stack:5476]
7f15244b2000-7f15244b5000 ---p 00000000 00:00 0 
7f15244b5000-7f15245b3000 rw-p 00000000 00:00 0                          [stack:5475]
7f15245b3000-7f15245b6000 ---p 00000000 00:00 0 
7f15245b6000-7f15246b4000 rw-p 00000000 00:00 0                          [stack:5474]
7f15246b4000-7f1524ec9000 r--p 00000000 08:05 3546206                    /usr/lib/locale/locale-archive
7f1524ec9000-7f1524ecc000 ---p 00000000 00:00 0 
7f1524ecc000-7f1524fca000 rw-p 00000000 00:00 0                          [stack:5472]
7f1524fca000-7f1524fcd000 ---p 00000000 00:00 0 
7f1524fcd000-7f15250cb000 rw-p 00000000 00:00 0                          [stack:5470]
7f15250cb000-7f15250cc000 ---p 00000000 00:00 0 
7f15250cc000-7f152613e000 rw-p 00000000 00:00 0                          [stack:5469]
7f152613e000-7f1526316000 r--s 03d17000 08:05 4618326                    /usr/local/java/jdk1.8.0_60/jre/lib/rt.jar
7f1526316000-7f1528ac2000 rw-p 00000000 00:00 0 
7f1528ac2000-7f1528ac3000 ---p 00000000 00:00 0 
7f1528ac3000-7f1528bc3000 rw-p 00000000 00:00 0                          [stack:5467]
7f1528bc3000-7f1528bc4000 ---p 00000000 00:00 0 
7f1528bc4000-7f1528cc4000 rw-p 00000000 00:00 0                          [stack:5466]
7f1528cc4000-7f1528cc5000 ---p 00000000 00:00 0 
7f1528cc5000-7f1528dc5000 rw-p 00000000 00:00 0                          [stack:5465]
7f1528dc5000-7f1528dc6000 ---p 00000000 00:00 0 
7f1528dc6000-7f1528eec000 rw-p 00000000 00:00 0                          [stack:5463]
7f1528eec000-7f1529000000 ---p 00000000 00:00 0 
7f1529000000-7f15297e0000 rwxp 00000000 00:00 0 
7f15297e0000-7f1538000000 ---p 00000000 00:00 0 
7f1538000000-7f153827d000 rw-p 00000000 00:00 0 
7f153827d000-7f153c000000 ---p 00000000 00:00 0 
7f153c000000-7f153c001000 rwxp 00000000 00:00 0 
7f153c001000-7f153c002000 r--s 0002f000 08:05 4757279                    /home/elena/java/workspace/UCSDUnfoldingMaps/lib/jogl-all-natives-linux-amd64.jar
7f153c002000-7f153c008000 r--s 00033000 08:05 4757290                    /home/elena/java/workspace/UCSDUnfoldingMaps/lib/unfolding.0.9.7-uscd.jar
7f153c008000-7f153c00d000 r--s 00309000 08:05 4757289                    /home/elena/java/workspace/UCSDUnfoldingMaps/lib/sqlite-jdbc-3.7.2.jar
7f153c00d000-7f153c014000 r--s 00059000 08:05 4757288                    /home/elena/java/workspace/UCSDUnfoldingMaps/lib/log4j-1.2.15.jar
7f153c014000-7f153c01a000 r--s 00041000 08:05 4757278                    /home/elena/java/workspace/UCSDUnfoldingMaps/lib/gluegen-rt.jar
7f153c01a000-7f153c082000 rw-p 00000000 00:00 0 
7f153c082000-7f153c195000 ---p 00000000 00:00 0 
7f153c195000-7f153c232000 rw-p 00000000 00:00 0 
7f153c232000-7f153c253000 rw-p 00000000 00:00 0 
7f153c253000-7f153c5f3000 ---p 00000000 00:00 0 
7f153c5f3000-7f153c60d000 r-xp 00000000 08:05 4752090                    /usr/local/java/jdk1.8.0_60/jre/lib/amd64/libzip.so
7f153c60d000-7f153c80d000 ---p 0001a000 08:05 4752090                    /usr/local/java/jdk1.8.0_60/jre/lib/amd64/libzip.so
7f153c80d000-7f153c80e000 rw-p 0001a000 08:05 4752090                    /usr/local/java/jdk1.8.0_60/jre/lib/amd64/libzip.so
7f153c80e000-7f153c819000 r-xp 00000000 08:05 1055446                    /lib/x86_64-linux-gnu/libnss_files-2.19.so
7f153c819000-7f153ca18000 ---p 0000b000 08:05 1055446                    /lib/x86_64-linux-gnu/libnss_files-2.19.so
7f153ca18000-7f153ca19000 r--p 0000a000 08:05 1055446                    /lib/x86_64-linux-gnu/libnss_files-2.19.so
7f153ca19000-7f153ca1a000 rw-p 0000b000 08:05 1055446                    /lib/x86_64-linux-gnu/libnss_files-2.19.so
7f153ca1a000-7f153ca25000 r-xp 00000000 08:05 1055061                    /lib/x86_64-linux-gnu/libnss_nis-2.19.so
7f153ca25000-7f153cc24000 ---p 0000b000 08:05 1055061                    /lib/x86_64-linux-gnu/libnss_nis-2.19.so
7f153cc24000-7f153cc25000 r--p 0000a000 08:05 1055061                    /lib/x86_64-linux-gnu/libnss_nis-2.19.so
7f153cc25000-7f153cc26000 rw-p 0000b000 08:05 1055061                    /lib/x86_64-linux-gnu/libnss_nis-2.19.so
7f153cc26000-7f153cc3d000 r-xp 00000000 08:05 1055047                    /lib/x86_64-linux-gnu/libnsl-2.19.so
7f153cc3d000-7f153ce3c000 ---p 00017000 08:05 1055047                    /lib/x86_64-linux-gnu/libnsl-2.19.so
7f153ce3c000-7f153ce3d000 r--p 00016000 08:05 1055047                    /lib/x86_64-linux-gnu/libnsl-2.19.so
7f153ce3d000-7f153ce3e000 rw-p 00017000 08:05 1055047                    /lib/x86_64-linux-gnu/libnsl-2.19.so
7f153ce3e000-7f153ce40000 rw-p 00000000 00:00 0 
7f153ce40000-7f153ce49000 r-xp 00000000 08:05 1055046                    /lib/x86_64-linux-gnu/libnss_compat-2.19.so
7f153ce49000-7f153d048000 ---p 00009000 08:05 1055046                    /lib/x86_64-linux-gnu/libnss_compat-2.19.so
7f153d048000-7f153d049000 r--p 00008000 08:05 1055046                    /lib/x86_64-linux-gnu/libnss_compat-2.19.so
7f153d049000-7f153d04a000 rw-p 00009000 08:05 1055046                    /lib/x86_64-linux-gnu/libnss_compat-2.19.so
7f153d04a000-7f153d074000 r-xp 00000000 08:05 4752050                    /usr/local/java/jdk1.8.0_60/jre/lib/amd64/libjava.so
7f153d074000-7f153d274000 ---p 0002a000 08:05 4752050                    /usr/local/java/jdk1.8.0_60/jre/lib/amd64/libjava.so
7f153d274000-7f153d276000 rw-p 0002a000 08:05 4752050                    /usr/local/java/jdk1.8.0_60/jre/lib/amd64/libjava.so
7f153d276000-7f153d283000 r-xp 00000000 08:05 4752078                    /usr/local/java/jdk1.8.0_60/jre/lib/amd64/libverify.so
7f153d283000-7f153d483000 ---p 0000d000 08:05 4752078                    /usr/local/java/jdk1.8.0_60/jre/lib/amd64/libverify.so
7f153d483000-7f153d485000 rw-p 0000d000 08:05 4752078                    /usr/local/java/jdk1.8.0_60/jre/lib/amd64/libverify.so
7f153d485000-7f153d48c000 r-xp 00000000 08:05 1055065                    /lib/x86_64-linux-gnu/librt-2.19.so
7f153d48c000-7f153d68b000 ---p 00007000 08:05 1055065                    /lib/x86_64-linux-gnu/librt-2.19.so
7f153d68b000-7f153d68c000 r--p 00006000 08:05 1055065                    /lib/x86_64-linux-gnu/librt-2.19.so
7f153d68c000-7f153d68d000 rw-p 00007000 08:05 1055065                    /lib/x86_64-linux-gnu/librt-2.19.so
7f153d68d000-7f153d792000 r-xp 00000000 08:05 1052604                    /lib/x86_64-linux-gnu/libm-2.19.so
7f153d792000-7f153d991000 ---p 00105000 08:05 1052604                    /lib/x86_64-linux-gnu/libm-2.19.so
7f153d991000-7f153d992000 r--p 00104000 08:05 1052604                    /lib/x86_64-linux-gnu/libm-2.19.so
7f153d992000-7f153d993000 rw-p 00105000 08:05 1052604                    /lib/x86_64-linux-gnu/libm-2.19.so
7f153d993000-7f153e651000 r-xp 00000000 08:05 4884599                    /usr/local/java/jdk1.8.0_60/jre/lib/amd64/server/libjvm.so
7f153e651000-7f153e850000 ---p 00cbe000 08:05 4884599                    /usr/local/java/jdk1.8.0_60/jre/lib/amd64/server/libjvm.so
7f153e850000-7f153e928000 rw-p 00cbd000 08:05 4884599                    /usr/local/java/jdk1.8.0_60/jre/lib/amd64/server/libjvm.so
7f153e928000-7f153e96d000 rw-p 00000000 00:00 0 
7f153e96d000-7f153eb28000 r-xp 00000000 08:05 1055066                    /lib/x86_64-linux-gnu/libc-2.19.so
7f153eb28000-7f153ed27000 ---p 001bb000 08:05 1055066                    /lib/x86_64-linux-gnu/libc-2.19.so
7f153ed27000-7f153ed2b000 r--p 001ba000 08:05 1055066                    /lib/x86_64-linux-gnu/libc-2.19.so
7f153ed2b000-7f153ed2d000 rw-p 001be000 08:05 1055066                    /lib/x86_64-linux-gnu/libc-2.19.so
7f153ed2d000-7f153ed32000 rw-p 00000000 00:00 0 
7f153ed32000-7f153ed35000 r-xp 00000000 08:05 1052646                    /lib/x86_64-linux-gnu/libdl-2.19.so
7f153ed35000-7f153ef34000 ---p 00003000 08:05 1052646                    /lib/x86_64-linux-gnu/libdl-2.19.so
7f153ef34000-7f153ef35000 r--p 00002000 08:05 1052646                    /lib/x86_64-linux-gnu/libdl-2.19.so
7f153ef35000-7f153ef36000 rw-p 00003000 08:05 1052646                    /lib/x86_64-linux-gnu/libdl-2.19.so
7f153ef36000-7f153ef4b000 r-xp 00000000 08:05 4475228                    /usr/local/java/jdk1.8.0_60/lib/amd64/jli/libjli.so
7f153ef4b000-7f153f14b000 ---p 00015000 08:05 4475228                    /usr/local/java/jdk1.8.0_60/lib/amd64/jli/libjli.so
7f153f14b000-7f153f14c000 rw-p 00015000 08:05 4475228                    /usr/local/java/jdk1.8.0_60/lib/amd64/jli/libjli.so
7f153f14c000-7f153f165000 r-xp 00000000 08:05 1055049                    /lib/x86_64-linux-gnu/libpthread-2.19.so
7f153f165000-7f153f364000 ---p 00019000 08:05 1055049                    /lib/x86_64-linux-gnu/libpthread-2.19.so
7f153f364000-7f153f365000 r--p 00018000 08:05 1055049                    /lib/x86_64-linux-gnu/libpthread-2.19.so
7f153f365000-7f153f366000 rw-p 00019000 08:05 1055049                    /lib/x86_64-linux-gnu/libpthread-2.19.so
7f153f366000-7f153f36a000 rw-p 00000000 00:00 0 
7f153f36a000-7f153f38d000 r-xp 00000000 08:05 1055057                    /lib/x86_64-linux-gnu/ld-2.19.so
7f153f38d000-7f153f38f000 r--s 00000000 08:05 4757272                    /home/elena/java/workspace/UCSDUnfoldingMaps/lib/gluegen-rt-natives-linux-amd64.jar
7f153f38f000-7f153f390000 r--p 00000000 00:00 0 
7f153f390000-7f153f391000 r--s 00005000 08:05 4757287                    /home/elena/java/workspace/UCSDUnfoldingMaps/lib/libTUIO.jar
7f153f391000-7f153f395000 r--s 0009a000 08:05 4757271                    /home/elena/java/workspace/UCSDUnfoldingMaps/lib/core.jar
7f153f395000-7f153f467000 rw-p 00000000 00:00 0 
7f153f467000-7f153f46a000 ---p 00000000 00:00 0 
7f153f46a000-7f153f56c000 rw-p 00000000 00:00 0                          [stack:5461]
7f153f56c000-7f153f56d000 r--s 00007000 08:05 4757286                    /home/elena/java/workspace/UCSDUnfoldingMaps/lib/json4processing.jar
7f153f56d000-7f153f580000 rw-p 00000000 00:00 0 
7f153f580000-7f153f588000 rw-s 00000000 08:05 1835072                    /tmp/hsperfdata_elena/5460
7f153f588000-7f153f589000 rw-p 00000000 00:00 0 
7f153f589000-7f153f58a000 r--p 00000000 00:00 0 
7f153f58a000-7f153f58c000 rw-p 00000000 00:00 0 
7f153f58c000-7f153f58d000 r--p 00022000 08:05 1055057                    /lib/x86_64-linux-gnu/ld-2.19.so
7f153f58d000-7f153f58e000 rw-p 00023000 08:05 1055057                    /lib/x86_64-linux-gnu/ld-2.19.so
7f153f58e000-7f153f58f000 rw-p 00000000 00:00 0 
7ffdc3fc7000-7ffdc3fe8000 rw-p 00000000 00:00 0                          [stack]
7ffdc3fef000-7ffdc3ff1000 r-xp 00000000 00:00 0                          [vdso]
7ffdc3ff1000-7ffdc3ff3000 r--p 00000000 00:00 0                          [vvar]
ffffffffff600000-ffffffffff601000 r-xp 00000000 00:00 0                  [vsyscall]

VM Arguments:
jvm_args: -Djava.security.policy=java.policy.applet -Dfile.encoding=UTF-8 
java_command: sun.applet.AppletViewer module6.AirportMap1458924357072.html
java_class_path (initial): /home/elena/java/workspace/UCSDUnfoldingMaps/build:/home/elena/java/workspace/UCSDUnfoldingMaps/lib/core.jar:/home/elena/java/workspace/UCSDUnfoldingMaps/lib/gluegen-rt.jar:/home/elena/java/workspace/UCSDUnfoldingMaps/lib/jogl-all.jar:/home/elena/java/workspace/UCSDUnfoldingMaps/lib/log4j-1.2.15.jar:/home/elena/java/workspace/UCSDUnfoldingMaps/lib/sqlite-jdbc-3.7.2.jar:/home/elena/java/workspace/UCSDUnfoldingMaps/lib/json4processing.jar:/home/elena/java/workspace/UCSDUnfoldingMaps/lib/libTUIO.jar:/home/elena/java/workspace/UCSDUnfoldingMaps/lib/unfolding.0.9.7-uscd.jar
Launcher Type: SUN_STANDARD

Environment Variables:
JAVA_HOME=/usr/local/java/jdk1.8.0_60
PATH=/usr/local/sbin:/usr/local/bin:/usr/sbin:/usr/bin:/sbin:/bin:/usr/games:/usr/local/games:/home/elena/bin:/usr/local/java/jdk1.8.0_60/bin
SHELL=/bin/bash
DISPLAY=:0

Signal Handlers:
SIGSEGV: [libjvm.so+0xaba070], sa_mask[0]=11111111011111111101111111111110, sa_flags=SA_RESTART|SA_SIGINFO
SIGBUS: [libjvm.so+0xaba070], sa_mask[0]=11111111011111111101111111111110, sa_flags=SA_RESTART|SA_SIGINFO
SIGFPE: [libjvm.so+0x917630], sa_mask[0]=11111111011111111101111111111110, sa_flags=SA_RESTART|SA_SIGINFO
SIGPIPE: [libjvm.so+0x917630], sa_mask[0]=11111111011111111101111111111110, sa_flags=SA_RESTART|SA_SIGINFO
SIGXFSZ: [libjvm.so+0x917630], sa_mask[0]=11111111011111111101111111111110, sa_flags=SA_RESTART|SA_SIGINFO
SIGILL: [libjvm.so+0x917630], sa_mask[0]=11111111011111111101111111111110, sa_flags=SA_RESTART|SA_SIGINFO
SIGUSR1: SIG_DFL, sa_mask[0]=00000000000000000000000000000000, sa_flags=none
SIGUSR2: [libjvm.so+0x918c60], sa_mask[0]=00100000000000000000000000000000, sa_flags=SA_RESTART|SA_SIGINFO
SIGHUP: [libjvm.so+0x91a060], sa_mask[0]=11111111011111111101111111111110, sa_flags=SA_RESTART|SA_SIGINFO
SIGINT: [libjvm.so+0x91a060], sa_mask[0]=11111111011111111101111111111110, sa_flags=SA_RESTART|SA_SIGINFO
SIGTERM: [libjvm.so+0x91a060], sa_mask[0]=11111111011111111101111111111110, sa_flags=SA_RESTART|SA_SIGINFO
SIGQUIT: [libjvm.so+0x91a060], sa_mask[0]=11111111011111111101111111111110, sa_flags=SA_RESTART|SA_SIGINFO


---------------  S Y S T E M  ---------------

OS:DISTRIB_ID=Ubuntu
DISTRIB_RELEASE=14.04
DISTRIB_CODENAME=trusty
DISTRIB_DESCRIPTION="Ubuntu 14.04.4 LTS"

uname:Linux 3.16.0-67-generic #87~14.04.1-Ubuntu SMP Fri Mar 11 00:26:02 UTC 2016 x86_64
libc:glibc 2.19 NPTL 2.19 
rlimit: STACK 8192k, CORE 0k, NPROC 14927, NOFILE 4096, AS infinity
load average:2,57 0,93 0,47

/proc/meminfo:
MemTotal:        3842796 kB
MemFree:          167048 kB
MemAvailable:    1330948 kB
Buffers:          374196 kB
Cached:          1040028 kB
SwapCached:          960 kB
Active:          2007308 kB
Inactive:        1270688 kB
Active(anon):    1394564 kB
Inactive(anon):   731196 kB
Active(file):     612744 kB
Inactive(file):   539492 kB
Unevictable:          32 kB
Mlocked:              32 kB
SwapTotal:       3987452 kB
SwapFree:        3980240 kB
Dirty:              6572 kB
Writeback:             0 kB
AnonPages:       1862972 kB
Mapped:           287036 kB
Shmem:            261988 kB
Slab:             294968 kB
SReclaimable:     265068 kB
SUnreclaim:        29900 kB
KernelStack:        8432 kB
PageTables:        30372 kB
NFS_Unstable:          0 kB
Bounce:                0 kB
WritebackTmp:          0 kB
CommitLimit:     5908848 kB
Committed_AS:    4833788 kB
VmallocTotal:   34359738367 kB
VmallocUsed:      426624 kB
VmallocChunk:   34359301536 kB
HardwareCorrupted:     0 kB
AnonHugePages:    706560 kB
HugePages_Total:       0
HugePages_Free:        0
HugePages_Rsvd:        0
HugePages_Surp:        0
Hugepagesize:       2048 kB
DirectMap4k:       59648 kB
DirectMap2M:     3928064 kB


CPU:total 4 (2 cores per cpu, 2 threads per core) family 6 model 37 stepping 5, cmov, cx8, fxsr, mmx, sse, sse2, sse3, ssse3, sse4.1, sse4.2, popcnt, ht, tsc, tscinvbit

/proc/cpuinfo:
processor	: 0
vendor_id	: GenuineIntel
cpu family	: 6
model		: 37
model name	: Intel(R) Core(TM) i5 CPU       M 460  @ 2.53GHz
stepping	: 5
microcode	: 0x2
cpu MHz		: 1466.000
cache size	: 3072 KB
physical id	: 0
siblings	: 4
core id		: 0
cpu cores	: 2
apicid		: 0
initial apicid	: 0
fpu		: yes
fpu_exception	: yes
cpuid level	: 11
wp		: yes
flags		: fpu vme de pse tsc msr pae mce cx8 apic sep mtrr pge mca cmov pat pse36 clflush dts acpi mmx fxsr sse sse2 ss ht tm pbe syscall nx rdtscp lm constant_tsc arch_perfmon pebs bts rep_good nopl xtopology nonstop_tsc aperfmperf pni dtes64 monitor ds_cpl vmx est tm2 ssse3 cx16 xtpr pdcm pcid sse4_1 sse4_2 popcnt lahf_lm ida arat dtherm tpr_shadow vnmi flexpriority ept vpid
bogomips	: 5054.62
clflush size	: 64
cache_alignment	: 64
address sizes	: 36 bits physical, 48 bits virtual
power management:

processor	: 1
vendor_id	: GenuineIntel
cpu family	: 6
model		: 37
model name	: Intel(R) Core(TM) i5 CPU       M 460  @ 2.53GHz
stepping	: 5
microcode	: 0x2
cpu MHz		: 1199.000
cache size	: 3072 KB
physical id	: 0
siblings	: 4
core id		: 0
cpu cores	: 2
apicid		: 1
initial apicid	: 1
fpu		: yes
fpu_exception	: yes
cpuid level	: 11
wp		: yes
flags		: fpu vme de pse tsc msr pae mce cx8 apic sep mtrr pge mca cmov pat pse36 clflush dts acpi mmx fxsr sse sse2 ss ht tm pbe syscall nx rdtscp lm constant_tsc arch_perfmon pebs bts rep_good nopl xtopology nonstop_tsc aperfmperf pni dtes64 monitor ds_cpl vmx est tm2 ssse3 cx16 xtpr pdcm pcid sse4_1 sse4_2 popcnt lahf_lm ida arat dtherm tpr_shadow vnmi flexpriority ept vpid
bogomips	: 5054.62
clflush size	: 64
cache_alignment	: 64
address sizes	: 36 bits physical, 48 bits virtual
power management:

processor	: 2
vendor_id	: GenuineIntel
cpu family	: 6
model		: 37
model name	: Intel(R) Core(TM) i5 CPU       M 460  @ 2.53GHz
stepping	: 5
microcode	: 0x2
cpu MHz		: 2534.000
cache size	: 3072 KB
physical id	: 0
siblings	: 4
core id		: 2
cpu cores	: 2
apicid		: 4
initial apicid	: 4
fpu		: yes
fpu_exception	: yes
cpuid level	: 11
wp		: yes
flags		: fpu vme de pse tsc msr pae mce cx8 apic sep mtrr pge mca cmov pat pse36 clflush dts acpi mmx fxsr sse sse2 ss ht tm pbe syscall nx rdtscp lm constant_tsc arch_perfmon pebs bts rep_good nopl xtopology nonstop_tsc aperfmperf pni dtes64 monitor ds_cpl vmx est tm2 ssse3 cx16 xtpr pdcm pcid sse4_1 sse4_2 popcnt lahf_lm ida arat dtherm tpr_shadow vnmi flexpriority ept vpid
bogomips	: 5054.62
clflush size	: 64
cache_alignment	: 64
address sizes	: 36 bits physical, 48 bits virtual
power management:

processor	: 3
vendor_id	: GenuineIntel
cpu family	: 6
model		: 37
model name	: Intel(R) Core(TM) i5 CPU       M 460  @ 2.53GHz
stepping	: 5
microcode	: 0x2
cpu MHz		: 2534.000
cache size	: 3072 KB
physical id	: 0
siblings	: 4
core id		: 2
cpu cores	: 2
apicid		: 5
initial apicid	: 5
fpu		: yes
fpu_exception	: yes
cpuid level	: 11
wp		: yes
flags		: fpu vme de pse tsc msr pae mce cx8 apic sep mtrr pge mca cmov pat pse36 clflush dts acpi mmx fxsr sse sse2 ss ht tm pbe syscall nx rdtscp lm constant_tsc arch_perfmon pebs bts rep_good nopl xtopology nonstop_tsc aperfmperf pni dtes64 monitor ds_cpl vmx est tm2 ssse3 cx16 xtpr pdcm pcid sse4_1 sse4_2 popcnt lahf_lm ida arat dtherm tpr_shadow vnmi flexpriority ept vpid
bogomips	: 5054.62
clflush size	: 64
cache_alignment	: 64
address sizes	: 36 bits physical, 48 bits virtual
power management:



Memory: 4k page, physical 3842796k(167048k free), swap 3987452k(3980240k free)

vm_info: Java HotSpot(TM) 64-Bit Server VM (25.60-b23) for linux-amd64 JRE (1.8.0_60-b27), built on Aug  4 2015 12:19:40 by "java_re" with gcc 4.3.0 20080428 (Red Hat 4.3.0-8)

time: Fri Mar 25 17:46:27 2016
elapsed time: 30 seconds (0d 0h 0m 30s)

