#
# A fatal error has been detected by the Java Runtime Environment:
#
#  SIGSEGV (0xb) at pc=0x00007f6e38dcfb30, pid=5660, tid=140112868124416
#
# JRE version: Java(TM) SE Runtime Environment (8.0_60-b27) (build 1.8.0_60-b27)
# Java VM: Java HotSpot(TM) 64-Bit Server VM (25.60-b23 mixed mode linux-amd64 compressed oops)
# Problematic frame:
# C  [i965_dri.so+0x2f2b30]
#
# Failed to write core dump. Core dumps have been disabled. To enable core dumping, try "ulimit -c unlimited" before starting Java again
#
# If you would like to submit a bug report, please visit:
#   http://bugreport.java.com/bugreport/crash.jsp
# The crash happened outside the Java Virtual Machine in native code.
# See problematic frame for where to report the bug.
#

---------------  T H R E A D  ---------------

Current thread (0x00007f6e54003000):  JavaThread "AWT-EventQueue-1" [_thread_in_native, id=5691, stack(0x00007f6e91aba000,0x00007f6e91bbb000)]

siginfo: si_signo: 11 (SIGSEGV), si_code: 1 (SEGV_MAPERR), si_addr: 0x000000000000c540

Registers:
RAX=0x00007f6e38dcfb20, RBX=0x000000000000c000, RCX=0x0000000000000000, RDX=0x0000000000000001
RSP=0x00007f6e91bb8550, RBP=0x00007f6e445b33c0, RSI=0x00007f6e516e7880, RDI=0x0000000100000000
R8 =0x0000000000000000, R9 =0x00007f6e903fb9c0, R10=0x00007f6ea1013768, R11=0x00007f6eb69f2f10
R12=0x00007f6e44578160, R13=0x0000000000000000, R14=0x00007f6e44577b60, R15=0x0000000000000000
RIP=0x00007f6e38dcfb30, EFLAGS=0x0000000000010206, CSGSFS=0x0000000000000033, ERR=0x0000000000000004
  TRAPNO=0x000000000000000e

Top of Stack: (sp=0x00007f6e91bb8550)
0x00007f6e91bb8550:   00007f6e91bb8640 0000000000000000
0x00007f6e91bb8560:   00007f6e519ec100 00007f6e445b33c0
0x00007f6e91bb8570:   00007f6e44578160 00007f6e903fba4e
0x00007f6e91bb8580:   00007f6e91bb85b8 00007f6e90646640
0x00007f6e91bb8590:   00007f6e4457d620 00007f6e00000000
0x00007f6e91bb85a0:   0000000000000000 0000000000000000
0x00007f6e91bb85b0:   00007f6e37d62250 00007f6e519ec100
0x00007f6e91bb85c0:   0000000004a0005a 00007f6e90685350
0x00007f6e91bb85d0:   00007f6e91bb8640 0000000000000000
0x00007f6e91bb85e0:   00007f6e90685350 00007f6e91bb8710
0x00007f6e91bb85f0:   00007f6e54003000 00007f6e42981849
0x00007f6e91bb8600:   00007f6ea106c110 00007f6e903d49b0
0x00007f6e91bb8610:   0000000004a0005a 00007f6e4457d620
0x00007f6e91bb8620:   00007f6e91bb86d8 00007f6e540031f8
0x00007f6e91bb8630:   0000000000000000 00007f6e903d49b0
0x00007f6e91bb8640:   00007f6e91bb86c8 00007f6ea1013794
0x00007f6e91bb8650:   0000000000000009 00000000c5a25320
0x00007f6e91bb8660:   0000000000000000 0000000000000000
0x00007f6e91bb8670:   00007f6e91bb8680 00007f6ea106c1a1
0x00007f6e91bb8680:   00007f6e91bb8968 00007f6e91bb8688
0x00007f6e91bb8690:   0000000000000000 00007f6e91bb8710
0x00007f6e91bb86a0:   00007f6e906869f0 0000000000000000
0x00007f6e91bb86b0:   00007f6e90685350 0000000000000000
0x00007f6e91bb86c0:   00007f6e91bb8720 00007f6e91bb8968
0x00007f6e91bb86d0:   00007f6ea1811b54 00000000c5a955c8
0x00007f6e91bb86e0:   00007f6ea100f578 00007f6e903d49b0
0x00007f6e91bb86f0:   00000000fc730a38 0000000004a0005a
0x00007f6e91bb8700:   00000000fc730a78 00007f6e4457d620
0x00007f6e91bb8710:   00000000fc730ae8 00007f6ea1811b54
0x00007f6e91bb8720:   00007f6eb40d9000 00000000c7ea7d58
0x00007f6e91bb8730:   00000000fc730b80 00000000c7ea7d38
0x00007f6e91bb8740:   00007f6e91bb8920 00007f6ea101eec3 

Instructions: (pc=0x00007f6e38dcfb30)
0x00007f6e38dcfb10:   48 83 c4 10 5b 5d 41 5c c3 0f 1f 80 00 00 00 00
0x00007f6e38dcfb20:   41 54 55 53 48 83 ec 10 48 8b 1f 48 85 db 74 3d
0x00007f6e38dcfb30:   f6 83 40 05 00 00 01 49 89 f4 89 cd 75 72 83 e2
0x00007f6e38dcfb40:   01 75 5d 83 e5 fd 74 38 48 8d 35 71 4e 17 00 ba 

Register to memory mapping:

RAX=0x00007f6e38dcfb20: <offset 0x2f2b20> in /usr/lib/x86_64-linux-gnu/dri/i965_dri.so at 0x00007f6e38add000
RBX=0x000000000000c000 is an unknown value
RCX=0x0000000000000000 is an unknown value
RDX=0x0000000000000001 is an unknown value
RSP=0x00007f6e91bb8550 is pointing into the stack for thread: 0x00007f6e54003000
RBP=0x00007f6e445b33c0 is an unknown value
RSI=0x00007f6e516e7880 is an unknown value
RDI=0x0000000100000000 is pointing into metadata
R8 =0x0000000000000000 is an unknown value
R9 =0x00007f6e903fb9c0: <offset 0x439c0> in /usr/lib/x86_64-linux-gnu/mesa/libGL.so.1 at 0x00007f6e903b8000
R10=0x00007f6ea1013768 is at code_begin+808 in an Interpreter codelet
method entry point (kind = native)  [0x00007f6ea1013440, 0x00007f6ea1013d40]  2304 bytes
R11=0x00007f6eb69f2f10: <offset 0x9b8f10> in /usr/local/java/jdk1.8.0_60/jre/lib/amd64/server/libjvm.so at 0x00007f6eb603a000
R12=0x00007f6e44578160 is an unknown value
R13=0x0000000000000000 is an unknown value
R14=0x00007f6e44577b60 is an unknown value
R15=0x0000000000000000 is an unknown value


Stack: [0x00007f6e91aba000,0x00007f6e91bbb000],  sp=0x00007f6e91bb8550,  free space=1017k
Native frames: (J=compiled Java code, j=interpreted, Vv=VM code, C=native code)
C  [i965_dri.so+0x2f2b30]

Java frames: (J=compiled Java code, j=interpreted, Vv=VM code)
j  jogamp.opengl.x11.glx.GLX.dispatch_glXSwapBuffers0(JJJ)V+0
J 2726 C1 jogamp.opengl.x11.glx.GLX.glXSwapBuffers(JJ)V (45 bytes) @ 0x00007f6ea1811b54 [0x00007f6ea18111a0+0x9b4]
J 2725 C1 jogamp.opengl.x11.glx.X11GLXDrawable.swapBuffersImpl(Z)V (21 bytes) @ 0x00007f6ea1810d04 [0x00007f6ea1810a60+0x2a4]
J 2724 C1 jogamp.opengl.GLDrawableImpl.swapBuffers()V (138 bytes) @ 0x00007f6ea180f694 [0x00007f6ea180efe0+0x6b4]
j  javax.media.opengl.awt.GLCanvas$12.run()V+45
J 2489 C1 java.awt.event.InvocationEvent.dispatch()V (69 bytes) @ 0x00007f6ea176ec0c [0x00007f6ea176eac0+0x14c]
J 2522 C1 java.awt.EventQueue.dispatchEventImpl(Ljava/awt/AWTEvent;Ljava/lang/Object;)V (149 bytes) @ 0x00007f6ea1786a7c [0x00007f6ea1784f00+0x1b7c]
J 2520 C1 java.awt.EventQueue$3.run()Ljava/lang/Void; (60 bytes) @ 0x00007f6ea177f844 [0x00007f6ea177f640+0x204]
J 2519 C1 java.awt.EventQueue$3.run()Ljava/lang/Object; (5 bytes) @ 0x00007f6ea178344c [0x00007f6ea17833c0+0x8c]
v  ~StubRoutines::call_stub
J 461  java.security.AccessController.doPrivileged(Ljava/security/PrivilegedAction;Ljava/security/AccessControlContext;)Ljava/lang/Object; (0 bytes) @ 0x00007f6ea12097a3 [0x00007f6ea1209740+0x63]
J 2339 C1 java.awt.EventQueue.dispatchEvent(Ljava/awt/AWTEvent;)V (80 bytes) @ 0x00007f6ea1704904 [0x00007f6ea1703f80+0x984]
J 2345 C1 java.awt.EventDispatchThread.pumpOneEventForFilters(I)V (295 bytes) @ 0x00007f6ea170da14 [0x00007f6ea170bec0+0x1b54]
j  java.awt.EventDispatchThread.pumpEventsForFilter(ILjava/awt/Conditional;Ljava/awt/EventFilter;)V+35
j  java.awt.EventDispatchThread.pumpEventsForHierarchy(ILjava/awt/Conditional;Ljava/awt/Component;)V+11
j  java.awt.EventDispatchThread.pumpEvents(ILjava/awt/Conditional;)V+4
j  java.awt.EventDispatchThread.pumpEvents(Ljava/awt/Conditional;)V+3
j  java.awt.EventDispatchThread.run()V+9
v  ~StubRoutines::call_stub

---------------  P R O C E S S  ---------------

Java Threads: ( => current thread )
  0x00007f6e51688000 JavaThread "Thread-19" [_thread_blocked, id=5729, stack(0x00007f6e36ed2000,0x00007f6e36fd3000)]
  0x00007f6e440f7000 JavaThread "Animation Thread-SharedResourceRunner" daemon [_thread_blocked, id=5701, stack(0x00007f6e9145a000,0x00007f6e9155b000)]
  0x00007f6e44073800 JavaThread "process reaper" daemon [_thread_blocked, id=5696, stack(0x00007f6e9155b000,0x00007f6e91594000)]
  0x00007f6e54014800 JavaThread "Animation Thread" [_thread_blocked, id=5692, stack(0x00007f6e91794000,0x00007f6e91895000)]
=>0x00007f6e54003000 JavaThread "AWT-EventQueue-1" [_thread_in_native, id=5691, stack(0x00007f6e91aba000,0x00007f6e91bbb000)]
  0x00007f6eb000a000 JavaThread "DestroyJavaVM" [_thread_blocked, id=5664, stack(0x00007f6eb7b0e000,0x00007f6eb7c0f000)]
  0x00007f6eb027b800 JavaThread "AWT-EventQueue-0" [_thread_blocked, id=5686, stack(0x00007f6e92294000,0x00007f6e92395000)]
  0x00007f6eb0278000 JavaThread "AWT-Shutdown" [_thread_blocked, id=5685, stack(0x00007f6e92496000,0x00007f6e92597000)]
  0x00007f6eb0265800 JavaThread "thread applet-module6.AirportMap.class" [_thread_blocked, id=5684, stack(0x00007f6e92395000,0x00007f6e92496000)]
  0x00007f6eb0255000 JavaThread "AWT-XAWT" daemon [_thread_blocked, id=5682, stack(0x00007f6e92597000,0x00007f6e92698000)]
  0x00007f6eb022f800 JavaThread "Java2D Disposer" daemon [_thread_blocked, id=5681, stack(0x00007f6e92aa8000,0x00007f6e92ba9000)]
  0x00007f6eb00c3000 JavaThread "Service Thread" daemon [_thread_blocked, id=5679, stack(0x00007f6e98858000,0x00007f6e98959000)]
  0x00007f6eb00be000 JavaThread "C1 CompilerThread2" daemon [_thread_blocked, id=5678, stack(0x00007f6e98959000,0x00007f6e98a5a000)]
  0x00007f6eb00bc800 JavaThread "C2 CompilerThread1" daemon [_thread_blocked, id=5677, stack(0x00007f6e98a5a000,0x00007f6e98b5b000)]
  0x00007f6eb00b9800 JavaThread "C2 CompilerThread0" daemon [_thread_blocked, id=5676, stack(0x00007f6e98b5b000,0x00007f6e98c5c000)]
  0x00007f6eb00b8000 JavaThread "Signal Dispatcher" daemon [_thread_blocked, id=5675, stack(0x00007f6e98c5c000,0x00007f6e98d5d000)]
  0x00007f6eb007f000 JavaThread "Finalizer" daemon [_thread_blocked, id=5674, stack(0x00007f6e99572000,0x00007f6e99673000)]
  0x00007f6eb007d000 JavaThread "Reference Handler" daemon [_thread_blocked, id=5673, stack(0x00007f6e99673000,0x00007f6e99774000)]

Other Threads:
  0x00007f6eb0077800 VMThread [stack: 0x00007f6e99774000,0x00007f6e99875000] [id=5672]
  0x00007f6eb00c6000 WatcherThread [stack: 0x00007f6e98757000,0x00007f6e98858000] [id=5680]

VM state:not at safepoint (normal execution)

VM Mutex/Monitor currently owned by a thread: None

Heap:
 PSYoungGen      total 311296K, used 267108K [0x00000000ec700000, 0x00000000ffe80000, 0x0000000100000000)
  eden space 305664K, 87% used [0x00000000ec700000,0x00000000fcbb91d0,0x00000000ff180000)
  from space 5632K, 2% used [0x00000000ff900000,0x00000000ff920000,0x00000000ffe80000)
  to   space 6656K, 0% used [0x00000000ff180000,0x00000000ff180000,0x00000000ff800000)
 ParOldGen       total 76288K, used 53446K [0x00000000c5400000, 0x00000000c9e80000, 0x00000000ec700000)
  object space 76288K, 70% used [0x00000000c5400000,0x00000000c88318a0,0x00000000c9e80000)
 Metaspace       used 20262K, capacity 20503K, committed 20736K, reserved 1069056K
  class space    used 1893K, capacity 1957K, committed 2048K, reserved 1048576K

Card table byte_map: [0x00007f6eb4703000,0x00007f6eb48da000] byte_map_base: 0x00007f6eb40d9000

Marking Bits: (ParMarkBitMap*) 0x00007f6eb6fe8de0
 Begin Bits: [0x00007f6e9a2a0000, 0x00007f6e9b150000)
 End Bits:   [0x00007f6e9b150000, 0x00007f6e9c000000)

Polling page: 0x00007f6eb7c30000

CodeCache: size=245760Kb used=8454Kb max_used=8461Kb free=237305Kb
 bounds [0x00007f6ea1000000, 0x00007f6ea1850000, 0x00007f6eb0000000]
 total_blobs=3399 nmethods=2428 adapters=885
 compilation: enabled

Compilation events (10 events):
Event: 51,767 Thread 0x00007f6eb00be000 2781       3       java.awt.GraphicsEnvironment::getHeadlessProperty (22 bytes)
Event: 51,767 Thread 0x00007f6eb00be000 nmethod 2781 0x00007f6ea184c6d0 code [0x00007f6ea184c860, 0x00007f6ea184cd28]
Event: 51,953 Thread 0x00007f6eb00bc800 2782       4       java.lang.Long::compareTo (9 bytes)
Event: 51,954 Thread 0x00007f6eb00bc800 nmethod 2782 0x00007f6ea1843150 code [0x00007f6ea18432a0, 0x00007f6ea1843358]
Event: 52,799 Thread 0x00007f6eb00be000 2783       3       sun.java2d.xr.GrowableEltArray::getCharCnt (13 bytes)
Event: 52,799 Thread 0x00007f6eb00be000 nmethod 2783 0x00007f6ea184f650 code [0x00007f6ea184f7c0, 0x00007f6ea184fa10]
Event: 52,800 Thread 0x00007f6eb00be000 2784       3       sun.font.XRGlyphCacheEntry::getXAdvance (16 bytes)
Event: 52,800 Thread 0x00007f6eb00be000 nmethod 2784 0x00007f6ea184f310 code [0x00007f6ea184f480, 0x00007f6ea184f5f0]
Event: 52,800 Thread 0x00007f6eb00be000 2785       3       sun.font.XRGlyphCacheEntry::getYAdvance (16 bytes)
Event: 52,800 Thread 0x00007f6eb00be000 nmethod 2785 0x00007f6ea184efd0 code [0x00007f6ea184f140, 0x00007f6ea184f2b0]

GC Heap History (10 events):
Event: 45,667 GC heap before
{Heap before GC invocations=35 (full 1):
 PSYoungGen      total 308224K, used 298560K [0x00000000ec700000, 0x0000000100000000, 0x0000000100000000)
  eden space 298496K, 100% used [0x00000000ec700000,0x00000000fea80000,0x00000000fea80000)
  from space 9728K, 0% used [0x00000000fea80000,0x00000000fea90000,0x00000000ff400000)
  to   space 9216K, 0% used [0x00000000ff700000,0x00000000ff700000,0x0000000100000000)
 ParOldGen       total 76288K, used 53406K [0x00000000c5400000, 0x00000000c9e80000, 0x00000000ec700000)
  object space 76288K, 70% used [0x00000000c5400000,0x00000000c88278a0,0x00000000c9e80000)
 Metaspace       used 20143K, capacity 20375K, committed 20736K, reserved 1069056K
  class space    used 1892K, capacity 1957K, committed 2048K, reserved 1048576K
Event: 45,676 GC heap after
Heap after GC invocations=35 (full 1):
 PSYoungGen      total 309248K, used 128K [0x00000000ec700000, 0x00000000ffe80000, 0x0000000100000000)
  eden space 301568K, 0% used [0x00000000ec700000,0x00000000ec700000,0x00000000fed80000)
  from space 7680K, 1% used [0x00000000ff700000,0x00000000ff720000,0x00000000ffe80000)
  to   space 8704K, 0% used [0x00000000fed80000,0x00000000fed80000,0x00000000ff600000)
 ParOldGen       total 76288K, used 53414K [0x00000000c5400000, 0x00000000c9e80000, 0x00000000ec700000)
  object space 76288K, 70% used [0x00000000c5400000,0x00000000c88298a0,0x00000000c9e80000)
 Metaspace       used 20143K, capacity 20375K, committed 20736K, reserved 1069056K
  class space    used 1892K, capacity 1957K, committed 2048K, reserved 1048576K
}
Event: 47,169 GC heap before
{Heap before GC invocations=36 (full 1):
 PSYoungGen      total 309248K, used 301696K [0x00000000ec700000, 0x00000000ffe80000, 0x0000000100000000)
  eden space 301568K, 100% used [0x00000000ec700000,0x00000000fed80000,0x00000000fed80000)
  from space 7680K, 1% used [0x00000000ff700000,0x00000000ff720000,0x00000000ffe80000)
  to   space 8704K, 0% used [0x00000000fed80000,0x00000000fed80000,0x00000000ff600000)
 ParOldGen       total 76288K, used 53414K [0x00000000c5400000, 0x00000000c9e80000, 0x00000000ec700000)
  object space 76288K, 70% used [0x00000000c5400000,0x00000000c88298a0,0x00000000c9e80000)
 Metaspace       used 20146K, capacity 20375K, committed 20736K, reserved 1069056K
  class space    used 1892K, capacity 1957K, committed 2048K, reserved 1048576K
Event: 47,172 GC heap after
Heap after GC invocations=36 (full 1):
 PSYoungGen      total 310272K, used 32K [0x00000000ec700000, 0x0000000100000000, 0x0000000100000000)
  eden space 301568K, 0% used [0x00000000ec700000,0x00000000ec700000,0x00000000fed80000)
  from space 8704K, 0% used [0x00000000fed80000,0x00000000fed88000,0x00000000ff600000)
  to   space 8192K, 0% used [0x00000000ff800000,0x00000000ff800000,0x0000000100000000)
 ParOldGen       total 76288K, used 53422K [0x00000000c5400000, 0x00000000c9e80000, 0x00000000ec700000)
  object space 76288K, 70% used [0x00000000c5400000,0x00000000c882b8a0,0x00000000c9e80000)
 Metaspace       used 20146K, capacity 20375K, committed 20736K, reserved 1069056K
  class space    used 1892K, capacity 1957K, committed 2048K, reserved 1048576K
}
Event: 48,671 GC heap before
{Heap before GC invocations=37 (full 1):
 PSYoungGen      total 310272K, used 301600K [0x00000000ec700000, 0x0000000100000000, 0x0000000100000000)
  eden space 301568K, 100% used [0x00000000ec700000,0x00000000fed80000,0x00000000fed80000)
  from space 8704K, 0% used [0x00000000fed80000,0x00000000fed88000,0x00000000ff600000)
  to   space 8192K, 0% used [0x00000000ff800000,0x00000000ff800000,0x0000000100000000)
 ParOldGen       total 76288K, used 53422K [0x00000000c5400000, 0x00000000c9e80000, 0x00000000ec700000)
  object space 76288K, 70% used [0x00000000c5400000,0x00000000c882b8a0,0x00000000c9e80000)
 Metaspace       used 20158K, capacity 20375K, committed 20736K, reserved 1069056K
  class space    used 1892K, capacity 1957K, committed 2048K, reserved 1048576K
Event: 48,675 GC heap after
Heap after GC invocations=37 (full 1):
 PSYoungGen      total 310272K, used 96K [0x00000000ec700000, 0x00000000ffe80000, 0x0000000100000000)
  eden space 303616K, 0% used [0x00000000ec700000,0x00000000ec700000,0x00000000fef80000)
  from space 6656K, 1% used [0x00000000ff800000,0x00000000ff818000,0x00000000ffe80000)
  to   space 7680K, 0% used [0x00000000fef80000,0x00000000fef80000,0x00000000ff700000)
 ParOldGen       total 76288K, used 53430K [0x00000000c5400000, 0x00000000c9e80000, 0x00000000ec700000)
  object space 76288K, 70% used [0x00000000c5400000,0x00000000c882d8a0,0x00000000c9e80000)
 Metaspace       used 20158K, capacity 20375K, committed 20736K, reserved 1069056K
  class space    used 1892K, capacity 1957K, committed 2048K, reserved 1048576K
}
Event: 50,119 GC heap before
{Heap before GC invocations=38 (full 1):
 PSYoungGen      total 310272K, used 303712K [0x00000000ec700000, 0x00000000ffe80000, 0x0000000100000000)
  eden space 303616K, 100% used [0x00000000ec700000,0x00000000fef80000,0x00000000fef80000)
  from space 6656K, 1% used [0x00000000ff800000,0x00000000ff818000,0x00000000ffe80000)
  to   space 7680K, 0% used [0x00000000fef80000,0x00000000fef80000,0x00000000ff700000)
 ParOldGen       total 76288K, used 53430K [0x00000000c5400000, 0x00000000c9e80000, 0x00000000ec700000)
  object space 76288K, 70% used [0x00000000c5400000,0x00000000c882d8a0,0x00000000c9e80000)
 Metaspace       used 20225K, capacity 20439K, committed 20736K, reserved 1069056K
  class space    used 1892K, capacity 1957K, committed 2048K, reserved 1048576K
Event: 50,122 GC heap after
Heap after GC invocations=38 (full 1):
 PSYoungGen      total 311296K, used 96K [0x00000000ec700000, 0x0000000100000000, 0x0000000100000000)
  eden space 303616K, 0% used [0x00000000ec700000,0x00000000ec700000,0x00000000fef80000)
  from space 7680K, 1% used [0x00000000fef80000,0x00000000fef98000,0x00000000ff700000)
  to   space 7168K, 0% used [0x00000000ff900000,0x00000000ff900000,0x0000000100000000)
 ParOldGen       total 76288K, used 53438K [0x00000000c5400000, 0x00000000c9e80000, 0x00000000ec700000)
  object space 76288K, 70% used [0x00000000c5400000,0x00000000c882f8a0,0x00000000c9e80000)
 Metaspace       used 20225K, capacity 20439K, committed 20736K, reserved 1069056K
  class space    used 1892K, capacity 1957K, committed 2048K, reserved 1048576K
}
Event: 51,567 GC heap before
{Heap before GC invocations=39 (full 1):
 PSYoungGen      total 311296K, used 303712K [0x00000000ec700000, 0x0000000100000000, 0x0000000100000000)
  eden space 303616K, 100% used [0x00000000ec700000,0x00000000fef80000,0x00000000fef80000)
  from space 7680K, 1% used [0x00000000fef80000,0x00000000fef98000,0x00000000ff700000)
  to   space 7168K, 0% used [0x00000000ff900000,0x00000000ff900000,0x0000000100000000)
 ParOldGen       total 76288K, used 53438K [0x00000000c5400000, 0x00000000c9e80000, 0x00000000ec700000)
  object space 76288K, 70% used [0x00000000c5400000,0x00000000c882f8a0,0x00000000c9e80000)
 Metaspace       used 20236K, capacity 20439K, committed 20736K, reserved 1069056K
  class space    used 1892K, capacity 1957K, committed 2048K, reserved 1048576K
Event: 51,570 GC heap after
Heap after GC invocations=39 (full 1):
 PSYoungGen      total 311296K, used 128K [0x00000000ec700000, 0x00000000ffe80000, 0x0000000100000000)
  eden space 305664K, 0% used [0x00000000ec700000,0x00000000ec700000,0x00000000ff180000)
  from space 5632K, 2% used [0x00000000ff900000,0x00000000ff920000,0x00000000ffe80000)
  to   space 6656K, 0% used [0x00000000ff180000,0x00000000ff180000,0x00000000ff800000)
 ParOldGen       total 76288K, used 53446K [0x00000000c5400000, 0x00000000c9e80000, 0x00000000ec700000)
  object space 76288K, 70% used [0x00000000c5400000,0x00000000c88318a0,0x00000000c9e80000)
 Metaspace       used 20236K, capacity 20439K, committed 20736K, reserved 1069056K
  class space    used 1892K, capacity 1957K, committed 2048K, reserved 1048576K
}

Deoptimization events (10 events):
Event: 12,167 Thread 0x00007f6e54003000 Uncommon trap: reason=class_check action=maybe_recompile pc=0x00007f6ea15dd060 method=de.fhpotsdam.unfolding.marker.MarkerManager.draw()V @ 33
Event: 12,167 Thread 0x00007f6e54003000 Uncommon trap: reason=unstable_if action=reinterpret pc=0x00007f6ea15c6038 method=module6.CommonMarker.draw(Lprocessing/core/PGraphics;FF)V @ 4
Event: 12,179 Thread 0x00007f6e54003000 Uncommon trap: reason=class_check action=maybe_recompile pc=0x00007f6ea15dd060 method=de.fhpotsdam.unfolding.marker.MarkerManager.draw()V @ 33
Event: 12,180 Thread 0x00007f6e54003000 Uncommon trap: reason=class_check action=maybe_recompile pc=0x00007f6ea15dd060 method=de.fhpotsdam.unfolding.marker.MarkerManager.draw()V @ 33
Event: 12,182 Thread 0x00007f6e54003000 Uncommon trap: reason=class_check action=maybe_recompile pc=0x00007f6ea15dd060 method=de.fhpotsdam.unfolding.marker.MarkerManager.draw()V @ 33
Event: 12,401 Thread 0x00007f6e54003000 Uncommon trap: reason=unstable_if action=reinterpret pc=0x00007f6ea11abf34 method=de.fhpotsdam.unfolding.marker.MarkerManager.draw()V @ 24
Event: 13,960 Thread 0x00007f6e54003000 Uncommon trap: reason=unstable_if action=reinterpret pc=0x00007f6ea1152948 method=java.nio.Buffer.nextGetIndex()I @ 8
Event: 13,966 Thread 0x00007f6e54003000 Uncommon trap: reason=unstable_if action=reinterpret pc=0x00007f6ea1151630 method=java.nio.Buffer.nextGetIndex()I @ 8
Event: 13,969 Thread 0x00007f6e54003000 Uncommon trap: reason=unstable_if action=reinterpret pc=0x00007f6ea1351290 method=java.nio.Buffer.nextGetIndex()I @ 8
Event: 14,128 Thread 0x00007f6e54003000 Uncommon trap: reason=unstable_if action=reinterpret pc=0x00007f6ea12f1498 method=processing.opengl.PGraphicsOpenGL$InGeometry.addVertex(FFFIFFFFFIFIIIFIZ)I @ 211

Internal exceptions (10 events):
Event: 2,357 Thread 0x00007f6e54003000 Implicit null exception at 0x00007f6ea11e1275 to 0x00007f6ea11e15bd
Event: 10,883 Thread 0x00007f6e54003000 Exception <a 'java/lang/reflect/InvocationTargetException'> (0x00000000efe2cee0) thrown at [/HUDSON/workspace/8-2-build-linux-amd64/jdk8u60/4407/hotspot/src/share/vm/runtime/reflection.cpp, line 1092]
Event: 10,883 Thread 0x00007f6e54003000 Exception <a 'java/lang/reflect/InvocationTargetException'> (0x00000000efe2d728) thrown at [/HUDSON/workspace/8-2-build-linux-amd64/jdk8u60/4407/hotspot/src/share/vm/runtime/reflection.cpp, line 1092]
Event: 10,886 Thread 0x00007f6e54003000 Exception <a 'java/lang/reflect/InvocationTargetException'> (0x00000000efe2e3a0) thrown at [/HUDSON/workspace/8-2-build-linux-amd64/jdk8u60/4407/hotspot/src/share/vm/runtime/reflection.cpp, line 1092]
Event: 11,281 Thread 0x00007f6e54014800 Exception <a 'java/lang/reflect/InvocationTargetException'> (0x00000000ec705538) thrown at [/HUDSON/workspace/8-2-build-linux-amd64/jdk8u60/4407/hotspot/src/share/vm/runtime/reflection.cpp, line 1092]
Event: 11,282 Thread 0x00007f6e54014800 Exception <a 'java/lang/reflect/InvocationTargetException'> (0x00000000ec705b08) thrown at [/HUDSON/workspace/8-2-build-linux-amd64/jdk8u60/4407/hotspot/src/share/vm/runtime/reflection.cpp, line 1092]
Event: 11,282 Thread 0x00007f6e54014800 Exception <a 'java/lang/reflect/InvocationTargetException'> (0x00000000ec705f20) thrown at [/HUDSON/workspace/8-2-build-linux-amd64/jdk8u60/4407/hotspot/src/share/vm/runtime/reflection.cpp, line 1092]
Event: 11,282 Thread 0x00007f6e54014800 Exception <a 'java/lang/reflect/InvocationTargetException'> (0x00000000ec706338) thrown at [/HUDSON/workspace/8-2-build-linux-amd64/jdk8u60/4407/hotspot/src/share/vm/runtime/reflection.cpp, line 1092]
Event: 11,297 Thread 0x00007f6e54014800 Exception <a 'java/lang/reflect/InvocationTargetException'> (0x00000000ec70cf18) thrown at [/HUDSON/workspace/8-2-build-linux-amd64/jdk8u60/4407/hotspot/src/share/vm/runtime/reflection.cpp, line 1092]
Event: 11,306 Thread 0x00007f6e54014800 Exception <a 'java/lang/reflect/InvocationTargetException'> (0x00000000ec711398) thrown at [/HUDSON/workspace/8-2-build-linux-amd64/jdk8u60/4407/hotspot/src/share/vm/runtime/reflection.cpp, line 1092]

Events (10 events):
Event: 50,122 Executing VM operation: ParallelGCFailedAllocation done
Event: 51,567 Executing VM operation: ParallelGCFailedAllocation
Event: 51,570 Executing VM operation: ParallelGCFailedAllocation done
Event: 52,611 loading class sun/applet/AppletViewer$3
Event: 52,611 loading class sun/applet/AppletViewer$3 done
Event: 52,611 Thread 0x00007f6e51688000 Thread added: 0x00007f6e51688000
Event: 52,611 Executing VM operation: RevokeBias
Event: 52,611 Executing VM operation: RevokeBias done
Event: 52,612 loading class sun/applet/AppletPanel$4
Event: 52,612 loading class sun/applet/AppletPanel$4 done


Dynamic libraries:
00400000-00401000 r-xp 00000000 08:05 4475464                            /usr/local/java/jdk1.8.0_60/bin/java
00600000-00601000 rw-p 00000000 08:05 4475464                            /usr/local/java/jdk1.8.0_60/bin/java
01c4d000-01cb4000 rw-p 00000000 00:00 0                                  [heap]
c5400000-c9e80000 rw-p 00000000 00:00 0 
c9e80000-ec700000 ---p 00000000 00:00 0 
ec700000-ffe80000 rw-p 00000000 00:00 0 
ffe80000-100000000 ---p 00000000 00:00 0 
100000000-100200000 rw-p 00000000 00:00 0 
100200000-140000000 ---p 00000000 00:00 0 
7f6e10000000-7f6e10028000 rw-p 00000000 00:00 0 
7f6e10028000-7f6e14000000 ---p 00000000 00:00 0 
7f6e18000000-7f6e18047000 rw-p 00000000 00:00 0 
7f6e18047000-7f6e1c000000 ---p 00000000 00:00 0 
7f6e1c000000-7f6e1c03d000 rw-p 00000000 00:00 0 
7f6e1c03d000-7f6e20000000 ---p 00000000 00:00 0 
7f6e20000000-7f6e20021000 rw-p 00000000 00:00 0 
7f6e20021000-7f6e24000000 ---p 00000000 00:00 0 
7f6e24000000-7f6e24021000 rw-p 00000000 00:00 0 
7f6e24021000-7f6e28000000 ---p 00000000 00:00 0 
7f6e28000000-7f6e28021000 rw-p 00000000 00:00 0 
7f6e28021000-7f6e2c000000 ---p 00000000 00:00 0 
7f6e2c000000-7f6e2c021000 rw-p 00000000 00:00 0 
7f6e2c021000-7f6e30000000 ---p 00000000 00:00 0 
7f6e30000000-7f6e30021000 rw-p 00000000 00:00 0 
7f6e30021000-7f6e34000000 ---p 00000000 00:00 0 
7f6e35c30000-7f6e35c31000 r--s 00000000 08:05 807309                     /var/cache/fontconfig/087e1975ba9a574b140bb1df193bf770-le64.cache-4
7f6e35c31000-7f6e35c3f000 r--s 00000000 08:05 798218                     /var/cache/fontconfig/6aa41aa22e18b8fa06a12da28ea9c28b-le64.cache-4
7f6e35c3f000-7f6e35c40000 r--s 00000000 08:05 786527                     /var/cache/fontconfig/c05880de57d1f5e948fdfacc138775d9-le64.cache-4
7f6e35c40000-7f6e35c4b000 r--s 00000000 08:05 786521                     /var/cache/fontconfig/945677eb7aeaf62f1d50efc3fb3ec7d8-le64.cache-4
7f6e35c4b000-7f6e35c51000 r--s 00000000 08:05 786507                     /var/cache/fontconfig/2cd17615ca594fa2959ae173292e504c-le64.cache-4
7f6e35c51000-7f6e35c52000 r--s 00000000 08:05 786537                     /var/cache/fontconfig/e7071f4a29fa870f4323321c154eba04-le64.cache-4
7f6e35c52000-7f6e35c53000 r--s 00000000 08:05 786504                     /var/cache/fontconfig/0d8c3b2ac0904cb8a57a757ad11a4a08-le64.cache-4
7f6e35c53000-7f6e35c5a000 r--s 00000000 08:05 786524                     /var/cache/fontconfig/a755afe4a08bf5b97852ceb7400b47bc-le64.cache-4
7f6e35c5a000-7f6e35c66000 r--s 00000000 08:05 806641                     /var/cache/fontconfig/6d41288fd70b0be22e8c3a91e032eec0-le64.cache-4
7f6e35c66000-7f6e35c7a000 r--s 00000000 08:05 786502                     /var/cache/fontconfig/04aabc0a78ac019cf9454389977116d2-le64.cache-4
7f6e35c7a000-7f6e35c7b000 r--s 00000000 08:05 786506                     /var/cache/fontconfig/1ac9eb803944fde146138c791f5cc56a-le64.cache-4
7f6e35c7b000-7f6e35c7c000 r--s 00000000 08:05 807308                     /var/cache/fontconfig/b95bc8ffbebda2bbdae4265e45b8178d-le64.cache-4
7f6e35c7c000-7f6e35c80000 r--s 00000000 08:05 786510                     /var/cache/fontconfig/385c0604a188198f04d133e54aba7fe7-le64.cache-4
7f6e35c80000-7f6e35c81000 r--s 00000000 08:05 807307                     /var/cache/fontconfig/9c956a7723ca69a44b382d9179c9802f-le64.cache-4
7f6e35c81000-7f6e35c82000 r--s 00000000 08:05 786534                     /var/cache/fontconfig/dc05db6664285cc2f12bf69c139ae4c3-le64.cache-4
7f6e35c82000-7f6e35c83000 r--s 00000000 08:05 807306                     /var/cache/fontconfig/5d1cca7074f29429a8d18692746c2426-le64.cache-4
7f6e35c83000-7f6e35c85000 r--s 00000000 08:05 786518                     /var/cache/fontconfig/767a8244fc0220cfb567a839d0392e0b-le64.cache-4
7f6e35c85000-7f6e35c86000 r--s 00000000 08:05 790930                     /var/cache/fontconfig/4794a0821666d79190d59a36cb4f44b5-le64.cache-4
7f6e35c86000-7f6e35c87000 r--s 00000000 08:05 807305                     /var/cache/fontconfig/9eae20f1ff8cc0a7d125749e875856bd-le64.cache-4
7f6e35c87000-7f6e35c89000 r--s 00000000 08:05 807304                     /var/cache/fontconfig/bf2c1853a9e9b00bb02fe2e9bcf1e201-le64.cache-4
7f6e35c89000-7f6e35c8e000 r--s 00000000 08:05 786520                     /var/cache/fontconfig/8801497958630a81b71ace7c5f9b32a8-le64.cache-4
7f6e35c8e000-7f6e35c95000 r--s 00000000 08:05 786508                     /var/cache/fontconfig/3047814df9a2f067bd2d96a2b9c36e5a-le64.cache-4
7f6e35c95000-7f6e35c99000 r--s 00000000 08:05 807303                     /var/cache/fontconfig/bf3b770c553c462765856025a94f1ce6-le64.cache-4
7f6e35c99000-7f6e35c9a000 r--s 00000000 08:05 786514                     /var/cache/fontconfig/56cf4f4769d0f4abc89a4895d7bd3ae1-le64.cache-4
7f6e35c9a000-7f6e35c9b000 r--s 00000000 08:05 786526                     /var/cache/fontconfig/b9d506c9ac06c20b433354fa67a72993-le64.cache-4
7f6e35c9b000-7f6e35ca1000 r--s 00000000 08:05 786525                     /var/cache/fontconfig/b47c4e1ecd0709278f4910c18777a504-le64.cache-4
7f6e35ca1000-7f6e35ca4000 r--s 00000000 08:05 807302                     /var/cache/fontconfig/14d493b97896515cad3840ba4896e372-le64.cache-4
7f6e35ca4000-7f6e35ca5000 r--s 00000000 08:05 807301                     /var/cache/fontconfig/89034621ae2a8922916bb6bfa5799546-le64.cache-4
7f6e35ca5000-7f6e35ca8000 r--s 00000000 08:05 807300                     /var/cache/fontconfig/e49e89034d371f0f9de17aab02136486-le64.cache-4
7f6e35ca8000-7f6e35caa000 r--s 00000000 08:05 807299                     /var/cache/fontconfig/4b14b093aebc79c320de5e86ae1d3314-le64.cache-4
7f6e35caa000-7f6e35cab000 r--s 00000000 08:05 807298                     /var/cache/fontconfig/8aec10f4cc8391dcef22ca549f1e4354-le64.cache-4
7f6e35cab000-7f6e35cbe000 r--s 00000000 08:05 786531                     /var/cache/fontconfig/d52a8644073d54c13679302ca1180695-le64.cache-4
7f6e35cbe000-7f6e35cbf000 r--s 00000000 08:05 807297                     /var/cache/fontconfig/8a687c406b77f27d99abfeeba937fcce-le64.cache-4
7f6e35cbf000-7f6e35cc8000 r--s 00000000 08:05 787140                     /var/cache/fontconfig/3f7329c5293ffd510edef78f73874cfd-le64.cache-4
7f6e35cc8000-7f6e35cc9000 r--s 00000000 08:05 807296                     /var/cache/fontconfig/ac2cf712d852da827a87a9baf682f5b9-le64.cache-4
7f6e35cc9000-7f6e35ccb000 r--s 00000000 08:05 807295                     /var/cache/fontconfig/65f976e5259cbe6dc7697b8648396239-le64.cache-4
7f6e35ccb000-7f6e35cd6000 r--s 00000000 08:05 795403                     /var/cache/fontconfig/d589a48862398ed80a3d6066f4f56f4c-le64.cache-4
7f6e35cd6000-7f6e35cd7000 r--s 00000000 08:05 807294                     /var/cache/fontconfig/94f7fe9bd33aadfac165873bd010d595-le64.cache-4
7f6e35cd7000-7f6e35cd9000 r--s 00000000 08:05 807293                     /var/cache/fontconfig/423767150eb258c59035de29db6fca84-le64.cache-4
7f6e35cd9000-7f6e35cda000 r--s 00000000 08:05 807292                     /var/cache/fontconfig/845c20fd2c4814bcec78e05d37a63ccc-le64.cache-4
7f6e35cda000-7f6e35cdc000 r--s 00000000 08:05 807289                     /var/cache/fontconfig/67709b7835c0f764c1135060c9575660-le64.cache-4
7f6e35cdc000-7f6e35ce6000 r--s 00000000 08:05 807288                     /var/cache/fontconfig/198d8fcf01c96d0cf813f74fd759bdb7-le64.cache-4
7f6e35ce6000-7f6e35cf1000 r--s 00000000 08:05 807286                     /var/cache/fontconfig/83bf95040141907cd45bb53cf7c1c148-le64.cache-4
7f6e35cf1000-7f6e35cf8000 r--s 00000000 08:05 807283                     /var/cache/fontconfig/53d14c92082a93e67d5078324eb314ca-le64.cache-4
7f6e35cf8000-7f6e35cfc000 r--s 00000000 08:05 807282                     /var/cache/fontconfig/6c08beecf0dac481ec92e759e0c2e6d7-le64.cache-4
7f6e35cfc000-7f6e35d00000 r--s 00000000 08:05 807281                     /var/cache/fontconfig/4d6aee6d44eccb37054d3216e945f618-le64.cache-4
7f6e35d00000-7f6e35d04000 r--s 00000000 08:05 807280                     /var/cache/fontconfig/d6c6df98c3df5faf9bd0f8ef4d91efe5-le64.cache-4
7f6e35d04000-7f6e35d17000 r--s 00000000 08:05 807278                     /var/cache/fontconfig/4ac51e5cfbc76fc3f983e470323a16d3-le64.cache-4
7f6e35d17000-7f6e35d38000 r--s 00000000 08:05 797119                     /var/cache/fontconfig/e13b20fdb08344e0e664864cc2ede53d-le64.cache-4
7f6e35d38000-7f6e35d45000 r--s 00000000 08:05 807312                     /var/cache/fontconfig/8f02d4cb045bd6ce15663e43f347c9f8-le64.cache-4
7f6e3608a000-7f6e3624a000 rw-s 107800000 00:05 1816                      /dev/dri/card0
7f6e3624a000-7f6e3628a000 rw-p 00000000 00:00 0 
7f6e3628a000-7f6e3644a000 ---p 00000000 00:00 0 
7f6e3644a000-7f6e36468000 r--s 00000000 08:05 790931                     /var/cache/fontconfig/467c019e582ee353435ea5c21d137ef6-le64.cache-4
7f6e3652e000-7f6e3658e000 rw-s 1077a0000 00:05 1816                      /dev/dri/card0
7f6e3658e000-7f6e365ee000 rw-s 107740000 00:05 1816                      /dev/dri/card0
7f6e365ee000-7f6e3664e000 rw-s 1076e0000 00:05 1816                      /dev/dri/card0
7f6e3664e000-7f6e366ae000 rw-s 107680000 00:05 1816                      /dev/dri/card0
7f6e366ae000-7f6e3670e000 rw-s 107620000 00:05 1816                      /dev/dri/card0
7f6e3670e000-7f6e3676e000 rw-s 1075c0000 00:05 1816                      /dev/dri/card0
7f6e3676e000-7f6e367ce000 rw-s 107560000 00:05 1816                      /dev/dri/card0
7f6e367ce000-7f6e3682e000 rw-s 107500000 00:05 1816                      /dev/dri/card0
7f6e3682e000-7f6e3688e000 rw-s 1074a0000 00:05 1816                      /dev/dri/card0
7f6e3688e000-7f6e368ee000 rw-s 107440000 00:05 1816                      /dev/dri/card0
7f6e368ee000-7f6e3694e000 rw-s 1073e0000 00:05 1816                      /dev/dri/card0
7f6e3694e000-7f6e369ae000 rw-s 107380000 00:05 1816                      /dev/dri/card0
7f6e369ae000-7f6e36a0e000 rw-s 107320000 00:05 1816                      /dev/dri/card0
7f6e36a0e000-7f6e36a6e000 rw-s 1072c0000 00:05 1816                      /dev/dri/card0
7f6e36a6e000-7f6e36ace000 rw-s 107260000 00:05 1816                      /dev/dri/card0
7f6e36ace000-7f6e36ad1000 ---p 00000000 00:00 0 
7f6e36ad1000-7f6e36bcf000 rw-p 00000000 00:00 0 
7f6e36bcf000-7f6e36bd2000 ---p 00000000 00:00 0 
7f6e36bd2000-7f6e36cd0000 rw-p 00000000 00:00 0 
7f6e36cd0000-7f6e36cd3000 ---p 00000000 00:00 0 
7f6e36cd3000-7f6e36dd1000 rw-p 00000000 00:00 0 
7f6e36dd1000-7f6e36dd4000 ---p 00000000 00:00 0 
7f6e36dd4000-7f6e36ed2000 rw-p 00000000 00:00 0 
7f6e36ed2000-7f6e36ed5000 ---p 00000000 00:00 0 
7f6e36ed5000-7f6e36fd3000 rw-p 00000000 00:00 0                          [stack:5729]
7f6e36fd3000-7f6e36fea000 r-xp 00000000 08:05 1048615                    /lib/x86_64-linux-gnu/libresolv-2.19.so
7f6e36fea000-7f6e371ea000 ---p 00017000 08:05 1048615                    /lib/x86_64-linux-gnu/libresolv-2.19.so
7f6e371ea000-7f6e371eb000 r--p 00017000 08:05 1048615                    /lib/x86_64-linux-gnu/libresolv-2.19.so
7f6e371eb000-7f6e371ec000 rw-p 00018000 08:05 1048615                    /lib/x86_64-linux-gnu/libresolv-2.19.so
7f6e371ec000-7f6e371ee000 rw-p 00000000 00:00 0 
7f6e371ee000-7f6e371f3000 r-xp 00000000 08:05 1055063                    /lib/x86_64-linux-gnu/libnss_dns-2.19.so
7f6e371f3000-7f6e373f2000 ---p 00005000 08:05 1055063                    /lib/x86_64-linux-gnu/libnss_dns-2.19.so
7f6e373f2000-7f6e373f3000 r--p 00004000 08:05 1055063                    /lib/x86_64-linux-gnu/libnss_dns-2.19.so
7f6e373f3000-7f6e373f4000 rw-p 00005000 08:05 1055063                    /lib/x86_64-linux-gnu/libnss_dns-2.19.so
7f6e373f4000-7f6e373f6000 r-xp 00000000 08:05 1052761                    /lib/x86_64-linux-gnu/libnss_mdns4_minimal.so.2
7f6e373f6000-7f6e375f5000 ---p 00002000 08:05 1052761                    /lib/x86_64-linux-gnu/libnss_mdns4_minimal.so.2
7f6e375f5000-7f6e375f6000 r--p 00001000 08:05 1052761                    /lib/x86_64-linux-gnu/libnss_mdns4_minimal.so.2
7f6e375f6000-7f6e375f7000 rw-p 00002000 08:05 1052761                    /lib/x86_64-linux-gnu/libnss_mdns4_minimal.so.2
7f6e375f7000-7f6e377b7000 rw-s 1070a0000 00:05 1816                      /dev/dri/card0
7f6e377b7000-7f6e377ba000 ---p 00000000 00:00 0 
7f6e377ba000-7f6e378b8000 rw-p 00000000 00:00 0 
7f6e378b8000-7f6e378bb000 ---p 00000000 00:00 0 
7f6e378bb000-7f6e379b9000 rw-p 00000000 00:00 0 
7f6e379b9000-7f6e37b79000 rw-s 106ee0000 00:05 1816                      /dev/dri/card0
7f6e37b79000-7f6e37d79000 rw-p 00000000 00:00 0 
7f6e37d79000-7f6e37ff9000 rw-s 106c40000 00:05 1816                      /dev/dri/card0
7f6e37ff9000-7f6e38279000 rw-s 1199e7000 00:05 1816                      /dev/dri/card0
7f6e38279000-7f6e3827b000 r-xp 00000000 08:05 3547316                    /usr/lib/x86_64-linux-gnu/libXinerama.so.1.0.0
7f6e3827b000-7f6e3847a000 ---p 00002000 08:05 3547316                    /usr/lib/x86_64-linux-gnu/libXinerama.so.1.0.0
7f6e3847a000-7f6e3847b000 r--p 00001000 08:05 3547316                    /usr/lib/x86_64-linux-gnu/libXinerama.so.1.0.0
7f6e3847b000-7f6e3847c000 rw-p 00002000 08:05 3547316                    /usr/lib/x86_64-linux-gnu/libXinerama.so.1.0.0
7f6e3847c000-7f6e384b3000 r-xp 00000000 08:05 3548239                    /usr/lib/x86_64-linux-gnu/libtxc_dxtn_s2tc.so.0.0.0
7f6e384b3000-7f6e386b2000 ---p 00037000 08:05 3548239                    /usr/lib/x86_64-linux-gnu/libtxc_dxtn_s2tc.so.0.0.0
7f6e386b2000-7f6e386b3000 r--p 00036000 08:05 3548239                    /usr/lib/x86_64-linux-gnu/libtxc_dxtn_s2tc.so.0.0.0
7f6e386b3000-7f6e386b4000 rw-p 00037000 08:05 3548239                    /usr/lib/x86_64-linux-gnu/libtxc_dxtn_s2tc.so.0.0.0
7f6e386b4000-7f6e386bc000 r-xp 00000000 08:05 3548044                    /usr/lib/x86_64-linux-gnu/libpciaccess.so.0.11.1
7f6e386bc000-7f6e388bb000 ---p 00008000 08:05 3548044                    /usr/lib/x86_64-linux-gnu/libpciaccess.so.0.11.1
7f6e388bb000-7f6e388bc000 r--p 00007000 08:05 3548044                    /usr/lib/x86_64-linux-gnu/libpciaccess.so.0.11.1
7f6e388bc000-7f6e388bd000 rw-p 00008000 08:05 3548044                    /usr/lib/x86_64-linux-gnu/libpciaccess.so.0.11.1
7f6e388bd000-7f6e388dc000 r-xp 00000000 08:05 3545149                    /usr/lib/x86_64-linux-gnu/libdrm_intel.so.1.0.0
7f6e388dc000-7f6e38adb000 ---p 0001f000 08:05 3545149                    /usr/lib/x86_64-linux-gnu/libdrm_intel.so.1.0.0
7f6e38adb000-7f6e38adc000 r--p 0001e000 08:05 3545149                    /usr/lib/x86_64-linux-gnu/libdrm_intel.so.1.0.0
7f6e38adc000-7f6e38add000 rw-p 0001f000 08:05 3545149                    /usr/lib/x86_64-linux-gnu/libdrm_intel.so.1.0.0
7f6e38add000-7f6e38fe5000 r-xp 00000000 08:05 3803442                    /usr/lib/x86_64-linux-gnu/dri/i965_dri.so
7f6e38fe5000-7f6e391e4000 ---p 00508000 08:05 3803442                    /usr/lib/x86_64-linux-gnu/dri/i965_dri.so
7f6e391e4000-7f6e391fe000 r--p 00507000 08:05 3803442                    /usr/lib/x86_64-linux-gnu/dri/i965_dri.so
7f6e391fe000-7f6e39204000 rw-p 00521000 08:05 3803442                    /usr/lib/x86_64-linux-gnu/dri/i965_dri.so
7f6e39204000-7f6e3920f000 rw-p 00000000 00:00 0 
7f6e3920f000-7f6e39253000 r-xp 00000000 08:05 1052694                    /lib/x86_64-linux-gnu/libdbus-1.so.3.7.6
7f6e39253000-7f6e39452000 ---p 00044000 08:05 1052694                    /lib/x86_64-linux-gnu/libdbus-1.so.3.7.6
7f6e39452000-7f6e39453000 r--p 00043000 08:05 1052694                    /lib/x86_64-linux-gnu/libdbus-1.so.3.7.6
7f6e39453000-7f6e39454000 rw-p 00044000 08:05 1052694                    /lib/x86_64-linux-gnu/libdbus-1.so.3.7.6
7f6e39454000-7f6e3945c000 r-xp 00000000 08:05 1052742                    /lib/x86_64-linux-gnu/libnih-dbus.so.1.0.0
7f6e3945c000-7f6e3965c000 ---p 00008000 08:05 1052742                    /lib/x86_64-linux-gnu/libnih-dbus.so.1.0.0
7f6e3965c000-7f6e3965d000 r--p 00008000 08:05 1052742                    /lib/x86_64-linux-gnu/libnih-dbus.so.1.0.0
7f6e3965d000-7f6e3965e000 rw-p 00009000 08:05 1052742                    /lib/x86_64-linux-gnu/libnih-dbus.so.1.0.0
7f6e3965e000-7f6e39675000 r-xp 00000000 08:05 1052744                    /lib/x86_64-linux-gnu/libnih.so.1.0.0
7f6e39675000-7f6e39874000 ---p 00017000 08:05 1052744                    /lib/x86_64-linux-gnu/libnih.so.1.0.0
7f6e39874000-7f6e39875000 r--p 00016000 08:05 1052744                    /lib/x86_64-linux-gnu/libnih.so.1.0.0
7f6e39875000-7f6e39876000 rw-p 00017000 08:05 1052744                    /lib/x86_64-linux-gnu/libnih.so.1.0.0
7f6e39876000-7f6e3988f000 r-xp 00000000 08:05 1048666                    /lib/x86_64-linux-gnu/libcgmanager.so.0.0.0
7f6e3988f000-7f6e39a8e000 ---p 00019000 08:05 1048666                    /lib/x86_64-linux-gnu/libcgmanager.so.0.0.0
7f6e39a8e000-7f6e39a90000 r--p 00018000 08:05 1048666                    /lib/x86_64-linux-gnu/libcgmanager.so.0.0.0
7f6e39a90000-7f6e39a91000 rw-p 0001a000 08:05 1048666                    /lib/x86_64-linux-gnu/libcgmanager.so.0.0.0
7f6e39a91000-7f6e39aa1000 r-xp 00000000 08:05 1052685                    /lib/x86_64-linux-gnu/libudev.so.1.3.5
7f6e39aa1000-7f6e39ca0000 ---p 00010000 08:05 1052685                    /lib/x86_64-linux-gnu/libudev.so.1.3.5
7f6e39ca0000-7f6e39ca1000 r--p 0000f000 08:05 1052685                    /lib/x86_64-linux-gnu/libudev.so.1.3.5
7f6e39ca1000-7f6e39ca2000 rw-p 00010000 08:05 1052685                    /lib/x86_64-linux-gnu/libudev.so.1.3.5
7f6e39ca2000-7f6e39cc7000 r-xp 00000000 08:05 1052826                    /lib/x86_64-linux-gnu/libtinfo.so.5.9
7f6e39cc7000-7f6e39ec6000 ---p 00025000 08:05 1052826                    /lib/x86_64-linux-gnu/libtinfo.so.5.9
7f6e39ec6000-7f6e39eca000 r--p 00024000 08:05 1052826                    /lib/x86_64-linux-gnu/libtinfo.so.5.9
7f6e39eca000-7f6e39ecb000 rw-p 00028000 08:05 1052826                    /lib/x86_64-linux-gnu/libtinfo.so.5.9
7f6e39ecb000-7f6e39ef4000 r-xp 00000000 08:05 3547545                    /usr/lib/x86_64-linux-gnu/libedit.so.2.0.47
7f6e39ef4000-7f6e3a0f4000 ---p 00029000 08:05 3547545                    /usr/lib/x86_64-linux-gnu/libedit.so.2.0.47
7f6e3a0f4000-7f6e3a0f6000 r--p 00029000 08:05 3547545                    /usr/lib/x86_64-linux-gnu/libedit.so.2.0.47
7f6e3a0f6000-7f6e3a0f7000 rw-p 0002b000 08:05 3547545                    /usr/lib/x86_64-linux-gnu/libedit.so.2.0.47
7f6e3a0f7000-7f6e3a0fb000 rw-p 00000000 00:00 0 
7f6e3a0fb000-7f6e3a113000 r-xp 00000000 08:05 1052843                    /lib/x86_64-linux-gnu/libz.so.1.2.8
7f6e3a113000-7f6e3a312000 ---p 00018000 08:05 1052843                    /lib/x86_64-linux-gnu/libz.so.1.2.8
7f6e3a312000-7f6e3a313000 r--p 00017000 08:05 1052843                    /lib/x86_64-linux-gnu/libz.so.1.2.8
7f6e3a313000-7f6e3a314000 rw-p 00018000 08:05 1052843                    /lib/x86_64-linux-gnu/libz.so.1.2.8
7f6e3a314000-7f6e3be1c000 r-xp 00000000 08:05 3547164                    /usr/lib/x86_64-linux-gnu/libLLVM-3.5.so.1
7f6e3be1c000-7f6e3be1d000 ---p 01b08000 08:05 3547164                    /usr/lib/x86_64-linux-gnu/libLLVM-3.5.so.1
7f6e3be1d000-7f6e3bfe5000 r--p 01b08000 08:05 3547164                    /usr/lib/x86_64-linux-gnu/libLLVM-3.5.so.1
7f6e3bfe5000-7f6e3bfeb000 rw-p 01cd0000 08:05 3547164                    /usr/lib/x86_64-linux-gnu/libLLVM-3.5.so.1
7f6e3bfeb000-7f6e3c000000 rw-p 00000000 00:00 0 
7f6e3c000000-7f6e3e78a000 rw-p 00000000 00:00 0 
7f6e3e78a000-7f6e40000000 ---p 00000000 00:00 0 
7f6e40000000-7f6e40001000 r--s 00000000 08:05 807291                     /var/cache/fontconfig/e7de81b01590fb7e12b38e274e17d0db-le64.cache-4
7f6e4003d000-7f6e40040000 ---p 00000000 00:00 0 
7f6e40040000-7f6e4013e000 rw-p 00000000 00:00 0 
7f6e4013e000-7f6e40224000 r-xp 00000000 08:05 3544133                    /usr/lib/x86_64-linux-gnu/libstdc++.so.6.0.19
7f6e40224000-7f6e40423000 ---p 000e6000 08:05 3544133                    /usr/lib/x86_64-linux-gnu/libstdc++.so.6.0.19
7f6e40423000-7f6e4042b000 r--p 000e5000 08:05 3544133                    /usr/lib/x86_64-linux-gnu/libstdc++.so.6.0.19
7f6e4042b000-7f6e4042d000 rw-p 000ed000 08:05 3544133                    /usr/lib/x86_64-linux-gnu/libstdc++.so.6.0.19
7f6e4042d000-7f6e40442000 rw-p 00000000 00:00 0 
7f6e40442000-7f6e4044d000 r-xp 00000000 08:05 3545159                    /usr/lib/x86_64-linux-gnu/libdrm_radeon.so.1.0.1
7f6e4044d000-7f6e4064c000 ---p 0000b000 08:05 3545159                    /usr/lib/x86_64-linux-gnu/libdrm_radeon.so.1.0.1
7f6e4064c000-7f6e4064d000 r--p 0000a000 08:05 3545159                    /usr/lib/x86_64-linux-gnu/libdrm_radeon.so.1.0.1
7f6e4064d000-7f6e4064e000 rw-p 0000b000 08:05 3545159                    /usr/lib/x86_64-linux-gnu/libdrm_radeon.so.1.0.1
7f6e4064e000-7f6e40663000 r-xp 00000000 08:05 3547546                    /usr/lib/x86_64-linux-gnu/libelf-0.158.so
7f6e40663000-7f6e40862000 ---p 00015000 08:05 3547546                    /usr/lib/x86_64-linux-gnu/libelf-0.158.so
7f6e40862000-7f6e40863000 r--p 00014000 08:05 3547546                    /usr/lib/x86_64-linux-gnu/libelf-0.158.so
7f6e40863000-7f6e40864000 rw-p 00015000 08:05 3547546                    /usr/lib/x86_64-linux-gnu/libelf-0.158.so
7f6e40864000-7f6e4086a000 r-xp 00000000 08:05 3539541                    /usr/lib/x86_64-linux-gnu/libdrm_nouveau.so.2.0.0
7f6e4086a000-7f6e40a69000 ---p 00006000 08:05 3539541                    /usr/lib/x86_64-linux-gnu/libdrm_nouveau.so.2.0.0
7f6e40a69000-7f6e40a6a000 r--p 00005000 08:05 3539541                    /usr/lib/x86_64-linux-gnu/libdrm_nouveau.so.2.0.0
7f6e40a6a000-7f6e40a6b000 rw-p 00006000 08:05 3539541                    /usr/lib/x86_64-linux-gnu/libdrm_nouveau.so.2.0.0
7f6e40a6b000-7f6e40a72000 r-xp 00000000 08:05 3804279                    /usr/lib/x86_64-linux-gnu/mesa-egl/libOpenVG.so.1.0.0
7f6e40a72000-7f6e40c71000 ---p 00007000 08:05 3804279                    /usr/lib/x86_64-linux-gnu/mesa-egl/libOpenVG.so.1.0.0
7f6e40c71000-7f6e40c72000 r--p 00006000 08:05 3804279                    /usr/lib/x86_64-linux-gnu/mesa-egl/libOpenVG.so.1.0.0
7f6e40c72000-7f6e40c73000 rw-p 00007000 08:05 3804279                    /usr/lib/x86_64-linux-gnu/mesa-egl/libOpenVG.so.1.0.0
7f6e40c73000-7f6e40c75000 rw-p 00000000 00:00 0 
7f6e40c75000-7f6e413fd000 r-xp 00000000 08:05 3803453                    /usr/lib/x86_64-linux-gnu/egl/egl_gallium.so
7f6e413fd000-7f6e415fd000 ---p 00788000 08:05 3803453                    /usr/lib/x86_64-linux-gnu/egl/egl_gallium.so
7f6e415fd000-7f6e41650000 r--p 00788000 08:05 3803453                    /usr/lib/x86_64-linux-gnu/egl/egl_gallium.so
7f6e41650000-7f6e4165c000 rw-p 007db000 08:05 3803453                    /usr/lib/x86_64-linux-gnu/egl/egl_gallium.so
7f6e4165c000-7f6e41843000 rw-p 00000000 00:00 0 
7f6e41843000-7f6e41849000 r-xp 00000000 08:05 3804277                    /usr/lib/x86_64-linux-gnu/mesa-egl/libGLESv2.so.2.0.0
7f6e41849000-7f6e41a48000 ---p 00006000 08:05 3804277                    /usr/lib/x86_64-linux-gnu/mesa-egl/libGLESv2.so.2.0.0
7f6e41a48000-7f6e41a49000 r--p 00005000 08:05 3804277                    /usr/lib/x86_64-linux-gnu/mesa-egl/libGLESv2.so.2.0.0
7f6e41a49000-7f6e41a4a000 rw-p 00006000 08:05 3804277                    /usr/lib/x86_64-linux-gnu/mesa-egl/libGLESv2.so.2.0.0
7f6e41a4a000-7f6e41a8f000 r-xp 00000000 08:05 1835175                    /tmp/jogamp_0000/file_cache/jln6985295872445298881/jln7926482518899318884/libjogl_mobile.so
7f6e41a8f000-7f6e41c8f000 ---p 00045000 08:05 1835175                    /tmp/jogamp_0000/file_cache/jln6985295872445298881/jln7926482518899318884/libjogl_mobile.so
7f6e41c8f000-7f6e41c90000 rw-p 00045000 08:05 1835175                    /tmp/jogamp_0000/file_cache/jln6985295872445298881/jln7926482518899318884/libjogl_mobile.so
7f6e41c90000-7f6e41c97000 r-xp 00000000 08:05 3540105                    /usr/lib/x86_64-linux-gnu/libffi.so.6.0.1
7f6e41c97000-7f6e41e96000 ---p 00007000 08:05 3540105                    /usr/lib/x86_64-linux-gnu/libffi.so.6.0.1
7f6e41e96000-7f6e41e97000 r--p 00006000 08:05 3540105                    /usr/lib/x86_64-linux-gnu/libffi.so.6.0.1
7f6e41e97000-7f6e41e98000 rw-p 00007000 08:05 3540105                    /usr/lib/x86_64-linux-gnu/libffi.so.6.0.1
7f6e41e98000-7f6e41ea4000 r-xp 00000000 08:05 3547628                    /usr/lib/x86_64-linux-gnu/libgbm.so.1.0.0
7f6e41ea4000-7f6e420a4000 ---p 0000c000 08:05 3547628                    /usr/lib/x86_64-linux-gnu/libgbm.so.1.0.0
7f6e420a4000-7f6e420a5000 r--p 0000c000 08:05 3547628                    /usr/lib/x86_64-linux-gnu/libgbm.so.1.0.0
7f6e420a5000-7f6e420a6000 rw-p 0000d000 08:05 3547628                    /usr/lib/x86_64-linux-gnu/libgbm.so.1.0.0
7f6e420a6000-7f6e420b5000 r-xp 00000000 08:05 3548307                    /usr/lib/x86_64-linux-gnu/libwayland-server.so.0.1.0
7f6e420b5000-7f6e422b4000 ---p 0000f000 08:05 3548307                    /usr/lib/x86_64-linux-gnu/libwayland-server.so.0.1.0
7f6e422b4000-7f6e422b6000 r--p 0000e000 08:05 3548307                    /usr/lib/x86_64-linux-gnu/libwayland-server.so.0.1.0
7f6e422b6000-7f6e422b7000 rw-p 00010000 08:05 3548307                    /usr/lib/x86_64-linux-gnu/libwayland-server.so.0.1.0
7f6e422b7000-7f6e422c2000 r-xp 00000000 08:05 3548301                    /usr/lib/x86_64-linux-gnu/libwayland-client.so.0.2.0
7f6e422c2000-7f6e424c1000 ---p 0000b000 08:05 3548301                    /usr/lib/x86_64-linux-gnu/libwayland-client.so.0.2.0
7f6e424c1000-7f6e424c3000 r--p 0000a000 08:05 3548301                    /usr/lib/x86_64-linux-gnu/libwayland-client.so.0.2.0
7f6e424c3000-7f6e424c4000 rw-p 0000c000 08:05 3548301                    /usr/lib/x86_64-linux-gnu/libwayland-client.so.0.2.0
7f6e424c4000-7f6e424c9000 r-xp 00000000 08:05 3548357                    /usr/lib/x86_64-linux-gnu/libxcb-xfixes.so.0.0.0
7f6e424c9000-7f6e426c9000 ---p 00005000 08:05 3548357                    /usr/lib/x86_64-linux-gnu/libxcb-xfixes.so.0.0.0
7f6e426c9000-7f6e426ca000 r--p 00005000 08:05 3548357                    /usr/lib/x86_64-linux-gnu/libxcb-xfixes.so.0.0.0
7f6e426ca000-7f6e426cb000 rw-p 00006000 08:05 3548357                    /usr/lib/x86_64-linux-gnu/libxcb-xfixes.so.0.0.0
7f6e426cb000-7f6e426f2000 r-xp 00000000 08:05 3804273                    /usr/lib/x86_64-linux-gnu/mesa-egl/libEGL.so.1.0.0
7f6e426f2000-7f6e428f2000 ---p 00027000 08:05 3804273                    /usr/lib/x86_64-linux-gnu/mesa-egl/libEGL.so.1.0.0
7f6e428f2000-7f6e428f3000 r--p 00027000 08:05 3804273                    /usr/lib/x86_64-linux-gnu/mesa-egl/libEGL.so.1.0.0
7f6e428f3000-7f6e428f4000 rw-p 00028000 08:05 3804273                    /usr/lib/x86_64-linux-gnu/mesa-egl/libEGL.so.1.0.0
7f6e428f4000-7f6e428f5000 rw-p 00000000 00:00 0 
7f6e428f5000-7f6e4299a000 r-xp 00000000 08:05 1835174                    /tmp/jogamp_0000/file_cache/jln6985295872445298881/jln7926482518899318884/libjogl_desktop.so
7f6e4299a000-7f6e42b9a000 ---p 000a5000 08:05 1835174                    /tmp/jogamp_0000/file_cache/jln6985295872445298881/jln7926482518899318884/libjogl_desktop.so
7f6e42b9a000-7f6e42b9b000 rw-p 000a5000 08:05 1835174                    /tmp/jogamp_0000/file_cache/jln6985295872445298881/jln7926482518899318884/libjogl_desktop.so
7f6e42b9b000-7f6e42ba7000 r-xp 00000000 08:05 3544321                    /usr/lib/x86_64-linux-gnu/libdrm.so.2.4.0
7f6e42ba7000-7f6e42da6000 ---p 0000c000 08:05 3544321                    /usr/lib/x86_64-linux-gnu/libdrm.so.2.4.0
7f6e42da6000-7f6e42da7000 r--p 0000b000 08:05 3544321                    /usr/lib/x86_64-linux-gnu/libdrm.so.2.4.0
7f6e42da7000-7f6e42da8000 rw-p 0000c000 08:05 3544321                    /usr/lib/x86_64-linux-gnu/libdrm.so.2.4.0
7f6e42da8000-7f6e42da9000 r-xp 00000000 08:05 3548371                    /usr/lib/x86_64-linux-gnu/libxshmfence.so.1.0.0
7f6e42da9000-7f6e42fa8000 ---p 00001000 08:05 3548371                    /usr/lib/x86_64-linux-gnu/libxshmfence.so.1.0.0
7f6e42fa8000-7f6e42fa9000 r--p 00000000 08:05 3548371                    /usr/lib/x86_64-linux-gnu/libxshmfence.so.1.0.0
7f6e42fa9000-7f6e42faa000 rw-p 00001000 08:05 3548371                    /usr/lib/x86_64-linux-gnu/libxshmfence.so.1.0.0
7f6e42faa000-7f6e42faf000 r-xp 00000000 08:05 3548353                    /usr/lib/x86_64-linux-gnu/libxcb-sync.so.1.0.0
7f6e42faf000-7f6e431ae000 ---p 00005000 08:05 3548353                    /usr/lib/x86_64-linux-gnu/libxcb-sync.so.1.0.0
7f6e431ae000-7f6e431af000 r--p 00004000 08:05 3548353                    /usr/lib/x86_64-linux-gnu/libxcb-sync.so.1.0.0
7f6e431af000-7f6e431b0000 rw-p 00005000 08:05 3548353                    /usr/lib/x86_64-linux-gnu/libxcb-sync.so.1.0.0
7f6e431b0000-7f6e431b2000 r-xp 00000000 08:05 3548341                    /usr/lib/x86_64-linux-gnu/libxcb-present.so.0.0.0
7f6e431b2000-7f6e433b1000 ---p 00002000 08:05 3548341                    /usr/lib/x86_64-linux-gnu/libxcb-present.so.0.0.0
7f6e433b1000-7f6e433b2000 r--p 00001000 08:05 3548341                    /usr/lib/x86_64-linux-gnu/libxcb-present.so.0.0.0
7f6e433b2000-7f6e433b3000 rw-p 00002000 08:05 3548341                    /usr/lib/x86_64-linux-gnu/libxcb-present.so.0.0.0
7f6e433b3000-7f6e433b5000 r-xp 00000000 08:05 3548331                    /usr/lib/x86_64-linux-gnu/libxcb-dri3.so.0.0.0
7f6e433b5000-7f6e435b4000 ---p 00002000 08:05 3548331                    /usr/lib/x86_64-linux-gnu/libxcb-dri3.so.0.0.0
7f6e435b4000-7f6e435b5000 r--p 00001000 08:05 3548331                    /usr/lib/x86_64-linux-gnu/libxcb-dri3.so.0.0.0
7f6e435b5000-7f6e435b6000 rw-p 00002000 08:05 3548331                    /usr/lib/x86_64-linux-gnu/libxcb-dri3.so.0.0.0
7f6e435b6000-7f6e435b9000 r-xp 00000000 08:05 3548329                    /usr/lib/x86_64-linux-gnu/libxcb-dri2.so.0.0.0
7f6e435b9000-7f6e437b9000 ---p 00003000 08:05 3548329                    /usr/lib/x86_64-linux-gnu/libxcb-dri2.so.0.0.0
7f6e437b9000-7f6e437ba000 r--p 00003000 08:05 3548329                    /usr/lib/x86_64-linux-gnu/libxcb-dri2.so.0.0.0
7f6e437ba000-7f6e437bb000 rw-p 00004000 08:05 3548329                    /usr/lib/x86_64-linux-gnu/libxcb-dri2.so.0.0.0
7f6e437bb000-7f6e437d0000 r-xp 00000000 08:05 3548333                    /usr/lib/x86_64-linux-gnu/libxcb-glx.so.0.0.0
7f6e437d0000-7f6e439cf000 ---p 00015000 08:05 3548333                    /usr/lib/x86_64-linux-gnu/libxcb-glx.so.0.0.0
7f6e439cf000-7f6e439d1000 r--p 00014000 08:05 3548333                    /usr/lib/x86_64-linux-gnu/libxcb-glx.so.0.0.0
7f6e439d1000-7f6e439d2000 rw-p 00016000 08:05 3548333                    /usr/lib/x86_64-linux-gnu/libxcb-glx.so.0.0.0
7f6e439d2000-7f6e439d3000 r-xp 00000000 08:05 3547287                    /usr/lib/x86_64-linux-gnu/libX11-xcb.so.1.0.0
7f6e439d3000-7f6e43bd2000 ---p 00001000 08:05 3547287                    /usr/lib/x86_64-linux-gnu/libX11-xcb.so.1.0.0
7f6e43bd2000-7f6e43bd3000 r--p 00000000 08:05 3547287                    /usr/lib/x86_64-linux-gnu/libX11-xcb.so.1.0.0
7f6e43bd3000-7f6e43bd4000 rw-p 00001000 08:05 3547287                    /usr/lib/x86_64-linux-gnu/libX11-xcb.so.1.0.0
7f6e43bd4000-7f6e43bd6000 r-xp 00000000 08:05 3547302                    /usr/lib/x86_64-linux-gnu/libXdamage.so.1.1.0
7f6e43bd6000-7f6e43dd5000 ---p 00002000 08:05 3547302                    /usr/lib/x86_64-linux-gnu/libXdamage.so.1.1.0
7f6e43dd5000-7f6e43dd6000 r--p 00001000 08:05 3547302                    /usr/lib/x86_64-linux-gnu/libXdamage.so.1.1.0
7f6e43dd6000-7f6e43dd7000 rw-p 00002000 08:05 3547302                    /usr/lib/x86_64-linux-gnu/libXdamage.so.1.1.0
7f6e43dd7000-7f6e43dfb000 r-xp 00000000 08:05 3547680                    /usr/lib/x86_64-linux-gnu/libglapi.so.0.0.0
7f6e43dfb000-7f6e43ffb000 ---p 00024000 08:05 3547680                    /usr/lib/x86_64-linux-gnu/libglapi.so.0.0.0
7f6e43ffb000-7f6e43ffe000 r--p 00024000 08:05 3547680                    /usr/lib/x86_64-linux-gnu/libglapi.so.0.0.0
7f6e43ffe000-7f6e43fff000 rw-p 00027000 08:05 3547680                    /usr/lib/x86_64-linux-gnu/libglapi.so.0.0.0
7f6e43fff000-7f6e44000000 rw-p 00000000 00:00 0 
7f6e44000000-7f6e446fa000 rw-p 00000000 00:00 0 
7f6e446fa000-7f6e48000000 ---p 00000000 00:00 0 
7f6e48000000-7f6e48021000 rw-p 00000000 00:00 0 
7f6e48021000-7f6e4c000000 ---p 00000000 00:00 0 
7f6e4c000000-7f6e4c03b000 rw-p 00000000 00:00 0 
7f6e4c03b000-7f6e50000000 ---p 00000000 00:00 0 
7f6e50000000-7f6e5204d000 rw-p 00000000 00:00 0 
7f6e5204d000-7f6e54000000 ---p 00000000 00:00 0 
7f6e54000000-7f6e54021000 rw-p 00000000 00:00 0 
7f6e54021000-7f6e58000000 ---p 00000000 00:00 0 
7f6e58000000-7f6e58021000 rw-p 00000000 00:00 0 
7f6e58021000-7f6e5c000000 ---p 00000000 00:00 0 
7f6e5c000000-7f6e5c021000 rw-p 00000000 00:00 0 
7f6e5c021000-7f6e60000000 ---p 00000000 00:00 0 
7f6e60000000-7f6e60026000 rw-p 00000000 00:00 0 
7f6e60026000-7f6e64000000 ---p 00000000 00:00 0 
7f6e64000000-7f6e64021000 rw-p 00000000 00:00 0 
7f6e64021000-7f6e68000000 ---p 00000000 00:00 0 
7f6e68000000-7f6e68021000 rw-p 00000000 00:00 0 
7f6e68021000-7f6e6c000000 ---p 00000000 00:00 0 
7f6e6c000000-7f6e6c678000 rw-p 00000000 00:00 0 
7f6e6c678000-7f6e70000000 ---p 00000000 00:00 0 
7f6e70000000-7f6e70456000 rw-p 00000000 00:00 0 
7f6e70456000-7f6e74000000 ---p 00000000 00:00 0 
7f6e74000000-7f6e74021000 rw-p 00000000 00:00 0 
7f6e74021000-7f6e78000000 ---p 00000000 00:00 0 
7f6e78000000-7f6e78af1000 rw-p 00000000 00:00 0 
7f6e78af1000-7f6e7c000000 ---p 00000000 00:00 0 
7f6e7c000000-7f6e7c021000 rw-p 00000000 00:00 0 
7f6e7c021000-7f6e80000000 ---p 00000000 00:00 0 
7f6e80000000-7f6e80021000 rw-p 00000000 00:00 0 
7f6e80021000-7f6e84000000 ---p 00000000 00:00 0 
7f6e84000000-7f6e84021000 rw-p 00000000 00:00 0 
7f6e84021000-7f6e88000000 ---p 00000000 00:00 0 
7f6e88000000-7f6e88032000 rw-p 00000000 00:00 0 
7f6e88032000-7f6e8c000000 ---p 00000000 00:00 0 
7f6e8c000000-7f6e8c021000 rw-p 00000000 00:00 0 
7f6e8c021000-7f6e90000000 ---p 00000000 00:00 0 
7f6e90000000-7f6e90001000 r--s 00000000 08:05 807290                     /var/cache/fontconfig/406a1d2d2bf3ed7664fbadefac0b2f66-le64.cache-4
7f6e90001000-7f6e90005000 r--s 00000000 08:05 807279                     /var/cache/fontconfig/9fb319ef52839f11ee26ab8b4cffa12b-le64.cache-4
7f6e9002d000-7f6e9008d000 rw-s 119329000 00:05 1816                      /dev/dri/card0
7f6e9008d000-7f6e90090000 ---p 00000000 00:00 0 
7f6e90090000-7f6e9018e000 rw-p 00000000 00:00 0 
7f6e9018e000-7f6e901b5000 r-xp 00000000 08:05 1055113                    /lib/x86_64-linux-gnu/libexpat.so.1.6.0
7f6e901b5000-7f6e903b5000 ---p 00027000 08:05 1055113                    /lib/x86_64-linux-gnu/libexpat.so.1.6.0
7f6e903b5000-7f6e903b7000 r--p 00027000 08:05 1055113                    /lib/x86_64-linux-gnu/libexpat.so.1.6.0
7f6e903b7000-7f6e903b8000 rw-p 00029000 08:05 1055113                    /lib/x86_64-linux-gnu/libexpat.so.1.6.0
7f6e903b8000-7f6e90444000 r-xp 00000000 08:05 3804270                    /usr/lib/x86_64-linux-gnu/mesa/libGL.so.1.2.0
7f6e90444000-7f6e90643000 ---p 0008c000 08:05 3804270                    /usr/lib/x86_64-linux-gnu/mesa/libGL.so.1.2.0
7f6e90643000-7f6e90646000 r--p 0008b000 08:05 3804270                    /usr/lib/x86_64-linux-gnu/mesa/libGL.so.1.2.0
7f6e90646000-7f6e90647000 rw-p 0008e000 08:05 3804270                    /usr/lib/x86_64-linux-gnu/mesa/libGL.so.1.2.0
7f6e90647000-7f6e90848000 rw-p 00000000 00:00 0 
7f6e90848000-7f6e90a48000 rw-p 00000000 00:00 0 
7f6e90a48000-7f6e90a4f000 r-xp 00000000 08:05 1835177                    /tmp/jogamp_0000/file_cache/jln6985295872445298881/jln7926482518899318884/libnativewindow_x11.so
7f6e90a4f000-7f6e90c4e000 ---p 00007000 08:05 1835177                    /tmp/jogamp_0000/file_cache/jln6985295872445298881/jln7926482518899318884/libnativewindow_x11.so
7f6e90c4e000-7f6e90c4f000 rw-p 00006000 08:05 1835177                    /tmp/jogamp_0000/file_cache/jln6985295872445298881/jln7926482518899318884/libnativewindow_x11.so
7f6e90c4f000-7f6e90c53000 r-xp 00000000 08:05 3547344                    /usr/lib/x86_64-linux-gnu/libXxf86vm.so.1.0.0
7f6e90c53000-7f6e90e53000 ---p 00004000 08:05 3547344                    /usr/lib/x86_64-linux-gnu/libXxf86vm.so.1.0.0
7f6e90e53000-7f6e90e54000 r--p 00004000 08:05 3547344                    /usr/lib/x86_64-linux-gnu/libXxf86vm.so.1.0.0
7f6e90e54000-7f6e90e55000 rw-p 00005000 08:05 3547344                    /usr/lib/x86_64-linux-gnu/libXxf86vm.so.1.0.0
7f6e90e55000-7f6e90e57000 r-xp 00000000 08:05 1835176                    /tmp/jogamp_0000/file_cache/jln6985295872445298881/jln7926482518899318884/libnativewindow_awt.so
7f6e90e57000-7f6e91056000 ---p 00002000 08:05 1835176                    /tmp/jogamp_0000/file_cache/jln6985295872445298881/jln7926482518899318884/libnativewindow_awt.so
7f6e91056000-7f6e91057000 rw-p 00001000 08:05 1835176                    /tmp/jogamp_0000/file_cache/jln6985295872445298881/jln7926482518899318884/libnativewindow_awt.so
7f6e91057000-7f6e91058000 r-xp 00000000 08:05 4752070                    /usr/local/java/jdk1.8.0_60/jre/lib/amd64/libjawt.so
7f6e91058000-7f6e91257000 ---p 00001000 08:05 4752070                    /usr/local/java/jdk1.8.0_60/jre/lib/amd64/libjawt.so
7f6e91257000-7f6e91258000 rw-p 00000000 08:05 4752070                    /usr/local/java/jdk1.8.0_60/jre/lib/amd64/libjawt.so
7f6e91258000-7f6e9125a000 r-xp 00000000 08:05 1835173                    /tmp/jogamp_0000/file_cache/jln6985295872445298881/jln7926482518899318884/libgluegen-rt.so
7f6e9125a000-7f6e91459000 ---p 00002000 08:05 1835173                    /tmp/jogamp_0000/file_cache/jln6985295872445298881/jln7926482518899318884/libgluegen-rt.so
7f6e91459000-7f6e9145a000 rw-p 00001000 08:05 1835173                    /tmp/jogamp_0000/file_cache/jln6985295872445298881/jln7926482518899318884/libgluegen-rt.so
7f6e9145a000-7f6e9145d000 ---p 00000000 00:00 0 
7f6e9145d000-7f6e9155b000 rw-p 00000000 00:00 0                          [stack:5701]
7f6e9155b000-7f6e9155e000 ---p 00000000 00:00 0 
7f6e9155e000-7f6e91794000 rw-p 00000000 00:00 0                          [stack:5696]
7f6e91794000-7f6e91797000 ---p 00000000 00:00 0 
7f6e91797000-7f6e91a95000 rw-p 00000000 00:00 0                          [stack:5692]
7f6e91a95000-7f6e91a97000 r--s 00000000 08:05 807285                     /var/cache/fontconfig/6e6b34ae150a7ad95e82fb4a522f0bda-le64.cache-4
7f6e91aa9000-7f6e91aaa000 rw-p 00000000 00:00 0 
7f6e91aaa000-7f6e91aba000 rw-s 1079c0000 00:05 1816                      /dev/dri/card0
7f6e91aba000-7f6e91abd000 ---p 00000000 00:00 0 
7f6e91abd000-7f6e91bbb000 rw-p 00000000 00:00 0                          [stack:5691]
7f6e91bbb000-7f6e91c24000 r-xp 00000000 08:05 4752100                    /usr/local/java/jdk1.8.0_60/jre/lib/amd64/libt2k.so
7f6e91c24000-7f6e91e24000 ---p 00069000 08:05 4752100                    /usr/local/java/jdk1.8.0_60/jre/lib/amd64/libt2k.so
7f6e91e24000-7f6e91e2b000 rw-p 00069000 08:05 4752100                    /usr/local/java/jdk1.8.0_60/jre/lib/amd64/libt2k.so
7f6e91e2b000-7f6e91e3b000 rw-p 00000000 00:00 0 
7f6e91e3b000-7f6e91e4c000 r-xp 00000000 08:05 4752120                    /usr/local/java/jdk1.8.0_60/jre/lib/amd64/libnio.so
7f6e91e4c000-7f6e9204b000 ---p 00011000 08:05 4752120                    /usr/local/java/jdk1.8.0_60/jre/lib/amd64/libnio.so
7f6e9204b000-7f6e9204c000 rw-p 00010000 08:05 4752120                    /usr/local/java/jdk1.8.0_60/jre/lib/amd64/libnio.so
7f6e9204c000-7f6e9207d000 rw-p 00000000 00:00 0 
7f6e9207d000-7f6e92093000 r-xp 00000000 08:05 4752097                    /usr/local/java/jdk1.8.0_60/jre/lib/amd64/libnet.so
7f6e92093000-7f6e92293000 ---p 00016000 08:05 4752097                    /usr/local/java/jdk1.8.0_60/jre/lib/amd64/libnet.so
7f6e92293000-7f6e92294000 rw-p 00016000 08:05 4752097                    /usr/local/java/jdk1.8.0_60/jre/lib/amd64/libnet.so
7f6e92294000-7f6e92297000 ---p 00000000 00:00 0 
7f6e92297000-7f6e92395000 rw-p 00000000 00:00 0                          [stack:5686]
7f6e92395000-7f6e92398000 ---p 00000000 00:00 0 
7f6e92398000-7f6e92496000 rw-p 00000000 00:00 0                          [stack:5684]
7f6e92496000-7f6e92499000 ---p 00000000 00:00 0 
7f6e92499000-7f6e92597000 rw-p 00000000 00:00 0                          [stack:5685]
7f6e92597000-7f6e9259a000 ---p 00000000 00:00 0 
7f6e9259a000-7f6e92698000 rw-p 00000000 00:00 0                          [stack:5682]
7f6e92698000-7f6e9269d000 r-xp 00000000 08:05 3539424                    /usr/lib/x86_64-linux-gnu/libXfixes.so.3.1.0
7f6e9269d000-7f6e9289c000 ---p 00005000 08:05 3539424                    /usr/lib/x86_64-linux-gnu/libXfixes.so.3.1.0
7f6e9289c000-7f6e9289d000 r--p 00004000 08:05 3539424                    /usr/lib/x86_64-linux-gnu/libXfixes.so.3.1.0
7f6e9289d000-7f6e9289e000 rw-p 00005000 08:05 3539424                    /usr/lib/x86_64-linux-gnu/libXfixes.so.3.1.0
7f6e9289e000-7f6e928a7000 r-xp 00000000 08:05 3547300                    /usr/lib/x86_64-linux-gnu/libXcursor.so.1.0.2
7f6e928a7000-7f6e92aa6000 ---p 00009000 08:05 3547300                    /usr/lib/x86_64-linux-gnu/libXcursor.so.1.0.2
7f6e92aa6000-7f6e92aa7000 r--p 00008000 08:05 3547300                    /usr/lib/x86_64-linux-gnu/libXcursor.so.1.0.2
7f6e92aa7000-7f6e92aa8000 rw-p 00009000 08:05 3547300                    /usr/lib/x86_64-linux-gnu/libXcursor.so.1.0.2
7f6e92aa8000-7f6e92aab000 ---p 00000000 00:00 0 
7f6e92aab000-7f6e92ba9000 rw-p 00000000 00:00 0                          [stack:5681]
7f6e92ba9000-7f6e92bbf000 r-xp 00000000 08:05 1054013                    /lib/x86_64-linux-gnu/libgcc_s.so.1
7f6e92bbf000-7f6e92dbe000 ---p 00016000 08:05 1054013                    /lib/x86_64-linux-gnu/libgcc_s.so.1
7f6e92dbe000-7f6e92dbf000 rw-p 00015000 08:05 1054013                    /lib/x86_64-linux-gnu/libgcc_s.so.1
7f6e92dbf000-7f6e92dc0000 r--s 00000000 08:05 786503                     /var/cache/fontconfig/0c9eb80ebd1c36541ebe2852d3bb0c49-le64.cache-4
7f6e92dc0000-7f6e92dc5000 r--s 00000000 08:05 788348                     /var/cache/fontconfig/7ef2298fde41cc6eeb7af42e48b7d293-le64.cache-4
7f6e92dc5000-7f6e92dcd000 rw-s 00000000 00:04 60361                      /drm mm object (deleted)
7f6e92dcd000-7f6e92ddd000 rw-s 106ed0000 00:05 1816                      /dev/dri/card0
7f6e92ddd000-7f6e92e43000 r-xp 00000000 08:05 4752101                    /usr/local/java/jdk1.8.0_60/jre/lib/amd64/libfontmanager.so
7f6e92e43000-7f6e93042000 ---p 00066000 08:05 4752101                    /usr/local/java/jdk1.8.0_60/jre/lib/amd64/libfontmanager.so
7f6e93042000-7f6e93046000 rw-p 00065000 08:05 4752101                    /usr/local/java/jdk1.8.0_60/jre/lib/amd64/libfontmanager.so
7f6e93046000-7f6e93057000 rw-p 00000000 00:00 0 
7f6e93057000-7f6e9307a000 r--s 002ec000 08:05 4757285                    /home/elena/java/workspace/UCSDUnfoldingMaps/lib/jogl-all.jar
7f6e9307a000-7f6e9307f000 r-xp 00000000 08:05 3547304                    /usr/lib/x86_64-linux-gnu/libXdmcp.so.6.0.0
7f6e9307f000-7f6e9327e000 ---p 00005000 08:05 3547304                    /usr/lib/x86_64-linux-gnu/libXdmcp.so.6.0.0
7f6e9327e000-7f6e9327f000 r--p 00004000 08:05 3547304                    /usr/lib/x86_64-linux-gnu/libXdmcp.so.6.0.0
7f6e9327f000-7f6e93280000 rw-p 00005000 08:05 3547304                    /usr/lib/x86_64-linux-gnu/libXdmcp.so.6.0.0
7f6e93280000-7f6e93282000 r-xp 00000000 08:05 3547293                    /usr/lib/x86_64-linux-gnu/libXau.so.6.0.0
7f6e93282000-7f6e93482000 ---p 00002000 08:05 3547293                    /usr/lib/x86_64-linux-gnu/libXau.so.6.0.0
7f6e93482000-7f6e93483000 r--p 00002000 08:05 3547293                    /usr/lib/x86_64-linux-gnu/libXau.so.6.0.0
7f6e93483000-7f6e93484000 rw-p 00003000 08:05 3547293                    /usr/lib/x86_64-linux-gnu/libXau.so.6.0.0
7f6e93484000-7f6e934a1000 r-xp 00000000 08:05 3548361                    /usr/lib/x86_64-linux-gnu/libxcb.so.1.1.0
7f6e934a1000-7f6e936a1000 ---p 0001d000 08:05 3548361                    /usr/lib/x86_64-linux-gnu/libxcb.so.1.1.0
7f6e936a1000-7f6e936a2000 r--p 0001d000 08:05 3548361                    /usr/lib/x86_64-linux-gnu/libxcb.so.1.1.0
7f6e936a2000-7f6e936a3000 rw-p 0001e000 08:05 3548361                    /usr/lib/x86_64-linux-gnu/libxcb.so.1.1.0
7f6e936a3000-7f6e936b2000 r-xp 00000000 08:05 3546796                    /usr/lib/x86_64-linux-gnu/libXi.so.6.1.0
7f6e936b2000-7f6e938b1000 ---p 0000f000 08:05 3546796                    /usr/lib/x86_64-linux-gnu/libXi.so.6.1.0
7f6e938b1000-7f6e938b2000 r--p 0000e000 08:05 3546796                    /usr/lib/x86_64-linux-gnu/libXi.so.6.1.0
7f6e938b2000-7f6e938b3000 rw-p 0000f000 08:05 3546796                    /usr/lib/x86_64-linux-gnu/libXi.so.6.1.0
7f6e938b3000-7f6e938b8000 r-xp 00000000 08:05 3547334                    /usr/lib/x86_64-linux-gnu/libXtst.so.6.1.0
7f6e938b8000-7f6e93ab7000 ---p 00005000 08:05 3547334                    /usr/lib/x86_64-linux-gnu/libXtst.so.6.1.0
7f6e93ab7000-7f6e93ab8000 r--p 00004000 08:05 3547334                    /usr/lib/x86_64-linux-gnu/libXtst.so.6.1.0
7f6e93ab8000-7f6e93ab9000 rw-p 00005000 08:05 3547334                    /usr/lib/x86_64-linux-gnu/libXtst.so.6.1.0
7f6e93ab9000-7f6e93be9000 r-xp 00000000 08:05 3547289                    /usr/lib/x86_64-linux-gnu/libX11.so.6.3.0
7f6e93be9000-7f6e93de9000 ---p 00130000 08:05 3547289                    /usr/lib/x86_64-linux-gnu/libX11.so.6.3.0
7f6e93de9000-7f6e93dea000 r--p 00130000 08:05 3547289                    /usr/lib/x86_64-linux-gnu/libX11.so.6.3.0
7f6e93dea000-7f6e93dee000 rw-p 00131000 08:05 3547289                    /usr/lib/x86_64-linux-gnu/libX11.so.6.3.0
7f6e93dee000-7f6e93dff000 r-xp 00000000 08:05 3540152                    /usr/lib/x86_64-linux-gnu/libXext.so.6.4.0
7f6e93dff000-7f6e93ffe000 ---p 00011000 08:05 3540152                    /usr/lib/x86_64-linux-gnu/libXext.so.6.4.0
7f6e93ffe000-7f6e93fff000 r--p 00010000 08:05 3540152                    /usr/lib/x86_64-linux-gnu/libXext.so.6.4.0
7f6e93fff000-7f6e94000000 rw-p 00011000 08:05 3540152                    /usr/lib/x86_64-linux-gnu/libXext.so.6.4.0
7f6e94000000-7f6e94021000 rw-p 00000000 00:00 0 
7f6e94021000-7f6e98000000 ---p 00000000 00:00 0 
7f6e98000000-7f6e98001000 r--s 00000000 08:05 807284                     /var/cache/fontconfig/3334a778d104e76d188e9df399bc24d2-le64.cache-4
7f6e98001000-7f6e98004000 r--s 00000000 08:05 807277                     /var/cache/fontconfig/c19b55eb3b4c5b40ea175e31682068a5-le64.cache-4
7f6e98004000-7f6e9800d000 r-xp 00000000 08:05 3546798                    /usr/lib/x86_64-linux-gnu/libXrender.so.1.3.0
7f6e9800d000-7f6e9820c000 ---p 00009000 08:05 3546798                    /usr/lib/x86_64-linux-gnu/libXrender.so.1.3.0
7f6e9820c000-7f6e9820d000 r--p 00008000 08:05 3546798                    /usr/lib/x86_64-linux-gnu/libXrender.so.1.3.0
7f6e9820d000-7f6e9820e000 rw-p 00009000 08:05 3546798                    /usr/lib/x86_64-linux-gnu/libXrender.so.1.3.0
7f6e9820e000-7f6e98211000 r--s 00000000 08:05 807275                     /var/cache/fontconfig/de83a0a961185c8bd1f159015d56c039-le64.cache-4
7f6e98211000-7f6e98213000 r--s 00000000 08:05 807313                     /var/cache/fontconfig/16326683038b281783a0ef8c680e3a10-le64.cache-4
7f6e98213000-7f6e98223000 rw-s 106ec0000 00:05 1816                      /dev/dri/card0
7f6e98223000-7f6e98224000 r--s 00000000 08:05 807276                     /var/cache/fontconfig/c277e94e32b20404286a1ddafa5a80f0-le64.cache-4
7f6e98224000-7f6e98225000 r--s 00000000 08:05 807311                     /var/cache/fontconfig/e0aa53bcfa504e64f87823c16bc01eb6-le64.cache-4
7f6e98225000-7f6e98226000 rw-s 00000000 00:04 60362                      /drm mm object (deleted)
7f6e98226000-7f6e9822c000 r--s 00033000 08:05 4757290                    /home/elena/java/workspace/UCSDUnfoldingMaps/lib/unfolding.0.9.7-uscd.jar
7f6e9822c000-7f6e98280000 r-xp 00000000 08:05 4752107                    /usr/local/java/jdk1.8.0_60/jre/lib/amd64/libawt_xawt.so
7f6e98280000-7f6e98480000 ---p 00054000 08:05 4752107                    /usr/local/java/jdk1.8.0_60/jre/lib/amd64/libawt_xawt.so
7f6e98480000-7f6e98484000 rw-p 00054000 08:05 4752107                    /usr/local/java/jdk1.8.0_60/jre/lib/amd64/libawt_xawt.so
7f6e98484000-7f6e98485000 rw-p 00000000 00:00 0 
7f6e98485000-7f6e98527000 r-xp 00000000 08:05 4752114                    /usr/local/java/jdk1.8.0_60/jre/lib/amd64/libawt.so
7f6e98527000-7f6e98727000 ---p 000a2000 08:05 4752114                    /usr/local/java/jdk1.8.0_60/jre/lib/amd64/libawt.so
7f6e98727000-7f6e98733000 rw-p 000a2000 08:05 4752114                    /usr/local/java/jdk1.8.0_60/jre/lib/amd64/libawt.so
7f6e98733000-7f6e98757000 rw-p 00000000 00:00 0 
7f6e98757000-7f6e98758000 ---p 00000000 00:00 0 
7f6e98758000-7f6e98858000 rw-p 00000000 00:00 0                          [stack:5680]
7f6e98858000-7f6e9885b000 ---p 00000000 00:00 0 
7f6e9885b000-7f6e98959000 rw-p 00000000 00:00 0                          [stack:5679]
7f6e98959000-7f6e9895c000 ---p 00000000 00:00 0 
7f6e9895c000-7f6e98a5a000 rw-p 00000000 00:00 0                          [stack:5678]
7f6e98a5a000-7f6e98a5d000 ---p 00000000 00:00 0 
7f6e98a5d000-7f6e98b5b000 rw-p 00000000 00:00 0                          [stack:5677]
7f6e98b5b000-7f6e98b5e000 ---p 00000000 00:00 0 
7f6e98b5e000-7f6e98c5c000 rw-p 00000000 00:00 0                          [stack:5676]
7f6e98c5c000-7f6e98c5f000 ---p 00000000 00:00 0 
7f6e98c5f000-7f6e98d5d000 rw-p 00000000 00:00 0                          [stack:5675]
7f6e98d5d000-7f6e99572000 r--p 00000000 08:05 3546206                    /usr/lib/locale/locale-archive
7f6e99572000-7f6e99575000 ---p 00000000 00:00 0 
7f6e99575000-7f6e99673000 rw-p 00000000 00:00 0                          [stack:5674]
7f6e99673000-7f6e99676000 ---p 00000000 00:00 0 
7f6e99676000-7f6e99774000 rw-p 00000000 00:00 0                          [stack:5673]
7f6e99774000-7f6e99775000 ---p 00000000 00:00 0 
7f6e99775000-7f6e9c000000 rw-p 00000000 00:00 0                          [stack:5672]
7f6e9c000000-7f6e9c021000 rw-p 00000000 00:00 0 
7f6e9c021000-7f6ea0000000 ---p 00000000 00:00 0 
7f6ea0000000-7f6ea0001000 rwxp 00000000 00:00 0 
7f6ea0001000-7f6ea0005000 r--s 00095000 08:05 4618331                    /usr/local/java/jdk1.8.0_60/jre/lib/jsse.jar
7f6ea0005000-7f6ea000c000 r--s 00059000 08:05 4757288                    /home/elena/java/workspace/UCSDUnfoldingMaps/lib/log4j-1.2.15.jar
7f6ea000c000-7f6ea0452000 rw-p 00000000 00:00 0 
7f6ea0452000-7f6ea062a000 r--s 03d17000 08:05 4618326                    /usr/local/java/jdk1.8.0_60/jre/lib/rt.jar
7f6ea062a000-7f6ea1000000 rw-p 00000000 00:00 0 
7f6ea1000000-7f6ea1850000 rwxp 00000000 00:00 0 
7f6ea1850000-7f6eb0000000 ---p 00000000 00:00 0 
7f6eb0000000-7f6eb02a5000 rw-p 00000000 00:00 0 
7f6eb02a5000-7f6eb4000000 ---p 00000000 00:00 0 
7f6eb4000000-7f6eb4001000 r--s 0002f000 08:05 4757279                    /home/elena/java/workspace/UCSDUnfoldingMaps/lib/jogl-all-natives-linux-amd64.jar
7f6eb4001000-7f6eb4006000 r--s 00309000 08:05 4757289                    /home/elena/java/workspace/UCSDUnfoldingMaps/lib/sqlite-jdbc-3.7.2.jar
7f6eb4006000-7f6eb400c000 r--s 00041000 08:05 4757278                    /home/elena/java/workspace/UCSDUnfoldingMaps/lib/gluegen-rt.jar
7f6eb400c000-7f6eb41c5000 rw-p 00000000 00:00 0 
7f6eb41c5000-7f6eb41c6000 ---p 00000000 00:00 0 
7f6eb41c6000-7f6eb42c6000 rw-p 00000000 00:00 0                          [stack:5670]
7f6eb42c6000-7f6eb42c7000 ---p 00000000 00:00 0 
7f6eb42c7000-7f6eb43c7000 rw-p 00000000 00:00 0                          [stack:5669]
7f6eb43c7000-7f6eb43c8000 ---p 00000000 00:00 0 
7f6eb43c8000-7f6eb44c8000 rw-p 00000000 00:00 0                          [stack:5668]
7f6eb44c8000-7f6eb44c9000 ---p 00000000 00:00 0 
7f6eb44c9000-7f6eb45ef000 rw-p 00000000 00:00 0                          [stack:5667]
7f6eb45ef000-7f6eb4703000 ---p 00000000 00:00 0 
7f6eb4703000-7f6eb4729000 rw-p 00000000 00:00 0 
7f6eb4729000-7f6eb483c000 ---p 00000000 00:00 0 
7f6eb483c000-7f6eb48d9000 rw-p 00000000 00:00 0 
7f6eb48d9000-7f6eb48fc000 rw-p 00000000 00:00 0 
7f6eb48fc000-7f6eb4c9a000 ---p 00000000 00:00 0 
7f6eb4c9a000-7f6eb4cb4000 r-xp 00000000 08:05 4752090                    /usr/local/java/jdk1.8.0_60/jre/lib/amd64/libzip.so
7f6eb4cb4000-7f6eb4eb4000 ---p 0001a000 08:05 4752090                    /usr/local/java/jdk1.8.0_60/jre/lib/amd64/libzip.so
7f6eb4eb4000-7f6eb4eb5000 rw-p 0001a000 08:05 4752090                    /usr/local/java/jdk1.8.0_60/jre/lib/amd64/libzip.so
7f6eb4eb5000-7f6eb4ec0000 r-xp 00000000 08:05 1055446                    /lib/x86_64-linux-gnu/libnss_files-2.19.so
7f6eb4ec0000-7f6eb50bf000 ---p 0000b000 08:05 1055446                    /lib/x86_64-linux-gnu/libnss_files-2.19.so
7f6eb50bf000-7f6eb50c0000 r--p 0000a000 08:05 1055446                    /lib/x86_64-linux-gnu/libnss_files-2.19.so
7f6eb50c0000-7f6eb50c1000 rw-p 0000b000 08:05 1055446                    /lib/x86_64-linux-gnu/libnss_files-2.19.so
7f6eb50c1000-7f6eb50cc000 r-xp 00000000 08:05 1055061                    /lib/x86_64-linux-gnu/libnss_nis-2.19.so
7f6eb50cc000-7f6eb52cb000 ---p 0000b000 08:05 1055061                    /lib/x86_64-linux-gnu/libnss_nis-2.19.so
7f6eb52cb000-7f6eb52cc000 r--p 0000a000 08:05 1055061                    /lib/x86_64-linux-gnu/libnss_nis-2.19.so
7f6eb52cc000-7f6eb52cd000 rw-p 0000b000 08:05 1055061                    /lib/x86_64-linux-gnu/libnss_nis-2.19.so
7f6eb52cd000-7f6eb52e4000 r-xp 00000000 08:05 1055047                    /lib/x86_64-linux-gnu/libnsl-2.19.so
7f6eb52e4000-7f6eb54e3000 ---p 00017000 08:05 1055047                    /lib/x86_64-linux-gnu/libnsl-2.19.so
7f6eb54e3000-7f6eb54e4000 r--p 00016000 08:05 1055047                    /lib/x86_64-linux-gnu/libnsl-2.19.so
7f6eb54e4000-7f6eb54e5000 rw-p 00017000 08:05 1055047                    /lib/x86_64-linux-gnu/libnsl-2.19.so
7f6eb54e5000-7f6eb54e7000 rw-p 00000000 00:00 0 
7f6eb54e7000-7f6eb54f0000 r-xp 00000000 08:05 1055046                    /lib/x86_64-linux-gnu/libnss_compat-2.19.so
7f6eb54f0000-7f6eb56ef000 ---p 00009000 08:05 1055046                    /lib/x86_64-linux-gnu/libnss_compat-2.19.so
7f6eb56ef000-7f6eb56f0000 r--p 00008000 08:05 1055046                    /lib/x86_64-linux-gnu/libnss_compat-2.19.so
7f6eb56f0000-7f6eb56f1000 rw-p 00009000 08:05 1055046                    /lib/x86_64-linux-gnu/libnss_compat-2.19.so
7f6eb56f1000-7f6eb571b000 r-xp 00000000 08:05 4752050                    /usr/local/java/jdk1.8.0_60/jre/lib/amd64/libjava.so
7f6eb571b000-7f6eb591b000 ---p 0002a000 08:05 4752050                    /usr/local/java/jdk1.8.0_60/jre/lib/amd64/libjava.so
7f6eb591b000-7f6eb591d000 rw-p 0002a000 08:05 4752050                    /usr/local/java/jdk1.8.0_60/jre/lib/amd64/libjava.so
7f6eb591d000-7f6eb592a000 r-xp 00000000 08:05 4752078                    /usr/local/java/jdk1.8.0_60/jre/lib/amd64/libverify.so
7f6eb592a000-7f6eb5b2a000 ---p 0000d000 08:05 4752078                    /usr/local/java/jdk1.8.0_60/jre/lib/amd64/libverify.so
7f6eb5b2a000-7f6eb5b2c000 rw-p 0000d000 08:05 4752078                    /usr/local/java/jdk1.8.0_60/jre/lib/amd64/libverify.so
7f6eb5b2c000-7f6eb5b33000 r-xp 00000000 08:05 1055065                    /lib/x86_64-linux-gnu/librt-2.19.so
7f6eb5b33000-7f6eb5d32000 ---p 00007000 08:05 1055065                    /lib/x86_64-linux-gnu/librt-2.19.so
7f6eb5d32000-7f6eb5d33000 r--p 00006000 08:05 1055065                    /lib/x86_64-linux-gnu/librt-2.19.so
7f6eb5d33000-7f6eb5d34000 rw-p 00007000 08:05 1055065                    /lib/x86_64-linux-gnu/librt-2.19.so
7f6eb5d34000-7f6eb5e39000 r-xp 00000000 08:05 1052604                    /lib/x86_64-linux-gnu/libm-2.19.so
7f6eb5e39000-7f6eb6038000 ---p 00105000 08:05 1052604                    /lib/x86_64-linux-gnu/libm-2.19.so
7f6eb6038000-7f6eb6039000 r--p 00104000 08:05 1052604                    /lib/x86_64-linux-gnu/libm-2.19.so
7f6eb6039000-7f6eb603a000 rw-p 00105000 08:05 1052604                    /lib/x86_64-linux-gnu/libm-2.19.so
7f6eb603a000-7f6eb6cf8000 r-xp 00000000 08:05 4884599                    /usr/local/java/jdk1.8.0_60/jre/lib/amd64/server/libjvm.so
7f6eb6cf8000-7f6eb6ef7000 ---p 00cbe000 08:05 4884599                    /usr/local/java/jdk1.8.0_60/jre/lib/amd64/server/libjvm.so
7f6eb6ef7000-7f6eb6fcf000 rw-p 00cbd000 08:05 4884599                    /usr/local/java/jdk1.8.0_60/jre/lib/amd64/server/libjvm.so
7f6eb6fcf000-7f6eb7014000 rw-p 00000000 00:00 0 
7f6eb7014000-7f6eb71cf000 r-xp 00000000 08:05 1055066                    /lib/x86_64-linux-gnu/libc-2.19.so
7f6eb71cf000-7f6eb73ce000 ---p 001bb000 08:05 1055066                    /lib/x86_64-linux-gnu/libc-2.19.so
7f6eb73ce000-7f6eb73d2000 r--p 001ba000 08:05 1055066                    /lib/x86_64-linux-gnu/libc-2.19.so
7f6eb73d2000-7f6eb73d4000 rw-p 001be000 08:05 1055066                    /lib/x86_64-linux-gnu/libc-2.19.so
7f6eb73d4000-7f6eb73d9000 rw-p 00000000 00:00 0 
7f6eb73d9000-7f6eb73dc000 r-xp 00000000 08:05 1052646                    /lib/x86_64-linux-gnu/libdl-2.19.so
7f6eb73dc000-7f6eb75db000 ---p 00003000 08:05 1052646                    /lib/x86_64-linux-gnu/libdl-2.19.so
7f6eb75db000-7f6eb75dc000 r--p 00002000 08:05 1052646                    /lib/x86_64-linux-gnu/libdl-2.19.so
7f6eb75dc000-7f6eb75dd000 rw-p 00003000 08:05 1052646                    /lib/x86_64-linux-gnu/libdl-2.19.so
7f6eb75dd000-7f6eb75f2000 r-xp 00000000 08:05 4475228                    /usr/local/java/jdk1.8.0_60/lib/amd64/jli/libjli.so
7f6eb75f2000-7f6eb77f2000 ---p 00015000 08:05 4475228                    /usr/local/java/jdk1.8.0_60/lib/amd64/jli/libjli.so
7f6eb77f2000-7f6eb77f3000 rw-p 00015000 08:05 4475228                    /usr/local/java/jdk1.8.0_60/lib/amd64/jli/libjli.so
7f6eb77f3000-7f6eb780c000 r-xp 00000000 08:05 1055049                    /lib/x86_64-linux-gnu/libpthread-2.19.so
7f6eb780c000-7f6eb7a0b000 ---p 00019000 08:05 1055049                    /lib/x86_64-linux-gnu/libpthread-2.19.so
7f6eb7a0b000-7f6eb7a0c000 r--p 00018000 08:05 1055049                    /lib/x86_64-linux-gnu/libpthread-2.19.so
7f6eb7a0c000-7f6eb7a0d000 rw-p 00019000 08:05 1055049                    /lib/x86_64-linux-gnu/libpthread-2.19.so
7f6eb7a0d000-7f6eb7a11000 rw-p 00000000 00:00 0 
7f6eb7a11000-7f6eb7a34000 r-xp 00000000 08:05 1055057                    /lib/x86_64-linux-gnu/ld-2.19.so
7f6eb7a34000-7f6eb7a36000 r--s 00000000 08:05 4757272                    /home/elena/java/workspace/UCSDUnfoldingMaps/lib/gluegen-rt-natives-linux-amd64.jar
7f6eb7a36000-7f6eb7a37000 r--p 00000000 00:00 0 
7f6eb7a37000-7f6eb7a38000 r--s 00005000 08:05 4757287                    /home/elena/java/workspace/UCSDUnfoldingMaps/lib/libTUIO.jar
7f6eb7a38000-7f6eb7a3c000 r--s 0009a000 08:05 4757271                    /home/elena/java/workspace/UCSDUnfoldingMaps/lib/core.jar
7f6eb7a3c000-7f6eb7b0e000 rw-p 00000000 00:00 0 
7f6eb7b0e000-7f6eb7b11000 ---p 00000000 00:00 0 
7f6eb7b11000-7f6eb7c13000 rw-p 00000000 00:00 0                          [stack:5664]
7f6eb7c13000-7f6eb7c14000 r--s 00007000 08:05 4757286                    /home/elena/java/workspace/UCSDUnfoldingMaps/lib/json4processing.jar
7f6eb7c14000-7f6eb7c27000 rw-p 00000000 00:00 0 
7f6eb7c27000-7f6eb7c2f000 rw-s 00000000 08:05 1835101                    /tmp/hsperfdata_elena/5660
7f6eb7c2f000-7f6eb7c30000 rw-p 00000000 00:00 0 
7f6eb7c30000-7f6eb7c31000 r--p 00000000 00:00 0 
7f6eb7c31000-7f6eb7c33000 rw-p 00000000 00:00 0 
7f6eb7c33000-7f6eb7c34000 r--p 00022000 08:05 1055057                    /lib/x86_64-linux-gnu/ld-2.19.so
7f6eb7c34000-7f6eb7c35000 rw-p 00023000 08:05 1055057                    /lib/x86_64-linux-gnu/ld-2.19.so
7f6eb7c35000-7f6eb7c36000 rw-p 00000000 00:00 0 
7ffe66d34000-7ffe66d55000 rw-p 00000000 00:00 0                          [stack]
7ffe66dbb000-7ffe66dbd000 r-xp 00000000 00:00 0                          [vdso]
7ffe66dbd000-7ffe66dbf000 r--p 00000000 00:00 0                          [vvar]
ffffffffff600000-ffffffffff601000 r-xp 00000000 00:00 0                  [vsyscall]

VM Arguments:
jvm_args: -Djava.security.policy=java.policy.applet -Dfile.encoding=UTF-8 
java_command: sun.applet.AppletViewer module6.AirportMap1458924492572.html
java_class_path (initial): /home/elena/java/workspace/UCSDUnfoldingMaps/build:/home/elena/java/workspace/UCSDUnfoldingMaps/lib/core.jar:/home/elena/java/workspace/UCSDUnfoldingMaps/lib/gluegen-rt.jar:/home/elena/java/workspace/UCSDUnfoldingMaps/lib/jogl-all.jar:/home/elena/java/workspace/UCSDUnfoldingMaps/lib/log4j-1.2.15.jar:/home/elena/java/workspace/UCSDUnfoldingMaps/lib/sqlite-jdbc-3.7.2.jar:/home/elena/java/workspace/UCSDUnfoldingMaps/lib/json4processing.jar:/home/elena/java/workspace/UCSDUnfoldingMaps/lib/libTUIO.jar:/home/elena/java/workspace/UCSDUnfoldingMaps/lib/unfolding.0.9.7-uscd.jar
Launcher Type: SUN_STANDARD

Environment Variables:
JAVA_HOME=/usr/local/java/jdk1.8.0_60
PATH=/usr/local/sbin:/usr/local/bin:/usr/sbin:/usr/bin:/sbin:/bin:/usr/games:/usr/local/games:/home/elena/bin:/usr/local/java/jdk1.8.0_60/bin
SHELL=/bin/bash
DISPLAY=:0

Signal Handlers:
SIGSEGV: [libjvm.so+0xaba070], sa_mask[0]=11111111011111111101111111111110, sa_flags=SA_RESTART|SA_SIGINFO
SIGBUS: [libjvm.so+0xaba070], sa_mask[0]=11111111011111111101111111111110, sa_flags=SA_RESTART|SA_SIGINFO
SIGFPE: [libjvm.so+0x917630], sa_mask[0]=11111111011111111101111111111110, sa_flags=SA_RESTART|SA_SIGINFO
SIGPIPE: [libjvm.so+0x917630], sa_mask[0]=11111111011111111101111111111110, sa_flags=SA_RESTART|SA_SIGINFO
SIGXFSZ: [libjvm.so+0x917630], sa_mask[0]=11111111011111111101111111111110, sa_flags=SA_RESTART|SA_SIGINFO
SIGILL: [libjvm.so+0x917630], sa_mask[0]=11111111011111111101111111111110, sa_flags=SA_RESTART|SA_SIGINFO
SIGUSR1: SIG_DFL, sa_mask[0]=00000000000000000000000000000000, sa_flags=none
SIGUSR2: [libjvm.so+0x918c60], sa_mask[0]=00100000000000000000000000000000, sa_flags=SA_RESTART|SA_SIGINFO
SIGHUP: [libjvm.so+0x91a060], sa_mask[0]=11111111011111111101111111111110, sa_flags=SA_RESTART|SA_SIGINFO
SIGINT: [libjvm.so+0x91a060], sa_mask[0]=11111111011111111101111111111110, sa_flags=SA_RESTART|SA_SIGINFO
SIGTERM: [libjvm.so+0x91a060], sa_mask[0]=11111111011111111101111111111110, sa_flags=SA_RESTART|SA_SIGINFO
SIGQUIT: [libjvm.so+0x91a060], sa_mask[0]=11111111011111111101111111111110, sa_flags=SA_RESTART|SA_SIGINFO


---------------  S Y S T E M  ---------------

OS:DISTRIB_ID=Ubuntu
DISTRIB_RELEASE=14.04
DISTRIB_CODENAME=trusty
DISTRIB_DESCRIPTION="Ubuntu 14.04.4 LTS"

uname:Linux 3.16.0-67-generic #87~14.04.1-Ubuntu SMP Fri Mar 11 00:26:02 UTC 2016 x86_64
libc:glibc 2.19 NPTL 2.19 
rlimit: STACK 8192k, CORE 0k, NPROC 14927, NOFILE 4096, AS infinity
load average:2,35 1,29 0,66

/proc/meminfo:
MemTotal:        3842796 kB
MemFree:          186112 kB
MemAvailable:     942856 kB
Buffers:          222264 kB
Cached:           813220 kB
SwapCached:        24328 kB
Active:          2015500 kB
Inactive:        1246336 kB
Active(anon):    1639644 kB
Inactive(anon):   873540 kB
Active(file):     375856 kB
Inactive(file):   372796 kB
Unevictable:          32 kB
Mlocked:              32 kB
SwapTotal:       3987452 kB
SwapFree:        3945712 kB
Dirty:               628 kB
Writeback:             0 kB
AnonPages:       2202136 kB
Mapped:           235084 kB
Shmem:            286832 kB
Slab:             291352 kB
SReclaimable:     261496 kB
SUnreclaim:        29856 kB
KernelStack:        8560 kB
PageTables:        31188 kB
NFS_Unstable:          0 kB
Bounce:                0 kB
WritebackTmp:          0 kB
CommitLimit:     5908848 kB
Committed_AS:    5323128 kB
VmallocTotal:   34359738367 kB
VmallocUsed:      426624 kB
VmallocChunk:   34359301536 kB
HardwareCorrupted:     0 kB
AnonHugePages:    708608 kB
HugePages_Total:       0
HugePages_Free:        0
HugePages_Rsvd:        0
HugePages_Surp:        0
Hugepagesize:       2048 kB
DirectMap4k:       59648 kB
DirectMap2M:     3928064 kB


CPU:total 4 (2 cores per cpu, 2 threads per core) family 6 model 37 stepping 5, cmov, cx8, fxsr, mmx, sse, sse2, sse3, ssse3, sse4.1, sse4.2, popcnt, ht, tsc, tscinvbit

/proc/cpuinfo:
processor	: 0
vendor_id	: GenuineIntel
cpu family	: 6
model		: 37
model name	: Intel(R) Core(TM) i5 CPU       M 460  @ 2.53GHz
stepping	: 5
microcode	: 0x2
cpu MHz		: 2534.000
cache size	: 3072 KB
physical id	: 0
siblings	: 4
core id		: 0
cpu cores	: 2
apicid		: 0
initial apicid	: 0
fpu		: yes
fpu_exception	: yes
cpuid level	: 11
wp		: yes
flags		: fpu vme de pse tsc msr pae mce cx8 apic sep mtrr pge mca cmov pat pse36 clflush dts acpi mmx fxsr sse sse2 ss ht tm pbe syscall nx rdtscp lm constant_tsc arch_perfmon pebs bts rep_good nopl xtopology nonstop_tsc aperfmperf pni dtes64 monitor ds_cpl vmx est tm2 ssse3 cx16 xtpr pdcm pcid sse4_1 sse4_2 popcnt lahf_lm ida arat dtherm tpr_shadow vnmi flexpriority ept vpid
bogomips	: 5054.62
clflush size	: 64
cache_alignment	: 64
address sizes	: 36 bits physical, 48 bits virtual
power management:

processor	: 1
vendor_id	: GenuineIntel
cpu family	: 6
model		: 37
model name	: Intel(R) Core(TM) i5 CPU       M 460  @ 2.53GHz
stepping	: 5
microcode	: 0x2
cpu MHz		: 2534.000
cache size	: 3072 KB
physical id	: 0
siblings	: 4
core id		: 0
cpu cores	: 2
apicid		: 1
initial apicid	: 1
fpu		: yes
fpu_exception	: yes
cpuid level	: 11
wp		: yes
flags		: fpu vme de pse tsc msr pae mce cx8 apic sep mtrr pge mca cmov pat pse36 clflush dts acpi mmx fxsr sse sse2 ss ht tm pbe syscall nx rdtscp lm constant_tsc arch_perfmon pebs bts rep_good nopl xtopology nonstop_tsc aperfmperf pni dtes64 monitor ds_cpl vmx est tm2 ssse3 cx16 xtpr pdcm pcid sse4_1 sse4_2 popcnt lahf_lm ida arat dtherm tpr_shadow vnmi flexpriority ept vpid
bogomips	: 5054.62
clflush size	: 64
cache_alignment	: 64
address sizes	: 36 bits physical, 48 bits virtual
power management:

processor	: 2
vendor_id	: GenuineIntel
cpu family	: 6
model		: 37
model name	: Intel(R) Core(TM) i5 CPU       M 460  @ 2.53GHz
stepping	: 5
microcode	: 0x2
cpu MHz		: 1866.000
cache size	: 3072 KB
physical id	: 0
siblings	: 4
core id		: 2
cpu cores	: 2
apicid		: 4
initial apicid	: 4
fpu		: yes
fpu_exception	: yes
cpuid level	: 11
wp		: yes
flags		: fpu vme de pse tsc msr pae mce cx8 apic sep mtrr pge mca cmov pat pse36 clflush dts acpi mmx fxsr sse sse2 ss ht tm pbe syscall nx rdtscp lm constant_tsc arch_perfmon pebs bts rep_good nopl xtopology nonstop_tsc aperfmperf pni dtes64 monitor ds_cpl vmx est tm2 ssse3 cx16 xtpr pdcm pcid sse4_1 sse4_2 popcnt lahf_lm ida arat dtherm tpr_shadow vnmi flexpriority ept vpid
bogomips	: 5054.62
clflush size	: 64
cache_alignment	: 64
address sizes	: 36 bits physical, 48 bits virtual
power management:

processor	: 3
vendor_id	: GenuineIntel
cpu family	: 6
model		: 37
model name	: Intel(R) Core(TM) i5 CPU       M 460  @ 2.53GHz
stepping	: 5
microcode	: 0x2
cpu MHz		: 2534.000
cache size	: 3072 KB
physical id	: 0
siblings	: 4
core id		: 2
cpu cores	: 2
apicid		: 5
initial apicid	: 5
fpu		: yes
fpu_exception	: yes
cpuid level	: 11
wp		: yes
flags		: fpu vme de pse tsc msr pae mce cx8 apic sep mtrr pge mca cmov pat pse36 clflush dts acpi mmx fxsr sse sse2 ss ht tm pbe syscall nx rdtscp lm constant_tsc arch_perfmon pebs bts rep_good nopl xtopology nonstop_tsc aperfmperf pni dtes64 monitor ds_cpl vmx est tm2 ssse3 cx16 xtpr pdcm pcid sse4_1 sse4_2 popcnt lahf_lm ida arat dtherm tpr_shadow vnmi flexpriority ept vpid
bogomips	: 5054.62
clflush size	: 64
cache_alignment	: 64
address sizes	: 36 bits physical, 48 bits virtual
power management:



Memory: 4k page, physical 3842796k(186112k free), swap 3987452k(3945712k free)

vm_info: Java HotSpot(TM) 64-Bit Server VM (25.60-b23) for linux-amd64 JRE (1.8.0_60-b27), built on Aug  4 2015 12:19:40 by "java_re" with gcc 4.3.0 20080428 (Red Hat 4.3.0-8)

time: Fri Mar 25 17:49:05 2016
elapsed time: 52 seconds (0d 0h 0m 52s)

