#
# A fatal error has been detected by the Java Runtime Environment:
#
#  SIGSEGV (0xb) at pc=0x00007f9e21136b30, pid=3986, tid=140317888018176
#
# JRE version: Java(TM) SE Runtime Environment (8.0_60-b27) (build 1.8.0_60-b27)
# Java VM: Java HotSpot(TM) 64-Bit Server VM (25.60-b23 mixed mode linux-amd64 compressed oops)
# Problematic frame:
# C  [i965_dri.so+0x2f2b30]
#
# Failed to write core dump. Core dumps have been disabled. To enable core dumping, try "ulimit -c unlimited" before starting Java again
#
# If you would like to submit a bug report, please visit:
#   http://bugreport.java.com/bugreport/crash.jsp
# The crash happened outside the Java Virtual Machine in native code.
# See problematic frame for where to report the bug.
#

---------------  T H R E A D  ---------------

Current thread (0x00007f9e44003000):  JavaThread "AWT-EventQueue-1" [_thread_in_native, id=4015, stack(0x00007f9e4dcef000,0x00007f9e4ddf0000)]

siginfo: si_signo: 11 (SIGSEGV), si_code: 1 (SEGV_MAPERR), si_addr: 0x000000000000c540

Registers:
RAX=0x00007f9e21136b20, RBX=0x000000000000c000, RCX=0x0000000000000000, RDX=0x0000000000000001
RSP=0x00007f9e4dded310, RBP=0x00007f9e344d0e00, RSI=0x00007f9e30fd7d10, RDI=0x0000000100000000
R8 =0x0000000000000000, R9 =0x00007f9e4c6309c0, R10=0x00007f9e89013768, R11=0x00007f9e9ec24f10
R12=0x00007f9e344f4a80, R13=0x0000000000000000, R14=0x00007f9e344f5380, R15=0x0000000000000000
RIP=0x00007f9e21136b30, EFLAGS=0x0000000000010206, CSGSFS=0x0000000000000033, ERR=0x0000000000000004
  TRAPNO=0x000000000000000e

Top of Stack: (sp=0x00007f9e4dded310)
0x00007f9e4dded310:   00007f9e4dded400 0000000000000000
0x00007f9e4dded320:   00007f9e30fd7c30 00007f9e344d0e00
0x00007f9e4dded330:   00007f9e344f4a80 00007f9e4c630a4e
0x00007f9e4dded340:   00007f9e4dded378 00007f9e4c87b640
0x00007f9e4dded350:   00007f9e344fafa0 00007f9e00000000
0x00007f9e4dded360:   0000000000000000 0000000000000000
0x00007f9e4dded370:   00007f9e4dded3e8 00007f9e30fd7c30
0x00007f9e4dded380:   000000000520005c 00007f9e4c8ba350
0x00007f9e4dded390:   00007f9e4dded400 0000000000000000
0x00007f9e4dded3a0:   00007f9e4c8ba350 00007f9e4dded4c8
0x00007f9e4dded3b0:   00007f9e44003000 00007f9e26baa849
0x00007f9e4dded3c0:   00007f9e4c9cc0b8 00007f9e4c6099b0
0x00007f9e4dded3d0:   000000000520005c 00007f9e344fafa0
0x00007f9e4dded3e0:   00007f9e4dded490 00007f9e440031f8
0x00007f9e4dded3f0:   00007f9e89007760 00007f9e4c6099b0
0x00007f9e4dded400:   00007f9e4dded480 00007f9e89013794
0x00007f9e4dded410:   00007f9e4c98bdfc 00007f9e4dded468
0x00007f9e4dded420:   00007f9e4c9be4b0 0000000000000000
0x00007f9e4dded430:   00007f9e4c98be38 0000000000000000
0x00007f9e4dded440:   00007f9e4dded440 0000000000000000
0x00007f9e4dded450:   00007f9e4dded4c8 00007f9e4c8bb9f0
0x00007f9e4dded460:   0000000000000000 00007f9e4c8ba350
0x00007f9e4dded470:   0000000000000000 00007f9e4dded4a0
0x00007f9e4dded480:   00007f9e4dded510 00007f9e89007c4d
0x00007f9e4dded490:   00000000c6219b50 00007f9e8900f578
0x00007f9e4dded4a0:   00007f9e4c6099b0 00007f9e8901eec3
0x00007f9e4dded4b0:   000000000520005c 00007f9e00000000
0x00007f9e4dded4c0:   00007f9e344fafa0 00000000c5a22630
0x00007f9e4dded4d0:   00007f9e4dded4d0 00007f9e4c8ba2a1
0x00007f9e4dded4e0:   00007f9e4dded548 00007f9e4c8bb9f0
0x00007f9e4dded4f0:   0000000000000000 00007f9e4c8ba2b0
0x00007f9e4dded500:   00007f9e4dded4a0 00007f9e4dded530 

Instructions: (pc=0x00007f9e21136b30)
0x00007f9e21136b10:   48 83 c4 10 5b 5d 41 5c c3 0f 1f 80 00 00 00 00
0x00007f9e21136b20:   41 54 55 53 48 83 ec 10 48 8b 1f 48 85 db 74 3d
0x00007f9e21136b30:   f6 83 40 05 00 00 01 49 89 f4 89 cd 75 72 83 e2
0x00007f9e21136b40:   01 75 5d 83 e5 fd 74 38 48 8d 35 71 4e 17 00 ba 

Register to memory mapping:

RAX=0x00007f9e21136b20: <offset 0x2f2b20> in /usr/lib/x86_64-linux-gnu/dri/i965_dri.so at 0x00007f9e20e44000
RBX=0x000000000000c000 is an unknown value
RCX=0x0000000000000000 is an unknown value
RDX=0x0000000000000001 is an unknown value
RSP=0x00007f9e4dded310 is pointing into the stack for thread: 0x00007f9e44003000
RBP=0x00007f9e344d0e00 is an unknown value
RSI=0x00007f9e30fd7d10 is an unknown value
RDI=0x0000000100000000 is pointing into metadata
R8 =0x0000000000000000 is an unknown value
R9 =0x00007f9e4c6309c0: <offset 0x439c0> in /usr/lib/x86_64-linux-gnu/mesa/libGL.so.1 at 0x00007f9e4c5ed000
R10=0x00007f9e89013768 is at code_begin+808 in an Interpreter codelet
method entry point (kind = native)  [0x00007f9e89013440, 0x00007f9e89013d40]  2304 bytes
R11=0x00007f9e9ec24f10: <offset 0x9b8f10> in /usr/local/java/jdk1.8.0_60/jre/lib/amd64/server/libjvm.so at 0x00007f9e9e26c000
R12=0x00007f9e344f4a80 is an unknown value
R13=0x0000000000000000 is an unknown value
R14=0x00007f9e344f5380 is an unknown value
R15=0x0000000000000000 is an unknown value


Stack: [0x00007f9e4dcef000,0x00007f9e4ddf0000],  sp=0x00007f9e4dded310,  free space=1016k
Native frames: (J=compiled Java code, j=interpreted, Vv=VM code, C=native code)
C  [i965_dri.so+0x2f2b30]

Java frames: (J=compiled Java code, j=interpreted, Vv=VM code)
j  jogamp.opengl.x11.glx.GLX.dispatch_glXSwapBuffers0(JJJ)V+0
j  jogamp.opengl.x11.glx.GLX.glXSwapBuffers(JJ)V+41
j  jogamp.opengl.x11.glx.X11GLXDrawable.swapBuffersImpl(Z)V+17
j  jogamp.opengl.GLDrawableImpl.swapBuffers()V+67
j  javax.media.opengl.awt.GLCanvas$12.run()V+45
J 2780 C1 java.awt.event.InvocationEvent.dispatch()V (69 bytes) @ 0x00007f9e897fda4c [0x00007f9e897fd900+0x14c]
J 2805 C1 java.awt.EventQueue.dispatchEventImpl(Ljava/awt/AWTEvent;Ljava/lang/Object;)V (149 bytes) @ 0x00007f9e89813b3c [0x00007f9e89811fc0+0x1b7c]
J 2803 C1 java.awt.EventQueue$3.run()Ljava/lang/Void; (60 bytes) @ 0x00007f9e89803f04 [0x00007f9e89803d00+0x204]
J 2802 C1 java.awt.EventQueue$3.run()Ljava/lang/Object; (5 bytes) @ 0x00007f9e89809d8c [0x00007f9e89809d00+0x8c]
v  ~StubRoutines::call_stub
J 481  java.security.AccessController.doPrivileged(Ljava/security/PrivilegedAction;Ljava/security/AccessControlContext;)Ljava/lang/Object; (0 bytes) @ 0x00007f9e89218ea3 [0x00007f9e89218e40+0x63]
J 2319 C1 java.awt.EventQueue.dispatchEvent(Ljava/awt/AWTEvent;)V (80 bytes) @ 0x00007f9e89721384 [0x00007f9e89720a00+0x984]
J 2322 C1 java.awt.EventDispatchThread.pumpOneEventForFilters(I)V (295 bytes) @ 0x00007f9e89724d54 [0x00007f9e89723200+0x1b54]
j  java.awt.EventDispatchThread.pumpEventsForFilter(ILjava/awt/Conditional;Ljava/awt/EventFilter;)V+35
j  java.awt.EventDispatchThread.pumpEventsForHierarchy(ILjava/awt/Conditional;Ljava/awt/Component;)V+11
j  java.awt.EventDispatchThread.pumpEvents(ILjava/awt/Conditional;)V+4
j  java.awt.EventDispatchThread.pumpEvents(Ljava/awt/Conditional;)V+3
j  java.awt.EventDispatchThread.run()V+9
v  ~StubRoutines::call_stub

---------------  P R O C E S S  ---------------

Java Threads: ( => current thread )
  0x00007f9e313d7800 JavaThread "Thread-49" [_thread_blocked, id=4082, stack(0x00007f9e1f138000,0x00007f9e1f239000)]
  0x00007f9e34150000 JavaThread "Animation Thread-SharedResourceRunner" daemon [_thread_blocked, id=4025, stack(0x00007f9e4d68f000,0x00007f9e4d790000)]
  0x00007f9e340b2000 JavaThread "process reaper" daemon [_thread_blocked, id=4020, stack(0x00007f9e4d790000,0x00007f9e4d7c9000)]
  0x00007f9e4400b000 JavaThread "Animation Thread" [_thread_blocked, id=4016, stack(0x00007f9e4d9c9000,0x00007f9e4daca000)]
=>0x00007f9e44003000 JavaThread "AWT-EventQueue-1" [_thread_in_native, id=4015, stack(0x00007f9e4dcef000,0x00007f9e4ddf0000)]
  0x00007f9e9800a000 JavaThread "DestroyJavaVM" [_thread_blocked, id=3988, stack(0x00007f9e9fd40000,0x00007f9e9fe41000)]
  0x00007f9e98291800 JavaThread "AWT-EventQueue-0" [_thread_blocked, id=4013, stack(0x00007f9e4e4c9000,0x00007f9e4e5ca000)]
  0x00007f9e9828d800 JavaThread "AWT-Shutdown" [_thread_blocked, id=4012, stack(0x00007f9e4e5ca000,0x00007f9e4e6cb000)]
  0x00007f9e9827a000 JavaThread "thread applet-module6.AirportMap.class" [_thread_blocked, id=4011, stack(0x00007f9e4e6cb000,0x00007f9e4e7cc000)]
  0x00007f9e9826d000 JavaThread "AWT-XAWT" daemon [_thread_blocked, id=4009, stack(0x00007f9e4e7cc000,0x00007f9e4e8cd000)]
  0x00007f9e98248000 JavaThread "Java2D Disposer" daemon [_thread_blocked, id=4008, stack(0x00007f9e4ecdd000,0x00007f9e4edde000)]
  0x00007f9e980c3800 JavaThread "Service Thread" daemon [_thread_blocked, id=4006, stack(0x00007f9e84a9d000,0x00007f9e84b9e000)]
  0x00007f9e980be000 JavaThread "C1 CompilerThread2" daemon [_thread_blocked, id=4005, stack(0x00007f9e84b9e000,0x00007f9e84c9f000)]
  0x00007f9e980bc800 JavaThread "C2 CompilerThread1" daemon [_thread_blocked, id=4003, stack(0x00007f9e84c9f000,0x00007f9e84da0000)]
  0x00007f9e980b9800 JavaThread "C2 CompilerThread0" daemon [_thread_blocked, id=4002, stack(0x00007f9e84da0000,0x00007f9e84ea1000)]
  0x00007f9e980b8000 JavaThread "Signal Dispatcher" daemon [_thread_blocked, id=4001, stack(0x00007f9e84ea1000,0x00007f9e84fa2000)]
  0x00007f9e9807f000 JavaThread "Finalizer" daemon [_thread_blocked, id=4000, stack(0x00007f9e857b7000,0x00007f9e858b8000)]
  0x00007f9e9807d000 JavaThread "Reference Handler" daemon [_thread_blocked, id=3999, stack(0x00007f9e858b8000,0x00007f9e859b9000)]

Other Threads:
  0x00007f9e98077800 VMThread [stack: 0x00007f9e859b9000,0x00007f9e85aba000] [id=3998]
  0x00007f9e980c6800 WatcherThread [stack: 0x00007f9e8499c000,0x00007f9e84a9d000] [id=4007]

VM state:not at safepoint (normal execution)

VM Mutex/Monitor currently owned by a thread: None

Heap:
 PSYoungGen      total 256000K, used 34775K [0x00000000ec700000, 0x00000000fe080000, 0x0000000100000000)
  eden space 225792K, 15% used [0x00000000ec700000,0x00000000ee8cde60,0x00000000fa380000)
  from space 30208K, 0% used [0x00000000fc300000,0x00000000fc328000,0x00000000fe080000)
  to   space 31232K, 0% used [0x00000000fa380000,0x00000000fa380000,0x00000000fc200000)
 ParOldGen       total 101376K, used 66374K [0x00000000c5400000, 0x00000000cb700000, 0x00000000ec700000)
  object space 101376K, 65% used [0x00000000c5400000,0x00000000c94d18c0,0x00000000cb700000)
 Metaspace       used 20257K, capacity 20491K, committed 20736K, reserved 1069056K
  class space    used 1890K, capacity 1957K, committed 2048K, reserved 1048576K

Card table byte_map: [0x00007f9e9c935000,0x00007f9e9cb0c000] byte_map_base: 0x00007f9e9c30b000

Marking Bits: (ParMarkBitMap*) 0x00007f9e9f21ade0
 Begin Bits: [0x00007f9e872a0000, 0x00007f9e88150000)
 End Bits:   [0x00007f9e88150000, 0x00007f9e89000000)

Polling page: 0x00007f9e9fe62000

CodeCache: size=245760Kb used=8644Kb max_used=8644Kb free=237115Kb
 bounds [0x00007f9e89000000, 0x00007f9e89880000, 0x00007f9e98000000]
 total_blobs=3456 nmethods=2483 adapters=887
 compilation: enabled

Compilation events (10 events):
Event: 31,571 Thread 0x00007f9e980be000 nmethod 2927 0x00007f9e8986dad0 code [0x00007f9e8986dc40, 0x00007f9e8986de50]
Event: 31,657 Thread 0x00007f9e980be000 2928       3       java.nio.DirectByteBuffer::getLong (16 bytes)
Event: 31,658 Thread 0x00007f9e980be000 nmethod 2928 0x00007f9e89869490 code [0x00007f9e89869620, 0x00007f9e89869a38]
Event: 31,658 Thread 0x00007f9e980be000 2929       3       java.nio.DirectByteBuffer::getLong (39 bytes)
Event: 31,658 Thread 0x00007f9e980be000 nmethod 2929 0x00007f9e89874610 code [0x00007f9e89874780, 0x00007f9e898749c8]
Event: 31,739 Thread 0x00007f9e980be000 2930       3       sun.awt.X11.XWindow::getGraphics (67 bytes)
Event: 31,741 Thread 0x00007f9e980be000 nmethod 2930 0x00007f9e89873b90 code [0x00007f9e89873d40, 0x00007f9e898743d8]
Event: 31,741 Thread 0x00007f9e980be000 2931       3       sun.java2d.xr.XRSurfaceData$XRWindowSurfaceData::getBounds (22 bytes)
Event: 31,741 Thread 0x00007f9e980be000 nmethod 2931 0x00007f9e89873710 code [0x00007f9e89873880, 0x00007f9e89873aa8]
Event: 31,998 Thread 0x00007f9e980be000 2932       1       sun.java2d.SurfaceData::isValid (5 bytes)

GC Heap History (10 events):
Event: 27,898 GC heap before
{Heap before GC invocations=32 (full 2):
 PSYoungGen      total 249856K, used 222912K [0x00000000ec700000, 0x00000000fdf80000, 0x0000000100000000)
  eden space 215040K, 100% used [0x00000000ec700000,0x00000000f9900000,0x00000000f9900000)
  from space 34816K, 22% used [0x00000000f9900000,0x00000000fa0b01e0,0x00000000fbb00000)
  to   space 33792K, 0% used [0x00000000fbe80000,0x00000000fbe80000,0x00000000fdf80000)
 ParOldGen       total 101376K, used 58573K [0x00000000c5400000, 0x00000000cb700000, 0x00000000ec700000)
  object space 101376K, 57% used [0x00000000c5400000,0x00000000c8d336e0,0x00000000cb700000)
 Metaspace       used 20210K, capacity 20427K, committed 20736K, reserved 1069056K
  class space    used 1889K, capacity 1957K, committed 2048K, reserved 1048576K
Event: 27,904 GC heap after
Heap after GC invocations=32 (full 2):
 PSYoungGen      total 250368K, used 7872K [0x00000000ec700000, 0x00000000fdd00000, 0x0000000100000000)
  eden space 219136K, 0% used [0x00000000ec700000,0x00000000ec700000,0x00000000f9d00000)
  from space 31232K, 25% used [0x00000000fbe80000,0x00000000fc6301e0,0x00000000fdd00000)
  to   space 32768K, 0% used [0x00000000f9d00000,0x00000000f9d00000,0x00000000fbd00000)
 ParOldGen       total 101376K, used 58589K [0x00000000c5400000, 0x00000000cb700000, 0x00000000ec700000)
  object space 101376K, 57% used [0x00000000c5400000,0x00000000c8d376e0,0x00000000cb700000)
 Metaspace       used 20210K, capacity 20427K, committed 20736K, reserved 1069056K
  class space    used 1889K, capacity 1957K, committed 2048K, reserved 1048576K
}
Event: 28,867 GC heap before
{Heap before GC invocations=33 (full 2):
 PSYoungGen      total 250368K, used 227008K [0x00000000ec700000, 0x00000000fdd00000, 0x0000000100000000)
  eden space 219136K, 100% used [0x00000000ec700000,0x00000000f9d00000,0x00000000f9d00000)
  from space 31232K, 25% used [0x00000000fbe80000,0x00000000fc6301e0,0x00000000fdd00000)
  to   space 32768K, 0% used [0x00000000f9d00000,0x00000000f9d00000,0x00000000fbd00000)
 ParOldGen       total 101376K, used 58589K [0x00000000c5400000, 0x00000000cb700000, 0x00000000ec700000)
  object space 101376K, 57% used [0x00000000c5400000,0x00000000c8d376e0,0x00000000cb700000)
 Metaspace       used 20221K, capacity 20491K, committed 20736K, reserved 1069056K
  class space    used 1889K, capacity 1957K, committed 2048K, reserved 1048576K
Event: 28,873 GC heap after
Heap after GC invocations=33 (full 2):
 PSYoungGen      total 251904K, used 7872K [0x00000000ec700000, 0x00000000fde80000, 0x0000000100000000)
  eden space 219136K, 0% used [0x00000000ec700000,0x00000000ec700000,0x00000000f9d00000)
  from space 32768K, 24% used [0x00000000f9d00000,0x00000000fa4b01e0,0x00000000fbd00000)
  to   space 31744K, 0% used [0x00000000fbf80000,0x00000000fbf80000,0x00000000fde80000)
 ParOldGen       total 101376K, used 58621K [0x00000000c5400000, 0x00000000cb700000, 0x00000000ec700000)
  object space 101376K, 57% used [0x00000000c5400000,0x00000000c8d3f6e0,0x00000000cb700000)
 Metaspace       used 20221K, capacity 20491K, committed 20736K, reserved 1069056K
  class space    used 1889K, capacity 1957K, committed 2048K, reserved 1048576K
}
Event: 29,851 GC heap before
{Heap before GC invocations=34 (full 2):
 PSYoungGen      total 251904K, used 227008K [0x00000000ec700000, 0x00000000fde80000, 0x0000000100000000)
  eden space 219136K, 100% used [0x00000000ec700000,0x00000000f9d00000,0x00000000f9d00000)
  from space 32768K, 24% used [0x00000000f9d00000,0x00000000fa4b01e0,0x00000000fbd00000)
  to   space 31744K, 0% used [0x00000000fbf80000,0x00000000fbf80000,0x00000000fde80000)
 ParOldGen       total 101376K, used 58621K [0x00000000c5400000, 0x00000000cb700000, 0x00000000ec700000)
  object space 101376K, 57% used [0x00000000c5400000,0x00000000c8d3f6e0,0x00000000cb700000)
 Metaspace       used 20242K, capacity 20491K, committed 20736K, reserved 1069056K
  class space    used 1889K, capacity 1957K, committed 2048K, reserved 1048576K
Event: 29,875 GC heap after
Heap after GC invocations=34 (full 2):
 PSYoungGen      total 254464K, used 1984K [0x00000000ec700000, 0x00000000fdf80000, 0x0000000100000000)
  eden space 222720K, 0% used [0x00000000ec700000,0x00000000ec700000,0x00000000fa080000)
  from space 31744K, 6% used [0x00000000fbf80000,0x00000000fc170070,0x00000000fde80000)
  to   space 31744K, 0% used [0x00000000fa080000,0x00000000fa080000,0x00000000fbf80000)
 ParOldGen       total 101376K, used 64542K [0x00000000c5400000, 0x00000000cb700000, 0x00000000ec700000)
  object space 101376K, 63% used [0x00000000c5400000,0x00000000c9307850,0x00000000cb700000)
 Metaspace       used 20242K, capacity 20491K, committed 20736K, reserved 1069056K
  class space    used 1889K, capacity 1957K, committed 2048K, reserved 1048576K
}
Event: 30,879 GC heap before
{Heap before GC invocations=35 (full 2):
 PSYoungGen      total 254464K, used 224704K [0x00000000ec700000, 0x00000000fdf80000, 0x0000000100000000)
  eden space 222720K, 100% used [0x00000000ec700000,0x00000000fa080000,0x00000000fa080000)
  from space 31744K, 6% used [0x00000000fbf80000,0x00000000fc170070,0x00000000fde80000)
  to   space 31744K, 0% used [0x00000000fa080000,0x00000000fa080000,0x00000000fbf80000)
 ParOldGen       total 101376K, used 64542K [0x00000000c5400000, 0x00000000cb700000, 0x00000000ec700000)
  object space 101376K, 63% used [0x00000000c5400000,0x00000000c9307850,0x00000000cb700000)
 Metaspace       used 20244K, capacity 20491K, committed 20736K, reserved 1069056K
  class space    used 1889K, capacity 1957K, committed 2048K, reserved 1048576K
Event: 30,888 GC heap after
Heap after GC invocations=35 (full 2):
 PSYoungGen      total 254464K, used 192K [0x00000000ec700000, 0x00000000fe200000, 0x0000000100000000)
  eden space 222720K, 0% used [0x00000000ec700000,0x00000000ec700000,0x00000000fa080000)
  from space 31744K, 0% used [0x00000000fa080000,0x00000000fa0b0000,0x00000000fbf80000)
  to   space 31744K, 0% used [0x00000000fc300000,0x00000000fc300000,0x00000000fe200000)
 ParOldGen       total 101376K, used 66366K [0x00000000c5400000, 0x00000000cb700000, 0x00000000ec700000)
  object space 101376K, 65% used [0x00000000c5400000,0x00000000c94cf8c0,0x00000000cb700000)
 Metaspace       used 20244K, capacity 20491K, committed 20736K, reserved 1069056K
  class space    used 1889K, capacity 1957K, committed 2048K, reserved 1048576K
}
Event: 31,864 GC heap before
{Heap before GC invocations=36 (full 2):
 PSYoungGen      total 254464K, used 222912K [0x00000000ec700000, 0x00000000fe200000, 0x0000000100000000)
  eden space 222720K, 100% used [0x00000000ec700000,0x00000000fa080000,0x00000000fa080000)
  from space 31744K, 0% used [0x00000000fa080000,0x00000000fa0b0000,0x00000000fbf80000)
  to   space 31744K, 0% used [0x00000000fc300000,0x00000000fc300000,0x00000000fe200000)
 ParOldGen       total 101376K, used 66366K [0x00000000c5400000, 0x00000000cb700000, 0x00000000ec700000)
  object space 101376K, 65% used [0x00000000c5400000,0x00000000c94cf8c0,0x00000000cb700000)
 Metaspace       used 20254K, capacity 20491K, committed 20736K, reserved 1069056K
  class space    used 1890K, capacity 1957K, committed 2048K, reserved 1048576K
Event: 31,867 GC heap after
Heap after GC invocations=36 (full 2):
 PSYoungGen      total 256000K, used 160K [0x00000000ec700000, 0x00000000fe080000, 0x0000000100000000)
  eden space 225792K, 0% used [0x00000000ec700000,0x00000000ec700000,0x00000000fa380000)
  from space 30208K, 0% used [0x00000000fc300000,0x00000000fc328000,0x00000000fe080000)
  to   space 31232K, 0% used [0x00000000fa380000,0x00000000fa380000,0x00000000fc200000)
 ParOldGen       total 101376K, used 66374K [0x00000000c5400000, 0x00000000cb700000, 0x00000000ec700000)
  object space 101376K, 65% used [0x00000000c5400000,0x00000000c94d18c0,0x00000000cb700000)
 Metaspace       used 20254K, capacity 20491K, committed 20736K, reserved 1069056K
  class space    used 1890K, capacity 1957K, committed 2048K, reserved 1048576K
}

Deoptimization events (10 events):
Event: 16,267 Thread 0x00007f9df8001000 Uncommon trap: reason=class_check action=maybe_recompile pc=0x00007f9e89682a08 method=sun.awt.image.ImageRepresentation.setPixels(IIIILjava/awt/image/ColorModel;[BII)V @ 818
Event: 16,267 Thread 0x00007f9df8001000 Uncommon trap: reason=class_check action=maybe_recompile pc=0x00007f9e89682a08 method=sun.awt.image.ImageRepresentation.setPixels(IIIILjava/awt/image/ColorModel;[BII)V @ 818
Event: 16,268 Thread 0x00007f9df8001000 Uncommon trap: reason=class_check action=maybe_recompile pc=0x00007f9e89682a08 method=sun.awt.image.ImageRepresentation.setPixels(IIIILjava/awt/image/ColorModel;[BII)V @ 818
Event: 16,600 Thread 0x00007f9df8001000 Uncommon trap: reason=unstable_if action=reinterpret pc=0x00007f9e891e48dc method=java.awt.image.IndexColorModel.getDataElements(ILjava/lang/Object;)Ljava/lang/Object; @ 54
Event: 17,311 Thread 0x00007f9e44003000 Uncommon trap: reason=unstable_if action=reinterpret pc=0x00007f9e8966dd94 method=de.fhpotsdam.unfolding.marker.SimplePointMarker.isInside(FFFF)Z @ 31
Event: 18,136 Thread 0x00007f9e44003000 Uncommon trap: reason=unstable_if action=reinterpret pc=0x00007f9e895d2614 method=de.fhpotsdam.unfolding.marker.SimpleLinesMarker.draw(Lprocessing/core/PGraphics;Ljava/util/List;)V @ 13
Event: 18,136 Thread 0x00007f9e44003000 Uncommon trap: reason=unstable_if action=reinterpret pc=0x00007f9e896198c0 method=processing.opengl.PGraphicsOpenGL.tessellate(I)V @ 27
Event: 18,136 Thread 0x00007f9e44003000 Uncommon trap: reason=unstable_if action=reinterpret pc=0x00007f9e895cba58 method=de.fhpotsdam.unfolding.marker.SimpleLinesMarker.draw(Lprocessing/core/PGraphics;Ljava/util/List;)V @ 13
Event: 19,487 Thread 0x00007f9e44003000 Uncommon trap: reason=unstable_if action=reinterpret pc=0x00007f9e895347e4 method=module6.AirportMap.hideRoutes()V @ 36
Event: 31,916 Thread 0x00007f9e9827a000 Uncommon trap: reason=unstable_if action=reinterpret pc=0x00007f9e897a5930 method=java.awt.font.FontRenderContext.equals(Ljava/awt/font/FontRenderContext;)Z @ 2

Internal exceptions (10 events):
Event: 1,386 Thread 0x00007f9e44003000 Implicit null exception at 0x00007f9e891e3575 to 0x00007f9e891e38c1
Event: 9,582 Thread 0x00007f9e44003000 Exception <a 'java/lang/reflect/InvocationTargetException'> (0x00000000ee6bb568) thrown at [/HUDSON/workspace/8-2-build-linux-amd64/jdk8u60/4407/hotspot/src/share/vm/runtime/reflection.cpp, line 1092]
Event: 9,584 Thread 0x00007f9e4400b000 Exception <a 'java/lang/reflect/InvocationTargetException'> (0x00000000ee7ae2b8) thrown at [/HUDSON/workspace/8-2-build-linux-amd64/jdk8u60/4407/hotspot/src/share/vm/runtime/reflection.cpp, line 1092]
Event: 9,587 Thread 0x00007f9e4400b000 Exception <a 'java/lang/reflect/InvocationTargetException'> (0x00000000ee7aea00) thrown at [/HUDSON/workspace/8-2-build-linux-amd64/jdk8u60/4407/hotspot/src/share/vm/runtime/reflection.cpp, line 1092]
Event: 9,587 Thread 0x00007f9e4400b000 Exception <a 'java/lang/reflect/InvocationTargetException'> (0x00000000ee7aee18) thrown at [/HUDSON/workspace/8-2-build-linux-amd64/jdk8u60/4407/hotspot/src/share/vm/runtime/reflection.cpp, line 1092]
Event: 9,597 Thread 0x00007f9e4400b000 Exception <a 'java/lang/reflect/InvocationTargetException'> (0x00000000ee7af250) thrown at [/HUDSON/workspace/8-2-build-linux-amd64/jdk8u60/4407/hotspot/src/share/vm/runtime/reflection.cpp, line 1092]
Event: 9,609 Thread 0x00007f9e4400b000 Exception <a 'java/lang/reflect/InvocationTargetException'> (0x00000000ee7b5df0) thrown at [/HUDSON/workspace/8-2-build-linux-amd64/jdk8u60/4407/hotspot/src/share/vm/runtime/reflection.cpp, line 1092]
Event: 9,613 Thread 0x00007f9e4400b000 Exception <a 'java/lang/reflect/InvocationTargetException'> (0x00000000ee7b73a0) thrown at [/HUDSON/workspace/8-2-build-linux-amd64/jdk8u60/4407/hotspot/src/share/vm/runtime/reflection.cpp, line 1092]
Event: 9,617 Thread 0x00007f9e4400b000 Exception <a 'java/lang/reflect/InvocationTargetException'> (0x00000000ee7b8ad8) thrown at [/HUDSON/workspace/8-2-build-linux-amd64/jdk8u60/4407/hotspot/src/share/vm/runtime/reflection.cpp, line 1092]
Event: 9,619 Thread 0x00007f9e4400b000 Exception <a 'java/lang/reflect/InvocationTargetException'> (0x00000000ee7bc940) thrown at [/HUDSON/workspace/8-2-build-linux-amd64/jdk8u60/4407/hotspot/src/share/vm/runtime/reflection.cpp, line 1092]

Events (10 events):
Event: 31,824 loading class sun/applet/AppletViewer$3
Event: 31,825 loading class sun/applet/AppletViewer$3 done
Event: 31,825 Thread 0x00007f9e313d7800 Thread added: 0x00007f9e313d7800
Event: 31,825 loading class sun/applet/AppletPanel$4
Event: 31,825 loading class sun/applet/AppletPanel$4 done
Event: 31,864 Executing VM operation: ParallelGCFailedAllocation
Event: 31,867 Executing VM operation: ParallelGCFailedAllocation done
Event: 31,916 Thread 0x00007f9e9827a000 Uncommon trap: trap_request=0xffffff65 fr.pc=0x00007f9e897a5930
Event: 31,916 Thread 0x00007f9e9827a000 DEOPT PACKING pc=0x00007f9e897a5930 sp=0x00007f9e4e7ca460
Event: 31,916 Thread 0x00007f9e9827a000 DEOPT UNPACKING pc=0x00007f9e89005229 sp=0x00007f9e4e7ca3b8 mode 2


Dynamic libraries:
00400000-00401000 r-xp 00000000 08:05 4475464                            /usr/local/java/jdk1.8.0_60/bin/java
00600000-00601000 rw-p 00000000 08:05 4475464                            /usr/local/java/jdk1.8.0_60/bin/java
02090000-020d2000 rw-p 00000000 00:00 0                                  [heap]
c5400000-cb700000 rw-p 00000000 00:00 0 
cb700000-ec700000 ---p 00000000 00:00 0 
ec700000-fe080000 rw-p 00000000 00:00 0 
fe080000-100000000 ---p 00000000 00:00 0 
100000000-100200000 rw-p 00000000 00:00 0 
100200000-140000000 ---p 00000000 00:00 0 
7f9df8000000-7f9df806f000 rw-p 00000000 00:00 0 
7f9df806f000-7f9dfc000000 ---p 00000000 00:00 0 
7f9e00000000-7f9e00047000 rw-p 00000000 00:00 0 
7f9e00047000-7f9e04000000 ---p 00000000 00:00 0 
7f9e04000000-7f9e04047000 rw-p 00000000 00:00 0 
7f9e04047000-7f9e08000000 ---p 00000000 00:00 0 
7f9e08000000-7f9e0808e000 rw-p 00000000 00:00 0 
7f9e0808e000-7f9e0c000000 ---p 00000000 00:00 0 
7f9e0c000000-7f9e0c021000 rw-p 00000000 00:00 0 
7f9e0c021000-7f9e10000000 ---p 00000000 00:00 0 
7f9e10000000-7f9e10021000 rw-p 00000000 00:00 0 
7f9e10021000-7f9e14000000 ---p 00000000 00:00 0 
7f9e14000000-7f9e14021000 rw-p 00000000 00:00 0 
7f9e14021000-7f9e18000000 ---p 00000000 00:00 0 
7f9e18000000-7f9e1809b000 rw-p 00000000 00:00 0 
7f9e1809b000-7f9e1c000000 ---p 00000000 00:00 0 
7f9e1d4a1000-7f9e1d4b1000 rw-s 11d9b7000 00:05 1816                      /dev/dri/card0
7f9e1d4b1000-7f9e1d671000 rw-s 11d7f7000 00:05 1816                      /dev/dri/card0
7f9e1d89e000-7f9e1d8de000 rw-p 00000000 00:00 0 
7f9e1d8de000-7f9e1da9e000 ---p 00000000 00:00 0 
7f9e1da9e000-7f9e1dafe000 rw-s 120b2f000 00:05 1816                      /dev/dri/card0
7f9e1dafe000-7f9e1db5e000 rw-s 120acf000 00:05 1816                      /dev/dri/card0
7f9e1db5e000-7f9e1dbbe000 rw-s 120a6f000 00:05 1816                      /dev/dri/card0
7f9e1dbbe000-7f9e1dc1e000 rw-s 120a0f000 00:05 1816                      /dev/dri/card0
7f9e1dc1e000-7f9e1dc7e000 rw-s 1209af000 00:05 1816                      /dev/dri/card0
7f9e1dc7e000-7f9e1dcde000 rw-s 12094f000 00:05 1816                      /dev/dri/card0
7f9e1dcde000-7f9e1dd3e000 rw-s 1208ef000 00:05 1816                      /dev/dri/card0
7f9e1dd3e000-7f9e1dd9e000 rw-s 12088f000 00:05 1816                      /dev/dri/card0
7f9e1dd9e000-7f9e1ddfe000 rw-s 12082f000 00:05 1816                      /dev/dri/card0
7f9e1ddfe000-7f9e1de5e000 rw-s 1207cf000 00:05 1816                      /dev/dri/card0
7f9e1de5e000-7f9e1de5f000 r--s 00000000 08:05 807309                     /var/cache/fontconfig/087e1975ba9a574b140bb1df193bf770-le64.cache-4
7f9e1de5f000-7f9e1de6d000 r--s 00000000 08:05 798218                     /var/cache/fontconfig/6aa41aa22e18b8fa06a12da28ea9c28b-le64.cache-4
7f9e1de6d000-7f9e1de6e000 r--s 00000000 08:05 786527                     /var/cache/fontconfig/c05880de57d1f5e948fdfacc138775d9-le64.cache-4
7f9e1de6e000-7f9e1de79000 r--s 00000000 08:05 786521                     /var/cache/fontconfig/945677eb7aeaf62f1d50efc3fb3ec7d8-le64.cache-4
7f9e1de79000-7f9e1de7f000 r--s 00000000 08:05 786507                     /var/cache/fontconfig/2cd17615ca594fa2959ae173292e504c-le64.cache-4
7f9e1de7f000-7f9e1de80000 r--s 00000000 08:05 786537                     /var/cache/fontconfig/e7071f4a29fa870f4323321c154eba04-le64.cache-4
7f9e1de80000-7f9e1de81000 r--s 00000000 08:05 786504                     /var/cache/fontconfig/0d8c3b2ac0904cb8a57a757ad11a4a08-le64.cache-4
7f9e1de81000-7f9e1de88000 r--s 00000000 08:05 786524                     /var/cache/fontconfig/a755afe4a08bf5b97852ceb7400b47bc-le64.cache-4
7f9e1de88000-7f9e1de94000 r--s 00000000 08:05 806641                     /var/cache/fontconfig/6d41288fd70b0be22e8c3a91e032eec0-le64.cache-4
7f9e1de94000-7f9e1dea8000 r--s 00000000 08:05 786502                     /var/cache/fontconfig/04aabc0a78ac019cf9454389977116d2-le64.cache-4
7f9e1dea8000-7f9e1dea9000 r--s 00000000 08:05 786506                     /var/cache/fontconfig/1ac9eb803944fde146138c791f5cc56a-le64.cache-4
7f9e1dea9000-7f9e1deaa000 r--s 00000000 08:05 807308                     /var/cache/fontconfig/b95bc8ffbebda2bbdae4265e45b8178d-le64.cache-4
7f9e1deaa000-7f9e1deae000 r--s 00000000 08:05 786510                     /var/cache/fontconfig/385c0604a188198f04d133e54aba7fe7-le64.cache-4
7f9e1deae000-7f9e1deaf000 r--s 00000000 08:05 807307                     /var/cache/fontconfig/9c956a7723ca69a44b382d9179c9802f-le64.cache-4
7f9e1deaf000-7f9e1deb0000 r--s 00000000 08:05 786534                     /var/cache/fontconfig/dc05db6664285cc2f12bf69c139ae4c3-le64.cache-4
7f9e1deb0000-7f9e1deb1000 r--s 00000000 08:05 807306                     /var/cache/fontconfig/5d1cca7074f29429a8d18692746c2426-le64.cache-4
7f9e1deb1000-7f9e1deb3000 r--s 00000000 08:05 786518                     /var/cache/fontconfig/767a8244fc0220cfb567a839d0392e0b-le64.cache-4
7f9e1deb3000-7f9e1deb4000 r--s 00000000 08:05 790930                     /var/cache/fontconfig/4794a0821666d79190d59a36cb4f44b5-le64.cache-4
7f9e1deb4000-7f9e1deb5000 r--s 00000000 08:05 807305                     /var/cache/fontconfig/9eae20f1ff8cc0a7d125749e875856bd-le64.cache-4
7f9e1deb5000-7f9e1deb7000 r--s 00000000 08:05 807304                     /var/cache/fontconfig/bf2c1853a9e9b00bb02fe2e9bcf1e201-le64.cache-4
7f9e1deb7000-7f9e1debc000 r--s 00000000 08:05 786520                     /var/cache/fontconfig/8801497958630a81b71ace7c5f9b32a8-le64.cache-4
7f9e1debc000-7f9e1dec3000 r--s 00000000 08:05 786508                     /var/cache/fontconfig/3047814df9a2f067bd2d96a2b9c36e5a-le64.cache-4
7f9e1dec3000-7f9e1dec7000 r--s 00000000 08:05 807303                     /var/cache/fontconfig/bf3b770c553c462765856025a94f1ce6-le64.cache-4
7f9e1dec7000-7f9e1dec8000 r--s 00000000 08:05 786514                     /var/cache/fontconfig/56cf4f4769d0f4abc89a4895d7bd3ae1-le64.cache-4
7f9e1dec8000-7f9e1dec9000 r--s 00000000 08:05 786526                     /var/cache/fontconfig/b9d506c9ac06c20b433354fa67a72993-le64.cache-4
7f9e1dec9000-7f9e1decf000 r--s 00000000 08:05 786525                     /var/cache/fontconfig/b47c4e1ecd0709278f4910c18777a504-le64.cache-4
7f9e1decf000-7f9e1ded2000 r--s 00000000 08:05 807302                     /var/cache/fontconfig/14d493b97896515cad3840ba4896e372-le64.cache-4
7f9e1ded2000-7f9e1ded3000 r--s 00000000 08:05 807301                     /var/cache/fontconfig/89034621ae2a8922916bb6bfa5799546-le64.cache-4
7f9e1ded3000-7f9e1ded6000 r--s 00000000 08:05 807300                     /var/cache/fontconfig/e49e89034d371f0f9de17aab02136486-le64.cache-4
7f9e1ded6000-7f9e1ded8000 r--s 00000000 08:05 807299                     /var/cache/fontconfig/4b14b093aebc79c320de5e86ae1d3314-le64.cache-4
7f9e1ded8000-7f9e1ded9000 r--s 00000000 08:05 807298                     /var/cache/fontconfig/8aec10f4cc8391dcef22ca549f1e4354-le64.cache-4
7f9e1ded9000-7f9e1deec000 r--s 00000000 08:05 786531                     /var/cache/fontconfig/d52a8644073d54c13679302ca1180695-le64.cache-4
7f9e1deec000-7f9e1deed000 r--s 00000000 08:05 807297                     /var/cache/fontconfig/8a687c406b77f27d99abfeeba937fcce-le64.cache-4
7f9e1deed000-7f9e1def6000 r--s 00000000 08:05 787140                     /var/cache/fontconfig/3f7329c5293ffd510edef78f73874cfd-le64.cache-4
7f9e1def6000-7f9e1def7000 r--s 00000000 08:05 807296                     /var/cache/fontconfig/ac2cf712d852da827a87a9baf682f5b9-le64.cache-4
7f9e1def7000-7f9e1def9000 r--s 00000000 08:05 807295                     /var/cache/fontconfig/65f976e5259cbe6dc7697b8648396239-le64.cache-4
7f9e1def9000-7f9e1df04000 r--s 00000000 08:05 795403                     /var/cache/fontconfig/d589a48862398ed80a3d6066f4f56f4c-le64.cache-4
7f9e1df04000-7f9e1df05000 r--s 00000000 08:05 807294                     /var/cache/fontconfig/94f7fe9bd33aadfac165873bd010d595-le64.cache-4
7f9e1df05000-7f9e1df07000 r--s 00000000 08:05 807293                     /var/cache/fontconfig/423767150eb258c59035de29db6fca84-le64.cache-4
7f9e1df07000-7f9e1df08000 r--s 00000000 08:05 807292                     /var/cache/fontconfig/845c20fd2c4814bcec78e05d37a63ccc-le64.cache-4
7f9e1df08000-7f9e1df09000 r--s 00000000 08:05 807291                     /var/cache/fontconfig/e7de81b01590fb7e12b38e274e17d0db-le64.cache-4
7f9e1df09000-7f9e1df0a000 r--s 00000000 08:05 807290                     /var/cache/fontconfig/406a1d2d2bf3ed7664fbadefac0b2f66-le64.cache-4
7f9e1df0a000-7f9e1df0c000 r--s 00000000 08:05 807289                     /var/cache/fontconfig/67709b7835c0f764c1135060c9575660-le64.cache-4
7f9e1df0c000-7f9e1df16000 r--s 00000000 08:05 807288                     /var/cache/fontconfig/198d8fcf01c96d0cf813f74fd759bdb7-le64.cache-4
7f9e1df16000-7f9e1df21000 r--s 00000000 08:05 807286                     /var/cache/fontconfig/83bf95040141907cd45bb53cf7c1c148-le64.cache-4
7f9e1df21000-7f9e1df28000 r--s 00000000 08:05 807283                     /var/cache/fontconfig/53d14c92082a93e67d5078324eb314ca-le64.cache-4
7f9e1df28000-7f9e1df2c000 r--s 00000000 08:05 807282                     /var/cache/fontconfig/6c08beecf0dac481ec92e759e0c2e6d7-le64.cache-4
7f9e1df2c000-7f9e1df30000 r--s 00000000 08:05 807281                     /var/cache/fontconfig/4d6aee6d44eccb37054d3216e945f618-le64.cache-4
7f9e1df30000-7f9e1df34000 r--s 00000000 08:05 807280                     /var/cache/fontconfig/d6c6df98c3df5faf9bd0f8ef4d91efe5-le64.cache-4
7f9e1df34000-7f9e1df38000 r--s 00000000 08:05 807279                     /var/cache/fontconfig/9fb319ef52839f11ee26ab8b4cffa12b-le64.cache-4
7f9e1df38000-7f9e1df4b000 r--s 00000000 08:05 807278                     /var/cache/fontconfig/4ac51e5cfbc76fc3f983e470323a16d3-le64.cache-4
7f9e1df4b000-7f9e1df4e000 r--s 00000000 08:05 807277                     /var/cache/fontconfig/c19b55eb3b4c5b40ea175e31682068a5-le64.cache-4
7f9e1df4e000-7f9e1df51000 r--s 00000000 08:05 807275                     /var/cache/fontconfig/de83a0a961185c8bd1f159015d56c039-le64.cache-4
7f9e1df51000-7f9e1df72000 r--s 00000000 08:05 797119                     /var/cache/fontconfig/e13b20fdb08344e0e664864cc2ede53d-le64.cache-4
7f9e1df72000-7f9e1df7f000 r--s 00000000 08:05 807312                     /var/cache/fontconfig/8f02d4cb045bd6ce15663e43f347c9f8-le64.cache-4
7f9e1dfc4000-7f9e1e024000 rw-s 12076f000 00:05 1816                      /dev/dri/card0
7f9e1e024000-7f9e1e084000 rw-s 12070f000 00:05 1816                      /dev/dri/card0
7f9e1e084000-7f9e1e0e4000 rw-s 1206af000 00:05 1816                      /dev/dri/card0
7f9e1e0e4000-7f9e1e144000 rw-s 12064f000 00:05 1816                      /dev/dri/card0
7f9e1e144000-7f9e1e1a4000 rw-s 1205ef000 00:05 1816                      /dev/dri/card0
7f9e1e1a4000-7f9e1e204000 rw-s 12058f000 00:05 1816                      /dev/dri/card0
7f9e1e204000-7f9e1e264000 rw-s 12052f000 00:05 1816                      /dev/dri/card0
7f9e1e264000-7f9e1e2c4000 rw-s 1204cf000 00:05 1816                      /dev/dri/card0
7f9e1e2c4000-7f9e1e324000 rw-s 12046f000 00:05 1816                      /dev/dri/card0
7f9e1e324000-7f9e1e384000 rw-s 12040f000 00:05 1816                      /dev/dri/card0
7f9e1e384000-7f9e1e3e4000 rw-s 11dc07000 00:05 1816                      /dev/dri/card0
7f9e1e3e4000-7f9e1e444000 rw-s 11dba7000 00:05 1816                      /dev/dri/card0
7f9e1e444000-7f9e1e4a4000 rw-s 11db47000 00:05 1816                      /dev/dri/card0
7f9e1e4a4000-7f9e1e504000 rw-s 11dae7000 00:05 1816                      /dev/dri/card0
7f9e1e504000-7f9e1e564000 rw-s 11da87000 00:05 1816                      /dev/dri/card0
7f9e1e564000-7f9e1e5c4000 rw-s 11da27000 00:05 1816                      /dev/dri/card0
7f9e1e5c4000-7f9e1e624000 rw-s 11d9c7000 00:05 1816                      /dev/dri/card0
7f9e1e624000-7f9e1e684000 rw-s 12033e000 00:05 1816                      /dev/dri/card0
7f9e1e684000-7f9e1e6a2000 r--s 00000000 08:05 790931                     /var/cache/fontconfig/467c019e582ee353435ea5c21d137ef6-le64.cache-4
7f9e1e6d4000-7f9e1e734000 rw-s 1202de000 00:05 1816                      /dev/dri/card0
7f9e1e734000-7f9e1e794000 rw-s 12027e000 00:05 1816                      /dev/dri/card0
7f9e1e794000-7f9e1e7f4000 rw-s 12021e000 00:05 1816                      /dev/dri/card0
7f9e1e7f4000-7f9e1e854000 rw-s 1201be000 00:05 1816                      /dev/dri/card0
7f9e1e854000-7f9e1e8b4000 rw-s 12015e000 00:05 1816                      /dev/dri/card0
7f9e1e8b4000-7f9e1e914000 rw-s 1200fe000 00:05 1816                      /dev/dri/card0
7f9e1e914000-7f9e1e974000 rw-s 12009e000 00:05 1816                      /dev/dri/card0
7f9e1e974000-7f9e1e9d4000 rw-s 12003e000 00:05 1816                      /dev/dri/card0
7f9e1e9d4000-7f9e1ea34000 rw-s 11ffde000 00:05 1816                      /dev/dri/card0
7f9e1ea34000-7f9e1ea94000 rw-s 11ff7e000 00:05 1816                      /dev/dri/card0
7f9e1ea94000-7f9e1eaf4000 rw-s 11ff1e000 00:05 1816                      /dev/dri/card0
7f9e1eaf4000-7f9e1eb54000 rw-s 11febe000 00:05 1816                      /dev/dri/card0
7f9e1eb54000-7f9e1ebb4000 rw-s 11fe5e000 00:05 1816                      /dev/dri/card0
7f9e1ebb4000-7f9e1ec14000 rw-s 11fdfe000 00:05 1816                      /dev/dri/card0
7f9e1ec14000-7f9e1ec74000 rw-s 11fd9e000 00:05 1816                      /dev/dri/card0
7f9e1ec74000-7f9e1ecd4000 rw-s 11fd3e000 00:05 1816                      /dev/dri/card0
7f9e1ecd4000-7f9e1ed34000 rw-s 11fcde000 00:05 1816                      /dev/dri/card0
7f9e1ed34000-7f9e1ed37000 ---p 00000000 00:00 0 
7f9e1ed37000-7f9e1ee35000 rw-p 00000000 00:00 0 
7f9e1ee35000-7f9e1ee38000 ---p 00000000 00:00 0 
7f9e1ee38000-7f9e1ef36000 rw-p 00000000 00:00 0 
7f9e1ef36000-7f9e1ef39000 ---p 00000000 00:00 0 
7f9e1ef39000-7f9e1f037000 rw-p 00000000 00:00 0 
7f9e1f037000-7f9e1f03a000 ---p 00000000 00:00 0 
7f9e1f03a000-7f9e1f138000 rw-p 00000000 00:00 0 
7f9e1f138000-7f9e1f13b000 ---p 00000000 00:00 0 
7f9e1f13b000-7f9e1f239000 rw-p 00000000 00:00 0                          [stack:4082]
7f9e1f239000-7f9e1f3f9000 rw-s 11fabe000 00:05 1816                      /dev/dri/card0
7f9e1f3f9000-7f9e1f410000 r-xp 00000000 08:05 1048615                    /lib/x86_64-linux-gnu/libresolv-2.19.so
7f9e1f410000-7f9e1f610000 ---p 00017000 08:05 1048615                    /lib/x86_64-linux-gnu/libresolv-2.19.so
7f9e1f610000-7f9e1f611000 r--p 00017000 08:05 1048615                    /lib/x86_64-linux-gnu/libresolv-2.19.so
7f9e1f611000-7f9e1f612000 rw-p 00018000 08:05 1048615                    /lib/x86_64-linux-gnu/libresolv-2.19.so
7f9e1f612000-7f9e1f614000 rw-p 00000000 00:00 0 
7f9e1f614000-7f9e1f619000 r-xp 00000000 08:05 1055063                    /lib/x86_64-linux-gnu/libnss_dns-2.19.so
7f9e1f619000-7f9e1f818000 ---p 00005000 08:05 1055063                    /lib/x86_64-linux-gnu/libnss_dns-2.19.so
7f9e1f818000-7f9e1f819000 r--p 00004000 08:05 1055063                    /lib/x86_64-linux-gnu/libnss_dns-2.19.so
7f9e1f819000-7f9e1f81a000 rw-p 00005000 08:05 1055063                    /lib/x86_64-linux-gnu/libnss_dns-2.19.so
7f9e1f81a000-7f9e1f81c000 r-xp 00000000 08:05 1052761                    /lib/x86_64-linux-gnu/libnss_mdns4_minimal.so.2
7f9e1f81c000-7f9e1fa1b000 ---p 00002000 08:05 1052761                    /lib/x86_64-linux-gnu/libnss_mdns4_minimal.so.2
7f9e1fa1b000-7f9e1fa1c000 r--p 00001000 08:05 1052761                    /lib/x86_64-linux-gnu/libnss_mdns4_minimal.so.2
7f9e1fa1c000-7f9e1fa1d000 rw-p 00002000 08:05 1052761                    /lib/x86_64-linux-gnu/libnss_mdns4_minimal.so.2
7f9e1fa1d000-7f9e1fa20000 ---p 00000000 00:00 0 
7f9e1fa20000-7f9e1fb1e000 rw-p 00000000 00:00 0 
7f9e1fb1e000-7f9e1fb21000 ---p 00000000 00:00 0 
7f9e1fb21000-7f9e1fc1f000 rw-p 00000000 00:00 0 
7f9e1fc1f000-7f9e1fc22000 ---p 00000000 00:00 0 
7f9e1fc22000-7f9e1fd20000 rw-p 00000000 00:00 0 
7f9e1fd20000-7f9e1fee0000 rw-s 11f8fe000 00:05 1816                      /dev/dri/card0
7f9e1fee0000-7f9e200e0000 rw-p 00000000 00:00 0 
7f9e200e0000-7f9e20360000 rw-s 11f1ce000 00:05 1816                      /dev/dri/card0
7f9e20360000-7f9e205e0000 rw-s 11ef4e000 00:05 1816                      /dev/dri/card0
7f9e205e0000-7f9e205e2000 r-xp 00000000 08:05 3547316                    /usr/lib/x86_64-linux-gnu/libXinerama.so.1.0.0
7f9e205e2000-7f9e207e1000 ---p 00002000 08:05 3547316                    /usr/lib/x86_64-linux-gnu/libXinerama.so.1.0.0
7f9e207e1000-7f9e207e2000 r--p 00001000 08:05 3547316                    /usr/lib/x86_64-linux-gnu/libXinerama.so.1.0.0
7f9e207e2000-7f9e207e3000 rw-p 00002000 08:05 3547316                    /usr/lib/x86_64-linux-gnu/libXinerama.so.1.0.0
7f9e207e3000-7f9e2081a000 r-xp 00000000 08:05 3548239                    /usr/lib/x86_64-linux-gnu/libtxc_dxtn_s2tc.so.0.0.0
7f9e2081a000-7f9e20a19000 ---p 00037000 08:05 3548239                    /usr/lib/x86_64-linux-gnu/libtxc_dxtn_s2tc.so.0.0.0
7f9e20a19000-7f9e20a1a000 r--p 00036000 08:05 3548239                    /usr/lib/x86_64-linux-gnu/libtxc_dxtn_s2tc.so.0.0.0
7f9e20a1a000-7f9e20a1b000 rw-p 00037000 08:05 3548239                    /usr/lib/x86_64-linux-gnu/libtxc_dxtn_s2tc.so.0.0.0
7f9e20a1b000-7f9e20a23000 r-xp 00000000 08:05 3548044                    /usr/lib/x86_64-linux-gnu/libpciaccess.so.0.11.1
7f9e20a23000-7f9e20c22000 ---p 00008000 08:05 3548044                    /usr/lib/x86_64-linux-gnu/libpciaccess.so.0.11.1
7f9e20c22000-7f9e20c23000 r--p 00007000 08:05 3548044                    /usr/lib/x86_64-linux-gnu/libpciaccess.so.0.11.1
7f9e20c23000-7f9e20c24000 rw-p 00008000 08:05 3548044                    /usr/lib/x86_64-linux-gnu/libpciaccess.so.0.11.1
7f9e20c24000-7f9e20c43000 r-xp 00000000 08:05 3545149                    /usr/lib/x86_64-linux-gnu/libdrm_intel.so.1.0.0
7f9e20c43000-7f9e20e42000 ---p 0001f000 08:05 3545149                    /usr/lib/x86_64-linux-gnu/libdrm_intel.so.1.0.0
7f9e20e42000-7f9e20e43000 r--p 0001e000 08:05 3545149                    /usr/lib/x86_64-linux-gnu/libdrm_intel.so.1.0.0
7f9e20e43000-7f9e20e44000 rw-p 0001f000 08:05 3545149                    /usr/lib/x86_64-linux-gnu/libdrm_intel.so.1.0.0
7f9e20e44000-7f9e2134c000 r-xp 00000000 08:05 3803442                    /usr/lib/x86_64-linux-gnu/dri/i965_dri.so
7f9e2134c000-7f9e2154b000 ---p 00508000 08:05 3803442                    /usr/lib/x86_64-linux-gnu/dri/i965_dri.so
7f9e2154b000-7f9e21565000 r--p 00507000 08:05 3803442                    /usr/lib/x86_64-linux-gnu/dri/i965_dri.so
7f9e21565000-7f9e2156b000 rw-p 00521000 08:05 3803442                    /usr/lib/x86_64-linux-gnu/dri/i965_dri.so
7f9e2156b000-7f9e21576000 rw-p 00000000 00:00 0 
7f9e21576000-7f9e215ba000 r-xp 00000000 08:05 1052694                    /lib/x86_64-linux-gnu/libdbus-1.so.3.7.6
7f9e215ba000-7f9e217b9000 ---p 00044000 08:05 1052694                    /lib/x86_64-linux-gnu/libdbus-1.so.3.7.6
7f9e217b9000-7f9e217ba000 r--p 00043000 08:05 1052694                    /lib/x86_64-linux-gnu/libdbus-1.so.3.7.6
7f9e217ba000-7f9e217bb000 rw-p 00044000 08:05 1052694                    /lib/x86_64-linux-gnu/libdbus-1.so.3.7.6
7f9e217bb000-7f9e217c3000 r-xp 00000000 08:05 1052742                    /lib/x86_64-linux-gnu/libnih-dbus.so.1.0.0
7f9e217c3000-7f9e219c3000 ---p 00008000 08:05 1052742                    /lib/x86_64-linux-gnu/libnih-dbus.so.1.0.0
7f9e219c3000-7f9e219c4000 r--p 00008000 08:05 1052742                    /lib/x86_64-linux-gnu/libnih-dbus.so.1.0.0
7f9e219c4000-7f9e219c5000 rw-p 00009000 08:05 1052742                    /lib/x86_64-linux-gnu/libnih-dbus.so.1.0.0
7f9e219c5000-7f9e219dc000 r-xp 00000000 08:05 1052744                    /lib/x86_64-linux-gnu/libnih.so.1.0.0
7f9e219dc000-7f9e21bdb000 ---p 00017000 08:05 1052744                    /lib/x86_64-linux-gnu/libnih.so.1.0.0
7f9e21bdb000-7f9e21bdc000 r--p 00016000 08:05 1052744                    /lib/x86_64-linux-gnu/libnih.so.1.0.0
7f9e21bdc000-7f9e21bdd000 rw-p 00017000 08:05 1052744                    /lib/x86_64-linux-gnu/libnih.so.1.0.0
7f9e21bdd000-7f9e21bf6000 r-xp 00000000 08:05 1048666                    /lib/x86_64-linux-gnu/libcgmanager.so.0.0.0
7f9e21bf6000-7f9e21df5000 ---p 00019000 08:05 1048666                    /lib/x86_64-linux-gnu/libcgmanager.so.0.0.0
7f9e21df5000-7f9e21df7000 r--p 00018000 08:05 1048666                    /lib/x86_64-linux-gnu/libcgmanager.so.0.0.0
7f9e21df7000-7f9e21df8000 rw-p 0001a000 08:05 1048666                    /lib/x86_64-linux-gnu/libcgmanager.so.0.0.0
7f9e21df8000-7f9e21e08000 r-xp 00000000 08:05 1052685                    /lib/x86_64-linux-gnu/libudev.so.1.3.5
7f9e21e08000-7f9e22007000 ---p 00010000 08:05 1052685                    /lib/x86_64-linux-gnu/libudev.so.1.3.5
7f9e22007000-7f9e22008000 r--p 0000f000 08:05 1052685                    /lib/x86_64-linux-gnu/libudev.so.1.3.5
7f9e22008000-7f9e22009000 rw-p 00010000 08:05 1052685                    /lib/x86_64-linux-gnu/libudev.so.1.3.5
7f9e22009000-7f9e2202e000 r-xp 00000000 08:05 1052826                    /lib/x86_64-linux-gnu/libtinfo.so.5.9
7f9e2202e000-7f9e2222d000 ---p 00025000 08:05 1052826                    /lib/x86_64-linux-gnu/libtinfo.so.5.9
7f9e2222d000-7f9e22231000 r--p 00024000 08:05 1052826                    /lib/x86_64-linux-gnu/libtinfo.so.5.9
7f9e22231000-7f9e22232000 rw-p 00028000 08:05 1052826                    /lib/x86_64-linux-gnu/libtinfo.so.5.9
7f9e22232000-7f9e2225b000 r-xp 00000000 08:05 3547545                    /usr/lib/x86_64-linux-gnu/libedit.so.2.0.47
7f9e2225b000-7f9e2245b000 ---p 00029000 08:05 3547545                    /usr/lib/x86_64-linux-gnu/libedit.so.2.0.47
7f9e2245b000-7f9e2245d000 r--p 00029000 08:05 3547545                    /usr/lib/x86_64-linux-gnu/libedit.so.2.0.47
7f9e2245d000-7f9e2245e000 rw-p 0002b000 08:05 3547545                    /usr/lib/x86_64-linux-gnu/libedit.so.2.0.47
7f9e2245e000-7f9e22462000 rw-p 00000000 00:00 0 
7f9e22462000-7f9e2247a000 r-xp 00000000 08:05 1052843                    /lib/x86_64-linux-gnu/libz.so.1.2.8
7f9e2247a000-7f9e22679000 ---p 00018000 08:05 1052843                    /lib/x86_64-linux-gnu/libz.so.1.2.8
7f9e22679000-7f9e2267a000 r--p 00017000 08:05 1052843                    /lib/x86_64-linux-gnu/libz.so.1.2.8
7f9e2267a000-7f9e2267b000 rw-p 00018000 08:05 1052843                    /lib/x86_64-linux-gnu/libz.so.1.2.8
7f9e2267b000-7f9e22761000 r-xp 00000000 08:05 3544133                    /usr/lib/x86_64-linux-gnu/libstdc++.so.6.0.19
7f9e22761000-7f9e22960000 ---p 000e6000 08:05 3544133                    /usr/lib/x86_64-linux-gnu/libstdc++.so.6.0.19
7f9e22960000-7f9e22968000 r--p 000e5000 08:05 3544133                    /usr/lib/x86_64-linux-gnu/libstdc++.so.6.0.19
7f9e22968000-7f9e2296a000 rw-p 000ed000 08:05 3544133                    /usr/lib/x86_64-linux-gnu/libstdc++.so.6.0.19
7f9e2296a000-7f9e2297f000 rw-p 00000000 00:00 0 
7f9e2297f000-7f9e24487000 r-xp 00000000 08:05 3547164                    /usr/lib/x86_64-linux-gnu/libLLVM-3.5.so.1
7f9e24487000-7f9e24488000 ---p 01b08000 08:05 3547164                    /usr/lib/x86_64-linux-gnu/libLLVM-3.5.so.1
7f9e24488000-7f9e24650000 r--p 01b08000 08:05 3547164                    /usr/lib/x86_64-linux-gnu/libLLVM-3.5.so.1
7f9e24650000-7f9e24656000 rw-p 01cd0000 08:05 3547164                    /usr/lib/x86_64-linux-gnu/libLLVM-3.5.so.1
7f9e24656000-7f9e2466b000 rw-p 00000000 00:00 0 
7f9e2466b000-7f9e24676000 r-xp 00000000 08:05 3545159                    /usr/lib/x86_64-linux-gnu/libdrm_radeon.so.1.0.1
7f9e24676000-7f9e24875000 ---p 0000b000 08:05 3545159                    /usr/lib/x86_64-linux-gnu/libdrm_radeon.so.1.0.1
7f9e24875000-7f9e24876000 r--p 0000a000 08:05 3545159                    /usr/lib/x86_64-linux-gnu/libdrm_radeon.so.1.0.1
7f9e24876000-7f9e24877000 rw-p 0000b000 08:05 3545159                    /usr/lib/x86_64-linux-gnu/libdrm_radeon.so.1.0.1
7f9e24877000-7f9e2488c000 r-xp 00000000 08:05 3547546                    /usr/lib/x86_64-linux-gnu/libelf-0.158.so
7f9e2488c000-7f9e24a8b000 ---p 00015000 08:05 3547546                    /usr/lib/x86_64-linux-gnu/libelf-0.158.so
7f9e24a8b000-7f9e24a8c000 r--p 00014000 08:05 3547546                    /usr/lib/x86_64-linux-gnu/libelf-0.158.so
7f9e24a8c000-7f9e24a8d000 rw-p 00015000 08:05 3547546                    /usr/lib/x86_64-linux-gnu/libelf-0.158.so
7f9e24a8d000-7f9e24a93000 r-xp 00000000 08:05 3539541                    /usr/lib/x86_64-linux-gnu/libdrm_nouveau.so.2.0.0
7f9e24a93000-7f9e24c92000 ---p 00006000 08:05 3539541                    /usr/lib/x86_64-linux-gnu/libdrm_nouveau.so.2.0.0
7f9e24c92000-7f9e24c93000 r--p 00005000 08:05 3539541                    /usr/lib/x86_64-linux-gnu/libdrm_nouveau.so.2.0.0
7f9e24c93000-7f9e24c94000 rw-p 00006000 08:05 3539541                    /usr/lib/x86_64-linux-gnu/libdrm_nouveau.so.2.0.0
7f9e24c94000-7f9e24c9b000 r-xp 00000000 08:05 3804279                    /usr/lib/x86_64-linux-gnu/mesa-egl/libOpenVG.so.1.0.0
7f9e24c9b000-7f9e24e9a000 ---p 00007000 08:05 3804279                    /usr/lib/x86_64-linux-gnu/mesa-egl/libOpenVG.so.1.0.0
7f9e24e9a000-7f9e24e9b000 r--p 00006000 08:05 3804279                    /usr/lib/x86_64-linux-gnu/mesa-egl/libOpenVG.so.1.0.0
7f9e24e9b000-7f9e24e9c000 rw-p 00007000 08:05 3804279                    /usr/lib/x86_64-linux-gnu/mesa-egl/libOpenVG.so.1.0.0
7f9e24e9c000-7f9e24e9e000 rw-p 00000000 00:00 0 
7f9e24e9e000-7f9e25626000 r-xp 00000000 08:05 3803453                    /usr/lib/x86_64-linux-gnu/egl/egl_gallium.so
7f9e25626000-7f9e25826000 ---p 00788000 08:05 3803453                    /usr/lib/x86_64-linux-gnu/egl/egl_gallium.so
7f9e25826000-7f9e25879000 r--p 00788000 08:05 3803453                    /usr/lib/x86_64-linux-gnu/egl/egl_gallium.so
7f9e25879000-7f9e25885000 rw-p 007db000 08:05 3803453                    /usr/lib/x86_64-linux-gnu/egl/egl_gallium.so
7f9e25885000-7f9e25a6c000 rw-p 00000000 00:00 0 
7f9e25a6c000-7f9e25a72000 r-xp 00000000 08:05 3804277                    /usr/lib/x86_64-linux-gnu/mesa-egl/libGLESv2.so.2.0.0
7f9e25a72000-7f9e25c71000 ---p 00006000 08:05 3804277                    /usr/lib/x86_64-linux-gnu/mesa-egl/libGLESv2.so.2.0.0
7f9e25c71000-7f9e25c72000 r--p 00005000 08:05 3804277                    /usr/lib/x86_64-linux-gnu/mesa-egl/libGLESv2.so.2.0.0
7f9e25c72000-7f9e25c73000 rw-p 00006000 08:05 3804277                    /usr/lib/x86_64-linux-gnu/mesa-egl/libGLESv2.so.2.0.0
7f9e25c73000-7f9e25cb8000 r-xp 00000000 08:05 1835084                    /tmp/jogamp_0000/file_cache/jln8725376409354307432/jln7308498918579125176/libjogl_mobile.so
7f9e25cb8000-7f9e25eb8000 ---p 00045000 08:05 1835084                    /tmp/jogamp_0000/file_cache/jln8725376409354307432/jln7308498918579125176/libjogl_mobile.so
7f9e25eb8000-7f9e25eb9000 rw-p 00045000 08:05 1835084                    /tmp/jogamp_0000/file_cache/jln8725376409354307432/jln7308498918579125176/libjogl_mobile.so
7f9e25eb9000-7f9e25ec0000 r-xp 00000000 08:05 3540105                    /usr/lib/x86_64-linux-gnu/libffi.so.6.0.1
7f9e25ec0000-7f9e260bf000 ---p 00007000 08:05 3540105                    /usr/lib/x86_64-linux-gnu/libffi.so.6.0.1
7f9e260bf000-7f9e260c0000 r--p 00006000 08:05 3540105                    /usr/lib/x86_64-linux-gnu/libffi.so.6.0.1
7f9e260c0000-7f9e260c1000 rw-p 00007000 08:05 3540105                    /usr/lib/x86_64-linux-gnu/libffi.so.6.0.1
7f9e260c1000-7f9e260cd000 r-xp 00000000 08:05 3547628                    /usr/lib/x86_64-linux-gnu/libgbm.so.1.0.0
7f9e260cd000-7f9e262cd000 ---p 0000c000 08:05 3547628                    /usr/lib/x86_64-linux-gnu/libgbm.so.1.0.0
7f9e262cd000-7f9e262ce000 r--p 0000c000 08:05 3547628                    /usr/lib/x86_64-linux-gnu/libgbm.so.1.0.0
7f9e262ce000-7f9e262cf000 rw-p 0000d000 08:05 3547628                    /usr/lib/x86_64-linux-gnu/libgbm.so.1.0.0
7f9e262cf000-7f9e262de000 r-xp 00000000 08:05 3548307                    /usr/lib/x86_64-linux-gnu/libwayland-server.so.0.1.0
7f9e262de000-7f9e264dd000 ---p 0000f000 08:05 3548307                    /usr/lib/x86_64-linux-gnu/libwayland-server.so.0.1.0
7f9e264dd000-7f9e264df000 r--p 0000e000 08:05 3548307                    /usr/lib/x86_64-linux-gnu/libwayland-server.so.0.1.0
7f9e264df000-7f9e264e0000 rw-p 00010000 08:05 3548307                    /usr/lib/x86_64-linux-gnu/libwayland-server.so.0.1.0
7f9e264e0000-7f9e264eb000 r-xp 00000000 08:05 3548301                    /usr/lib/x86_64-linux-gnu/libwayland-client.so.0.2.0
7f9e264eb000-7f9e266ea000 ---p 0000b000 08:05 3548301                    /usr/lib/x86_64-linux-gnu/libwayland-client.so.0.2.0
7f9e266ea000-7f9e266ec000 r--p 0000a000 08:05 3548301                    /usr/lib/x86_64-linux-gnu/libwayland-client.so.0.2.0
7f9e266ec000-7f9e266ed000 rw-p 0000c000 08:05 3548301                    /usr/lib/x86_64-linux-gnu/libwayland-client.so.0.2.0
7f9e266ed000-7f9e266f2000 r-xp 00000000 08:05 3548357                    /usr/lib/x86_64-linux-gnu/libxcb-xfixes.so.0.0.0
7f9e266f2000-7f9e268f2000 ---p 00005000 08:05 3548357                    /usr/lib/x86_64-linux-gnu/libxcb-xfixes.so.0.0.0
7f9e268f2000-7f9e268f3000 r--p 00005000 08:05 3548357                    /usr/lib/x86_64-linux-gnu/libxcb-xfixes.so.0.0.0
7f9e268f3000-7f9e268f4000 rw-p 00006000 08:05 3548357                    /usr/lib/x86_64-linux-gnu/libxcb-xfixes.so.0.0.0
7f9e268f4000-7f9e2691b000 r-xp 00000000 08:05 3804273                    /usr/lib/x86_64-linux-gnu/mesa-egl/libEGL.so.1.0.0
7f9e2691b000-7f9e26b1b000 ---p 00027000 08:05 3804273                    /usr/lib/x86_64-linux-gnu/mesa-egl/libEGL.so.1.0.0
7f9e26b1b000-7f9e26b1c000 r--p 00027000 08:05 3804273                    /usr/lib/x86_64-linux-gnu/mesa-egl/libEGL.so.1.0.0
7f9e26b1c000-7f9e26b1d000 rw-p 00028000 08:05 3804273                    /usr/lib/x86_64-linux-gnu/mesa-egl/libEGL.so.1.0.0
7f9e26b1d000-7f9e26b1e000 rw-p 00000000 00:00 0 
7f9e26b1e000-7f9e26bc3000 r-xp 00000000 08:05 1835081                    /tmp/jogamp_0000/file_cache/jln8725376409354307432/jln7308498918579125176/libjogl_desktop.so
7f9e26bc3000-7f9e26dc3000 ---p 000a5000 08:05 1835081                    /tmp/jogamp_0000/file_cache/jln8725376409354307432/jln7308498918579125176/libjogl_desktop.so
7f9e26dc3000-7f9e26dc4000 rw-p 000a5000 08:05 1835081                    /tmp/jogamp_0000/file_cache/jln8725376409354307432/jln7308498918579125176/libjogl_desktop.so
7f9e26dc4000-7f9e26dd0000 r-xp 00000000 08:05 3544321                    /usr/lib/x86_64-linux-gnu/libdrm.so.2.4.0
7f9e26dd0000-7f9e26fcf000 ---p 0000c000 08:05 3544321                    /usr/lib/x86_64-linux-gnu/libdrm.so.2.4.0
7f9e26fcf000-7f9e26fd0000 r--p 0000b000 08:05 3544321                    /usr/lib/x86_64-linux-gnu/libdrm.so.2.4.0
7f9e26fd0000-7f9e26fd1000 rw-p 0000c000 08:05 3544321                    /usr/lib/x86_64-linux-gnu/libdrm.so.2.4.0
7f9e26fd1000-7f9e26fd2000 r-xp 00000000 08:05 3548371                    /usr/lib/x86_64-linux-gnu/libxshmfence.so.1.0.0
7f9e26fd2000-7f9e271d1000 ---p 00001000 08:05 3548371                    /usr/lib/x86_64-linux-gnu/libxshmfence.so.1.0.0
7f9e271d1000-7f9e271d2000 r--p 00000000 08:05 3548371                    /usr/lib/x86_64-linux-gnu/libxshmfence.so.1.0.0
7f9e271d2000-7f9e271d3000 rw-p 00001000 08:05 3548371                    /usr/lib/x86_64-linux-gnu/libxshmfence.so.1.0.0
7f9e271d3000-7f9e271d8000 r-xp 00000000 08:05 3548353                    /usr/lib/x86_64-linux-gnu/libxcb-sync.so.1.0.0
7f9e271d8000-7f9e273d7000 ---p 00005000 08:05 3548353                    /usr/lib/x86_64-linux-gnu/libxcb-sync.so.1.0.0
7f9e273d7000-7f9e273d8000 r--p 00004000 08:05 3548353                    /usr/lib/x86_64-linux-gnu/libxcb-sync.so.1.0.0
7f9e273d8000-7f9e273d9000 rw-p 00005000 08:05 3548353                    /usr/lib/x86_64-linux-gnu/libxcb-sync.so.1.0.0
7f9e273d9000-7f9e273db000 r-xp 00000000 08:05 3548341                    /usr/lib/x86_64-linux-gnu/libxcb-present.so.0.0.0
7f9e273db000-7f9e275da000 ---p 00002000 08:05 3548341                    /usr/lib/x86_64-linux-gnu/libxcb-present.so.0.0.0
7f9e275da000-7f9e275db000 r--p 00001000 08:05 3548341                    /usr/lib/x86_64-linux-gnu/libxcb-present.so.0.0.0
7f9e275db000-7f9e275dc000 rw-p 00002000 08:05 3548341                    /usr/lib/x86_64-linux-gnu/libxcb-present.so.0.0.0
7f9e275dc000-7f9e275de000 r-xp 00000000 08:05 3548331                    /usr/lib/x86_64-linux-gnu/libxcb-dri3.so.0.0.0
7f9e275de000-7f9e277dd000 ---p 00002000 08:05 3548331                    /usr/lib/x86_64-linux-gnu/libxcb-dri3.so.0.0.0
7f9e277dd000-7f9e277de000 r--p 00001000 08:05 3548331                    /usr/lib/x86_64-linux-gnu/libxcb-dri3.so.0.0.0
7f9e277de000-7f9e277df000 rw-p 00002000 08:05 3548331                    /usr/lib/x86_64-linux-gnu/libxcb-dri3.so.0.0.0
7f9e277df000-7f9e277e2000 r-xp 00000000 08:05 3548329                    /usr/lib/x86_64-linux-gnu/libxcb-dri2.so.0.0.0
7f9e277e2000-7f9e279e2000 ---p 00003000 08:05 3548329                    /usr/lib/x86_64-linux-gnu/libxcb-dri2.so.0.0.0
7f9e279e2000-7f9e279e3000 r--p 00003000 08:05 3548329                    /usr/lib/x86_64-linux-gnu/libxcb-dri2.so.0.0.0
7f9e279e3000-7f9e279e4000 rw-p 00004000 08:05 3548329                    /usr/lib/x86_64-linux-gnu/libxcb-dri2.so.0.0.0
7f9e279e4000-7f9e279f9000 r-xp 00000000 08:05 3548333                    /usr/lib/x86_64-linux-gnu/libxcb-glx.so.0.0.0
7f9e279f9000-7f9e27bf8000 ---p 00015000 08:05 3548333                    /usr/lib/x86_64-linux-gnu/libxcb-glx.so.0.0.0
7f9e27bf8000-7f9e27bfa000 r--p 00014000 08:05 3548333                    /usr/lib/x86_64-linux-gnu/libxcb-glx.so.0.0.0
7f9e27bfa000-7f9e27bfb000 rw-p 00016000 08:05 3548333                    /usr/lib/x86_64-linux-gnu/libxcb-glx.so.0.0.0
7f9e27bfb000-7f9e27bfc000 r-xp 00000000 08:05 3547287                    /usr/lib/x86_64-linux-gnu/libX11-xcb.so.1.0.0
7f9e27bfc000-7f9e27dfb000 ---p 00001000 08:05 3547287                    /usr/lib/x86_64-linux-gnu/libX11-xcb.so.1.0.0
7f9e27dfb000-7f9e27dfc000 r--p 00000000 08:05 3547287                    /usr/lib/x86_64-linux-gnu/libX11-xcb.so.1.0.0
7f9e27dfc000-7f9e27dfd000 rw-p 00001000 08:05 3547287                    /usr/lib/x86_64-linux-gnu/libX11-xcb.so.1.0.0
7f9e27dfd000-7f9e27dff000 r-xp 00000000 08:05 3547302                    /usr/lib/x86_64-linux-gnu/libXdamage.so.1.1.0
7f9e27dff000-7f9e27ffe000 ---p 00002000 08:05 3547302                    /usr/lib/x86_64-linux-gnu/libXdamage.so.1.1.0
7f9e27ffe000-7f9e27fff000 r--p 00001000 08:05 3547302                    /usr/lib/x86_64-linux-gnu/libXdamage.so.1.1.0
7f9e27fff000-7f9e28000000 rw-p 00002000 08:05 3547302                    /usr/lib/x86_64-linux-gnu/libXdamage.so.1.1.0
7f9e28000000-7f9e28021000 rw-p 00000000 00:00 0 
7f9e28021000-7f9e2c000000 ---p 00000000 00:00 0 
7f9e2c000000-7f9e2e793000 rw-p 00000000 00:00 0 
7f9e2e793000-7f9e30000000 ---p 00000000 00:00 0 
7f9e30000000-7f9e3265c000 rw-p 00000000 00:00 0 
7f9e3265c000-7f9e34000000 ---p 00000000 00:00 0 
7f9e34000000-7f9e34678000 rw-p 00000000 00:00 0 
7f9e34678000-7f9e38000000 ---p 00000000 00:00 0 
7f9e38000000-7f9e38021000 rw-p 00000000 00:00 0 
7f9e38021000-7f9e3c000000 ---p 00000000 00:00 0 
7f9e3c000000-7f9e3c034000 rw-p 00000000 00:00 0 
7f9e3c034000-7f9e40000000 ---p 00000000 00:00 0 
7f9e40000000-7f9e40031000 rw-p 00000000 00:00 0 
7f9e40031000-7f9e44000000 ---p 00000000 00:00 0 
7f9e44000000-7f9e44022000 rw-p 00000000 00:00 0 
7f9e44022000-7f9e48000000 ---p 00000000 00:00 0 
7f9e48000000-7f9e48021000 rw-p 00000000 00:00 0 
7f9e48021000-7f9e4c000000 ---p 00000000 00:00 0 
7f9e4c000000-7f9e4c001000 r--s 00000000 08:05 786503                     /var/cache/fontconfig/0c9eb80ebd1c36541ebe2852d3bb0c49-le64.cache-4
7f9e4c039000-7f9e4c099000 rw-s 11fc7e000 00:05 1816                      /dev/dri/card0
7f9e4c099000-7f9e4c09c000 ---p 00000000 00:00 0 
7f9e4c09c000-7f9e4c19a000 rw-p 00000000 00:00 0 
7f9e4c19a000-7f9e4c1be000 r-xp 00000000 08:05 3547680                    /usr/lib/x86_64-linux-gnu/libglapi.so.0.0.0
7f9e4c1be000-7f9e4c3be000 ---p 00024000 08:05 3547680                    /usr/lib/x86_64-linux-gnu/libglapi.so.0.0.0
7f9e4c3be000-7f9e4c3c1000 r--p 00024000 08:05 3547680                    /usr/lib/x86_64-linux-gnu/libglapi.so.0.0.0
7f9e4c3c1000-7f9e4c3c2000 rw-p 00027000 08:05 3547680                    /usr/lib/x86_64-linux-gnu/libglapi.so.0.0.0
7f9e4c3c2000-7f9e4c3c3000 rw-p 00000000 00:00 0 
7f9e4c3c3000-7f9e4c3ea000 r-xp 00000000 08:05 1055113                    /lib/x86_64-linux-gnu/libexpat.so.1.6.0
7f9e4c3ea000-7f9e4c5ea000 ---p 00027000 08:05 1055113                    /lib/x86_64-linux-gnu/libexpat.so.1.6.0
7f9e4c5ea000-7f9e4c5ec000 r--p 00027000 08:05 1055113                    /lib/x86_64-linux-gnu/libexpat.so.1.6.0
7f9e4c5ec000-7f9e4c5ed000 rw-p 00029000 08:05 1055113                    /lib/x86_64-linux-gnu/libexpat.so.1.6.0
7f9e4c5ed000-7f9e4c679000 r-xp 00000000 08:05 3804270                    /usr/lib/x86_64-linux-gnu/mesa/libGL.so.1.2.0
7f9e4c679000-7f9e4c878000 ---p 0008c000 08:05 3804270                    /usr/lib/x86_64-linux-gnu/mesa/libGL.so.1.2.0
7f9e4c878000-7f9e4c87b000 r--p 0008b000 08:05 3804270                    /usr/lib/x86_64-linux-gnu/mesa/libGL.so.1.2.0
7f9e4c87b000-7f9e4c87c000 rw-p 0008e000 08:05 3804270                    /usr/lib/x86_64-linux-gnu/mesa/libGL.so.1.2.0
7f9e4c87c000-7f9e4ca7d000 rw-p 00000000 00:00 0 
7f9e4ca7d000-7f9e4cc7d000 rw-p 00000000 00:00 0 
7f9e4cc7d000-7f9e4cc84000 r-xp 00000000 08:05 1835089                    /tmp/jogamp_0000/file_cache/jln8725376409354307432/jln7308498918579125176/libnativewindow_x11.so
7f9e4cc84000-7f9e4ce83000 ---p 00007000 08:05 1835089                    /tmp/jogamp_0000/file_cache/jln8725376409354307432/jln7308498918579125176/libnativewindow_x11.so
7f9e4ce83000-7f9e4ce84000 rw-p 00006000 08:05 1835089                    /tmp/jogamp_0000/file_cache/jln8725376409354307432/jln7308498918579125176/libnativewindow_x11.so
7f9e4ce84000-7f9e4ce88000 r-xp 00000000 08:05 3547344                    /usr/lib/x86_64-linux-gnu/libXxf86vm.so.1.0.0
7f9e4ce88000-7f9e4d088000 ---p 00004000 08:05 3547344                    /usr/lib/x86_64-linux-gnu/libXxf86vm.so.1.0.0
7f9e4d088000-7f9e4d089000 r--p 00004000 08:05 3547344                    /usr/lib/x86_64-linux-gnu/libXxf86vm.so.1.0.0
7f9e4d089000-7f9e4d08a000 rw-p 00005000 08:05 3547344                    /usr/lib/x86_64-linux-gnu/libXxf86vm.so.1.0.0
7f9e4d08a000-7f9e4d08c000 r-xp 00000000 08:05 1835088                    /tmp/jogamp_0000/file_cache/jln8725376409354307432/jln7308498918579125176/libnativewindow_awt.so
7f9e4d08c000-7f9e4d28b000 ---p 00002000 08:05 1835088                    /tmp/jogamp_0000/file_cache/jln8725376409354307432/jln7308498918579125176/libnativewindow_awt.so
7f9e4d28b000-7f9e4d28c000 rw-p 00001000 08:05 1835088                    /tmp/jogamp_0000/file_cache/jln8725376409354307432/jln7308498918579125176/libnativewindow_awt.so
7f9e4d28c000-7f9e4d28d000 r-xp 00000000 08:05 4752070                    /usr/local/java/jdk1.8.0_60/jre/lib/amd64/libjawt.so
7f9e4d28d000-7f9e4d48c000 ---p 00001000 08:05 4752070                    /usr/local/java/jdk1.8.0_60/jre/lib/amd64/libjawt.so
7f9e4d48c000-7f9e4d48d000 rw-p 00000000 08:05 4752070                    /usr/local/java/jdk1.8.0_60/jre/lib/amd64/libjawt.so
7f9e4d48d000-7f9e4d48f000 r-xp 00000000 08:05 1835080                    /tmp/jogamp_0000/file_cache/jln8725376409354307432/jln7308498918579125176/libgluegen-rt.so
7f9e4d48f000-7f9e4d68e000 ---p 00002000 08:05 1835080                    /tmp/jogamp_0000/file_cache/jln8725376409354307432/jln7308498918579125176/libgluegen-rt.so
7f9e4d68e000-7f9e4d68f000 rw-p 00001000 08:05 1835080                    /tmp/jogamp_0000/file_cache/jln8725376409354307432/jln7308498918579125176/libgluegen-rt.so
7f9e4d68f000-7f9e4d692000 ---p 00000000 00:00 0 
7f9e4d692000-7f9e4d790000 rw-p 00000000 00:00 0                          [stack:4025]
7f9e4d790000-7f9e4d793000 ---p 00000000 00:00 0 
7f9e4d793000-7f9e4d9c9000 rw-p 00000000 00:00 0                          [stack:4020]
7f9e4d9c9000-7f9e4d9cc000 ---p 00000000 00:00 0 
7f9e4d9cc000-7f9e4dcca000 rw-p 00000000 00:00 0                          [stack:4016]
7f9e4dcca000-7f9e4dccc000 r--s 00000000 08:05 807285                     /var/cache/fontconfig/6e6b34ae150a7ad95e82fb4a522f0bda-le64.cache-4
7f9e4dcef000-7f9e4dcf2000 ---p 00000000 00:00 0 
7f9e4dcf2000-7f9e4ddf0000 rw-p 00000000 00:00 0                          [stack:4015]
7f9e4ddf0000-7f9e4de59000 r-xp 00000000 08:05 4752100                    /usr/local/java/jdk1.8.0_60/jre/lib/amd64/libt2k.so
7f9e4de59000-7f9e4e059000 ---p 00069000 08:05 4752100                    /usr/local/java/jdk1.8.0_60/jre/lib/amd64/libt2k.so
7f9e4e059000-7f9e4e060000 rw-p 00069000 08:05 4752100                    /usr/local/java/jdk1.8.0_60/jre/lib/amd64/libt2k.so
7f9e4e060000-7f9e4e070000 rw-p 00000000 00:00 0 
7f9e4e070000-7f9e4e081000 r-xp 00000000 08:05 4752120                    /usr/local/java/jdk1.8.0_60/jre/lib/amd64/libnio.so
7f9e4e081000-7f9e4e280000 ---p 00011000 08:05 4752120                    /usr/local/java/jdk1.8.0_60/jre/lib/amd64/libnio.so
7f9e4e280000-7f9e4e281000 rw-p 00010000 08:05 4752120                    /usr/local/java/jdk1.8.0_60/jre/lib/amd64/libnio.so
7f9e4e281000-7f9e4e2b2000 rw-p 00000000 00:00 0 
7f9e4e2b2000-7f9e4e2c8000 r-xp 00000000 08:05 4752097                    /usr/local/java/jdk1.8.0_60/jre/lib/amd64/libnet.so
7f9e4e2c8000-7f9e4e4c8000 ---p 00016000 08:05 4752097                    /usr/local/java/jdk1.8.0_60/jre/lib/amd64/libnet.so
7f9e4e4c8000-7f9e4e4c9000 rw-p 00016000 08:05 4752097                    /usr/local/java/jdk1.8.0_60/jre/lib/amd64/libnet.so
7f9e4e4c9000-7f9e4e4cc000 ---p 00000000 00:00 0 
7f9e4e4cc000-7f9e4e5ca000 rw-p 00000000 00:00 0                          [stack:4013]
7f9e4e5ca000-7f9e4e5cd000 ---p 00000000 00:00 0 
7f9e4e5cd000-7f9e4e6cb000 rw-p 00000000 00:00 0                          [stack:4012]
7f9e4e6cb000-7f9e4e6ce000 ---p 00000000 00:00 0 
7f9e4e6ce000-7f9e4e7cc000 rw-p 00000000 00:00 0                          [stack:4011]
7f9e4e7cc000-7f9e4e7cf000 ---p 00000000 00:00 0 
7f9e4e7cf000-7f9e4e8cd000 rw-p 00000000 00:00 0                          [stack:4009]
7f9e4e8cd000-7f9e4e8d2000 r-xp 00000000 08:05 3539424                    /usr/lib/x86_64-linux-gnu/libXfixes.so.3.1.0
7f9e4e8d2000-7f9e4ead1000 ---p 00005000 08:05 3539424                    /usr/lib/x86_64-linux-gnu/libXfixes.so.3.1.0
7f9e4ead1000-7f9e4ead2000 r--p 00004000 08:05 3539424                    /usr/lib/x86_64-linux-gnu/libXfixes.so.3.1.0
7f9e4ead2000-7f9e4ead3000 rw-p 00005000 08:05 3539424                    /usr/lib/x86_64-linux-gnu/libXfixes.so.3.1.0
7f9e4ead3000-7f9e4eadc000 r-xp 00000000 08:05 3547300                    /usr/lib/x86_64-linux-gnu/libXcursor.so.1.0.2
7f9e4eadc000-7f9e4ecdb000 ---p 00009000 08:05 3547300                    /usr/lib/x86_64-linux-gnu/libXcursor.so.1.0.2
7f9e4ecdb000-7f9e4ecdc000 r--p 00008000 08:05 3547300                    /usr/lib/x86_64-linux-gnu/libXcursor.so.1.0.2
7f9e4ecdc000-7f9e4ecdd000 rw-p 00009000 08:05 3547300                    /usr/lib/x86_64-linux-gnu/libXcursor.so.1.0.2
7f9e4ecdd000-7f9e4ece0000 ---p 00000000 00:00 0 
7f9e4ece0000-7f9e4edde000 rw-p 00000000 00:00 0                          [stack:4008]
7f9e4edde000-7f9e4edf4000 r-xp 00000000 08:05 1054013                    /lib/x86_64-linux-gnu/libgcc_s.so.1
7f9e4edf4000-7f9e4eff3000 ---p 00016000 08:05 1054013                    /lib/x86_64-linux-gnu/libgcc_s.so.1
7f9e4eff3000-7f9e4eff4000 rw-p 00015000 08:05 1054013                    /lib/x86_64-linux-gnu/libgcc_s.so.1
7f9e4eff4000-7f9e4eff5000 r--s 00000000 08:05 807284                     /var/cache/fontconfig/3334a778d104e76d188e9df399bc24d2-le64.cache-4
7f9e4eff5000-7f9e4effa000 r--s 00000000 08:05 788348                     /var/cache/fontconfig/7ef2298fde41cc6eeb7af42e48b7d293-le64.cache-4
7f9e4f002000-7f9e4f012000 rw-s 11d397000 00:05 1816                      /dev/dri/card0
7f9e4f012000-7f9e4f078000 r-xp 00000000 08:05 4752101                    /usr/local/java/jdk1.8.0_60/jre/lib/amd64/libfontmanager.so
7f9e4f078000-7f9e4f277000 ---p 00066000 08:05 4752101                    /usr/local/java/jdk1.8.0_60/jre/lib/amd64/libfontmanager.so
7f9e4f277000-7f9e4f27b000 rw-p 00065000 08:05 4752101                    /usr/local/java/jdk1.8.0_60/jre/lib/amd64/libfontmanager.so
7f9e4f27b000-7f9e4f28c000 rw-p 00000000 00:00 0 
7f9e4f28c000-7f9e4f291000 r-xp 00000000 08:05 3547304                    /usr/lib/x86_64-linux-gnu/libXdmcp.so.6.0.0
7f9e4f291000-7f9e4f490000 ---p 00005000 08:05 3547304                    /usr/lib/x86_64-linux-gnu/libXdmcp.so.6.0.0
7f9e4f490000-7f9e4f491000 r--p 00004000 08:05 3547304                    /usr/lib/x86_64-linux-gnu/libXdmcp.so.6.0.0
7f9e4f491000-7f9e4f492000 rw-p 00005000 08:05 3547304                    /usr/lib/x86_64-linux-gnu/libXdmcp.so.6.0.0
7f9e4f492000-7f9e4f494000 r-xp 00000000 08:05 3547293                    /usr/lib/x86_64-linux-gnu/libXau.so.6.0.0
7f9e4f494000-7f9e4f694000 ---p 00002000 08:05 3547293                    /usr/lib/x86_64-linux-gnu/libXau.so.6.0.0
7f9e4f694000-7f9e4f695000 r--p 00002000 08:05 3547293                    /usr/lib/x86_64-linux-gnu/libXau.so.6.0.0
7f9e4f695000-7f9e4f696000 rw-p 00003000 08:05 3547293                    /usr/lib/x86_64-linux-gnu/libXau.so.6.0.0
7f9e4f696000-7f9e4f6b3000 r-xp 00000000 08:05 3548361                    /usr/lib/x86_64-linux-gnu/libxcb.so.1.1.0
7f9e4f6b3000-7f9e4f8b3000 ---p 0001d000 08:05 3548361                    /usr/lib/x86_64-linux-gnu/libxcb.so.1.1.0
7f9e4f8b3000-7f9e4f8b4000 r--p 0001d000 08:05 3548361                    /usr/lib/x86_64-linux-gnu/libxcb.so.1.1.0
7f9e4f8b4000-7f9e4f8b5000 rw-p 0001e000 08:05 3548361                    /usr/lib/x86_64-linux-gnu/libxcb.so.1.1.0
7f9e4f8b5000-7f9e4f8c4000 r-xp 00000000 08:05 3546796                    /usr/lib/x86_64-linux-gnu/libXi.so.6.1.0
7f9e4f8c4000-7f9e4fac3000 ---p 0000f000 08:05 3546796                    /usr/lib/x86_64-linux-gnu/libXi.so.6.1.0
7f9e4fac3000-7f9e4fac4000 r--p 0000e000 08:05 3546796                    /usr/lib/x86_64-linux-gnu/libXi.so.6.1.0
7f9e4fac4000-7f9e4fac5000 rw-p 0000f000 08:05 3546796                    /usr/lib/x86_64-linux-gnu/libXi.so.6.1.0
7f9e4fac5000-7f9e4faca000 r-xp 00000000 08:05 3547334                    /usr/lib/x86_64-linux-gnu/libXtst.so.6.1.0
7f9e4faca000-7f9e4fcc9000 ---p 00005000 08:05 3547334                    /usr/lib/x86_64-linux-gnu/libXtst.so.6.1.0
7f9e4fcc9000-7f9e4fcca000 r--p 00004000 08:05 3547334                    /usr/lib/x86_64-linux-gnu/libXtst.so.6.1.0
7f9e4fcca000-7f9e4fccb000 rw-p 00005000 08:05 3547334                    /usr/lib/x86_64-linux-gnu/libXtst.so.6.1.0
7f9e4fccb000-7f9e4fdfb000 r-xp 00000000 08:05 3547289                    /usr/lib/x86_64-linux-gnu/libX11.so.6.3.0
7f9e4fdfb000-7f9e4fffb000 ---p 00130000 08:05 3547289                    /usr/lib/x86_64-linux-gnu/libX11.so.6.3.0
7f9e4fffb000-7f9e4fffc000 r--p 00130000 08:05 3547289                    /usr/lib/x86_64-linux-gnu/libX11.so.6.3.0
7f9e4fffc000-7f9e50000000 rw-p 00131000 08:05 3547289                    /usr/lib/x86_64-linux-gnu/libX11.so.6.3.0
7f9e50000000-7f9e50021000 rw-p 00000000 00:00 0 
7f9e50021000-7f9e54000000 ---p 00000000 00:00 0 
7f9e54000000-7f9e54021000 rw-p 00000000 00:00 0 
7f9e54021000-7f9e58000000 ---p 00000000 00:00 0 
7f9e58000000-7f9e59fb1000 rw-p 00000000 00:00 0 
7f9e59fb1000-7f9e5c000000 ---p 00000000 00:00 0 
7f9e5c000000-7f9e5c4e4000 rw-p 00000000 00:00 0 
7f9e5c4e4000-7f9e60000000 ---p 00000000 00:00 0 
7f9e60000000-7f9e60021000 rw-p 00000000 00:00 0 
7f9e60021000-7f9e64000000 ---p 00000000 00:00 0 
7f9e64000000-7f9e65cae000 rw-p 00000000 00:00 0 
7f9e65cae000-7f9e68000000 ---p 00000000 00:00 0 
7f9e68000000-7f9e68021000 rw-p 00000000 00:00 0 
7f9e68021000-7f9e6c000000 ---p 00000000 00:00 0 
7f9e6c000000-7f9e6c021000 rw-p 00000000 00:00 0 
7f9e6c021000-7f9e70000000 ---p 00000000 00:00 0 
7f9e70000000-7f9e70021000 rw-p 00000000 00:00 0 
7f9e70021000-7f9e74000000 ---p 00000000 00:00 0 
7f9e74000000-7f9e74062000 rw-p 00000000 00:00 0 
7f9e74062000-7f9e78000000 ---p 00000000 00:00 0 
7f9e78000000-7f9e78021000 rw-p 00000000 00:00 0 
7f9e78021000-7f9e7c000000 ---p 00000000 00:00 0 
7f9e7c000000-7f9e7c021000 rw-p 00000000 00:00 0 
7f9e7c021000-7f9e80000000 ---p 00000000 00:00 0 
7f9e80000000-7f9e80021000 rw-p 00000000 00:00 0 
7f9e80021000-7f9e84000000 ---p 00000000 00:00 0 
7f9e84000000-7f9e84001000 r--s 00000000 08:05 807276                     /var/cache/fontconfig/c277e94e32b20404286a1ddafa5a80f0-le64.cache-4
7f9e84001000-7f9e84003000 r--s 00000000 08:05 807313                     /var/cache/fontconfig/16326683038b281783a0ef8c680e3a10-le64.cache-4
7f9e84003000-7f9e84004000 r--s 00000000 08:05 807311                     /var/cache/fontconfig/e0aa53bcfa504e64f87823c16bc01eb6-le64.cache-4
7f9e84014000-7f9e84037000 r--s 002ec000 08:05 4757285                    /home/elena/java/workspace/UCSDUnfoldingMaps/lib/jogl-all.jar
7f9e84037000-7f9e84040000 r-xp 00000000 08:05 3546798                    /usr/lib/x86_64-linux-gnu/libXrender.so.1.3.0
7f9e84040000-7f9e8423f000 ---p 00009000 08:05 3546798                    /usr/lib/x86_64-linux-gnu/libXrender.so.1.3.0
7f9e8423f000-7f9e84240000 r--p 00008000 08:05 3546798                    /usr/lib/x86_64-linux-gnu/libXrender.so.1.3.0
7f9e84240000-7f9e84241000 rw-p 00009000 08:05 3546798                    /usr/lib/x86_64-linux-gnu/libXrender.so.1.3.0
7f9e84241000-7f9e84252000 r-xp 00000000 08:05 3540152                    /usr/lib/x86_64-linux-gnu/libXext.so.6.4.0
7f9e84252000-7f9e84451000 ---p 00011000 08:05 3540152                    /usr/lib/x86_64-linux-gnu/libXext.so.6.4.0
7f9e84451000-7f9e84452000 r--p 00010000 08:05 3540152                    /usr/lib/x86_64-linux-gnu/libXext.so.6.4.0
7f9e84452000-7f9e84453000 rw-p 00011000 08:05 3540152                    /usr/lib/x86_64-linux-gnu/libXext.so.6.4.0
7f9e84457000-7f9e84458000 rw-p 00000000 00:00 0 
7f9e84458000-7f9e84459000 rwxp 00000000 00:00 0 
7f9e84459000-7f9e8445a000 r--s 0002f000 08:05 4757279                    /home/elena/java/workspace/UCSDUnfoldingMaps/lib/jogl-all-natives-linux-amd64.jar
7f9e8445a000-7f9e8445e000 r--s 00095000 08:05 4618331                    /usr/local/java/jdk1.8.0_60/jre/lib/jsse.jar
7f9e8445e000-7f9e84464000 r--s 00033000 08:05 4757290                    /home/elena/java/workspace/UCSDUnfoldingMaps/lib/unfolding.0.9.7-uscd.jar
7f9e84464000-7f9e8446b000 r--s 00059000 08:05 4757288                    /home/elena/java/workspace/UCSDUnfoldingMaps/lib/log4j-1.2.15.jar
7f9e8446b000-7f9e84471000 r--s 00041000 08:05 4757278                    /home/elena/java/workspace/UCSDUnfoldingMaps/lib/gluegen-rt.jar
7f9e84471000-7f9e844c5000 r-xp 00000000 08:05 4752107                    /usr/local/java/jdk1.8.0_60/jre/lib/amd64/libawt_xawt.so
7f9e844c5000-7f9e846c5000 ---p 00054000 08:05 4752107                    /usr/local/java/jdk1.8.0_60/jre/lib/amd64/libawt_xawt.so
7f9e846c5000-7f9e846c9000 rw-p 00054000 08:05 4752107                    /usr/local/java/jdk1.8.0_60/jre/lib/amd64/libawt_xawt.so
7f9e846c9000-7f9e846ca000 rw-p 00000000 00:00 0 
7f9e846ca000-7f9e8476c000 r-xp 00000000 08:05 4752114                    /usr/local/java/jdk1.8.0_60/jre/lib/amd64/libawt.so
7f9e8476c000-7f9e8496c000 ---p 000a2000 08:05 4752114                    /usr/local/java/jdk1.8.0_60/jre/lib/amd64/libawt.so
7f9e8496c000-7f9e84978000 rw-p 000a2000 08:05 4752114                    /usr/local/java/jdk1.8.0_60/jre/lib/amd64/libawt.so
7f9e84978000-7f9e8499c000 rw-p 00000000 00:00 0 
7f9e8499c000-7f9e8499d000 ---p 00000000 00:00 0 
7f9e8499d000-7f9e84a9d000 rw-p 00000000 00:00 0                          [stack:4007]
7f9e84a9d000-7f9e84aa0000 ---p 00000000 00:00 0 
7f9e84aa0000-7f9e84b9e000 rw-p 00000000 00:00 0                          [stack:4006]
7f9e84b9e000-7f9e84ba1000 ---p 00000000 00:00 0 
7f9e84ba1000-7f9e84c9f000 rw-p 00000000 00:00 0                          [stack:4005]
7f9e84c9f000-7f9e84ca2000 ---p 00000000 00:00 0 
7f9e84ca2000-7f9e84da0000 rw-p 00000000 00:00 0                          [stack:4003]
7f9e84da0000-7f9e84da3000 ---p 00000000 00:00 0 
7f9e84da3000-7f9e84ea1000 rw-p 00000000 00:00 0                          [stack:4002]
7f9e84ea1000-7f9e84ea4000 ---p 00000000 00:00 0 
7f9e84ea4000-7f9e84fa2000 rw-p 00000000 00:00 0                          [stack:4001]
7f9e84fa2000-7f9e857b7000 r--p 00000000 08:05 3546206                    /usr/lib/locale/locale-archive
7f9e857b7000-7f9e857ba000 ---p 00000000 00:00 0 
7f9e857ba000-7f9e858b8000 rw-p 00000000 00:00 0                          [stack:4000]
7f9e858b8000-7f9e858bb000 ---p 00000000 00:00 0 
7f9e858bb000-7f9e859b9000 rw-p 00000000 00:00 0                          [stack:3999]
7f9e859b9000-7f9e859ba000 ---p 00000000 00:00 0 
7f9e859ba000-7f9e868c8000 rw-p 00000000 00:00 0                          [stack:3998]
7f9e868c8000-7f9e86aa0000 r--s 03d17000 08:05 4618326                    /usr/local/java/jdk1.8.0_60/jre/lib/rt.jar
7f9e86aa0000-7f9e89000000 rw-p 00000000 00:00 0 
7f9e89000000-7f9e89880000 rwxp 00000000 00:00 0 
7f9e89880000-7f9e98000000 ---p 00000000 00:00 0 
7f9e98000000-7f9e982b5000 rw-p 00000000 00:00 0 
7f9e982b5000-7f9e9c000000 ---p 00000000 00:00 0 
7f9e9c000000-7f9e9c005000 r--s 00309000 08:05 4757289                    /home/elena/java/workspace/UCSDUnfoldingMaps/lib/sqlite-jdbc-3.7.2.jar
7f9e9c005000-7f9e9c3f7000 rw-p 00000000 00:00 0 
7f9e9c3f7000-7f9e9c3f8000 ---p 00000000 00:00 0 
7f9e9c3f8000-7f9e9c4f8000 rw-p 00000000 00:00 0                          [stack:3997]
7f9e9c4f8000-7f9e9c4f9000 ---p 00000000 00:00 0 
7f9e9c4f9000-7f9e9c5f9000 rw-p 00000000 00:00 0                          [stack:3996]
7f9e9c5f9000-7f9e9c5fa000 ---p 00000000 00:00 0 
7f9e9c5fa000-7f9e9c6fa000 rw-p 00000000 00:00 0                          [stack:3995]
7f9e9c6fa000-7f9e9c6fb000 ---p 00000000 00:00 0 
7f9e9c6fb000-7f9e9c82d000 rw-p 00000000 00:00 0                          [stack:3994]
7f9e9c82d000-7f9e9c935000 ---p 00000000 00:00 0 
7f9e9c935000-7f9e9c967000 rw-p 00000000 00:00 0 
7f9e9c967000-7f9e9ca6e000 ---p 00000000 00:00 0 
7f9e9ca6e000-7f9e9cafc000 rw-p 00000000 00:00 0 
7f9e9cafc000-7f9e9cb0b000 ---p 00000000 00:00 0 
7f9e9cb0b000-7f9e9cb2e000 rw-p 00000000 00:00 0 
7f9e9cb2e000-7f9e9cecc000 ---p 00000000 00:00 0 
7f9e9cecc000-7f9e9cee6000 r-xp 00000000 08:05 4752090                    /usr/local/java/jdk1.8.0_60/jre/lib/amd64/libzip.so
7f9e9cee6000-7f9e9d0e6000 ---p 0001a000 08:05 4752090                    /usr/local/java/jdk1.8.0_60/jre/lib/amd64/libzip.so
7f9e9d0e6000-7f9e9d0e7000 rw-p 0001a000 08:05 4752090                    /usr/local/java/jdk1.8.0_60/jre/lib/amd64/libzip.so
7f9e9d0e7000-7f9e9d0f2000 r-xp 00000000 08:05 1055446                    /lib/x86_64-linux-gnu/libnss_files-2.19.so
7f9e9d0f2000-7f9e9d2f1000 ---p 0000b000 08:05 1055446                    /lib/x86_64-linux-gnu/libnss_files-2.19.so
7f9e9d2f1000-7f9e9d2f2000 r--p 0000a000 08:05 1055446                    /lib/x86_64-linux-gnu/libnss_files-2.19.so
7f9e9d2f2000-7f9e9d2f3000 rw-p 0000b000 08:05 1055446                    /lib/x86_64-linux-gnu/libnss_files-2.19.so
7f9e9d2f3000-7f9e9d2fe000 r-xp 00000000 08:05 1055061                    /lib/x86_64-linux-gnu/libnss_nis-2.19.so
7f9e9d2fe000-7f9e9d4fd000 ---p 0000b000 08:05 1055061                    /lib/x86_64-linux-gnu/libnss_nis-2.19.so
7f9e9d4fd000-7f9e9d4fe000 r--p 0000a000 08:05 1055061                    /lib/x86_64-linux-gnu/libnss_nis-2.19.so
7f9e9d4fe000-7f9e9d4ff000 rw-p 0000b000 08:05 1055061                    /lib/x86_64-linux-gnu/libnss_nis-2.19.so
7f9e9d4ff000-7f9e9d516000 r-xp 00000000 08:05 1055047                    /lib/x86_64-linux-gnu/libnsl-2.19.so
7f9e9d516000-7f9e9d715000 ---p 00017000 08:05 1055047                    /lib/x86_64-linux-gnu/libnsl-2.19.so
7f9e9d715000-7f9e9d716000 r--p 00016000 08:05 1055047                    /lib/x86_64-linux-gnu/libnsl-2.19.so
7f9e9d716000-7f9e9d717000 rw-p 00017000 08:05 1055047                    /lib/x86_64-linux-gnu/libnsl-2.19.so
7f9e9d717000-7f9e9d719000 rw-p 00000000 00:00 0 
7f9e9d719000-7f9e9d722000 r-xp 00000000 08:05 1055046                    /lib/x86_64-linux-gnu/libnss_compat-2.19.so
7f9e9d722000-7f9e9d921000 ---p 00009000 08:05 1055046                    /lib/x86_64-linux-gnu/libnss_compat-2.19.so
7f9e9d921000-7f9e9d922000 r--p 00008000 08:05 1055046                    /lib/x86_64-linux-gnu/libnss_compat-2.19.so
7f9e9d922000-7f9e9d923000 rw-p 00009000 08:05 1055046                    /lib/x86_64-linux-gnu/libnss_compat-2.19.so
7f9e9d923000-7f9e9d94d000 r-xp 00000000 08:05 4752050                    /usr/local/java/jdk1.8.0_60/jre/lib/amd64/libjava.so
7f9e9d94d000-7f9e9db4d000 ---p 0002a000 08:05 4752050                    /usr/local/java/jdk1.8.0_60/jre/lib/amd64/libjava.so
7f9e9db4d000-7f9e9db4f000 rw-p 0002a000 08:05 4752050                    /usr/local/java/jdk1.8.0_60/jre/lib/amd64/libjava.so
7f9e9db4f000-7f9e9db5c000 r-xp 00000000 08:05 4752078                    /usr/local/java/jdk1.8.0_60/jre/lib/amd64/libverify.so
7f9e9db5c000-7f9e9dd5c000 ---p 0000d000 08:05 4752078                    /usr/local/java/jdk1.8.0_60/jre/lib/amd64/libverify.so
7f9e9dd5c000-7f9e9dd5e000 rw-p 0000d000 08:05 4752078                    /usr/local/java/jdk1.8.0_60/jre/lib/amd64/libverify.so
7f9e9dd5e000-7f9e9dd65000 r-xp 00000000 08:05 1055065                    /lib/x86_64-linux-gnu/librt-2.19.so
7f9e9dd65000-7f9e9df64000 ---p 00007000 08:05 1055065                    /lib/x86_64-linux-gnu/librt-2.19.so
7f9e9df64000-7f9e9df65000 r--p 00006000 08:05 1055065                    /lib/x86_64-linux-gnu/librt-2.19.so
7f9e9df65000-7f9e9df66000 rw-p 00007000 08:05 1055065                    /lib/x86_64-linux-gnu/librt-2.19.so
7f9e9df66000-7f9e9e06b000 r-xp 00000000 08:05 1052604                    /lib/x86_64-linux-gnu/libm-2.19.so
7f9e9e06b000-7f9e9e26a000 ---p 00105000 08:05 1052604                    /lib/x86_64-linux-gnu/libm-2.19.so
7f9e9e26a000-7f9e9e26b000 r--p 00104000 08:05 1052604                    /lib/x86_64-linux-gnu/libm-2.19.so
7f9e9e26b000-7f9e9e26c000 rw-p 00105000 08:05 1052604                    /lib/x86_64-linux-gnu/libm-2.19.so
7f9e9e26c000-7f9e9ef2a000 r-xp 00000000 08:05 4884599                    /usr/local/java/jdk1.8.0_60/jre/lib/amd64/server/libjvm.so
7f9e9ef2a000-7f9e9f129000 ---p 00cbe000 08:05 4884599                    /usr/local/java/jdk1.8.0_60/jre/lib/amd64/server/libjvm.so
7f9e9f129000-7f9e9f201000 rw-p 00cbd000 08:05 4884599                    /usr/local/java/jdk1.8.0_60/jre/lib/amd64/server/libjvm.so
7f9e9f201000-7f9e9f246000 rw-p 00000000 00:00 0 
7f9e9f246000-7f9e9f401000 r-xp 00000000 08:05 1055066                    /lib/x86_64-linux-gnu/libc-2.19.so
7f9e9f401000-7f9e9f600000 ---p 001bb000 08:05 1055066                    /lib/x86_64-linux-gnu/libc-2.19.so
7f9e9f600000-7f9e9f604000 r--p 001ba000 08:05 1055066                    /lib/x86_64-linux-gnu/libc-2.19.so
7f9e9f604000-7f9e9f606000 rw-p 001be000 08:05 1055066                    /lib/x86_64-linux-gnu/libc-2.19.so
7f9e9f606000-7f9e9f60b000 rw-p 00000000 00:00 0 
7f9e9f60b000-7f9e9f60e000 r-xp 00000000 08:05 1052646                    /lib/x86_64-linux-gnu/libdl-2.19.so
7f9e9f60e000-7f9e9f80d000 ---p 00003000 08:05 1052646                    /lib/x86_64-linux-gnu/libdl-2.19.so
7f9e9f80d000-7f9e9f80e000 r--p 00002000 08:05 1052646                    /lib/x86_64-linux-gnu/libdl-2.19.so
7f9e9f80e000-7f9e9f80f000 rw-p 00003000 08:05 1052646                    /lib/x86_64-linux-gnu/libdl-2.19.so
7f9e9f80f000-7f9e9f824000 r-xp 00000000 08:05 4475228                    /usr/local/java/jdk1.8.0_60/lib/amd64/jli/libjli.so
7f9e9f824000-7f9e9fa24000 ---p 00015000 08:05 4475228                    /usr/local/java/jdk1.8.0_60/lib/amd64/jli/libjli.so
7f9e9fa24000-7f9e9fa25000 rw-p 00015000 08:05 4475228                    /usr/local/java/jdk1.8.0_60/lib/amd64/jli/libjli.so
7f9e9fa25000-7f9e9fa3e000 r-xp 00000000 08:05 1055049                    /lib/x86_64-linux-gnu/libpthread-2.19.so
7f9e9fa3e000-7f9e9fc3d000 ---p 00019000 08:05 1055049                    /lib/x86_64-linux-gnu/libpthread-2.19.so
7f9e9fc3d000-7f9e9fc3e000 r--p 00018000 08:05 1055049                    /lib/x86_64-linux-gnu/libpthread-2.19.so
7f9e9fc3e000-7f9e9fc3f000 rw-p 00019000 08:05 1055049                    /lib/x86_64-linux-gnu/libpthread-2.19.so
7f9e9fc3f000-7f9e9fc43000 rw-p 00000000 00:00 0 
7f9e9fc43000-7f9e9fc66000 r-xp 00000000 08:05 1055057                    /lib/x86_64-linux-gnu/ld-2.19.so
7f9e9fc66000-7f9e9fc68000 r--s 00000000 08:05 4757272                    /home/elena/java/workspace/UCSDUnfoldingMaps/lib/gluegen-rt-natives-linux-amd64.jar
7f9e9fc68000-7f9e9fc69000 r--p 00000000 00:00 0 
7f9e9fc69000-7f9e9fc6a000 r--s 00005000 08:05 4757287                    /home/elena/java/workspace/UCSDUnfoldingMaps/lib/libTUIO.jar
7f9e9fc6a000-7f9e9fc6e000 r--s 0009a000 08:05 4757271                    /home/elena/java/workspace/UCSDUnfoldingMaps/lib/core.jar
7f9e9fc6e000-7f9e9fd40000 rw-p 00000000 00:00 0 
7f9e9fd40000-7f9e9fd43000 ---p 00000000 00:00 0 
7f9e9fd43000-7f9e9fe45000 rw-p 00000000 00:00 0                          [stack:3988]
7f9e9fe45000-7f9e9fe46000 r--s 00007000 08:05 4757286                    /home/elena/java/workspace/UCSDUnfoldingMaps/lib/json4processing.jar
7f9e9fe46000-7f9e9fe59000 rw-p 00000000 00:00 0 
7f9e9fe59000-7f9e9fe61000 rw-s 00000000 08:05 1835067                    /tmp/hsperfdata_elena/3986
7f9e9fe61000-7f9e9fe62000 rw-p 00000000 00:00 0 
7f9e9fe62000-7f9e9fe63000 r--p 00000000 00:00 0 
7f9e9fe63000-7f9e9fe65000 rw-p 00000000 00:00 0 
7f9e9fe65000-7f9e9fe66000 r--p 00022000 08:05 1055057                    /lib/x86_64-linux-gnu/ld-2.19.so
7f9e9fe66000-7f9e9fe67000 rw-p 00023000 08:05 1055057                    /lib/x86_64-linux-gnu/ld-2.19.so
7f9e9fe67000-7f9e9fe68000 rw-p 00000000 00:00 0 
7ffee3548000-7ffee3569000 rw-p 00000000 00:00 0                          [stack]
7ffee35e5000-7ffee35e7000 r-xp 00000000 00:00 0                          [vdso]
7ffee35e7000-7ffee35e9000 r--p 00000000 00:00 0                          [vvar]
ffffffffff600000-ffffffffff601000 r-xp 00000000 00:00 0                  [vsyscall]

VM Arguments:
jvm_args: -Djava.security.policy=java.policy.applet -Dfile.encoding=UTF-8 
java_command: sun.applet.AppletViewer module6.AirportMap1458918504957.html
java_class_path (initial): /home/elena/java/workspace/UCSDUnfoldingMaps/build:/home/elena/java/workspace/UCSDUnfoldingMaps/lib/core.jar:/home/elena/java/workspace/UCSDUnfoldingMaps/lib/gluegen-rt.jar:/home/elena/java/workspace/UCSDUnfoldingMaps/lib/jogl-all.jar:/home/elena/java/workspace/UCSDUnfoldingMaps/lib/log4j-1.2.15.jar:/home/elena/java/workspace/UCSDUnfoldingMaps/lib/sqlite-jdbc-3.7.2.jar:/home/elena/java/workspace/UCSDUnfoldingMaps/lib/json4processing.jar:/home/elena/java/workspace/UCSDUnfoldingMaps/lib/libTUIO.jar:/home/elena/java/workspace/UCSDUnfoldingMaps/lib/unfolding.0.9.7-uscd.jar
Launcher Type: SUN_STANDARD

Environment Variables:
JAVA_HOME=/usr/local/java/jdk1.8.0_60
PATH=/usr/local/sbin:/usr/local/bin:/usr/sbin:/usr/bin:/sbin:/bin:/usr/games:/usr/local/games:/home/elena/bin:/usr/local/java/jdk1.8.0_60/bin
SHELL=/bin/bash
DISPLAY=:0

Signal Handlers:
SIGSEGV: [libjvm.so+0xaba070], sa_mask[0]=11111111011111111101111111111110, sa_flags=SA_RESTART|SA_SIGINFO
SIGBUS: [libjvm.so+0xaba070], sa_mask[0]=11111111011111111101111111111110, sa_flags=SA_RESTART|SA_SIGINFO
SIGFPE: [libjvm.so+0x917630], sa_mask[0]=11111111011111111101111111111110, sa_flags=SA_RESTART|SA_SIGINFO
SIGPIPE: [libjvm.so+0x917630], sa_mask[0]=11111111011111111101111111111110, sa_flags=SA_RESTART|SA_SIGINFO
SIGXFSZ: [libjvm.so+0x917630], sa_mask[0]=11111111011111111101111111111110, sa_flags=SA_RESTART|SA_SIGINFO
SIGILL: [libjvm.so+0x917630], sa_mask[0]=11111111011111111101111111111110, sa_flags=SA_RESTART|SA_SIGINFO
SIGUSR1: SIG_DFL, sa_mask[0]=00000000000000000000000000000000, sa_flags=none
SIGUSR2: [libjvm.so+0x918c60], sa_mask[0]=00100000000000000000000000000000, sa_flags=SA_RESTART|SA_SIGINFO
SIGHUP: [libjvm.so+0x91a060], sa_mask[0]=11111111011111111101111111111110, sa_flags=SA_RESTART|SA_SIGINFO
SIGINT: [libjvm.so+0x91a060], sa_mask[0]=11111111011111111101111111111110, sa_flags=SA_RESTART|SA_SIGINFO
SIGTERM: [libjvm.so+0x91a060], sa_mask[0]=11111111011111111101111111111110, sa_flags=SA_RESTART|SA_SIGINFO
SIGQUIT: [libjvm.so+0x91a060], sa_mask[0]=11111111011111111101111111111110, sa_flags=SA_RESTART|SA_SIGINFO


---------------  S Y S T E M  ---------------

OS:DISTRIB_ID=Ubuntu
DISTRIB_RELEASE=14.04
DISTRIB_CODENAME=trusty
DISTRIB_DESCRIPTION="Ubuntu 14.04.4 LTS"

uname:Linux 3.16.0-67-generic #87~14.04.1-Ubuntu SMP Fri Mar 11 00:26:02 UTC 2016 x86_64
libc:glibc 2.19 NPTL 2.19 
rlimit: STACK 8192k, CORE 0k, NPROC 14927, NOFILE 4096, AS infinity
load average:0,75 0,55 0,46

/proc/meminfo:
MemTotal:        3842796 kB
MemFree:          134560 kB
MemAvailable:    1372540 kB
Buffers:          457808 kB
Cached:          1059168 kB
SwapCached:            0 kB
Active:          2088760 kB
Inactive:        1230644 kB
Active(anon):    1461408 kB
Inactive(anon):   625228 kB
Active(file):     627352 kB
Inactive(file):   605416 kB
Unevictable:          32 kB
Mlocked:              32 kB
SwapTotal:       3987452 kB
SwapFree:        3987164 kB
Dirty:                28 kB
Writeback:             0 kB
AnonPages:       1802540 kB
Mapped:           298492 kB
Shmem:            284212 kB
Slab:             286748 kB
SReclaimable:     258616 kB
SUnreclaim:        28132 kB
KernelStack:        7968 kB
PageTables:        30664 kB
NFS_Unstable:          0 kB
Bounce:                0 kB
WritebackTmp:          0 kB
CommitLimit:     5908848 kB
Committed_AS:    4742148 kB
VmallocTotal:   34359738367 kB
VmallocUsed:      426592 kB
VmallocChunk:   34359301628 kB
HardwareCorrupted:     0 kB
AnonHugePages:   1042432 kB
HugePages_Total:       0
HugePages_Free:        0
HugePages_Rsvd:        0
HugePages_Surp:        0
Hugepagesize:       2048 kB
DirectMap4k:       59648 kB
DirectMap2M:     3928064 kB


CPU:total 4 (2 cores per cpu, 2 threads per core) family 6 model 37 stepping 5, cmov, cx8, fxsr, mmx, sse, sse2, sse3, ssse3, sse4.1, sse4.2, popcnt, ht, tsc, tscinvbit

/proc/cpuinfo:
processor	: 0
vendor_id	: GenuineIntel
cpu family	: 6
model		: 37
model name	: Intel(R) Core(TM) i5 CPU       M 460  @ 2.53GHz
stepping	: 5
microcode	: 0x2
cpu MHz		: 2534.000
cache size	: 3072 KB
physical id	: 0
siblings	: 4
core id		: 0
cpu cores	: 2
apicid		: 0
initial apicid	: 0
fpu		: yes
fpu_exception	: yes
cpuid level	: 11
wp		: yes
flags		: fpu vme de pse tsc msr pae mce cx8 apic sep mtrr pge mca cmov pat pse36 clflush dts acpi mmx fxsr sse sse2 ss ht tm pbe syscall nx rdtscp lm constant_tsc arch_perfmon pebs bts rep_good nopl xtopology nonstop_tsc aperfmperf pni dtes64 monitor ds_cpl vmx est tm2 ssse3 cx16 xtpr pdcm pcid sse4_1 sse4_2 popcnt lahf_lm ida arat dtherm tpr_shadow vnmi flexpriority ept vpid
bogomips	: 5054.62
clflush size	: 64
cache_alignment	: 64
address sizes	: 36 bits physical, 48 bits virtual
power management:

processor	: 1
vendor_id	: GenuineIntel
cpu family	: 6
model		: 37
model name	: Intel(R) Core(TM) i5 CPU       M 460  @ 2.53GHz
stepping	: 5
microcode	: 0x2
cpu MHz		: 2534.000
cache size	: 3072 KB
physical id	: 0
siblings	: 4
core id		: 0
cpu cores	: 2
apicid		: 1
initial apicid	: 1
fpu		: yes
fpu_exception	: yes
cpuid level	: 11
wp		: yes
flags		: fpu vme de pse tsc msr pae mce cx8 apic sep mtrr pge mca cmov pat pse36 clflush dts acpi mmx fxsr sse sse2 ss ht tm pbe syscall nx rdtscp lm constant_tsc arch_perfmon pebs bts rep_good nopl xtopology nonstop_tsc aperfmperf pni dtes64 monitor ds_cpl vmx est tm2 ssse3 cx16 xtpr pdcm pcid sse4_1 sse4_2 popcnt lahf_lm ida arat dtherm tpr_shadow vnmi flexpriority ept vpid
bogomips	: 5054.62
clflush size	: 64
cache_alignment	: 64
address sizes	: 36 bits physical, 48 bits virtual
power management:

processor	: 2
vendor_id	: GenuineIntel
cpu family	: 6
model		: 37
model name	: Intel(R) Core(TM) i5 CPU       M 460  @ 2.53GHz
stepping	: 5
microcode	: 0x2
cpu MHz		: 2534.000
cache size	: 3072 KB
physical id	: 0
siblings	: 4
core id		: 2
cpu cores	: 2
apicid		: 4
initial apicid	: 4
fpu		: yes
fpu_exception	: yes
cpuid level	: 11
wp		: yes
flags		: fpu vme de pse tsc msr pae mce cx8 apic sep mtrr pge mca cmov pat pse36 clflush dts acpi mmx fxsr sse sse2 ss ht tm pbe syscall nx rdtscp lm constant_tsc arch_perfmon pebs bts rep_good nopl xtopology nonstop_tsc aperfmperf pni dtes64 monitor ds_cpl vmx est tm2 ssse3 cx16 xtpr pdcm pcid sse4_1 sse4_2 popcnt lahf_lm ida arat dtherm tpr_shadow vnmi flexpriority ept vpid
bogomips	: 5054.62
clflush size	: 64
cache_alignment	: 64
address sizes	: 36 bits physical, 48 bits virtual
power management:

processor	: 3
vendor_id	: GenuineIntel
cpu family	: 6
model		: 37
model name	: Intel(R) Core(TM) i5 CPU       M 460  @ 2.53GHz
stepping	: 5
microcode	: 0x2
cpu MHz		: 1199.000
cache size	: 3072 KB
physical id	: 0
siblings	: 4
core id		: 2
cpu cores	: 2
apicid		: 5
initial apicid	: 5
fpu		: yes
fpu_exception	: yes
cpuid level	: 11
wp		: yes
flags		: fpu vme de pse tsc msr pae mce cx8 apic sep mtrr pge mca cmov pat pse36 clflush dts acpi mmx fxsr sse sse2 ss ht tm pbe syscall nx rdtscp lm constant_tsc arch_perfmon pebs bts rep_good nopl xtopology nonstop_tsc aperfmperf pni dtes64 monitor ds_cpl vmx est tm2 ssse3 cx16 xtpr pdcm pcid sse4_1 sse4_2 popcnt lahf_lm ida arat dtherm tpr_shadow vnmi flexpriority ept vpid
bogomips	: 5054.62
clflush size	: 64
cache_alignment	: 64
address sizes	: 36 bits physical, 48 bits virtual
power management:



Memory: 4k page, physical 3842796k(134560k free), swap 3987452k(3987164k free)

vm_info: Java HotSpot(TM) 64-Bit Server VM (25.60-b23) for linux-amd64 JRE (1.8.0_60-b27), built on Aug  4 2015 12:19:40 by "java_re" with gcc 4.3.0 20080428 (Red Hat 4.3.0-8)

time: Fri Mar 25 16:08:56 2016
elapsed time: 32 seconds (0d 0h 0m 32s)

