#
# A fatal error has been detected by the Java Runtime Environment:
#
#  SIGSEGV (0xb) at pc=0x00007fa10c853b30, pid=4232, tid=140330561136384
#
# JRE version: Java(TM) SE Runtime Environment (8.0_60-b27) (build 1.8.0_60-b27)
# Java VM: Java HotSpot(TM) 64-Bit Server VM (25.60-b23 mixed mode linux-amd64 compressed oops)
# Problematic frame:
# C  [i965_dri.so+0x2f2b30]
#
# Failed to write core dump. Core dumps have been disabled. To enable core dumping, try "ulimit -c unlimited" before starting Java again
#
# If you would like to submit a bug report, please visit:
#   http://bugreport.java.com/bugreport/crash.jsp
# The crash happened outside the Java Virtual Machine in native code.
# See problematic frame for where to report the bug.
#

---------------  T H R E A D  ---------------

Current thread (0x00007fa124002800):  JavaThread "AWT-EventQueue-1" [_thread_in_native, id=4259, stack(0x00007fa1412f6000,0x00007fa1413f7000)]

siginfo: si_signo: 11 (SIGSEGV), si_code: 1 (SEGV_MAPERR), si_addr: 0x000000000000c540

Registers:
RAX=0x00007fa10c853b20, RBX=0x000000000000c000, RCX=0x0000000000000000, RDX=0x0000000000000001
RSP=0x00007fa1413f43e0, RBP=0x00007fa12059c3c0, RSI=0x00007fa11d4248e0, RDI=0x0000000100000000
R8 =0x0000000000000000, R9 =0x00007fa113bb39c0, R10=0x00007fa175013768, R11=0x00007fa18a242f10
R12=0x00007fa120597450, R13=0x0000000000000000, R14=0x00007fa120597c90, R15=0x0000000000000000
RIP=0x00007fa10c853b30, EFLAGS=0x0000000000010206, CSGSFS=0x0000000000000033, ERR=0x0000000000000004
  TRAPNO=0x000000000000000e

Top of Stack: (sp=0x00007fa1413f43e0)
0x00007fa1413f43e0:   00007fa1413f44d0 0000000000000000
0x00007fa1413f43f0:   00007fa11d3f3000 00007fa12059c3c0
0x00007fa1413f4400:   00007fa120597450 00007fa113bb3a4e
0x00007fa1413f4410:   00007fa1413f4448 00007fa113dfe640
0x00007fa1413f4420:   00007fa120616810 00007fa100000000
0x00007fa1413f4430:   0000000000000000 0000000000000000
0x00007fa1413f4440:   0000000000000000 00007fa11d3f3000
0x00007fa1413f4450:   000000000540005c 00007fa113e3d350
0x00007fa1413f4460:   00007fa1413f44d0 0000000000000000
0x00007fa1413f4470:   00007fa113e3d350 00007fa1413f45a0
0x00007fa1413f4480:   00007fa124002800 00007fa1122c7849
0x00007fa1413f4490:   00007fa1413f46f0 00007fa113b8c9b0
0x00007fa1413f44a0:   000000000540005c 00007fa120616810
0x00007fa1413f44b0:   00007fa1413f4568 00007fa1240029f8
0x00007fa1413f44c0:   00007fa18a834dc0 00007fa113b8c9b0
0x00007fa1413f44d0:   00007fa1413f4558 00007fa175013794
0x00007fa1413f44e0:   00000000f8cf7698 00000000f8cf76e8
0x00007fa1413f44f0:   00000000f8cf76d8 0000000000000003
0x00007fa1413f4500:   00000000f8cf76f8 00000000f8cf7748
0x00007fa1413f4510:   00000000f8cf7738 00007fa1413f4518
0x00007fa1413f4520:   0000000000000000 00007fa1413f45a0
0x00007fa1413f4530:   00007fa113e3e9f0 0000000000000000
0x00007fa1413f4540:   00007fa113e3d350 0000000000000000
0x00007fa1413f4550:   00007fa1413f4578 00007fa1413f45e8
0x00007fa1413f4560:   00007fa175007c4d 00000000c5aea4b0
0x00007fa1413f4570:   00007fa17500f578 00007fa113b8c9b0
0x00007fa1413f4580:   00007fa1750055d0 000000000540005c
0x00007fa1413f4590:   00007fa1413f4768 00007fa120616810
0x00007fa1413f45a0:   00000000c5898230 00007fa1413f45a8
0x00007fa1413f45b0:   00007fa113e3d2a1 00007fa1413f4620
0x00007fa1413f45c0:   00007fa113e3e9f0 00007fa109ad34e0
0x00007fa1413f45d0:   00007fa113e3d2b0 00007fa1413f4578 

Instructions: (pc=0x00007fa10c853b30)
0x00007fa10c853b10:   48 83 c4 10 5b 5d 41 5c c3 0f 1f 80 00 00 00 00
0x00007fa10c853b20:   41 54 55 53 48 83 ec 10 48 8b 1f 48 85 db 74 3d
0x00007fa10c853b30:   f6 83 40 05 00 00 01 49 89 f4 89 cd 75 72 83 e2
0x00007fa10c853b40:   01 75 5d 83 e5 fd 74 38 48 8d 35 71 4e 17 00 ba 

Register to memory mapping:

RAX=0x00007fa10c853b20: <offset 0x2f2b20> in /usr/lib/x86_64-linux-gnu/dri/i965_dri.so at 0x00007fa10c561000
RBX=0x000000000000c000 is an unknown value
RCX=0x0000000000000000 is an unknown value
RDX=0x0000000000000001 is an unknown value
RSP=0x00007fa1413f43e0 is pointing into the stack for thread: 0x00007fa124002800
RBP=0x00007fa12059c3c0 is an unknown value
RSI=0x00007fa11d4248e0 is an unknown value
RDI=0x0000000100000000 is pointing into metadata
R8 =0x0000000000000000 is an unknown value
R9 =0x00007fa113bb39c0: <offset 0x439c0> in /usr/lib/x86_64-linux-gnu/mesa/libGL.so.1 at 0x00007fa113b70000
R10=0x00007fa175013768 is at code_begin+808 in an Interpreter codelet
method entry point (kind = native)  [0x00007fa175013440, 0x00007fa175013d40]  2304 bytes
R11=0x00007fa18a242f10: <offset 0x9b8f10> in /usr/local/java/jdk1.8.0_60/jre/lib/amd64/server/libjvm.so at 0x00007fa18988a000
R12=0x00007fa120597450 is an unknown value
R13=0x0000000000000000 is an unknown value
R14=0x00007fa120597c90 is an unknown value
R15=0x0000000000000000 is an unknown value


Stack: [0x00007fa1412f6000,0x00007fa1413f7000],  sp=0x00007fa1413f43e0,  free space=1016k
Native frames: (J=compiled Java code, j=interpreted, Vv=VM code, C=native code)
C  [i965_dri.so+0x2f2b30]

Java frames: (J=compiled Java code, j=interpreted, Vv=VM code)
j  jogamp.opengl.x11.glx.GLX.dispatch_glXSwapBuffers0(JJJ)V+0
j  jogamp.opengl.x11.glx.GLX.glXSwapBuffers(JJ)V+41
J 2732 C1 jogamp.opengl.x11.glx.X11GLXDrawable.swapBuffersImpl(Z)V (21 bytes) @ 0x00007fa17581a744 [0x00007fa17581a4a0+0x2a4]
j  jogamp.opengl.GLDrawableImpl.swapBuffers()V+67
j  javax.media.opengl.awt.GLCanvas$12.run()V+45
J 2537 C1 java.awt.event.InvocationEvent.dispatch()V (69 bytes) @ 0x00007fa1755e3bcc [0x00007fa1755e3a80+0x14c]
J 2674 C1 java.awt.EventQueue.dispatchEventImpl(Ljava/awt/AWTEvent;Ljava/lang/Object;)V (149 bytes) @ 0x00007fa1757e4cbc [0x00007fa1757e3140+0x1b7c]
J 2672 C1 java.awt.EventQueue$3.run()Ljava/lang/Void; (60 bytes) @ 0x00007fa1757dfdc4 [0x00007fa1757dfbc0+0x204]
J 2671 C1 java.awt.EventQueue$3.run()Ljava/lang/Object; (5 bytes) @ 0x00007fa1757dcd8c [0x00007fa1757dcd00+0x8c]
v  ~StubRoutines::call_stub
J 573  java.security.AccessController.doPrivileged(Ljava/security/PrivilegedAction;Ljava/security/AccessControlContext;)Ljava/lang/Object; (0 bytes) @ 0x00007fa17526f0e3 [0x00007fa17526f080+0x63]
J 2104 C1 java.awt.EventQueue.dispatchEvent(Ljava/awt/AWTEvent;)V (80 bytes) @ 0x00007fa1756689c4 [0x00007fa175668040+0x984]
J 2106 C1 java.awt.EventDispatchThread.pumpOneEventForFilters(I)V (295 bytes) @ 0x00007fa17566bc94 [0x00007fa17566a140+0x1b54]
j  java.awt.EventDispatchThread.pumpEventsForFilter(ILjava/awt/Conditional;Ljava/awt/EventFilter;)V+35
j  java.awt.EventDispatchThread.pumpEventsForHierarchy(ILjava/awt/Conditional;Ljava/awt/Component;)V+11
j  java.awt.EventDispatchThread.pumpEvents(ILjava/awt/Conditional;)V+4
j  java.awt.EventDispatchThread.pumpEvents(Ljava/awt/Conditional;)V+3
j  java.awt.EventDispatchThread.run()V+9
v  ~StubRoutines::call_stub

---------------  P R O C E S S  ---------------

Java Threads: ( => current thread )
  0x00007fa11d8e4000 JavaThread "Thread-71" [_thread_blocked, id=4348, stack(0x00007fa10a653000,0x00007fa10a754000)]
  0x00007fa0f0001000 JavaThread "Image Fetcher 3" daemon [_thread_blocked, id=4299, stack(0x00007fa10b13a000,0x00007fa10b23b000)]
  0x00007fa0f8003000 JavaThread "Image Fetcher 2" daemon [_thread_blocked, id=4298, stack(0x00007fa10b33c000,0x00007fa10b43d000)]
  0x0000000001f79800 JavaThread "Image Fetcher 1" daemon [_thread_blocked, id=4297, stack(0x00007fa10b23b000,0x00007fa10b33c000)]
  0x00007fa0f8002000 JavaThread "Image Fetcher 0" daemon [_thread_blocked, id=4296, stack(0x00007fa10b039000,0x00007fa10b13a000)]
  0x00007fa0f8001000 JavaThread "Keep-Alive-Timer" daemon [_thread_blocked, id=4295, stack(0x00007fa10a451000,0x00007fa10a552000)]
  0x00007fa12010c800 JavaThread "Animation Thread-SharedResourceRunner" daemon [_thread_blocked, id=4269, stack(0x00007fa140cf4000,0x00007fa140df5000)]
  0x00007fa120071000 JavaThread "process reaper" daemon [_thread_blocked, id=4264, stack(0x00007fa170015000,0x00007fa17004e000)]
  0x00007fa124014000 JavaThread "Animation Thread" [_thread_blocked, id=4260, stack(0x00007fa140ff5000,0x00007fa1410f6000)]
=>0x00007fa124002800 JavaThread "AWT-EventQueue-1" [_thread_in_native, id=4259, stack(0x00007fa1412f6000,0x00007fa1413f7000)]
  0x00007fa18400a000 JavaThread "DestroyJavaVM" [_thread_blocked, id=4233, stack(0x00007fa18b35e000,0x00007fa18b45f000)]
  0x00007fa18427f800 JavaThread "AWT-EventQueue-0" [_thread_blocked, id=4257, stack(0x00007fa141a9f000,0x00007fa141ba0000)]
  0x00007fa18427c000 JavaThread "AWT-Shutdown" [_thread_blocked, id=4256, stack(0x00007fa141ca1000,0x00007fa141da2000)]
  0x00007fa18426b000 JavaThread "thread applet-module6.AirportMap.class" [_thread_blocked, id=4255, stack(0x00007fa141ba0000,0x00007fa141ca1000)]
  0x00007fa18425c800 JavaThread "AWT-XAWT" daemon [_thread_blocked, id=4253, stack(0x00007fa141da2000,0x00007fa141ea3000)]
  0x00007fa184237800 JavaThread "Java2D Disposer" daemon [_thread_blocked, id=4252, stack(0x00007fa1422b3000,0x00007fa1423b4000)]
  0x00007fa1840c3000 JavaThread "Service Thread" daemon [_thread_blocked, id=4250, stack(0x00007fa1700b8000,0x00007fa1701b9000)]
  0x00007fa1840be000 JavaThread "C1 CompilerThread2" daemon [_thread_blocked, id=4249, stack(0x00007fa1701b9000,0x00007fa1702ba000)]
  0x00007fa1840bc800 JavaThread "C2 CompilerThread1" daemon [_thread_blocked, id=4248, stack(0x00007fa1702ba000,0x00007fa1703bb000)]
  0x00007fa1840b9800 JavaThread "C2 CompilerThread0" daemon [_thread_blocked, id=4247, stack(0x00007fa1703bb000,0x00007fa1704bc000)]
  0x00007fa1840b8000 JavaThread "Signal Dispatcher" daemon [_thread_blocked, id=4246, stack(0x00007fa1704bc000,0x00007fa1705bd000)]
  0x00007fa18407f000 JavaThread "Finalizer" daemon [_thread_blocked, id=4245, stack(0x00007fa170dd2000,0x00007fa170ed3000)]
  0x00007fa18407d000 JavaThread "Reference Handler" daemon [_thread_blocked, id=4244, stack(0x00007fa170ed3000,0x00007fa170fd4000)]

Other Threads:
  0x00007fa184077800 VMThread [stack: 0x00007fa170fd4000,0x00007fa1710d5000] [id=4243]
  0x00007fa1840c6000 WatcherThread [stack: 0x00007fa143eff000,0x00007fa144000000] [id=4251]

VM state:not at safepoint (normal execution)

VM Mutex/Monitor currently owned by a thread: None

Heap:
 PSYoungGen      total 308224K, used 219456K [0x00000000ec700000, 0x0000000100000000, 0x0000000100000000)
  eden space 295936K, 70% used [0x00000000ec700000,0x00000000f9160008,0x00000000fe800000)
  from space 12288K, 99% used [0x00000000fe800000,0x00000000ff3f02c0,0x00000000ff400000)
  to   space 12288K, 0% used [0x00000000ff400000,0x00000000ff400000,0x0000000100000000)
 ParOldGen       total 76800K, used 57537K [0x00000000c5400000, 0x00000000c9f00000, 0x00000000ec700000)
  object space 76800K, 74% used [0x00000000c5400000,0x00000000c8c30778,0x00000000c9f00000)
 Metaspace       used 20323K, capacity 20491K, committed 20736K, reserved 1069056K
  class space    used 1894K, capacity 1957K, committed 2048K, reserved 1048576K

Card table byte_map: [0x00007fa174e29000,0x00007fa175000000] byte_map_base: 0x00007fa1747ff000

Marking Bits: (ParMarkBitMap*) 0x00007fa18a838de0
 Begin Bits: [0x00007fa172c8c000, 0x00007fa173b3c000)
 End Bits:   [0x00007fa173b3c000, 0x00007fa1749ec000)

Polling page: 0x00007fa18b480000

CodeCache: size=245760Kb used=8384Kb max_used=8763Kb free=237375Kb
 bounds [0x00007fa175000000, 0x00007fa1758b0000, 0x00007fa184000000]
 total_blobs=3403 nmethods=2432 adapters=885
 compilation: enabled

Compilation events (10 events):
Event: 39,041 Thread 0x00007fa1840be000 nmethod 3023 0x00007fa1751a3910 code [0x00007fa1751a3a60, 0x00007fa1751a3b90]
Event: 39,279 Thread 0x00007fa1840bc800 3024       4       processing.core.PMatrix3D::translate (117 bytes)
Event: 39,280 Thread 0x00007fa1840bc800 nmethod 3024 0x00007fa175719a50 code [0x00007fa175719ba0, 0x00007fa175719cb8]
Event: 39,350 Thread 0x00007fa1840be000 3025       1       com.jogamp.nativewindow.awt.JAWTWindow::getSurfaceHandle (5 bytes)
Event: 39,351 Thread 0x00007fa1840be000 nmethod 3025 0x00007fa175750190 code [0x00007fa1757502e0, 0x00007fa1757503f0]
Event: 39,369 Thread 0x00007fa1840be000 3026   !   3       sun.font.FontDesignMetrics::getMetrics (265 bytes)
Event: 39,372 Thread 0x00007fa1840be000 nmethod 3026 0x00007fa175577010 code [0x00007fa175577420, 0x00007fa175579c18]
Event: 39,372 Thread 0x00007fa1840be000 3027       3       sun.font.SunFontManager::getInstance (9 bytes)
Event: 39,373 Thread 0x00007fa1840be000 nmethod 3027 0x00007fa175538a90 code [0x00007fa175538c40, 0x00007fa175539228]
Event: 39,430 Thread 0x00007fa1840be000 3028       1       sun.java2d.SurfaceData::isValid (5 bytes)

GC Heap History (10 events):
Event: 33,752 GC heap before
{Heap before GC invocations=30 (full 1):
 PSYoungGen      total 304128K, used 294080K [0x00000000ec700000, 0x00000000ffe00000, 0x0000000100000000)
  eden space 292864K, 100% used [0x00000000ec700000,0x00000000fe500000,0x00000000fe500000)
  from space 11264K, 10% used [0x00000000ff300000,0x00000000ff430000,0x00000000ffe00000)
  to   space 12800K, 0% used [0x00000000fe500000,0x00000000fe500000,0x00000000ff180000)
 ParOldGen       total 76800K, used 54913K [0x00000000c5400000, 0x00000000c9f00000, 0x00000000ec700000)
  object space 76800K, 71% used [0x00000000c5400000,0x00000000c89a06d8,0x00000000c9f00000)
 Metaspace       used 20144K, capacity 20363K, committed 20736K, reserved 1069056K
  class space    used 1893K, capacity 1957K, committed 2048K, reserved 1048576K
Event: 33,757 GC heap after
Heap after GC invocations=30 (full 1):
 PSYoungGen      total 305664K, used 1248K [0x00000000ec700000, 0x00000000fff80000, 0x0000000100000000)
  eden space 292864K, 0% used [0x00000000ec700000,0x00000000ec700000,0x00000000fe500000)
  from space 12800K, 9% used [0x00000000fe500000,0x00000000fe638000,0x00000000ff180000)
  to   space 11776K, 0% used [0x00000000ff400000,0x00000000ff400000,0x00000000fff80000)
 ParOldGen       total 76800K, used 54929K [0x00000000c5400000, 0x00000000c9f00000, 0x00000000ec700000)
  object space 76800K, 71% used [0x00000000c5400000,0x00000000c89a46d8,0x00000000c9f00000)
 Metaspace       used 20144K, capacity 20363K, committed 20736K, reserved 1069056K
  class space    used 1893K, capacity 1957K, committed 2048K, reserved 1048576K
}
Event: 35,077 GC heap before
{Heap before GC invocations=31 (full 1):
 PSYoungGen      total 305664K, used 294112K [0x00000000ec700000, 0x00000000fff80000, 0x0000000100000000)
  eden space 292864K, 100% used [0x00000000ec700000,0x00000000fe500000,0x00000000fe500000)
  from space 12800K, 9% used [0x00000000fe500000,0x00000000fe638000,0x00000000ff180000)
  to   space 11776K, 0% used [0x00000000ff400000,0x00000000ff400000,0x00000000fff80000)
 ParOldGen       total 76800K, used 54929K [0x00000000c5400000, 0x00000000c9f00000, 0x00000000ec700000)
  object space 76800K, 71% used [0x00000000c5400000,0x00000000c89a46d8,0x00000000c9f00000)
 Metaspace       used 20188K, capacity 20363K, committed 20736K, reserved 1069056K
  class space    used 1893K, capacity 1957K, committed 2048K, reserved 1048576K
Event: 35,080 GC heap after
Heap after GC invocations=31 (full 1):
 PSYoungGen      total 305152K, used 1184K [0x00000000ec700000, 0x00000000ffd00000, 0x0000000100000000)
  eden space 295936K, 0% used [0x00000000ec700000,0x00000000ec700000,0x00000000fe800000)
  from space 9216K, 12% used [0x00000000ff400000,0x00000000ff528000,0x00000000ffd00000)
  to   space 10752K, 0% used [0x00000000fe800000,0x00000000fe800000,0x00000000ff280000)
 ParOldGen       total 76800K, used 54945K [0x00000000c5400000, 0x00000000c9f00000, 0x00000000ec700000)
  object space 76800K, 71% used [0x00000000c5400000,0x00000000c89a86d8,0x00000000c9f00000)
 Metaspace       used 20188K, capacity 20363K, committed 20736K, reserved 1069056K
  class space    used 1893K, capacity 1957K, committed 2048K, reserved 1048576K
}
Event: 36,284 GC heap before
{Heap before GC invocations=32 (full 1):
 PSYoungGen      total 305152K, used 297120K [0x00000000ec700000, 0x00000000ffd00000, 0x0000000100000000)
  eden space 295936K, 100% used [0x00000000ec700000,0x00000000fe800000,0x00000000fe800000)
  from space 9216K, 12% used [0x00000000ff400000,0x00000000ff528000,0x00000000ffd00000)
  to   space 10752K, 0% used [0x00000000fe800000,0x00000000fe800000,0x00000000ff280000)
 ParOldGen       total 76800K, used 54945K [0x00000000c5400000, 0x00000000c9f00000, 0x00000000ec700000)
  object space 76800K, 71% used [0x00000000c5400000,0x00000000c89a86d8,0x00000000c9f00000)
 Metaspace       used 20229K, capacity 20427K, committed 20736K, reserved 1069056K
  class space    used 1893K, capacity 1957K, committed 2048K, reserved 1048576K
Event: 36,288 GC heap after
Heap after GC invocations=32 (full 1):
 PSYoungGen      total 306688K, used 2432K [0x00000000ec700000, 0x0000000100000000, 0x0000000100000000)
  eden space 295936K, 0% used [0x00000000ec700000,0x00000000ec700000,0x00000000fe800000)
  from space 10752K, 22% used [0x00000000fe800000,0x00000000fea60080,0x00000000ff280000)
  to   space 10240K, 0% used [0x00000000ff600000,0x00000000ff600000,0x0000000100000000)
 ParOldGen       total 76800K, used 54961K [0x00000000c5400000, 0x00000000c9f00000, 0x00000000ec700000)
  object space 76800K, 71% used [0x00000000c5400000,0x00000000c89ac6d8,0x00000000c9f00000)
 Metaspace       used 20229K, capacity 20427K, committed 20736K, reserved 1069056K
  class space    used 1893K, capacity 1957K, committed 2048K, reserved 1048576K
}
Event: 37,421 GC heap before
{Heap before GC invocations=33 (full 1):
 PSYoungGen      total 306688K, used 298368K [0x00000000ec700000, 0x0000000100000000, 0x0000000100000000)
  eden space 295936K, 100% used [0x00000000ec700000,0x00000000fe800000,0x00000000fe800000)
  from space 10752K, 22% used [0x00000000fe800000,0x00000000fea60080,0x00000000ff280000)
  to   space 10240K, 0% used [0x00000000ff600000,0x00000000ff600000,0x0000000100000000)
 ParOldGen       total 76800K, used 54961K [0x00000000c5400000, 0x00000000c9f00000, 0x00000000ec700000)
  object space 76800K, 71% used [0x00000000c5400000,0x00000000c89ac6d8,0x00000000c9f00000)
 Metaspace       used 20278K, capacity 20491K, committed 20736K, reserved 1069056K
  class space    used 1893K, capacity 1957K, committed 2048K, reserved 1048576K
Event: 37,433 GC heap after
Heap after GC invocations=33 (full 1):
 PSYoungGen      total 306176K, used 10176K [0x00000000ec700000, 0x0000000100000000, 0x0000000100000000)
  eden space 295936K, 0% used [0x00000000ec700000,0x00000000ec700000,0x00000000fe800000)
  from space 10240K, 99% used [0x00000000ff600000,0x00000000ffff0260,0x0000000100000000)
  to   space 12288K, 0% used [0x00000000fe800000,0x00000000fe800000,0x00000000ff400000)
 ParOldGen       total 76800K, used 56249K [0x00000000c5400000, 0x00000000c9f00000, 0x00000000ec700000)
  object space 76800K, 73% used [0x00000000c5400000,0x00000000c8aee728,0x00000000c9f00000)
 Metaspace       used 20278K, capacity 20491K, committed 20736K, reserved 1069056K
  class space    used 1893K, capacity 1957K, committed 2048K, reserved 1048576K
}
Event: 38,601 GC heap before
{Heap before GC invocations=34 (full 1):
 PSYoungGen      total 306176K, used 306112K [0x00000000ec700000, 0x0000000100000000, 0x0000000100000000)
  eden space 295936K, 100% used [0x00000000ec700000,0x00000000fe800000,0x00000000fe800000)
  from space 10240K, 99% used [0x00000000ff600000,0x00000000ffff0260,0x0000000100000000)
  to   space 12288K, 0% used [0x00000000fe800000,0x00000000fe800000,0x00000000ff400000)
 ParOldGen       total 76800K, used 56249K [0x00000000c5400000, 0x00000000c9f00000, 0x00000000ec700000)
  object space 76800K, 73% used [0x00000000c5400000,0x00000000c8aee728,0x00000000c9f00000)
 Metaspace       used 20316K, capacity 20491K, committed 20736K, reserved 1069056K
  class space    used 1893K, capacity 1957K, committed 2048K, reserved 1048576K
Event: 38,613 GC heap after
Heap after GC invocations=34 (full 1):
 PSYoungGen      total 308224K, used 12224K [0x00000000ec700000, 0x0000000100000000, 0x0000000100000000)
  eden space 295936K, 0% used [0x00000000ec700000,0x00000000ec700000,0x00000000fe800000)
  from space 12288K, 99% used [0x00000000fe800000,0x00000000ff3f02c0,0x00000000ff400000)
  to   space 12288K, 0% used [0x00000000ff400000,0x00000000ff400000,0x0000000100000000)
 ParOldGen       total 76800K, used 57537K [0x00000000c5400000, 0x00000000c9f00000, 0x00000000ec700000)
  object space 76800K, 74% used [0x00000000c5400000,0x00000000c8c30778,0x00000000c9f00000)
 Metaspace       used 20316K, capacity 20491K, committed 20736K, reserved 1069056K
  class space    used 1893K, capacity 1957K, committed 2048K, reserved 1048576K
}

Deoptimization events (10 events):
Event: 36,607 Thread 0x00007fa0f0001000 Uncommon trap: reason=class_check action=maybe_recompile pc=0x00007fa1755f8ac8 method=sun.awt.image.ImageRepresentation.setPixels(IIIILjava/awt/image/ColorModel;[BII)V @ 818
Event: 36,607 Thread 0x00007fa0f0001000 Uncommon trap: reason=class_check action=maybe_recompile pc=0x00007fa1755f8ac8 method=sun.awt.image.ImageRepresentation.setPixels(IIIILjava/awt/image/ColorModel;[BII)V @ 818
Event: 36,607 Thread 0x00007fa0f0001000 Uncommon trap: reason=class_check action=maybe_recompile pc=0x00007fa1755f8ac8 method=sun.awt.image.ImageRepresentation.setPixels(IIIILjava/awt/image/ColorModel;[BII)V @ 818
Event: 37,044 Thread 0x00007fa124002800 Uncommon trap: reason=unstable_if action=reinterpret pc=0x00007fa175582470 method=sun.misc.FloatingDecimal$BinaryToASCIIBuffer.developLongDigits(IJI)V @ 104
Event: 37,044 Thread 0x00007fa124002800 Uncommon trap: reason=unstable_if action=reinterpret pc=0x00007fa1753a84a0 method=sun.misc.FloatingDecimal$BinaryToASCIIBuffer.getChars([C)I @ 94
Event: 37,044 Thread 0x00007fa124002800 Uncommon trap: reason=unstable_if action=reinterpret pc=0x00007fa1753c1450 method=java.text.DigitList.getDataChars(I)[C @ 13
Event: 37,044 Thread 0x00007fa124002800 Uncommon trap: reason=unstable_if action=reinterpret pc=0x00007fa1753723a4 method=java.text.DecimalFormat.subformat(Ljava/lang/StringBuffer;Ljava/text/Format$FieldDelegate;ZZIIII)Ljava/lang/StringBuffer; @ 753
Event: 37,166 Thread 0x00007fa0f8003000 Uncommon trap: reason=unstable_if action=reinterpret pc=0x00007fa175618d9c method=java.awt.image.IndexColorModel.getDataElements(ILjava/lang/Object;)Ljava/lang/Object; @ 54
Event: 37,469 Thread 0x00007fa0f8003000 Uncommon trap: reason=unstable_if action=reinterpret pc=0x00007fa17562ae88 method=java.awt.image.IndexColorModel.getDataElements(ILjava/lang/Object;)Ljava/lang/Object; @ 70
Event: 39,350 Thread 0x00007fa18426b000 Uncommon trap: reason=unstable_if action=reinterpret pc=0x00007fa17584ad7c method=java.awt.font.FontRenderContext.equals(Ljava/awt/font/FontRenderContext;)Z @ 2

Internal exceptions (10 events):
Event: 10,430 Thread 0x00007fa124002800 Exception <a 'java/lang/reflect/InvocationTargetException'> (0x00000000ec81a878) thrown at [/HUDSON/workspace/8-2-build-linux-amd64/jdk8u60/4407/hotspot/src/share/vm/runtime/reflection.cpp, line 1092]
Event: 10,432 Thread 0x00007fa124014000 Exception <a 'java/lang/reflect/InvocationTargetException'> (0x00000000eca65900) thrown at [/HUDSON/workspace/8-2-build-linux-amd64/jdk8u60/4407/hotspot/src/share/vm/runtime/reflection.cpp, line 1092]
Event: 10,433 Thread 0x00007fa124014000 Exception <a 'java/lang/reflect/InvocationTargetException'> (0x00000000eca66028) thrown at [/HUDSON/workspace/8-2-build-linux-amd64/jdk8u60/4407/hotspot/src/share/vm/runtime/reflection.cpp, line 1092]
Event: 10,434 Thread 0x00007fa124014000 Exception <a 'java/lang/reflect/InvocationTargetException'> (0x00000000eca66440) thrown at [/HUDSON/workspace/8-2-build-linux-amd64/jdk8u60/4407/hotspot/src/share/vm/runtime/reflection.cpp, line 1092]
Event: 10,434 Thread 0x00007fa124014000 Exception <a 'java/lang/reflect/InvocationTargetException'> (0x00000000eca66858) thrown at [/HUDSON/workspace/8-2-build-linux-amd64/jdk8u60/4407/hotspot/src/share/vm/runtime/reflection.cpp, line 1092]
Event: 10,449 Thread 0x00007fa124014000 Exception <a 'java/lang/reflect/InvocationTargetException'> (0x00000000eca6d438) thrown at [/HUDSON/workspace/8-2-build-linux-amd64/jdk8u60/4407/hotspot/src/share/vm/runtime/reflection.cpp, line 1092]
Event: 10,454 Thread 0x00007fa124014000 Exception <a 'java/lang/reflect/InvocationTargetException'> (0x00000000eca6e9c8) thrown at [/HUDSON/workspace/8-2-build-linux-amd64/jdk8u60/4407/hotspot/src/share/vm/runtime/reflection.cpp, line 1092]
Event: 10,456 Thread 0x00007fa124014000 Exception <a 'java/lang/reflect/InvocationTargetException'> (0x00000000eca700e0) thrown at [/HUDSON/workspace/8-2-build-linux-amd64/jdk8u60/4407/hotspot/src/share/vm/runtime/reflection.cpp, line 1092]
Event: 10,457 Thread 0x00007fa124014000 Exception <a 'java/lang/reflect/InvocationTargetException'> (0x00000000eca73f28) thrown at [/HUDSON/workspace/8-2-build-linux-amd64/jdk8u60/4407/hotspot/src/share/vm/runtime/reflection.cpp, line 1092]
Event: 34,077 Thread 0x00007fa124002800 Implicit null exception at 0x00007fa175798933 to 0x00007fa175798b5a

Events (10 events):
Event: 39,041 Thread 0x00007fa1840be000 flushing nmethod 0x00007fa1751b7e50
Event: 39,273 loading class sun/applet/AppletViewer$3
Event: 39,274 loading class sun/applet/AppletViewer$3 done
Event: 39,274 Thread 0x00007fa11d8e4000 Thread added: 0x00007fa11d8e4000
Event: 39,274 loading class sun/applet/AppletPanel$4
Event: 39,274 loading class sun/applet/AppletPanel$4 done
Event: 39,350 Thread 0x00007fa18426b000 Uncommon trap: trap_request=0xffffff65 fr.pc=0x00007fa17584ad7c
Event: 39,350 Thread 0x00007fa18426b000 DEOPT PACKING pc=0x00007fa17584ad7c sp=0x00007fa141c9f560
Event: 39,350 Thread 0x00007fa18426b000 DEOPT UNPACKING pc=0x00007fa175005229 sp=0x00007fa141c9f4b8 mode 2
Event: 39,373 Thread 0x00007fa1840be000 flushing nmethod 0x00007fa1753e7b50


Dynamic libraries:
00400000-00401000 r-xp 00000000 08:05 4475464                            /usr/local/java/jdk1.8.0_60/bin/java
00600000-00601000 rw-p 00000000 08:05 4475464                            /usr/local/java/jdk1.8.0_60/bin/java
01f77000-01fdb000 rw-p 00000000 00:00 0                                  [heap]
c5400000-c9f00000 rw-p 00000000 00:00 0 
c9f00000-ec700000 ---p 00000000 00:00 0 
ec700000-100000000 rw-p 00000000 00:00 0 
100000000-100200000 rw-p 00000000 00:00 0 
100200000-140000000 ---p 00000000 00:00 0 
7fa0e4000000-7fa0e4067000 rw-p 00000000 00:00 0 
7fa0e4067000-7fa0e8000000 ---p 00000000 00:00 0 
7fa0ec000000-7fa0ec03f000 rw-p 00000000 00:00 0 
7fa0ec03f000-7fa0f0000000 ---p 00000000 00:00 0 
7fa0f0000000-7fa0f0037000 rw-p 00000000 00:00 0 
7fa0f0037000-7fa0f4000000 ---p 00000000 00:00 0 
7fa0f4000000-7fa0f40cd000 rw-p 00000000 00:00 0 
7fa0f40cd000-7fa0f8000000 ---p 00000000 00:00 0 
7fa0f8000000-7fa0f8021000 rw-p 00000000 00:00 0 
7fa0f8021000-7fa0fc000000 ---p 00000000 00:00 0 
7fa0fc000000-7fa0fc0c6000 rw-p 00000000 00:00 0 
7fa0fc0c6000-7fa100000000 ---p 00000000 00:00 0 
7fa100000000-7fa1000ac000 rw-p 00000000 00:00 0 
7fa1000ac000-7fa104000000 ---p 00000000 00:00 0 
7fa104000000-7fa104098000 rw-p 00000000 00:00 0 
7fa104098000-7fa108000000 ---p 00000000 00:00 0 
7fa1086c8000-7fa108728000 rw-s 11309d000 00:05 1816                      /dev/dri/card0
7fa108728000-7fa108788000 rw-s 11303d000 00:05 1816                      /dev/dri/card0
7fa108788000-7fa1087e8000 rw-s 112fdd000 00:05 1816                      /dev/dri/card0
7fa1087e8000-7fa108848000 rw-s 112f7d000 00:05 1816                      /dev/dri/card0
7fa108848000-7fa1088a8000 rw-s 112f1d000 00:05 1816                      /dev/dri/card0
7fa1088a8000-7fa108908000 rw-s 112ebd000 00:05 1816                      /dev/dri/card0
7fa108908000-7fa108968000 rw-s 11e033000 00:05 1816                      /dev/dri/card0
7fa108968000-7fa1089c8000 rw-s 11dfd3000 00:05 1816                      /dev/dri/card0
7fa1089c8000-7fa108a28000 rw-s 11df73000 00:05 1816                      /dev/dri/card0
7fa108a28000-7fa108a88000 rw-s 11df13000 00:05 1816                      /dev/dri/card0
7fa108a88000-7fa108ae8000 rw-s 11deb3000 00:05 1816                      /dev/dri/card0
7fa108ae8000-7fa108ca8000 rw-s 11d253000 00:05 1816                      /dev/dri/card0
7fa108cb5000-7fa108d15000 rw-s 11de53000 00:05 1816                      /dev/dri/card0
7fa108d15000-7fa108d75000 rw-s 11ddf3000 00:05 1816                      /dev/dri/card0
7fa108d75000-7fa108dd5000 rw-s 11dd93000 00:05 1816                      /dev/dri/card0
7fa108dd5000-7fa108e35000 rw-s 11dd33000 00:05 1816                      /dev/dri/card0
7fa108e35000-7fa108e95000 rw-s 11dcd3000 00:05 1816                      /dev/dri/card0
7fa108e95000-7fa108ef5000 rw-s 11dc73000 00:05 1816                      /dev/dri/card0
7fa108ef5000-7fa108f55000 rw-s 11dc03000 00:05 1816                      /dev/dri/card0
7fa108f55000-7fa108fb5000 rw-s 11dba3000 00:05 1816                      /dev/dri/card0
7fa108fb5000-7fa109015000 rw-s 11db43000 00:05 1816                      /dev/dri/card0
7fa109015000-7fa109075000 rw-s 11dae3000 00:05 1816                      /dev/dri/card0
7fa109075000-7fa1090d5000 rw-s 11da83000 00:05 1816                      /dev/dri/card0
7fa1090d5000-7fa109135000 rw-s 11da23000 00:05 1816                      /dev/dri/card0
7fa109135000-7fa109195000 rw-s 11d9c3000 00:05 1816                      /dev/dri/card0
7fa109195000-7fa1091f5000 rw-s 11d963000 00:05 1816                      /dev/dri/card0
7fa1091f5000-7fa109255000 rw-s 11d903000 00:05 1816                      /dev/dri/card0
7fa109255000-7fa1092b5000 rw-s 11d8a3000 00:05 1816                      /dev/dri/card0
7fa1092b5000-7fa109315000 rw-s 11d843000 00:05 1816                      /dev/dri/card0
7fa109315000-7fa109375000 rw-s 11d7e3000 00:05 1816                      /dev/dri/card0
7fa109375000-7fa1093d5000 rw-s 11d783000 00:05 1816                      /dev/dri/card0
7fa1093d5000-7fa109435000 rw-s 11d723000 00:05 1816                      /dev/dri/card0
7fa109435000-7fa109495000 rw-s 11d6c3000 00:05 1816                      /dev/dri/card0
7fa109495000-7fa109496000 r--s 00000000 08:05 807309                     /var/cache/fontconfig/087e1975ba9a574b140bb1df193bf770-le64.cache-4
7fa109496000-7fa1094a4000 r--s 00000000 08:05 798218                     /var/cache/fontconfig/6aa41aa22e18b8fa06a12da28ea9c28b-le64.cache-4
7fa1094a4000-7fa1094a5000 r--s 00000000 08:05 786527                     /var/cache/fontconfig/c05880de57d1f5e948fdfacc138775d9-le64.cache-4
7fa1094a5000-7fa1094b0000 r--s 00000000 08:05 786521                     /var/cache/fontconfig/945677eb7aeaf62f1d50efc3fb3ec7d8-le64.cache-4
7fa1094b0000-7fa1094b6000 r--s 00000000 08:05 786507                     /var/cache/fontconfig/2cd17615ca594fa2959ae173292e504c-le64.cache-4
7fa1094b6000-7fa1094b7000 r--s 00000000 08:05 786537                     /var/cache/fontconfig/e7071f4a29fa870f4323321c154eba04-le64.cache-4
7fa1094b7000-7fa1094b8000 r--s 00000000 08:05 786504                     /var/cache/fontconfig/0d8c3b2ac0904cb8a57a757ad11a4a08-le64.cache-4
7fa1094b8000-7fa1094bf000 r--s 00000000 08:05 786524                     /var/cache/fontconfig/a755afe4a08bf5b97852ceb7400b47bc-le64.cache-4
7fa1094bf000-7fa1094cb000 r--s 00000000 08:05 806641                     /var/cache/fontconfig/6d41288fd70b0be22e8c3a91e032eec0-le64.cache-4
7fa1094cb000-7fa1094df000 r--s 00000000 08:05 786502                     /var/cache/fontconfig/04aabc0a78ac019cf9454389977116d2-le64.cache-4
7fa1094df000-7fa1094e0000 r--s 00000000 08:05 786506                     /var/cache/fontconfig/1ac9eb803944fde146138c791f5cc56a-le64.cache-4
7fa1094e0000-7fa1094e1000 r--s 00000000 08:05 807308                     /var/cache/fontconfig/b95bc8ffbebda2bbdae4265e45b8178d-le64.cache-4
7fa1094e1000-7fa1094e5000 r--s 00000000 08:05 786510                     /var/cache/fontconfig/385c0604a188198f04d133e54aba7fe7-le64.cache-4
7fa1094e5000-7fa1094e6000 r--s 00000000 08:05 807307                     /var/cache/fontconfig/9c956a7723ca69a44b382d9179c9802f-le64.cache-4
7fa1094e6000-7fa1094e7000 r--s 00000000 08:05 786534                     /var/cache/fontconfig/dc05db6664285cc2f12bf69c139ae4c3-le64.cache-4
7fa1094e7000-7fa1094e8000 r--s 00000000 08:05 807306                     /var/cache/fontconfig/5d1cca7074f29429a8d18692746c2426-le64.cache-4
7fa1094e8000-7fa1094ea000 r--s 00000000 08:05 786518                     /var/cache/fontconfig/767a8244fc0220cfb567a839d0392e0b-le64.cache-4
7fa1094ea000-7fa1094eb000 r--s 00000000 08:05 790930                     /var/cache/fontconfig/4794a0821666d79190d59a36cb4f44b5-le64.cache-4
7fa1094eb000-7fa1094ec000 r--s 00000000 08:05 807305                     /var/cache/fontconfig/9eae20f1ff8cc0a7d125749e875856bd-le64.cache-4
7fa1094ec000-7fa1094ee000 r--s 00000000 08:05 807304                     /var/cache/fontconfig/bf2c1853a9e9b00bb02fe2e9bcf1e201-le64.cache-4
7fa1094ee000-7fa1094f3000 r--s 00000000 08:05 786520                     /var/cache/fontconfig/8801497958630a81b71ace7c5f9b32a8-le64.cache-4
7fa1094f3000-7fa1094fa000 r--s 00000000 08:05 786508                     /var/cache/fontconfig/3047814df9a2f067bd2d96a2b9c36e5a-le64.cache-4
7fa1094fa000-7fa1094fe000 r--s 00000000 08:05 807303                     /var/cache/fontconfig/bf3b770c553c462765856025a94f1ce6-le64.cache-4
7fa1094fe000-7fa1094ff000 r--s 00000000 08:05 786514                     /var/cache/fontconfig/56cf4f4769d0f4abc89a4895d7bd3ae1-le64.cache-4
7fa1094ff000-7fa109500000 r--s 00000000 08:05 786526                     /var/cache/fontconfig/b9d506c9ac06c20b433354fa67a72993-le64.cache-4
7fa109500000-7fa109506000 r--s 00000000 08:05 786525                     /var/cache/fontconfig/b47c4e1ecd0709278f4910c18777a504-le64.cache-4
7fa109506000-7fa109509000 r--s 00000000 08:05 807302                     /var/cache/fontconfig/14d493b97896515cad3840ba4896e372-le64.cache-4
7fa109509000-7fa10950a000 r--s 00000000 08:05 807301                     /var/cache/fontconfig/89034621ae2a8922916bb6bfa5799546-le64.cache-4
7fa10950a000-7fa10950d000 r--s 00000000 08:05 807300                     /var/cache/fontconfig/e49e89034d371f0f9de17aab02136486-le64.cache-4
7fa10950d000-7fa10950f000 r--s 00000000 08:05 807299                     /var/cache/fontconfig/4b14b093aebc79c320de5e86ae1d3314-le64.cache-4
7fa10950f000-7fa109510000 r--s 00000000 08:05 807298                     /var/cache/fontconfig/8aec10f4cc8391dcef22ca549f1e4354-le64.cache-4
7fa109510000-7fa109523000 r--s 00000000 08:05 786531                     /var/cache/fontconfig/d52a8644073d54c13679302ca1180695-le64.cache-4
7fa109523000-7fa109524000 r--s 00000000 08:05 807297                     /var/cache/fontconfig/8a687c406b77f27d99abfeeba937fcce-le64.cache-4
7fa109524000-7fa10952d000 r--s 00000000 08:05 787140                     /var/cache/fontconfig/3f7329c5293ffd510edef78f73874cfd-le64.cache-4
7fa10952d000-7fa10952e000 r--s 00000000 08:05 807296                     /var/cache/fontconfig/ac2cf712d852da827a87a9baf682f5b9-le64.cache-4
7fa10952e000-7fa109530000 r--s 00000000 08:05 807295                     /var/cache/fontconfig/65f976e5259cbe6dc7697b8648396239-le64.cache-4
7fa109530000-7fa10953b000 r--s 00000000 08:05 795403                     /var/cache/fontconfig/d589a48862398ed80a3d6066f4f56f4c-le64.cache-4
7fa10953b000-7fa10953c000 r--s 00000000 08:05 807294                     /var/cache/fontconfig/94f7fe9bd33aadfac165873bd010d595-le64.cache-4
7fa10953c000-7fa10953e000 r--s 00000000 08:05 807293                     /var/cache/fontconfig/423767150eb258c59035de29db6fca84-le64.cache-4
7fa10953e000-7fa10953f000 r--s 00000000 08:05 807292                     /var/cache/fontconfig/845c20fd2c4814bcec78e05d37a63ccc-le64.cache-4
7fa10953f000-7fa109540000 r--s 00000000 08:05 807291                     /var/cache/fontconfig/e7de81b01590fb7e12b38e274e17d0db-le64.cache-4
7fa109540000-7fa109542000 r--s 00000000 08:05 807289                     /var/cache/fontconfig/67709b7835c0f764c1135060c9575660-le64.cache-4
7fa109542000-7fa10954c000 r--s 00000000 08:05 807288                     /var/cache/fontconfig/198d8fcf01c96d0cf813f74fd759bdb7-le64.cache-4
7fa10954c000-7fa109557000 r--s 00000000 08:05 807286                     /var/cache/fontconfig/83bf95040141907cd45bb53cf7c1c148-le64.cache-4
7fa109557000-7fa109559000 r--s 00000000 08:05 807285                     /var/cache/fontconfig/6e6b34ae150a7ad95e82fb4a522f0bda-le64.cache-4
7fa109559000-7fa109560000 r--s 00000000 08:05 807283                     /var/cache/fontconfig/53d14c92082a93e67d5078324eb314ca-le64.cache-4
7fa109560000-7fa109564000 r--s 00000000 08:05 807282                     /var/cache/fontconfig/6c08beecf0dac481ec92e759e0c2e6d7-le64.cache-4
7fa109564000-7fa109568000 r--s 00000000 08:05 807281                     /var/cache/fontconfig/4d6aee6d44eccb37054d3216e945f618-le64.cache-4
7fa109568000-7fa10956c000 r--s 00000000 08:05 807280                     /var/cache/fontconfig/d6c6df98c3df5faf9bd0f8ef4d91efe5-le64.cache-4
7fa10956c000-7fa109570000 r--s 00000000 08:05 807279                     /var/cache/fontconfig/9fb319ef52839f11ee26ab8b4cffa12b-le64.cache-4
7fa109570000-7fa109583000 r--s 00000000 08:05 807278                     /var/cache/fontconfig/4ac51e5cfbc76fc3f983e470323a16d3-le64.cache-4
7fa109583000-7fa109586000 r--s 00000000 08:05 807277                     /var/cache/fontconfig/c19b55eb3b4c5b40ea175e31682068a5-le64.cache-4
7fa109586000-7fa1095a7000 r--s 00000000 08:05 797119                     /var/cache/fontconfig/e13b20fdb08344e0e664864cc2ede53d-le64.cache-4
7fa1095a7000-7fa1095ac000 r--s 00000000 08:05 788348                     /var/cache/fontconfig/7ef2298fde41cc6eeb7af42e48b7d293-le64.cache-4
7fa1095ac000-7fa1095b9000 r--s 00000000 08:05 807312                     /var/cache/fontconfig/8f02d4cb045bd6ce15663e43f347c9f8-le64.cache-4
7fa1095de000-7fa10963e000 rw-s 11d663000 00:05 1816                      /dev/dri/card0
7fa10963e000-7fa10969e000 rw-s 11d603000 00:05 1816                      /dev/dri/card0
7fa10969e000-7fa1096fe000 rw-s 11d5a3000 00:05 1816                      /dev/dri/card0
7fa1096fe000-7fa10975e000 rw-s 11d543000 00:05 1816                      /dev/dri/card0
7fa10975e000-7fa1097be000 rw-s 11d4e3000 00:05 1816                      /dev/dri/card0
7fa1097be000-7fa10981e000 rw-s 11d483000 00:05 1816                      /dev/dri/card0
7fa10981e000-7fa10987e000 rw-s 11d423000 00:05 1816                      /dev/dri/card0
7fa10987e000-7fa1098de000 rw-s 11d1b3000 00:05 1816                      /dev/dri/card0
7fa1098de000-7fa10993e000 rw-s 11d153000 00:05 1816                      /dev/dri/card0
7fa10993e000-7fa10999e000 rw-s 120d44000 00:05 1816                      /dev/dri/card0
7fa10999e000-7fa1099fe000 rw-s 120ce4000 00:05 1816                      /dev/dri/card0
7fa1099fe000-7fa109a5e000 rw-s 120c84000 00:05 1816                      /dev/dri/card0
7fa109a5e000-7fa109abe000 rw-s 120c24000 00:05 1816                      /dev/dri/card0
7fa109abe000-7fa109afe000 rw-p 00000000 00:00 0 
7fa109afe000-7fa109cbe000 ---p 00000000 00:00 0 
7fa109cbe000-7fa109cdc000 r--s 00000000 08:05 790931                     /var/cache/fontconfig/467c019e582ee353435ea5c21d137ef6-le64.cache-4
7fa109cf0000-7fa109d50000 rw-s 120bc4000 00:05 1816                      /dev/dri/card0
7fa109d50000-7fa109db0000 rw-s 120b64000 00:05 1816                      /dev/dri/card0
7fa109db0000-7fa109e10000 rw-s 120b04000 00:05 1816                      /dev/dri/card0
7fa109e10000-7fa109e70000 rw-s 111c56000 00:05 1816                      /dev/dri/card0
7fa109e70000-7fa109ed0000 rw-s 111bf6000 00:05 1816                      /dev/dri/card0
7fa109ed0000-7fa109f30000 rw-s 111b96000 00:05 1816                      /dev/dri/card0
7fa109f30000-7fa109f90000 rw-s 111b36000 00:05 1816                      /dev/dri/card0
7fa109f90000-7fa109ff0000 rw-s 111ad6000 00:05 1816                      /dev/dri/card0
7fa109ff0000-7fa10a050000 rw-s 120572000 00:05 1816                      /dev/dri/card0
7fa10a050000-7fa10a0b0000 rw-s 120aa4000 00:05 1816                      /dev/dri/card0
7fa10a0b0000-7fa10a110000 rw-s 120a44000 00:05 1816                      /dev/dri/card0
7fa10a110000-7fa10a170000 rw-s 1209e4000 00:05 1816                      /dev/dri/card0
7fa10a170000-7fa10a1d0000 rw-s 120984000 00:05 1816                      /dev/dri/card0
7fa10a1d0000-7fa10a230000 rw-s 120924000 00:05 1816                      /dev/dri/card0
7fa10a230000-7fa10a290000 rw-s 111189000 00:05 1816                      /dev/dri/card0
7fa10a290000-7fa10a2f0000 rw-s 111129000 00:05 1816                      /dev/dri/card0
7fa10a2f0000-7fa10a350000 rw-s 1110c9000 00:05 1816                      /dev/dri/card0
7fa10a350000-7fa10a353000 ---p 00000000 00:00 0 
7fa10a353000-7fa10a451000 rw-p 00000000 00:00 0 
7fa10a451000-7fa10a454000 ---p 00000000 00:00 0 
7fa10a454000-7fa10a552000 rw-p 00000000 00:00 0                          [stack:4295]
7fa10a552000-7fa10a555000 ---p 00000000 00:00 0 
7fa10a555000-7fa10a653000 rw-p 00000000 00:00 0 
7fa10a653000-7fa10a656000 ---p 00000000 00:00 0 
7fa10a656000-7fa10a754000 rw-p 00000000 00:00 0                          [stack:4348]
7fa10a754000-7fa10a757000 ---p 00000000 00:00 0 
7fa10a757000-7fa10a855000 rw-p 00000000 00:00 0 
7fa10a855000-7fa10a86c000 r-xp 00000000 08:05 1048615                    /lib/x86_64-linux-gnu/libresolv-2.19.so
7fa10a86c000-7fa10aa6c000 ---p 00017000 08:05 1048615                    /lib/x86_64-linux-gnu/libresolv-2.19.so
7fa10aa6c000-7fa10aa6d000 r--p 00017000 08:05 1048615                    /lib/x86_64-linux-gnu/libresolv-2.19.so
7fa10aa6d000-7fa10aa6e000 rw-p 00018000 08:05 1048615                    /lib/x86_64-linux-gnu/libresolv-2.19.so
7fa10aa6e000-7fa10aa70000 rw-p 00000000 00:00 0 
7fa10aa70000-7fa10aa75000 r-xp 00000000 08:05 1055063                    /lib/x86_64-linux-gnu/libnss_dns-2.19.so
7fa10aa75000-7fa10ac74000 ---p 00005000 08:05 1055063                    /lib/x86_64-linux-gnu/libnss_dns-2.19.so
7fa10ac74000-7fa10ac75000 r--p 00004000 08:05 1055063                    /lib/x86_64-linux-gnu/libnss_dns-2.19.so
7fa10ac75000-7fa10ac76000 rw-p 00005000 08:05 1055063                    /lib/x86_64-linux-gnu/libnss_dns-2.19.so
7fa10ac76000-7fa10ae36000 rw-s 110e49000 00:05 1816                      /dev/dri/card0
7fa10ae36000-7fa10ae38000 r-xp 00000000 08:05 1052761                    /lib/x86_64-linux-gnu/libnss_mdns4_minimal.so.2
7fa10ae38000-7fa10b037000 ---p 00002000 08:05 1052761                    /lib/x86_64-linux-gnu/libnss_mdns4_minimal.so.2
7fa10b037000-7fa10b038000 r--p 00001000 08:05 1052761                    /lib/x86_64-linux-gnu/libnss_mdns4_minimal.so.2
7fa10b038000-7fa10b039000 rw-p 00002000 08:05 1052761                    /lib/x86_64-linux-gnu/libnss_mdns4_minimal.so.2
7fa10b039000-7fa10b03c000 ---p 00000000 00:00 0 
7fa10b03c000-7fa10b13a000 rw-p 00000000 00:00 0                          [stack:4296]
7fa10b13a000-7fa10b13d000 ---p 00000000 00:00 0 
7fa10b13d000-7fa10b23b000 rw-p 00000000 00:00 0                          [stack:4299]
7fa10b23b000-7fa10b23e000 ---p 00000000 00:00 0 
7fa10b23e000-7fa10b33c000 rw-p 00000000 00:00 0                          [stack:4297]
7fa10b33c000-7fa10b33f000 ---p 00000000 00:00 0 
7fa10b33f000-7fa10b43d000 rw-p 00000000 00:00 0                          [stack:4298]
7fa10b43d000-7fa10b5fd000 rw-s 110c89000 00:05 1816                      /dev/dri/card0
7fa10b5fd000-7fa10b7fd000 rw-p 00000000 00:00 0 
7fa10b7fd000-7fa10ba7d000 rw-s 1109e9000 00:05 1816                      /dev/dri/card0
7fa10ba7d000-7fa10bcfd000 rw-s 1206a4000 00:05 1816                      /dev/dri/card0
7fa10bcfd000-7fa10bcff000 r-xp 00000000 08:05 3547316                    /usr/lib/x86_64-linux-gnu/libXinerama.so.1.0.0
7fa10bcff000-7fa10befe000 ---p 00002000 08:05 3547316                    /usr/lib/x86_64-linux-gnu/libXinerama.so.1.0.0
7fa10befe000-7fa10beff000 r--p 00001000 08:05 3547316                    /usr/lib/x86_64-linux-gnu/libXinerama.so.1.0.0
7fa10beff000-7fa10bf00000 rw-p 00002000 08:05 3547316                    /usr/lib/x86_64-linux-gnu/libXinerama.so.1.0.0
7fa10bf00000-7fa10bf37000 r-xp 00000000 08:05 3548239                    /usr/lib/x86_64-linux-gnu/libtxc_dxtn_s2tc.so.0.0.0
7fa10bf37000-7fa10c136000 ---p 00037000 08:05 3548239                    /usr/lib/x86_64-linux-gnu/libtxc_dxtn_s2tc.so.0.0.0
7fa10c136000-7fa10c137000 r--p 00036000 08:05 3548239                    /usr/lib/x86_64-linux-gnu/libtxc_dxtn_s2tc.so.0.0.0
7fa10c137000-7fa10c138000 rw-p 00037000 08:05 3548239                    /usr/lib/x86_64-linux-gnu/libtxc_dxtn_s2tc.so.0.0.0
7fa10c138000-7fa10c140000 r-xp 00000000 08:05 3548044                    /usr/lib/x86_64-linux-gnu/libpciaccess.so.0.11.1
7fa10c140000-7fa10c33f000 ---p 00008000 08:05 3548044                    /usr/lib/x86_64-linux-gnu/libpciaccess.so.0.11.1
7fa10c33f000-7fa10c340000 r--p 00007000 08:05 3548044                    /usr/lib/x86_64-linux-gnu/libpciaccess.so.0.11.1
7fa10c340000-7fa10c341000 rw-p 00008000 08:05 3548044                    /usr/lib/x86_64-linux-gnu/libpciaccess.so.0.11.1
7fa10c341000-7fa10c360000 r-xp 00000000 08:05 3545149                    /usr/lib/x86_64-linux-gnu/libdrm_intel.so.1.0.0
7fa10c360000-7fa10c55f000 ---p 0001f000 08:05 3545149                    /usr/lib/x86_64-linux-gnu/libdrm_intel.so.1.0.0
7fa10c55f000-7fa10c560000 r--p 0001e000 08:05 3545149                    /usr/lib/x86_64-linux-gnu/libdrm_intel.so.1.0.0
7fa10c560000-7fa10c561000 rw-p 0001f000 08:05 3545149                    /usr/lib/x86_64-linux-gnu/libdrm_intel.so.1.0.0
7fa10c561000-7fa10ca69000 r-xp 00000000 08:05 3803442                    /usr/lib/x86_64-linux-gnu/dri/i965_dri.so
7fa10ca69000-7fa10cc68000 ---p 00508000 08:05 3803442                    /usr/lib/x86_64-linux-gnu/dri/i965_dri.so
7fa10cc68000-7fa10cc82000 r--p 00507000 08:05 3803442                    /usr/lib/x86_64-linux-gnu/dri/i965_dri.so
7fa10cc82000-7fa10cc88000 rw-p 00521000 08:05 3803442                    /usr/lib/x86_64-linux-gnu/dri/i965_dri.so
7fa10cc88000-7fa10cc93000 rw-p 00000000 00:00 0 
7fa10cc93000-7fa10ccd7000 r-xp 00000000 08:05 1052694                    /lib/x86_64-linux-gnu/libdbus-1.so.3.7.6
7fa10ccd7000-7fa10ced6000 ---p 00044000 08:05 1052694                    /lib/x86_64-linux-gnu/libdbus-1.so.3.7.6
7fa10ced6000-7fa10ced7000 r--p 00043000 08:05 1052694                    /lib/x86_64-linux-gnu/libdbus-1.so.3.7.6
7fa10ced7000-7fa10ced8000 rw-p 00044000 08:05 1052694                    /lib/x86_64-linux-gnu/libdbus-1.so.3.7.6
7fa10ced8000-7fa10cee0000 r-xp 00000000 08:05 1052742                    /lib/x86_64-linux-gnu/libnih-dbus.so.1.0.0
7fa10cee0000-7fa10d0e0000 ---p 00008000 08:05 1052742                    /lib/x86_64-linux-gnu/libnih-dbus.so.1.0.0
7fa10d0e0000-7fa10d0e1000 r--p 00008000 08:05 1052742                    /lib/x86_64-linux-gnu/libnih-dbus.so.1.0.0
7fa10d0e1000-7fa10d0e2000 rw-p 00009000 08:05 1052742                    /lib/x86_64-linux-gnu/libnih-dbus.so.1.0.0
7fa10d0e2000-7fa10d0f9000 r-xp 00000000 08:05 1052744                    /lib/x86_64-linux-gnu/libnih.so.1.0.0
7fa10d0f9000-7fa10d2f8000 ---p 00017000 08:05 1052744                    /lib/x86_64-linux-gnu/libnih.so.1.0.0
7fa10d2f8000-7fa10d2f9000 r--p 00016000 08:05 1052744                    /lib/x86_64-linux-gnu/libnih.so.1.0.0
7fa10d2f9000-7fa10d2fa000 rw-p 00017000 08:05 1052744                    /lib/x86_64-linux-gnu/libnih.so.1.0.0
7fa10d2fa000-7fa10d313000 r-xp 00000000 08:05 1048666                    /lib/x86_64-linux-gnu/libcgmanager.so.0.0.0
7fa10d313000-7fa10d512000 ---p 00019000 08:05 1048666                    /lib/x86_64-linux-gnu/libcgmanager.so.0.0.0
7fa10d512000-7fa10d514000 r--p 00018000 08:05 1048666                    /lib/x86_64-linux-gnu/libcgmanager.so.0.0.0
7fa10d514000-7fa10d515000 rw-p 0001a000 08:05 1048666                    /lib/x86_64-linux-gnu/libcgmanager.so.0.0.0
7fa10d515000-7fa10d525000 r-xp 00000000 08:05 1052685                    /lib/x86_64-linux-gnu/libudev.so.1.3.5
7fa10d525000-7fa10d724000 ---p 00010000 08:05 1052685                    /lib/x86_64-linux-gnu/libudev.so.1.3.5
7fa10d724000-7fa10d725000 r--p 0000f000 08:05 1052685                    /lib/x86_64-linux-gnu/libudev.so.1.3.5
7fa10d725000-7fa10d726000 rw-p 00010000 08:05 1052685                    /lib/x86_64-linux-gnu/libudev.so.1.3.5
7fa10d726000-7fa10d74b000 r-xp 00000000 08:05 1052826                    /lib/x86_64-linux-gnu/libtinfo.so.5.9
7fa10d74b000-7fa10d94a000 ---p 00025000 08:05 1052826                    /lib/x86_64-linux-gnu/libtinfo.so.5.9
7fa10d94a000-7fa10d94e000 r--p 00024000 08:05 1052826                    /lib/x86_64-linux-gnu/libtinfo.so.5.9
7fa10d94e000-7fa10d94f000 rw-p 00028000 08:05 1052826                    /lib/x86_64-linux-gnu/libtinfo.so.5.9
7fa10d94f000-7fa10d978000 r-xp 00000000 08:05 3547545                    /usr/lib/x86_64-linux-gnu/libedit.so.2.0.47
7fa10d978000-7fa10db78000 ---p 00029000 08:05 3547545                    /usr/lib/x86_64-linux-gnu/libedit.so.2.0.47
7fa10db78000-7fa10db7a000 r--p 00029000 08:05 3547545                    /usr/lib/x86_64-linux-gnu/libedit.so.2.0.47
7fa10db7a000-7fa10db7b000 rw-p 0002b000 08:05 3547545                    /usr/lib/x86_64-linux-gnu/libedit.so.2.0.47
7fa10db7b000-7fa10db7f000 rw-p 00000000 00:00 0 
7fa10db7f000-7fa10db97000 r-xp 00000000 08:05 1052843                    /lib/x86_64-linux-gnu/libz.so.1.2.8
7fa10db97000-7fa10dd96000 ---p 00018000 08:05 1052843                    /lib/x86_64-linux-gnu/libz.so.1.2.8
7fa10dd96000-7fa10dd97000 r--p 00017000 08:05 1052843                    /lib/x86_64-linux-gnu/libz.so.1.2.8
7fa10dd97000-7fa10dd98000 rw-p 00018000 08:05 1052843                    /lib/x86_64-linux-gnu/libz.so.1.2.8
7fa10dd98000-7fa10de7e000 r-xp 00000000 08:05 3544133                    /usr/lib/x86_64-linux-gnu/libstdc++.so.6.0.19
7fa10de7e000-7fa10e07d000 ---p 000e6000 08:05 3544133                    /usr/lib/x86_64-linux-gnu/libstdc++.so.6.0.19
7fa10e07d000-7fa10e085000 r--p 000e5000 08:05 3544133                    /usr/lib/x86_64-linux-gnu/libstdc++.so.6.0.19
7fa10e085000-7fa10e087000 rw-p 000ed000 08:05 3544133                    /usr/lib/x86_64-linux-gnu/libstdc++.so.6.0.19
7fa10e087000-7fa10e09c000 rw-p 00000000 00:00 0 
7fa10e09c000-7fa10fba4000 r-xp 00000000 08:05 3547164                    /usr/lib/x86_64-linux-gnu/libLLVM-3.5.so.1
7fa10fba4000-7fa10fba5000 ---p 01b08000 08:05 3547164                    /usr/lib/x86_64-linux-gnu/libLLVM-3.5.so.1
7fa10fba5000-7fa10fd6d000 r--p 01b08000 08:05 3547164                    /usr/lib/x86_64-linux-gnu/libLLVM-3.5.so.1
7fa10fd6d000-7fa10fd73000 rw-p 01cd0000 08:05 3547164                    /usr/lib/x86_64-linux-gnu/libLLVM-3.5.so.1
7fa10fd73000-7fa10fd88000 rw-p 00000000 00:00 0 
7fa10fd88000-7fa10fd93000 r-xp 00000000 08:05 3545159                    /usr/lib/x86_64-linux-gnu/libdrm_radeon.so.1.0.1
7fa10fd93000-7fa10ff92000 ---p 0000b000 08:05 3545159                    /usr/lib/x86_64-linux-gnu/libdrm_radeon.so.1.0.1
7fa10ff92000-7fa10ff93000 r--p 0000a000 08:05 3545159                    /usr/lib/x86_64-linux-gnu/libdrm_radeon.so.1.0.1
7fa10ff93000-7fa10ff94000 rw-p 0000b000 08:05 3545159                    /usr/lib/x86_64-linux-gnu/libdrm_radeon.so.1.0.1
7fa10ff94000-7fa10ffa9000 r-xp 00000000 08:05 3547546                    /usr/lib/x86_64-linux-gnu/libelf-0.158.so
7fa10ffa9000-7fa1101a8000 ---p 00015000 08:05 3547546                    /usr/lib/x86_64-linux-gnu/libelf-0.158.so
7fa1101a8000-7fa1101a9000 r--p 00014000 08:05 3547546                    /usr/lib/x86_64-linux-gnu/libelf-0.158.so
7fa1101a9000-7fa1101aa000 rw-p 00015000 08:05 3547546                    /usr/lib/x86_64-linux-gnu/libelf-0.158.so
7fa1101aa000-7fa1101b0000 r-xp 00000000 08:05 3539541                    /usr/lib/x86_64-linux-gnu/libdrm_nouveau.so.2.0.0
7fa1101b0000-7fa1103af000 ---p 00006000 08:05 3539541                    /usr/lib/x86_64-linux-gnu/libdrm_nouveau.so.2.0.0
7fa1103af000-7fa1103b0000 r--p 00005000 08:05 3539541                    /usr/lib/x86_64-linux-gnu/libdrm_nouveau.so.2.0.0
7fa1103b0000-7fa1103b1000 rw-p 00006000 08:05 3539541                    /usr/lib/x86_64-linux-gnu/libdrm_nouveau.so.2.0.0
7fa1103b1000-7fa1103b8000 r-xp 00000000 08:05 3804279                    /usr/lib/x86_64-linux-gnu/mesa-egl/libOpenVG.so.1.0.0
7fa1103b8000-7fa1105b7000 ---p 00007000 08:05 3804279                    /usr/lib/x86_64-linux-gnu/mesa-egl/libOpenVG.so.1.0.0
7fa1105b7000-7fa1105b8000 r--p 00006000 08:05 3804279                    /usr/lib/x86_64-linux-gnu/mesa-egl/libOpenVG.so.1.0.0
7fa1105b8000-7fa1105b9000 rw-p 00007000 08:05 3804279                    /usr/lib/x86_64-linux-gnu/mesa-egl/libOpenVG.so.1.0.0
7fa1105b9000-7fa1105bb000 rw-p 00000000 00:00 0 
7fa1105bb000-7fa110d43000 r-xp 00000000 08:05 3803453                    /usr/lib/x86_64-linux-gnu/egl/egl_gallium.so
7fa110d43000-7fa110f43000 ---p 00788000 08:05 3803453                    /usr/lib/x86_64-linux-gnu/egl/egl_gallium.so
7fa110f43000-7fa110f96000 r--p 00788000 08:05 3803453                    /usr/lib/x86_64-linux-gnu/egl/egl_gallium.so
7fa110f96000-7fa110fa2000 rw-p 007db000 08:05 3803453                    /usr/lib/x86_64-linux-gnu/egl/egl_gallium.so
7fa110fa2000-7fa111189000 rw-p 00000000 00:00 0 
7fa111189000-7fa11118f000 r-xp 00000000 08:05 3804277                    /usr/lib/x86_64-linux-gnu/mesa-egl/libGLESv2.so.2.0.0
7fa11118f000-7fa11138e000 ---p 00006000 08:05 3804277                    /usr/lib/x86_64-linux-gnu/mesa-egl/libGLESv2.so.2.0.0
7fa11138e000-7fa11138f000 r--p 00005000 08:05 3804277                    /usr/lib/x86_64-linux-gnu/mesa-egl/libGLESv2.so.2.0.0
7fa11138f000-7fa111390000 rw-p 00006000 08:05 3804277                    /usr/lib/x86_64-linux-gnu/mesa-egl/libGLESv2.so.2.0.0
7fa111390000-7fa1113d5000 r-xp 00000000 08:05 1835081                    /tmp/jogamp_0000/file_cache/jln2565991706964684705/jln503331957865046445/libjogl_mobile.so
7fa1113d5000-7fa1115d5000 ---p 00045000 08:05 1835081                    /tmp/jogamp_0000/file_cache/jln2565991706964684705/jln503331957865046445/libjogl_mobile.so
7fa1115d5000-7fa1115d6000 rw-p 00045000 08:05 1835081                    /tmp/jogamp_0000/file_cache/jln2565991706964684705/jln503331957865046445/libjogl_mobile.so
7fa1115d6000-7fa1115dd000 r-xp 00000000 08:05 3540105                    /usr/lib/x86_64-linux-gnu/libffi.so.6.0.1
7fa1115dd000-7fa1117dc000 ---p 00007000 08:05 3540105                    /usr/lib/x86_64-linux-gnu/libffi.so.6.0.1
7fa1117dc000-7fa1117dd000 r--p 00006000 08:05 3540105                    /usr/lib/x86_64-linux-gnu/libffi.so.6.0.1
7fa1117dd000-7fa1117de000 rw-p 00007000 08:05 3540105                    /usr/lib/x86_64-linux-gnu/libffi.so.6.0.1
7fa1117de000-7fa1117ea000 r-xp 00000000 08:05 3547628                    /usr/lib/x86_64-linux-gnu/libgbm.so.1.0.0
7fa1117ea000-7fa1119ea000 ---p 0000c000 08:05 3547628                    /usr/lib/x86_64-linux-gnu/libgbm.so.1.0.0
7fa1119ea000-7fa1119eb000 r--p 0000c000 08:05 3547628                    /usr/lib/x86_64-linux-gnu/libgbm.so.1.0.0
7fa1119eb000-7fa1119ec000 rw-p 0000d000 08:05 3547628                    /usr/lib/x86_64-linux-gnu/libgbm.so.1.0.0
7fa1119ec000-7fa1119fb000 r-xp 00000000 08:05 3548307                    /usr/lib/x86_64-linux-gnu/libwayland-server.so.0.1.0
7fa1119fb000-7fa111bfa000 ---p 0000f000 08:05 3548307                    /usr/lib/x86_64-linux-gnu/libwayland-server.so.0.1.0
7fa111bfa000-7fa111bfc000 r--p 0000e000 08:05 3548307                    /usr/lib/x86_64-linux-gnu/libwayland-server.so.0.1.0
7fa111bfc000-7fa111bfd000 rw-p 00010000 08:05 3548307                    /usr/lib/x86_64-linux-gnu/libwayland-server.so.0.1.0
7fa111bfd000-7fa111c08000 r-xp 00000000 08:05 3548301                    /usr/lib/x86_64-linux-gnu/libwayland-client.so.0.2.0
7fa111c08000-7fa111e07000 ---p 0000b000 08:05 3548301                    /usr/lib/x86_64-linux-gnu/libwayland-client.so.0.2.0
7fa111e07000-7fa111e09000 r--p 0000a000 08:05 3548301                    /usr/lib/x86_64-linux-gnu/libwayland-client.so.0.2.0
7fa111e09000-7fa111e0a000 rw-p 0000c000 08:05 3548301                    /usr/lib/x86_64-linux-gnu/libwayland-client.so.0.2.0
7fa111e0a000-7fa111e0f000 r-xp 00000000 08:05 3548357                    /usr/lib/x86_64-linux-gnu/libxcb-xfixes.so.0.0.0
7fa111e0f000-7fa11200f000 ---p 00005000 08:05 3548357                    /usr/lib/x86_64-linux-gnu/libxcb-xfixes.so.0.0.0
7fa11200f000-7fa112010000 r--p 00005000 08:05 3548357                    /usr/lib/x86_64-linux-gnu/libxcb-xfixes.so.0.0.0
7fa112010000-7fa112011000 rw-p 00006000 08:05 3548357                    /usr/lib/x86_64-linux-gnu/libxcb-xfixes.so.0.0.0
7fa112011000-7fa112038000 r-xp 00000000 08:05 3804273                    /usr/lib/x86_64-linux-gnu/mesa-egl/libEGL.so.1.0.0
7fa112038000-7fa112238000 ---p 00027000 08:05 3804273                    /usr/lib/x86_64-linux-gnu/mesa-egl/libEGL.so.1.0.0
7fa112238000-7fa112239000 r--p 00027000 08:05 3804273                    /usr/lib/x86_64-linux-gnu/mesa-egl/libEGL.so.1.0.0
7fa112239000-7fa11223a000 rw-p 00028000 08:05 3804273                    /usr/lib/x86_64-linux-gnu/mesa-egl/libEGL.so.1.0.0
7fa11223a000-7fa11223b000 rw-p 00000000 00:00 0 
7fa11223b000-7fa1122e0000 r-xp 00000000 08:05 1835080                    /tmp/jogamp_0000/file_cache/jln2565991706964684705/jln503331957865046445/libjogl_desktop.so
7fa1122e0000-7fa1124e0000 ---p 000a5000 08:05 1835080                    /tmp/jogamp_0000/file_cache/jln2565991706964684705/jln503331957865046445/libjogl_desktop.so
7fa1124e0000-7fa1124e1000 rw-p 000a5000 08:05 1835080                    /tmp/jogamp_0000/file_cache/jln2565991706964684705/jln503331957865046445/libjogl_desktop.so
7fa1124e1000-7fa1124ed000 r-xp 00000000 08:05 3544321                    /usr/lib/x86_64-linux-gnu/libdrm.so.2.4.0
7fa1124ed000-7fa1126ec000 ---p 0000c000 08:05 3544321                    /usr/lib/x86_64-linux-gnu/libdrm.so.2.4.0
7fa1126ec000-7fa1126ed000 r--p 0000b000 08:05 3544321                    /usr/lib/x86_64-linux-gnu/libdrm.so.2.4.0
7fa1126ed000-7fa1126ee000 rw-p 0000c000 08:05 3544321                    /usr/lib/x86_64-linux-gnu/libdrm.so.2.4.0
7fa1126ee000-7fa1126ef000 r-xp 00000000 08:05 3548371                    /usr/lib/x86_64-linux-gnu/libxshmfence.so.1.0.0
7fa1126ef000-7fa1128ee000 ---p 00001000 08:05 3548371                    /usr/lib/x86_64-linux-gnu/libxshmfence.so.1.0.0
7fa1128ee000-7fa1128ef000 r--p 00000000 08:05 3548371                    /usr/lib/x86_64-linux-gnu/libxshmfence.so.1.0.0
7fa1128ef000-7fa1128f0000 rw-p 00001000 08:05 3548371                    /usr/lib/x86_64-linux-gnu/libxshmfence.so.1.0.0
7fa1128f0000-7fa1128f5000 r-xp 00000000 08:05 3548353                    /usr/lib/x86_64-linux-gnu/libxcb-sync.so.1.0.0
7fa1128f5000-7fa112af4000 ---p 00005000 08:05 3548353                    /usr/lib/x86_64-linux-gnu/libxcb-sync.so.1.0.0
7fa112af4000-7fa112af5000 r--p 00004000 08:05 3548353                    /usr/lib/x86_64-linux-gnu/libxcb-sync.so.1.0.0
7fa112af5000-7fa112af6000 rw-p 00005000 08:05 3548353                    /usr/lib/x86_64-linux-gnu/libxcb-sync.so.1.0.0
7fa112af6000-7fa112af8000 r-xp 00000000 08:05 3548341                    /usr/lib/x86_64-linux-gnu/libxcb-present.so.0.0.0
7fa112af8000-7fa112cf7000 ---p 00002000 08:05 3548341                    /usr/lib/x86_64-linux-gnu/libxcb-present.so.0.0.0
7fa112cf7000-7fa112cf8000 r--p 00001000 08:05 3548341                    /usr/lib/x86_64-linux-gnu/libxcb-present.so.0.0.0
7fa112cf8000-7fa112cf9000 rw-p 00002000 08:05 3548341                    /usr/lib/x86_64-linux-gnu/libxcb-present.so.0.0.0
7fa112cf9000-7fa112cfb000 r-xp 00000000 08:05 3548331                    /usr/lib/x86_64-linux-gnu/libxcb-dri3.so.0.0.0
7fa112cfb000-7fa112efa000 ---p 00002000 08:05 3548331                    /usr/lib/x86_64-linux-gnu/libxcb-dri3.so.0.0.0
7fa112efa000-7fa112efb000 r--p 00001000 08:05 3548331                    /usr/lib/x86_64-linux-gnu/libxcb-dri3.so.0.0.0
7fa112efb000-7fa112efc000 rw-p 00002000 08:05 3548331                    /usr/lib/x86_64-linux-gnu/libxcb-dri3.so.0.0.0
7fa112efc000-7fa112eff000 r-xp 00000000 08:05 3548329                    /usr/lib/x86_64-linux-gnu/libxcb-dri2.so.0.0.0
7fa112eff000-7fa1130ff000 ---p 00003000 08:05 3548329                    /usr/lib/x86_64-linux-gnu/libxcb-dri2.so.0.0.0
7fa1130ff000-7fa113100000 r--p 00003000 08:05 3548329                    /usr/lib/x86_64-linux-gnu/libxcb-dri2.so.0.0.0
7fa113100000-7fa113101000 rw-p 00004000 08:05 3548329                    /usr/lib/x86_64-linux-gnu/libxcb-dri2.so.0.0.0
7fa113101000-7fa113116000 r-xp 00000000 08:05 3548333                    /usr/lib/x86_64-linux-gnu/libxcb-glx.so.0.0.0
7fa113116000-7fa113315000 ---p 00015000 08:05 3548333                    /usr/lib/x86_64-linux-gnu/libxcb-glx.so.0.0.0
7fa113315000-7fa113317000 r--p 00014000 08:05 3548333                    /usr/lib/x86_64-linux-gnu/libxcb-glx.so.0.0.0
7fa113317000-7fa113318000 rw-p 00016000 08:05 3548333                    /usr/lib/x86_64-linux-gnu/libxcb-glx.so.0.0.0
7fa113318000-7fa113319000 r-xp 00000000 08:05 3547287                    /usr/lib/x86_64-linux-gnu/libX11-xcb.so.1.0.0
7fa113319000-7fa113518000 ---p 00001000 08:05 3547287                    /usr/lib/x86_64-linux-gnu/libX11-xcb.so.1.0.0
7fa113518000-7fa113519000 r--p 00000000 08:05 3547287                    /usr/lib/x86_64-linux-gnu/libX11-xcb.so.1.0.0
7fa113519000-7fa11351a000 rw-p 00001000 08:05 3547287                    /usr/lib/x86_64-linux-gnu/libX11-xcb.so.1.0.0
7fa11351a000-7fa11351c000 r-xp 00000000 08:05 3547302                    /usr/lib/x86_64-linux-gnu/libXdamage.so.1.1.0
7fa11351c000-7fa11371b000 ---p 00002000 08:05 3547302                    /usr/lib/x86_64-linux-gnu/libXdamage.so.1.1.0
7fa11371b000-7fa11371c000 r--p 00001000 08:05 3547302                    /usr/lib/x86_64-linux-gnu/libXdamage.so.1.1.0
7fa11371c000-7fa11371d000 rw-p 00002000 08:05 3547302                    /usr/lib/x86_64-linux-gnu/libXdamage.so.1.1.0
7fa11371d000-7fa113741000 r-xp 00000000 08:05 3547680                    /usr/lib/x86_64-linux-gnu/libglapi.so.0.0.0
7fa113741000-7fa113941000 ---p 00024000 08:05 3547680                    /usr/lib/x86_64-linux-gnu/libglapi.so.0.0.0
7fa113941000-7fa113944000 r--p 00024000 08:05 3547680                    /usr/lib/x86_64-linux-gnu/libglapi.so.0.0.0
7fa113944000-7fa113945000 rw-p 00027000 08:05 3547680                    /usr/lib/x86_64-linux-gnu/libglapi.so.0.0.0
7fa113945000-7fa113946000 rw-p 00000000 00:00 0 
7fa113946000-7fa11396d000 r-xp 00000000 08:05 1055113                    /lib/x86_64-linux-gnu/libexpat.so.1.6.0
7fa11396d000-7fa113b6d000 ---p 00027000 08:05 1055113                    /lib/x86_64-linux-gnu/libexpat.so.1.6.0
7fa113b6d000-7fa113b6f000 r--p 00027000 08:05 1055113                    /lib/x86_64-linux-gnu/libexpat.so.1.6.0
7fa113b6f000-7fa113b70000 rw-p 00029000 08:05 1055113                    /lib/x86_64-linux-gnu/libexpat.so.1.6.0
7fa113b70000-7fa113bfc000 r-xp 00000000 08:05 3804270                    /usr/lib/x86_64-linux-gnu/mesa/libGL.so.1.2.0
7fa113bfc000-7fa113dfb000 ---p 0008c000 08:05 3804270                    /usr/lib/x86_64-linux-gnu/mesa/libGL.so.1.2.0
7fa113dfb000-7fa113dfe000 r--p 0008b000 08:05 3804270                    /usr/lib/x86_64-linux-gnu/mesa/libGL.so.1.2.0
7fa113dfe000-7fa113dff000 rw-p 0008e000 08:05 3804270                    /usr/lib/x86_64-linux-gnu/mesa/libGL.so.1.2.0
7fa113dff000-7fa114000000 rw-p 00000000 00:00 0 
7fa114000000-7fa114021000 rw-p 00000000 00:00 0 
7fa114021000-7fa118000000 ---p 00000000 00:00 0 
7fa118000000-7fa11a78a000 rw-p 00000000 00:00 0 
7fa11a78a000-7fa11c000000 ---p 00000000 00:00 0 
7fa11c000000-7fa11e841000 rw-p 00000000 00:00 0 
7fa11e841000-7fa120000000 ---p 00000000 00:00 0 
7fa120000000-7fa120717000 rw-p 00000000 00:00 0 
7fa120717000-7fa124000000 ---p 00000000 00:00 0 
7fa124000000-7fa124021000 rw-p 00000000 00:00 0 
7fa124021000-7fa128000000 ---p 00000000 00:00 0 
7fa128000000-7fa128047000 rw-p 00000000 00:00 0 
7fa128047000-7fa12c000000 ---p 00000000 00:00 0 
7fa12c000000-7fa12c029000 rw-p 00000000 00:00 0 
7fa12c029000-7fa130000000 ---p 00000000 00:00 0 
7fa130000000-7fa130021000 rw-p 00000000 00:00 0 
7fa130021000-7fa134000000 ---p 00000000 00:00 0 
7fa134000000-7fa134021000 rw-p 00000000 00:00 0 
7fa134021000-7fa138000000 ---p 00000000 00:00 0 
7fa138000000-7fa138021000 rw-p 00000000 00:00 0 
7fa138021000-7fa13c000000 ---p 00000000 00:00 0 
7fa13c000000-7fa13c021000 rw-p 00000000 00:00 0 
7fa13c021000-7fa140000000 ---p 00000000 00:00 0 
7fa140000000-7fa140001000 r--s 00000000 08:05 807290                     /var/cache/fontconfig/406a1d2d2bf3ed7664fbadefac0b2f66-le64.cache-4
7fa140001000-7fa140004000 r--s 00000000 08:05 807275                     /var/cache/fontconfig/de83a0a961185c8bd1f159015d56c039-le64.cache-4
7fa140004000-7fa140064000 rw-s 111069000 00:05 1816                      /dev/dri/card0
7fa140064000-7fa1400c4000 rw-s 111009000 00:05 1816                      /dev/dri/card0
7fa1400c4000-7fa1402c4000 rw-p 00000000 00:00 0 
7fa1402c4000-7fa1402cb000 r-xp 00000000 08:05 1835088                    /tmp/jogamp_0000/file_cache/jln2565991706964684705/jln503331957865046445/libnativewindow_x11.so
7fa1402cb000-7fa1404ca000 ---p 00007000 08:05 1835088                    /tmp/jogamp_0000/file_cache/jln2565991706964684705/jln503331957865046445/libnativewindow_x11.so
7fa1404ca000-7fa1404cb000 rw-p 00006000 08:05 1835088                    /tmp/jogamp_0000/file_cache/jln2565991706964684705/jln503331957865046445/libnativewindow_x11.so
7fa1404cb000-7fa1404cf000 r-xp 00000000 08:05 3547344                    /usr/lib/x86_64-linux-gnu/libXxf86vm.so.1.0.0
7fa1404cf000-7fa1406cf000 ---p 00004000 08:05 3547344                    /usr/lib/x86_64-linux-gnu/libXxf86vm.so.1.0.0
7fa1406cf000-7fa1406d0000 r--p 00004000 08:05 3547344                    /usr/lib/x86_64-linux-gnu/libXxf86vm.so.1.0.0
7fa1406d0000-7fa1406d1000 rw-p 00005000 08:05 3547344                    /usr/lib/x86_64-linux-gnu/libXxf86vm.so.1.0.0
7fa1406d1000-7fa1406d2000 r--s 00000000 08:05 786503                     /var/cache/fontconfig/0c9eb80ebd1c36541ebe2852d3bb0c49-le64.cache-4
7fa1406d2000-7fa1406d3000 r--s 00000000 08:05 807284                     /var/cache/fontconfig/3334a778d104e76d188e9df399bc24d2-le64.cache-4
7fa1406d3000-7fa1406db000 rw-s 00000000 00:04 33743                      /drm mm object (deleted)
7fa1406db000-7fa1406dc000 r--s 00000000 08:05 807276                     /var/cache/fontconfig/c277e94e32b20404286a1ddafa5a80f0-le64.cache-4
7fa1406dc000-7fa1406de000 r--s 00000000 08:05 807313                     /var/cache/fontconfig/16326683038b281783a0ef8c680e3a10-le64.cache-4
7fa1406de000-7fa1406df000 r--s 00000000 08:05 807311                     /var/cache/fontconfig/e0aa53bcfa504e64f87823c16bc01eb6-le64.cache-4
7fa1406df000-7fa1406ef000 rw-s 110c79000 00:05 1816                      /dev/dri/card0
7fa1406ef000-7fa1406f1000 r-xp 00000000 08:05 1835084                    /tmp/jogamp_0000/file_cache/jln2565991706964684705/jln503331957865046445/libnativewindow_awt.so
7fa1406f1000-7fa1408f0000 ---p 00002000 08:05 1835084                    /tmp/jogamp_0000/file_cache/jln2565991706964684705/jln503331957865046445/libnativewindow_awt.so
7fa1408f0000-7fa1408f1000 rw-p 00001000 08:05 1835084                    /tmp/jogamp_0000/file_cache/jln2565991706964684705/jln503331957865046445/libnativewindow_awt.so
7fa1408f1000-7fa1408f2000 r-xp 00000000 08:05 4752070                    /usr/local/java/jdk1.8.0_60/jre/lib/amd64/libjawt.so
7fa1408f2000-7fa140af1000 ---p 00001000 08:05 4752070                    /usr/local/java/jdk1.8.0_60/jre/lib/amd64/libjawt.so
7fa140af1000-7fa140af2000 rw-p 00000000 08:05 4752070                    /usr/local/java/jdk1.8.0_60/jre/lib/amd64/libjawt.so
7fa140af2000-7fa140af4000 r-xp 00000000 08:05 1835077                    /tmp/jogamp_0000/file_cache/jln2565991706964684705/jln503331957865046445/libgluegen-rt.so
7fa140af4000-7fa140cf3000 ---p 00002000 08:05 1835077                    /tmp/jogamp_0000/file_cache/jln2565991706964684705/jln503331957865046445/libgluegen-rt.so
7fa140cf3000-7fa140cf4000 rw-p 00001000 08:05 1835077                    /tmp/jogamp_0000/file_cache/jln2565991706964684705/jln503331957865046445/libgluegen-rt.so
7fa140cf4000-7fa140cf7000 ---p 00000000 00:00 0 
7fa140cf7000-7fa140ff5000 rw-p 00000000 00:00 0                          [stack:4269]
7fa140ff5000-7fa140ff8000 ---p 00000000 00:00 0 
7fa140ff8000-7fa1412f6000 rw-p 00000000 00:00 0                          [stack:4260]
7fa1412f6000-7fa1412f9000 ---p 00000000 00:00 0 
7fa1412f9000-7fa1413f7000 rw-p 00000000 00:00 0                          [stack:4259]
7fa1413f7000-7fa141460000 r-xp 00000000 08:05 4752100                    /usr/local/java/jdk1.8.0_60/jre/lib/amd64/libt2k.so
7fa141460000-7fa141660000 ---p 00069000 08:05 4752100                    /usr/local/java/jdk1.8.0_60/jre/lib/amd64/libt2k.so
7fa141660000-7fa141667000 rw-p 00069000 08:05 4752100                    /usr/local/java/jdk1.8.0_60/jre/lib/amd64/libt2k.so
7fa141667000-7fa141677000 rw-p 00000000 00:00 0 
7fa141677000-7fa141688000 r-xp 00000000 08:05 4752120                    /usr/local/java/jdk1.8.0_60/jre/lib/amd64/libnio.so
7fa141688000-7fa141887000 ---p 00011000 08:05 4752120                    /usr/local/java/jdk1.8.0_60/jre/lib/amd64/libnio.so
7fa141887000-7fa141888000 rw-p 00010000 08:05 4752120                    /usr/local/java/jdk1.8.0_60/jre/lib/amd64/libnio.so
7fa141888000-7fa14189e000 r-xp 00000000 08:05 4752097                    /usr/local/java/jdk1.8.0_60/jre/lib/amd64/libnet.so
7fa14189e000-7fa141a9e000 ---p 00016000 08:05 4752097                    /usr/local/java/jdk1.8.0_60/jre/lib/amd64/libnet.so
7fa141a9e000-7fa141a9f000 rw-p 00016000 08:05 4752097                    /usr/local/java/jdk1.8.0_60/jre/lib/amd64/libnet.so
7fa141a9f000-7fa141aa2000 ---p 00000000 00:00 0 
7fa141aa2000-7fa141ba0000 rw-p 00000000 00:00 0                          [stack:4257]
7fa141ba0000-7fa141ba3000 ---p 00000000 00:00 0 
7fa141ba3000-7fa141ca1000 rw-p 00000000 00:00 0                          [stack:4255]
7fa141ca1000-7fa141ca4000 ---p 00000000 00:00 0 
7fa141ca4000-7fa141da2000 rw-p 00000000 00:00 0                          [stack:4256]
7fa141da2000-7fa141da5000 ---p 00000000 00:00 0 
7fa141da5000-7fa141ea3000 rw-p 00000000 00:00 0                          [stack:4253]
7fa141ea3000-7fa141ea8000 r-xp 00000000 08:05 3539424                    /usr/lib/x86_64-linux-gnu/libXfixes.so.3.1.0
7fa141ea8000-7fa1420a7000 ---p 00005000 08:05 3539424                    /usr/lib/x86_64-linux-gnu/libXfixes.so.3.1.0
7fa1420a7000-7fa1420a8000 r--p 00004000 08:05 3539424                    /usr/lib/x86_64-linux-gnu/libXfixes.so.3.1.0
7fa1420a8000-7fa1420a9000 rw-p 00005000 08:05 3539424                    /usr/lib/x86_64-linux-gnu/libXfixes.so.3.1.0
7fa1420a9000-7fa1420b2000 r-xp 00000000 08:05 3547300                    /usr/lib/x86_64-linux-gnu/libXcursor.so.1.0.2
7fa1420b2000-7fa1422b1000 ---p 00009000 08:05 3547300                    /usr/lib/x86_64-linux-gnu/libXcursor.so.1.0.2
7fa1422b1000-7fa1422b2000 r--p 00008000 08:05 3547300                    /usr/lib/x86_64-linux-gnu/libXcursor.so.1.0.2
7fa1422b2000-7fa1422b3000 rw-p 00009000 08:05 3547300                    /usr/lib/x86_64-linux-gnu/libXcursor.so.1.0.2
7fa1422b3000-7fa1422b6000 ---p 00000000 00:00 0 
7fa1422b6000-7fa1423b4000 rw-p 00000000 00:00 0                          [stack:4252]
7fa1423b4000-7fa1423ca000 r-xp 00000000 08:05 1054013                    /lib/x86_64-linux-gnu/libgcc_s.so.1
7fa1423ca000-7fa1425c9000 ---p 00016000 08:05 1054013                    /lib/x86_64-linux-gnu/libgcc_s.so.1
7fa1425c9000-7fa1425ca000 rw-p 00015000 08:05 1054013                    /lib/x86_64-linux-gnu/libgcc_s.so.1
7fa1425ca000-7fa142630000 r-xp 00000000 08:05 4752101                    /usr/local/java/jdk1.8.0_60/jre/lib/amd64/libfontmanager.so
7fa142630000-7fa14282f000 ---p 00066000 08:05 4752101                    /usr/local/java/jdk1.8.0_60/jre/lib/amd64/libfontmanager.so
7fa14282f000-7fa142833000 rw-p 00065000 08:05 4752101                    /usr/local/java/jdk1.8.0_60/jre/lib/amd64/libfontmanager.so
7fa142833000-7fa142844000 rw-p 00000000 00:00 0 
7fa142844000-7fa142849000 r-xp 00000000 08:05 3547304                    /usr/lib/x86_64-linux-gnu/libXdmcp.so.6.0.0
7fa142849000-7fa142a48000 ---p 00005000 08:05 3547304                    /usr/lib/x86_64-linux-gnu/libXdmcp.so.6.0.0
7fa142a48000-7fa142a49000 r--p 00004000 08:05 3547304                    /usr/lib/x86_64-linux-gnu/libXdmcp.so.6.0.0
7fa142a49000-7fa142a4a000 rw-p 00005000 08:05 3547304                    /usr/lib/x86_64-linux-gnu/libXdmcp.so.6.0.0
7fa142a4a000-7fa142a4c000 r-xp 00000000 08:05 3547293                    /usr/lib/x86_64-linux-gnu/libXau.so.6.0.0
7fa142a4c000-7fa142c4c000 ---p 00002000 08:05 3547293                    /usr/lib/x86_64-linux-gnu/libXau.so.6.0.0
7fa142c4c000-7fa142c4d000 r--p 00002000 08:05 3547293                    /usr/lib/x86_64-linux-gnu/libXau.so.6.0.0
7fa142c4d000-7fa142c4e000 rw-p 00003000 08:05 3547293                    /usr/lib/x86_64-linux-gnu/libXau.so.6.0.0
7fa142c4e000-7fa142c6b000 r-xp 00000000 08:05 3548361                    /usr/lib/x86_64-linux-gnu/libxcb.so.1.1.0
7fa142c6b000-7fa142e6b000 ---p 0001d000 08:05 3548361                    /usr/lib/x86_64-linux-gnu/libxcb.so.1.1.0
7fa142e6b000-7fa142e6c000 r--p 0001d000 08:05 3548361                    /usr/lib/x86_64-linux-gnu/libxcb.so.1.1.0
7fa142e6c000-7fa142e6d000 rw-p 0001e000 08:05 3548361                    /usr/lib/x86_64-linux-gnu/libxcb.so.1.1.0
7fa142e6d000-7fa142e7c000 r-xp 00000000 08:05 3546796                    /usr/lib/x86_64-linux-gnu/libXi.so.6.1.0
7fa142e7c000-7fa14307b000 ---p 0000f000 08:05 3546796                    /usr/lib/x86_64-linux-gnu/libXi.so.6.1.0
7fa14307b000-7fa14307c000 r--p 0000e000 08:05 3546796                    /usr/lib/x86_64-linux-gnu/libXi.so.6.1.0
7fa14307c000-7fa14307d000 rw-p 0000f000 08:05 3546796                    /usr/lib/x86_64-linux-gnu/libXi.so.6.1.0
7fa14307d000-7fa143082000 r-xp 00000000 08:05 3547334                    /usr/lib/x86_64-linux-gnu/libXtst.so.6.1.0
7fa143082000-7fa143281000 ---p 00005000 08:05 3547334                    /usr/lib/x86_64-linux-gnu/libXtst.so.6.1.0
7fa143281000-7fa143282000 r--p 00004000 08:05 3547334                    /usr/lib/x86_64-linux-gnu/libXtst.so.6.1.0
7fa143282000-7fa143283000 rw-p 00005000 08:05 3547334                    /usr/lib/x86_64-linux-gnu/libXtst.so.6.1.0
7fa143283000-7fa14328c000 r-xp 00000000 08:05 3546798                    /usr/lib/x86_64-linux-gnu/libXrender.so.1.3.0
7fa14328c000-7fa14348b000 ---p 00009000 08:05 3546798                    /usr/lib/x86_64-linux-gnu/libXrender.so.1.3.0
7fa14348b000-7fa14348c000 r--p 00008000 08:05 3546798                    /usr/lib/x86_64-linux-gnu/libXrender.so.1.3.0
7fa14348c000-7fa14348d000 rw-p 00009000 08:05 3546798                    /usr/lib/x86_64-linux-gnu/libXrender.so.1.3.0
7fa14348d000-7fa1435bd000 r-xp 00000000 08:05 3547289                    /usr/lib/x86_64-linux-gnu/libX11.so.6.3.0
7fa1435bd000-7fa1437bd000 ---p 00130000 08:05 3547289                    /usr/lib/x86_64-linux-gnu/libX11.so.6.3.0
7fa1437bd000-7fa1437be000 r--p 00130000 08:05 3547289                    /usr/lib/x86_64-linux-gnu/libX11.so.6.3.0
7fa1437be000-7fa1437c2000 rw-p 00131000 08:05 3547289                    /usr/lib/x86_64-linux-gnu/libX11.so.6.3.0
7fa1437c2000-7fa1437d3000 r-xp 00000000 08:05 3540152                    /usr/lib/x86_64-linux-gnu/libXext.so.6.4.0
7fa1437d3000-7fa1439d2000 ---p 00011000 08:05 3540152                    /usr/lib/x86_64-linux-gnu/libXext.so.6.4.0
7fa1439d2000-7fa1439d3000 r--p 00010000 08:05 3540152                    /usr/lib/x86_64-linux-gnu/libXext.so.6.4.0
7fa1439d3000-7fa1439d4000 rw-p 00011000 08:05 3540152                    /usr/lib/x86_64-linux-gnu/libXext.so.6.4.0
7fa1439d4000-7fa143a28000 r-xp 00000000 08:05 4752107                    /usr/local/java/jdk1.8.0_60/jre/lib/amd64/libawt_xawt.so
7fa143a28000-7fa143c28000 ---p 00054000 08:05 4752107                    /usr/local/java/jdk1.8.0_60/jre/lib/amd64/libawt_xawt.so
7fa143c28000-7fa143c2c000 rw-p 00054000 08:05 4752107                    /usr/local/java/jdk1.8.0_60/jre/lib/amd64/libawt_xawt.so
7fa143c2c000-7fa143c2d000 rw-p 00000000 00:00 0 
7fa143c2d000-7fa143ccf000 r-xp 00000000 08:05 4752114                    /usr/local/java/jdk1.8.0_60/jre/lib/amd64/libawt.so
7fa143ccf000-7fa143ecf000 ---p 000a2000 08:05 4752114                    /usr/local/java/jdk1.8.0_60/jre/lib/amd64/libawt.so
7fa143ecf000-7fa143edb000 rw-p 000a2000 08:05 4752114                    /usr/local/java/jdk1.8.0_60/jre/lib/amd64/libawt.so
7fa143edb000-7fa143eff000 rw-p 00000000 00:00 0 
7fa143eff000-7fa143f00000 ---p 00000000 00:00 0 
7fa143f00000-7fa144000000 rw-p 00000000 00:00 0                          [stack:4251]
7fa144000000-7fa145b7e000 rw-p 00000000 00:00 0 
7fa145b7e000-7fa148000000 ---p 00000000 00:00 0 
7fa148000000-7fa148559000 rw-p 00000000 00:00 0 
7fa148559000-7fa14c000000 ---p 00000000 00:00 0 
7fa14c000000-7fa14c021000 rw-p 00000000 00:00 0 
7fa14c021000-7fa150000000 ---p 00000000 00:00 0 
7fa150000000-7fa1510fc000 rw-p 00000000 00:00 0 
7fa1510fc000-7fa154000000 ---p 00000000 00:00 0 
7fa154000000-7fa154021000 rw-p 00000000 00:00 0 
7fa154021000-7fa158000000 ---p 00000000 00:00 0 
7fa158000000-7fa158021000 rw-p 00000000 00:00 0 
7fa158021000-7fa15c000000 ---p 00000000 00:00 0 
7fa15c000000-7fa15c021000 rw-p 00000000 00:00 0 
7fa15c021000-7fa160000000 ---p 00000000 00:00 0 
7fa160000000-7fa16003a000 rw-p 00000000 00:00 0 
7fa16003a000-7fa164000000 ---p 00000000 00:00 0 
7fa164000000-7fa164021000 rw-p 00000000 00:00 0 
7fa164021000-7fa168000000 ---p 00000000 00:00 0 
7fa168000000-7fa168021000 rw-p 00000000 00:00 0 
7fa168021000-7fa16c000000 ---p 00000000 00:00 0 
7fa16c000000-7fa16c021000 rw-p 00000000 00:00 0 
7fa16c021000-7fa170000000 ---p 00000000 00:00 0 
7fa170002000-7fa170012000 rw-s 110c69000 00:05 1816                      /dev/dri/card0
7fa170013000-7fa170014000 rw-p 00000000 00:00 0 
7fa170014000-7fa170015000 rw-s 00000000 00:04 33744                      /drm mm object (deleted)
7fa170015000-7fa170018000 ---p 00000000 00:00 0 
7fa170018000-7fa17004e000 rw-p 00000000 00:00 0                          [stack:4264]
7fa17004e000-7fa170052000 r--s 00095000 08:05 4618331                    /usr/local/java/jdk1.8.0_60/jre/lib/jsse.jar
7fa170052000-7fa170083000 rw-p 00000000 00:00 0 
7fa170083000-7fa170089000 r--s 00033000 08:05 4757290                    /home/elena/java/workspace/UCSDUnfoldingMaps/lib/unfolding.0.9.7-uscd.jar
7fa170089000-7fa17008e000 r--s 00309000 08:05 4757289                    /home/elena/java/workspace/UCSDUnfoldingMaps/lib/sqlite-jdbc-3.7.2.jar
7fa17008e000-7fa170095000 r--s 00059000 08:05 4757288                    /home/elena/java/workspace/UCSDUnfoldingMaps/lib/log4j-1.2.15.jar
7fa170095000-7fa1700b8000 r--s 002ec000 08:05 4757285                    /home/elena/java/workspace/UCSDUnfoldingMaps/lib/jogl-all.jar
7fa1700b8000-7fa1700bb000 ---p 00000000 00:00 0 
7fa1700bb000-7fa1701b9000 rw-p 00000000 00:00 0                          [stack:4250]
7fa1701b9000-7fa1701bc000 ---p 00000000 00:00 0 
7fa1701bc000-7fa1702ba000 rw-p 00000000 00:00 0                          [stack:4249]
7fa1702ba000-7fa1702bd000 ---p 00000000 00:00 0 
7fa1702bd000-7fa1703bb000 rw-p 00000000 00:00 0                          [stack:4248]
7fa1703bb000-7fa1703be000 ---p 00000000 00:00 0 
7fa1703be000-7fa1704bc000 rw-p 00000000 00:00 0                          [stack:4247]
7fa1704bc000-7fa1704bf000 ---p 00000000 00:00 0 
7fa1704bf000-7fa1705bd000 rw-p 00000000 00:00 0                          [stack:4246]
7fa1705bd000-7fa170dd2000 r--p 00000000 08:05 3546206                    /usr/lib/locale/locale-archive
7fa170dd2000-7fa170dd5000 ---p 00000000 00:00 0 
7fa170dd5000-7fa170ed3000 rw-p 00000000 00:00 0                          [stack:4245]
7fa170ed3000-7fa170ed6000 ---p 00000000 00:00 0 
7fa170ed6000-7fa170fd4000 rw-p 00000000 00:00 0                          [stack:4244]
7fa170fd4000-7fa170fd5000 ---p 00000000 00:00 0 
7fa170fd5000-7fa172068000 rw-p 00000000 00:00 0                          [stack:4243]
7fa172068000-7fa172240000 r--s 03d17000 08:05 4618326                    /usr/local/java/jdk1.8.0_60/jre/lib/rt.jar
7fa172240000-7fa1749ec000 rw-p 00000000 00:00 0 
7fa1749ec000-7fa1749ed000 ---p 00000000 00:00 0 
7fa1749ed000-7fa174aed000 rw-p 00000000 00:00 0                          [stack:4238]
7fa174aed000-7fa174aee000 ---p 00000000 00:00 0 
7fa174aee000-7fa174bee000 rw-p 00000000 00:00 0                          [stack:4237]
7fa174bee000-7fa174bef000 ---p 00000000 00:00 0 
7fa174bef000-7fa174d15000 rw-p 00000000 00:00 0                          [stack:4236]
7fa174d15000-7fa174e29000 ---p 00000000 00:00 0 
7fa174e29000-7fa174e4f000 rw-p 00000000 00:00 0 
7fa174e4f000-7fa174f62000 ---p 00000000 00:00 0 
7fa174f62000-7fa174fff000 rw-p 00000000 00:00 0 
7fa174fff000-7fa175000000 rw-p 00000000 00:00 0 
7fa175000000-7fa1758b0000 rwxp 00000000 00:00 0 
7fa1758b0000-7fa184000000 ---p 00000000 00:00 0 
7fa184000000-7fa1842a3000 rw-p 00000000 00:00 0 
7fa1842a3000-7fa188000000 ---p 00000000 00:00 0 
7fa188000000-7fa188001000 rwxp 00000000 00:00 0 
7fa188001000-7fa188002000 r--s 0002f000 08:05 4757279                    /home/elena/java/workspace/UCSDUnfoldingMaps/lib/jogl-all-natives-linux-amd64.jar
7fa188002000-7fa188008000 r--s 00041000 08:05 4757278                    /home/elena/java/workspace/UCSDUnfoldingMaps/lib/gluegen-rt.jar
7fa188008000-7fa188029000 rw-p 00000000 00:00 0 
7fa188029000-7fa18802a000 ---p 00000000 00:00 0 
7fa18802a000-7fa18814d000 rw-p 00000000 00:00 0                          [stack:4235]
7fa18814d000-7fa1884ea000 ---p 00000000 00:00 0 
7fa1884ea000-7fa188504000 r-xp 00000000 08:05 4752090                    /usr/local/java/jdk1.8.0_60/jre/lib/amd64/libzip.so
7fa188504000-7fa188704000 ---p 0001a000 08:05 4752090                    /usr/local/java/jdk1.8.0_60/jre/lib/amd64/libzip.so
7fa188704000-7fa188705000 rw-p 0001a000 08:05 4752090                    /usr/local/java/jdk1.8.0_60/jre/lib/amd64/libzip.so
7fa188705000-7fa188710000 r-xp 00000000 08:05 1055446                    /lib/x86_64-linux-gnu/libnss_files-2.19.so
7fa188710000-7fa18890f000 ---p 0000b000 08:05 1055446                    /lib/x86_64-linux-gnu/libnss_files-2.19.so
7fa18890f000-7fa188910000 r--p 0000a000 08:05 1055446                    /lib/x86_64-linux-gnu/libnss_files-2.19.so
7fa188910000-7fa188911000 rw-p 0000b000 08:05 1055446                    /lib/x86_64-linux-gnu/libnss_files-2.19.so
7fa188911000-7fa18891c000 r-xp 00000000 08:05 1055061                    /lib/x86_64-linux-gnu/libnss_nis-2.19.so
7fa18891c000-7fa188b1b000 ---p 0000b000 08:05 1055061                    /lib/x86_64-linux-gnu/libnss_nis-2.19.so
7fa188b1b000-7fa188b1c000 r--p 0000a000 08:05 1055061                    /lib/x86_64-linux-gnu/libnss_nis-2.19.so
7fa188b1c000-7fa188b1d000 rw-p 0000b000 08:05 1055061                    /lib/x86_64-linux-gnu/libnss_nis-2.19.so
7fa188b1d000-7fa188b34000 r-xp 00000000 08:05 1055047                    /lib/x86_64-linux-gnu/libnsl-2.19.so
7fa188b34000-7fa188d33000 ---p 00017000 08:05 1055047                    /lib/x86_64-linux-gnu/libnsl-2.19.so
7fa188d33000-7fa188d34000 r--p 00016000 08:05 1055047                    /lib/x86_64-linux-gnu/libnsl-2.19.so
7fa188d34000-7fa188d35000 rw-p 00017000 08:05 1055047                    /lib/x86_64-linux-gnu/libnsl-2.19.so
7fa188d35000-7fa188d37000 rw-p 00000000 00:00 0 
7fa188d37000-7fa188d40000 r-xp 00000000 08:05 1055046                    /lib/x86_64-linux-gnu/libnss_compat-2.19.so
7fa188d40000-7fa188f3f000 ---p 00009000 08:05 1055046                    /lib/x86_64-linux-gnu/libnss_compat-2.19.so
7fa188f3f000-7fa188f40000 r--p 00008000 08:05 1055046                    /lib/x86_64-linux-gnu/libnss_compat-2.19.so
7fa188f40000-7fa188f41000 rw-p 00009000 08:05 1055046                    /lib/x86_64-linux-gnu/libnss_compat-2.19.so
7fa188f41000-7fa188f6b000 r-xp 00000000 08:05 4752050                    /usr/local/java/jdk1.8.0_60/jre/lib/amd64/libjava.so
7fa188f6b000-7fa18916b000 ---p 0002a000 08:05 4752050                    /usr/local/java/jdk1.8.0_60/jre/lib/amd64/libjava.so
7fa18916b000-7fa18916d000 rw-p 0002a000 08:05 4752050                    /usr/local/java/jdk1.8.0_60/jre/lib/amd64/libjava.so
7fa18916d000-7fa18917a000 r-xp 00000000 08:05 4752078                    /usr/local/java/jdk1.8.0_60/jre/lib/amd64/libverify.so
7fa18917a000-7fa18937a000 ---p 0000d000 08:05 4752078                    /usr/local/java/jdk1.8.0_60/jre/lib/amd64/libverify.so
7fa18937a000-7fa18937c000 rw-p 0000d000 08:05 4752078                    /usr/local/java/jdk1.8.0_60/jre/lib/amd64/libverify.so
7fa18937c000-7fa189383000 r-xp 00000000 08:05 1055065                    /lib/x86_64-linux-gnu/librt-2.19.so
7fa189383000-7fa189582000 ---p 00007000 08:05 1055065                    /lib/x86_64-linux-gnu/librt-2.19.so
7fa189582000-7fa189583000 r--p 00006000 08:05 1055065                    /lib/x86_64-linux-gnu/librt-2.19.so
7fa189583000-7fa189584000 rw-p 00007000 08:05 1055065                    /lib/x86_64-linux-gnu/librt-2.19.so
7fa189584000-7fa189689000 r-xp 00000000 08:05 1052604                    /lib/x86_64-linux-gnu/libm-2.19.so
7fa189689000-7fa189888000 ---p 00105000 08:05 1052604                    /lib/x86_64-linux-gnu/libm-2.19.so
7fa189888000-7fa189889000 r--p 00104000 08:05 1052604                    /lib/x86_64-linux-gnu/libm-2.19.so
7fa189889000-7fa18988a000 rw-p 00105000 08:05 1052604                    /lib/x86_64-linux-gnu/libm-2.19.so
7fa18988a000-7fa18a548000 r-xp 00000000 08:05 4884599                    /usr/local/java/jdk1.8.0_60/jre/lib/amd64/server/libjvm.so
7fa18a548000-7fa18a747000 ---p 00cbe000 08:05 4884599                    /usr/local/java/jdk1.8.0_60/jre/lib/amd64/server/libjvm.so
7fa18a747000-7fa18a81f000 rw-p 00cbd000 08:05 4884599                    /usr/local/java/jdk1.8.0_60/jre/lib/amd64/server/libjvm.so
7fa18a81f000-7fa18a864000 rw-p 00000000 00:00 0 
7fa18a864000-7fa18aa1f000 r-xp 00000000 08:05 1055066                    /lib/x86_64-linux-gnu/libc-2.19.so
7fa18aa1f000-7fa18ac1e000 ---p 001bb000 08:05 1055066                    /lib/x86_64-linux-gnu/libc-2.19.so
7fa18ac1e000-7fa18ac22000 r--p 001ba000 08:05 1055066                    /lib/x86_64-linux-gnu/libc-2.19.so
7fa18ac22000-7fa18ac24000 rw-p 001be000 08:05 1055066                    /lib/x86_64-linux-gnu/libc-2.19.so
7fa18ac24000-7fa18ac29000 rw-p 00000000 00:00 0 
7fa18ac29000-7fa18ac2c000 r-xp 00000000 08:05 1052646                    /lib/x86_64-linux-gnu/libdl-2.19.so
7fa18ac2c000-7fa18ae2b000 ---p 00003000 08:05 1052646                    /lib/x86_64-linux-gnu/libdl-2.19.so
7fa18ae2b000-7fa18ae2c000 r--p 00002000 08:05 1052646                    /lib/x86_64-linux-gnu/libdl-2.19.so
7fa18ae2c000-7fa18ae2d000 rw-p 00003000 08:05 1052646                    /lib/x86_64-linux-gnu/libdl-2.19.so
7fa18ae2d000-7fa18ae42000 r-xp 00000000 08:05 4475228                    /usr/local/java/jdk1.8.0_60/lib/amd64/jli/libjli.so
7fa18ae42000-7fa18b042000 ---p 00015000 08:05 4475228                    /usr/local/java/jdk1.8.0_60/lib/amd64/jli/libjli.so
7fa18b042000-7fa18b043000 rw-p 00015000 08:05 4475228                    /usr/local/java/jdk1.8.0_60/lib/amd64/jli/libjli.so
7fa18b043000-7fa18b05c000 r-xp 00000000 08:05 1055049                    /lib/x86_64-linux-gnu/libpthread-2.19.so
7fa18b05c000-7fa18b25b000 ---p 00019000 08:05 1055049                    /lib/x86_64-linux-gnu/libpthread-2.19.so
7fa18b25b000-7fa18b25c000 r--p 00018000 08:05 1055049                    /lib/x86_64-linux-gnu/libpthread-2.19.so
7fa18b25c000-7fa18b25d000 rw-p 00019000 08:05 1055049                    /lib/x86_64-linux-gnu/libpthread-2.19.so
7fa18b25d000-7fa18b261000 rw-p 00000000 00:00 0 
7fa18b261000-7fa18b284000 r-xp 00000000 08:05 1055057                    /lib/x86_64-linux-gnu/ld-2.19.so
7fa18b284000-7fa18b286000 r--s 00000000 08:05 4757272                    /home/elena/java/workspace/UCSDUnfoldingMaps/lib/gluegen-rt-natives-linux-amd64.jar
7fa18b286000-7fa18b287000 r--p 00000000 00:00 0 
7fa18b287000-7fa18b288000 r--s 00005000 08:05 4757287                    /home/elena/java/workspace/UCSDUnfoldingMaps/lib/libTUIO.jar
7fa18b288000-7fa18b28c000 r--s 0009a000 08:05 4757271                    /home/elena/java/workspace/UCSDUnfoldingMaps/lib/core.jar
7fa18b28c000-7fa18b35e000 rw-p 00000000 00:00 0 
7fa18b35e000-7fa18b361000 ---p 00000000 00:00 0 
7fa18b361000-7fa18b463000 rw-p 00000000 00:00 0                          [stack:4233]
7fa18b463000-7fa18b464000 r--s 00007000 08:05 4757286                    /home/elena/java/workspace/UCSDUnfoldingMaps/lib/json4processing.jar
7fa18b464000-7fa18b477000 rw-p 00000000 00:00 0 
7fa18b477000-7fa18b47f000 rw-s 00000000 08:05 1835072                    /tmp/hsperfdata_elena/4232
7fa18b47f000-7fa18b480000 rw-p 00000000 00:00 0 
7fa18b480000-7fa18b481000 r--p 00000000 00:00 0 
7fa18b481000-7fa18b483000 rw-p 00000000 00:00 0 
7fa18b483000-7fa18b484000 r--p 00022000 08:05 1055057                    /lib/x86_64-linux-gnu/ld-2.19.so
7fa18b484000-7fa18b485000 rw-p 00023000 08:05 1055057                    /lib/x86_64-linux-gnu/ld-2.19.so
7fa18b485000-7fa18b486000 rw-p 00000000 00:00 0 
7fffff4eb000-7fffff50c000 rw-p 00000000 00:00 0                          [stack]
7fffff586000-7fffff588000 r-xp 00000000 00:00 0                          [vdso]
7fffff588000-7fffff58a000 r--p 00000000 00:00 0                          [vvar]
ffffffffff600000-ffffffffff601000 r-xp 00000000 00:00 0                  [vsyscall]

VM Arguments:
jvm_args: -Djava.security.policy=java.policy.applet -Dfile.encoding=UTF-8 
java_command: sun.applet.AppletViewer module6.AirportMap1458919384060.html
java_class_path (initial): /home/elena/java/workspace/UCSDUnfoldingMaps/build:/home/elena/java/workspace/UCSDUnfoldingMaps/lib/core.jar:/home/elena/java/workspace/UCSDUnfoldingMaps/lib/gluegen-rt.jar:/home/elena/java/workspace/UCSDUnfoldingMaps/lib/jogl-all.jar:/home/elena/java/workspace/UCSDUnfoldingMaps/lib/log4j-1.2.15.jar:/home/elena/java/workspace/UCSDUnfoldingMaps/lib/sqlite-jdbc-3.7.2.jar:/home/elena/java/workspace/UCSDUnfoldingMaps/lib/json4processing.jar:/home/elena/java/workspace/UCSDUnfoldingMaps/lib/libTUIO.jar:/home/elena/java/workspace/UCSDUnfoldingMaps/lib/unfolding.0.9.7-uscd.jar
Launcher Type: SUN_STANDARD

Environment Variables:
JAVA_HOME=/usr/local/java/jdk1.8.0_60
PATH=/usr/local/sbin:/usr/local/bin:/usr/sbin:/usr/bin:/sbin:/bin:/usr/games:/usr/local/games:/home/elena/bin:/usr/local/java/jdk1.8.0_60/bin
SHELL=/bin/bash
DISPLAY=:0

Signal Handlers:
SIGSEGV: [libjvm.so+0xaba070], sa_mask[0]=11111111011111111101111111111110, sa_flags=SA_RESTART|SA_SIGINFO
SIGBUS: [libjvm.so+0xaba070], sa_mask[0]=11111111011111111101111111111110, sa_flags=SA_RESTART|SA_SIGINFO
SIGFPE: [libjvm.so+0x917630], sa_mask[0]=11111111011111111101111111111110, sa_flags=SA_RESTART|SA_SIGINFO
SIGPIPE: [libjvm.so+0x917630], sa_mask[0]=11111111011111111101111111111110, sa_flags=SA_RESTART|SA_SIGINFO
SIGXFSZ: [libjvm.so+0x917630], sa_mask[0]=11111111011111111101111111111110, sa_flags=SA_RESTART|SA_SIGINFO
SIGILL: [libjvm.so+0x917630], sa_mask[0]=11111111011111111101111111111110, sa_flags=SA_RESTART|SA_SIGINFO
SIGUSR1: SIG_DFL, sa_mask[0]=00000000000000000000000000000000, sa_flags=none
SIGUSR2: [libjvm.so+0x918c60], sa_mask[0]=00100000000000000000000000000000, sa_flags=SA_RESTART|SA_SIGINFO
SIGHUP: [libjvm.so+0x91a060], sa_mask[0]=11111111011111111101111111111110, sa_flags=SA_RESTART|SA_SIGINFO
SIGINT: [libjvm.so+0x91a060], sa_mask[0]=11111111011111111101111111111110, sa_flags=SA_RESTART|SA_SIGINFO
SIGTERM: [libjvm.so+0x91a060], sa_mask[0]=11111111011111111101111111111110, sa_flags=SA_RESTART|SA_SIGINFO
SIGQUIT: [libjvm.so+0x91a060], sa_mask[0]=11111111011111111101111111111110, sa_flags=SA_RESTART|SA_SIGINFO


---------------  S Y S T E M  ---------------

OS:DISTRIB_ID=Ubuntu
DISTRIB_RELEASE=14.04
DISTRIB_CODENAME=trusty
DISTRIB_DESCRIPTION="Ubuntu 14.04.4 LTS"

uname:Linux 3.16.0-67-generic #87~14.04.1-Ubuntu SMP Fri Mar 11 00:26:02 UTC 2016 x86_64
libc:glibc 2.19 NPTL 2.19 
rlimit: STACK 8192k, CORE 0k, NPROC 14927, NOFILE 4096, AS infinity
load average:1,69 0,79 0,48

/proc/meminfo:
MemTotal:        3842796 kB
MemFree:          133812 kB
MemAvailable:    1392136 kB
Buffers:          459576 kB
Cached:          1081692 kB
SwapCached:            0 kB
Active:          2339916 kB
Inactive:         977736 kB
Active(anon):    1507404 kB
Inactive(anon):   557828 kB
Active(file):     832512 kB
Inactive(file):   419908 kB
Unevictable:          32 kB
Mlocked:              32 kB
SwapTotal:       3987452 kB
SwapFree:        3987164 kB
Dirty:                28 kB
Writeback:             0 kB
AnonPages:       1776524 kB
Mapped:           302476 kB
Shmem:            288852 kB
Slab:             287596 kB
SReclaimable:     259308 kB
SUnreclaim:        28288 kB
KernelStack:        8160 kB
PageTables:        31300 kB
NFS_Unstable:          0 kB
Bounce:                0 kB
WritebackTmp:          0 kB
CommitLimit:     5908848 kB
Committed_AS:    4828632 kB
VmallocTotal:   34359738367 kB
VmallocUsed:      426592 kB
VmallocChunk:   34359301628 kB
HardwareCorrupted:     0 kB
AnonHugePages:   1028096 kB
HugePages_Total:       0
HugePages_Free:        0
HugePages_Rsvd:        0
HugePages_Surp:        0
Hugepagesize:       2048 kB
DirectMap4k:       59648 kB
DirectMap2M:     3928064 kB


CPU:total 4 (2 cores per cpu, 2 threads per core) family 6 model 37 stepping 5, cmov, cx8, fxsr, mmx, sse, sse2, sse3, ssse3, sse4.1, sse4.2, popcnt, ht, tsc, tscinvbit

/proc/cpuinfo:
processor	: 0
vendor_id	: GenuineIntel
cpu family	: 6
model		: 37
model name	: Intel(R) Core(TM) i5 CPU       M 460  @ 2.53GHz
stepping	: 5
microcode	: 0x2
cpu MHz		: 2534.000
cache size	: 3072 KB
physical id	: 0
siblings	: 4
core id		: 0
cpu cores	: 2
apicid		: 0
initial apicid	: 0
fpu		: yes
fpu_exception	: yes
cpuid level	: 11
wp		: yes
flags		: fpu vme de pse tsc msr pae mce cx8 apic sep mtrr pge mca cmov pat pse36 clflush dts acpi mmx fxsr sse sse2 ss ht tm pbe syscall nx rdtscp lm constant_tsc arch_perfmon pebs bts rep_good nopl xtopology nonstop_tsc aperfmperf pni dtes64 monitor ds_cpl vmx est tm2 ssse3 cx16 xtpr pdcm pcid sse4_1 sse4_2 popcnt lahf_lm ida arat dtherm tpr_shadow vnmi flexpriority ept vpid
bogomips	: 5054.62
clflush size	: 64
cache_alignment	: 64
address sizes	: 36 bits physical, 48 bits virtual
power management:

processor	: 1
vendor_id	: GenuineIntel
cpu family	: 6
model		: 37
model name	: Intel(R) Core(TM) i5 CPU       M 460  @ 2.53GHz
stepping	: 5
microcode	: 0x2
cpu MHz		: 2534.000
cache size	: 3072 KB
physical id	: 0
siblings	: 4
core id		: 0
cpu cores	: 2
apicid		: 1
initial apicid	: 1
fpu		: yes
fpu_exception	: yes
cpuid level	: 11
wp		: yes
flags		: fpu vme de pse tsc msr pae mce cx8 apic sep mtrr pge mca cmov pat pse36 clflush dts acpi mmx fxsr sse sse2 ss ht tm pbe syscall nx rdtscp lm constant_tsc arch_perfmon pebs bts rep_good nopl xtopology nonstop_tsc aperfmperf pni dtes64 monitor ds_cpl vmx est tm2 ssse3 cx16 xtpr pdcm pcid sse4_1 sse4_2 popcnt lahf_lm ida arat dtherm tpr_shadow vnmi flexpriority ept vpid
bogomips	: 5054.62
clflush size	: 64
cache_alignment	: 64
address sizes	: 36 bits physical, 48 bits virtual
power management:

processor	: 2
vendor_id	: GenuineIntel
cpu family	: 6
model		: 37
model name	: Intel(R) Core(TM) i5 CPU       M 460  @ 2.53GHz
stepping	: 5
microcode	: 0x2
cpu MHz		: 2534.000
cache size	: 3072 KB
physical id	: 0
siblings	: 4
core id		: 2
cpu cores	: 2
apicid		: 4
initial apicid	: 4
fpu		: yes
fpu_exception	: yes
cpuid level	: 11
wp		: yes
flags		: fpu vme de pse tsc msr pae mce cx8 apic sep mtrr pge mca cmov pat pse36 clflush dts acpi mmx fxsr sse sse2 ss ht tm pbe syscall nx rdtscp lm constant_tsc arch_perfmon pebs bts rep_good nopl xtopology nonstop_tsc aperfmperf pni dtes64 monitor ds_cpl vmx est tm2 ssse3 cx16 xtpr pdcm pcid sse4_1 sse4_2 popcnt lahf_lm ida arat dtherm tpr_shadow vnmi flexpriority ept vpid
bogomips	: 5054.62
clflush size	: 64
cache_alignment	: 64
address sizes	: 36 bits physical, 48 bits virtual
power management:

processor	: 3
vendor_id	: GenuineIntel
cpu family	: 6
model		: 37
model name	: Intel(R) Core(TM) i5 CPU       M 460  @ 2.53GHz
stepping	: 5
microcode	: 0x2
cpu MHz		: 1199.000
cache size	: 3072 KB
physical id	: 0
siblings	: 4
core id		: 2
cpu cores	: 2
apicid		: 5
initial apicid	: 5
fpu		: yes
fpu_exception	: yes
cpuid level	: 11
wp		: yes
flags		: fpu vme de pse tsc msr pae mce cx8 apic sep mtrr pge mca cmov pat pse36 clflush dts acpi mmx fxsr sse sse2 ss ht tm pbe syscall nx rdtscp lm constant_tsc arch_perfmon pebs bts rep_good nopl xtopology nonstop_tsc aperfmperf pni dtes64 monitor ds_cpl vmx est tm2 ssse3 cx16 xtpr pdcm pcid sse4_1 sse4_2 popcnt lahf_lm ida arat dtherm tpr_shadow vnmi flexpriority ept vpid
bogomips	: 5054.62
clflush size	: 64
cache_alignment	: 64
address sizes	: 36 bits physical, 48 bits virtual
power management:



Memory: 4k page, physical 3842796k(133812k free), swap 3987452k(3987164k free)

vm_info: Java HotSpot(TM) 64-Bit Server VM (25.60-b23) for linux-amd64 JRE (1.8.0_60-b27), built on Aug  4 2015 12:19:40 by "java_re" with gcc 4.3.0 20080428 (Red Hat 4.3.0-8)

time: Fri Mar 25 16:23:43 2016
elapsed time: 39 seconds (0d 0h 0m 39s)

